The target system is: Android - 21 - aarch64
The host system is: Linux - 3.13.0-129-generic - x86_64
Compiling the C compiler identification source file "CMakeCCompilerId.c" succeeded.
Compiler: /home/vvdn/android-ndk-r14b/toolchains/llvm/prebuilt/linux-x86_64/bin/clang 
Build flags: 
Id flags: -c 

The output was:
0


Compilation of the C compiler identification source "CMakeCCompilerId.c" produced "CMakeCCompilerId.o"

The C compiler identification is Clang, found in "/home/vvdn/linphone/linphone-android-arpit/WORK/android-arm64/Build/bellesip/CMakeFiles/3.8.1/CompilerIdC/CMakeCCompilerId.o"

Compiling the CXX compiler identification source file "CMakeCXXCompilerId.cpp" succeeded.
Compiler: /home/vvdn/android-ndk-r14b/toolchains/llvm/prebuilt/linux-x86_64/bin/clang++ 
Build flags: 
Id flags: -c 

The output was:
0


Compilation of the CXX compiler identification source "CMakeCXXCompilerId.cpp" produced "CMakeCXXCompilerId.o"

The CXX compiler identification is Clang, found in "/home/vvdn/linphone/linphone-android-arpit/WORK/android-arm64/Build/bellesip/CMakeFiles/3.8.1/CompilerIdCXX/CMakeCXXCompilerId.o"

Determining if the C compiler works passed with the following output:
Change Dir: /home/vvdn/linphone/linphone-android-arpit/WORK/android-arm64/Build/bellesip/CMakeFiles/CMakeTmp

Run Build Command:"/usr/bin/make" "cmTC_2024f/fast"
make[4]: Entering directory `/home/vvdn/linphone/linphone-android-arpit/WORK/android-arm64/Build/bellesip/CMakeFiles/CMakeTmp'
/usr/bin/make -f CMakeFiles/cmTC_2024f.dir/build.make CMakeFiles/cmTC_2024f.dir/build
make[5]: Entering directory `/home/vvdn/linphone/linphone-android-arpit/WORK/android-arm64/Build/bellesip/CMakeFiles/CMakeTmp'
Building C object CMakeFiles/cmTC_2024f.dir/testCCompiler.c.o
/home/vvdn/android-ndk-r14b/toolchains/llvm/prebuilt/linux-x86_64/bin/clang --target=aarch64-none-linux-android --gcc-toolchain=/home/vvdn/android-ndk-r14b/toolchains/aarch64-linux-android-4.9/prebuilt/linux-x86_64 --sysroot=/home/vvdn/android-ndk-r14b/platforms/android-21/arch-arm64  -isystem /home/vvdn/android-ndk-r14b/platforms/android-21/arch-arm64/usr/include  -funwind-tables -no-canonical-prefixes -fexceptions  -g -fPIE   -o CMakeFiles/cmTC_2024f.dir/testCCompiler.c.o   -c /home/vvdn/linphone/linphone-android-arpit/WORK/android-arm64/Build/bellesip/CMakeFiles/CMakeTmp/testCCompiler.c
Linking C executable cmTC_2024f
/usr/local/bin/cmake -E cmake_link_script CMakeFiles/cmTC_2024f.dir/link.txt --verbose=1
/home/vvdn/android-ndk-r14b/toolchains/llvm/prebuilt/linux-x86_64/bin/clang --target=aarch64-none-linux-android --gcc-toolchain=/home/vvdn/android-ndk-r14b/toolchains/aarch64-linux-android-4.9/prebuilt/linux-x86_64 --sysroot=/home/vvdn/android-ndk-r14b/platforms/android-21/arch-arm64 -funwind-tables -no-canonical-prefixes -fexceptions  -g  -fPIE -pie -Wl,--gc-sections  CMakeFiles/cmTC_2024f.dir/testCCompiler.c.o  -o cmTC_2024f 
make[5]: Leaving directory `/home/vvdn/linphone/linphone-android-arpit/WORK/android-arm64/Build/bellesip/CMakeFiles/CMakeTmp'
make[4]: Leaving directory `/home/vvdn/linphone/linphone-android-arpit/WORK/android-arm64/Build/bellesip/CMakeFiles/CMakeTmp'


Detecting C compiler ABI info compiled with the following output:
Change Dir: /home/vvdn/linphone/linphone-android-arpit/WORK/android-arm64/Build/bellesip/CMakeFiles/CMakeTmp

Run Build Command:"/usr/bin/make" "cmTC_576cc/fast"
make[4]: Entering directory `/home/vvdn/linphone/linphone-android-arpit/WORK/android-arm64/Build/bellesip/CMakeFiles/CMakeTmp'
/usr/bin/make -f CMakeFiles/cmTC_576cc.dir/build.make CMakeFiles/cmTC_576cc.dir/build
make[5]: Entering directory `/home/vvdn/linphone/linphone-android-arpit/WORK/android-arm64/Build/bellesip/CMakeFiles/CMakeTmp'
Building C object CMakeFiles/cmTC_576cc.dir/CMakeCCompilerABI.c.o
/home/vvdn/android-ndk-r14b/toolchains/llvm/prebuilt/linux-x86_64/bin/clang --target=aarch64-none-linux-android --gcc-toolchain=/home/vvdn/android-ndk-r14b/toolchains/aarch64-linux-android-4.9/prebuilt/linux-x86_64 --sysroot=/home/vvdn/android-ndk-r14b/platforms/android-21/arch-arm64  -isystem /home/vvdn/android-ndk-r14b/platforms/android-21/arch-arm64/usr/include  -funwind-tables -no-canonical-prefixes -fexceptions  -g -fPIE   -o CMakeFiles/cmTC_576cc.dir/CMakeCCompilerABI.c.o   -c /usr/local/share/cmake-3.8/Modules/CMakeCCompilerABI.c
Linking C executable cmTC_576cc
/usr/local/bin/cmake -E cmake_link_script CMakeFiles/cmTC_576cc.dir/link.txt --verbose=1
/home/vvdn/android-ndk-r14b/toolchains/llvm/prebuilt/linux-x86_64/bin/clang --target=aarch64-none-linux-android --gcc-toolchain=/home/vvdn/android-ndk-r14b/toolchains/aarch64-linux-android-4.9/prebuilt/linux-x86_64 --sysroot=/home/vvdn/android-ndk-r14b/platforms/android-21/arch-arm64 -funwind-tables -no-canonical-prefixes -fexceptions  -g  -fPIE -pie -Wl,--gc-sections -v CMakeFiles/cmTC_576cc.dir/CMakeCCompilerABI.c.o  -o cmTC_576cc 
Android clang version 3.8.275480  (based on LLVM 3.8.275480)
Target: aarch64-none-linux-android
Thread model: posix
InstalledDir: /home/vvdn/android-ndk-r14b/toolchains/llvm/prebuilt/linux-x86_64/bin
Found candidate GCC installation: /home/vvdn/android-ndk-r14b/toolchains/aarch64-linux-android-4.9/prebuilt/linux-x86_64/lib/gcc/aarch64-linux-android/4.9.x
Selected GCC installation: /home/vvdn/android-ndk-r14b/toolchains/aarch64-linux-android-4.9/prebuilt/linux-x86_64/lib/gcc/aarch64-linux-android/4.9.x
Candidate multilib: .;@m64
Selected multilib: .;@m64
 "/home/vvdn/android-ndk-r14b/toolchains/aarch64-linux-android-4.9/prebuilt/linux-x86_64/lib/gcc/aarch64-linux-android/4.9.x/../../../../aarch64-linux-android/bin/ld" --sysroot=/home/vvdn/android-ndk-r14b/platforms/android-21/arch-arm64 -pie -z relro --eh-frame-hdr -m aarch64linux -dynamic-linker /system/bin/linker64 -o cmTC_576cc /home/vvdn/android-ndk-r14b/platforms/android-21/arch-arm64/usr/lib/crtbegin_dynamic.o -L/home/vvdn/android-ndk-r14b/toolchains/aarch64-linux-android-4.9/prebuilt/linux-x86_64/lib/gcc/aarch64-linux-android/4.9.x -L/home/vvdn/android-ndk-r14b/toolchains/aarch64-linux-android-4.9/prebuilt/linux-x86_64/lib/gcc/aarch64-linux-android/4.9.x/../../../../aarch64-linux-android/lib/../lib64 -L/home/vvdn/android-ndk-r14b/toolchains/aarch64-linux-android-4.9/prebuilt/linux-x86_64/lib/gcc/aarch64-linux-android/4.9.x/../../../../aarch64-linux-android/lib -L/home/vvdn/android-ndk-r14b/platforms/android-21/arch-arm64/usr/lib --gc-sections CMakeFiles/cmTC_576cc.dir/CMakeCCompilerABI.c.o -lgcc -ldl -lc -lgcc -ldl /home/vvdn/android-ndk-r14b/platforms/android-21/arch-arm64/usr/lib/crtend_android.o
make[5]: Leaving directory `/home/vvdn/linphone/linphone-android-arpit/WORK/android-arm64/Build/bellesip/CMakeFiles/CMakeTmp'
make[4]: Leaving directory `/home/vvdn/linphone/linphone-android-arpit/WORK/android-arm64/Build/bellesip/CMakeFiles/CMakeTmp'


Parsed C implicit link information from above output:
  link line regex: [^( *|.*[/\])(aarch64-linux-android-ld|([^/\]+-)?ld|collect2)[^/\]*( |$)]
  ignore line: [Change Dir: /home/vvdn/linphone/linphone-android-arpit/WORK/android-arm64/Build/bellesip/CMakeFiles/CMakeTmp]
  ignore line: []
  ignore line: [Run Build Command:"/usr/bin/make" "cmTC_576cc/fast"]
  ignore line: [make[4]: Entering directory `/home/vvdn/linphone/linphone-android-arpit/WORK/android-arm64/Build/bellesip/CMakeFiles/CMakeTmp']
  ignore line: [/usr/bin/make -f CMakeFiles/cmTC_576cc.dir/build.make CMakeFiles/cmTC_576cc.dir/build]
  ignore line: [make[5]: Entering directory `/home/vvdn/linphone/linphone-android-arpit/WORK/android-arm64/Build/bellesip/CMakeFiles/CMakeTmp']
  ignore line: [Building C object CMakeFiles/cmTC_576cc.dir/CMakeCCompilerABI.c.o]
  ignore line: [/home/vvdn/android-ndk-r14b/toolchains/llvm/prebuilt/linux-x86_64/bin/clang --target=aarch64-none-linux-android --gcc-toolchain=/home/vvdn/android-ndk-r14b/toolchains/aarch64-linux-android-4.9/prebuilt/linux-x86_64 --sysroot=/home/vvdn/android-ndk-r14b/platforms/android-21/arch-arm64  -isystem /home/vvdn/android-ndk-r14b/platforms/android-21/arch-arm64/usr/include  -funwind-tables -no-canonical-prefixes -fexceptions  -g -fPIE   -o CMakeFiles/cmTC_576cc.dir/CMakeCCompilerABI.c.o   -c /usr/local/share/cmake-3.8/Modules/CMakeCCompilerABI.c]
  ignore line: [Linking C executable cmTC_576cc]
  ignore line: [/usr/local/bin/cmake -E cmake_link_script CMakeFiles/cmTC_576cc.dir/link.txt --verbose=1]
  ignore line: [/home/vvdn/android-ndk-r14b/toolchains/llvm/prebuilt/linux-x86_64/bin/clang --target=aarch64-none-linux-android --gcc-toolchain=/home/vvdn/android-ndk-r14b/toolchains/aarch64-linux-android-4.9/prebuilt/linux-x86_64 --sysroot=/home/vvdn/android-ndk-r14b/platforms/android-21/arch-arm64 -funwind-tables -no-canonical-prefixes -fexceptions  -g  -fPIE -pie -Wl,--gc-sections -v CMakeFiles/cmTC_576cc.dir/CMakeCCompilerABI.c.o  -o cmTC_576cc ]
  ignore line: [Android clang version 3.8.275480  (based on LLVM 3.8.275480)]
  ignore line: [Target: aarch64-none-linux-android]
  ignore line: [Thread model: posix]
  ignore line: [InstalledDir: /home/vvdn/android-ndk-r14b/toolchains/llvm/prebuilt/linux-x86_64/bin]
  ignore line: [Found candidate GCC installation: /home/vvdn/android-ndk-r14b/toolchains/aarch64-linux-android-4.9/prebuilt/linux-x86_64/lib/gcc/aarch64-linux-android/4.9.x]
  ignore line: [Selected GCC installation: /home/vvdn/android-ndk-r14b/toolchains/aarch64-linux-android-4.9/prebuilt/linux-x86_64/lib/gcc/aarch64-linux-android/4.9.x]
  ignore line: [Candidate multilib: .]
  ignore line: [@m64]
  ignore line: [Selected multilib: .]
  ignore line: [@m64]
  link line: [ "/home/vvdn/android-ndk-r14b/toolchains/aarch64-linux-android-4.9/prebuilt/linux-x86_64/lib/gcc/aarch64-linux-android/4.9.x/../../../../aarch64-linux-android/bin/ld" --sysroot=/home/vvdn/android-ndk-r14b/platforms/android-21/arch-arm64 -pie -z relro --eh-frame-hdr -m aarch64linux -dynamic-linker /system/bin/linker64 -o cmTC_576cc /home/vvdn/android-ndk-r14b/platforms/android-21/arch-arm64/usr/lib/crtbegin_dynamic.o -L/home/vvdn/android-ndk-r14b/toolchains/aarch64-linux-android-4.9/prebuilt/linux-x86_64/lib/gcc/aarch64-linux-android/4.9.x -L/home/vvdn/android-ndk-r14b/toolchains/aarch64-linux-android-4.9/prebuilt/linux-x86_64/lib/gcc/aarch64-linux-android/4.9.x/../../../../aarch64-linux-android/lib/../lib64 -L/home/vvdn/android-ndk-r14b/toolchains/aarch64-linux-android-4.9/prebuilt/linux-x86_64/lib/gcc/aarch64-linux-android/4.9.x/../../../../aarch64-linux-android/lib -L/home/vvdn/android-ndk-r14b/platforms/android-21/arch-arm64/usr/lib --gc-sections CMakeFiles/cmTC_576cc.dir/CMakeCCompilerABI.c.o -lgcc -ldl -lc -lgcc -ldl /home/vvdn/android-ndk-r14b/platforms/android-21/arch-arm64/usr/lib/crtend_android.o]
    arg [/home/vvdn/android-ndk-r14b/toolchains/aarch64-linux-android-4.9/prebuilt/linux-x86_64/lib/gcc/aarch64-linux-android/4.9.x/../../../../aarch64-linux-android/bin/ld] ==> ignore
    arg [--sysroot=/home/vvdn/android-ndk-r14b/platforms/android-21/arch-arm64] ==> ignore
    arg [-pie] ==> ignore
    arg [-zrelro] ==> ignore
    arg [--eh-frame-hdr] ==> ignore
    arg [-m] ==> ignore
    arg [aarch64linux] ==> ignore
    arg [-dynamic-linker] ==> ignore
    arg [/system/bin/linker64] ==> ignore
    arg [-o] ==> ignore
    arg [cmTC_576cc] ==> ignore
    arg [/home/vvdn/android-ndk-r14b/platforms/android-21/arch-arm64/usr/lib/crtbegin_dynamic.o] ==> ignore
    arg [-L/home/vvdn/android-ndk-r14b/toolchains/aarch64-linux-android-4.9/prebuilt/linux-x86_64/lib/gcc/aarch64-linux-android/4.9.x] ==> dir [/home/vvdn/android-ndk-r14b/toolchains/aarch64-linux-android-4.9/prebuilt/linux-x86_64/lib/gcc/aarch64-linux-android/4.9.x]
    arg [-L/home/vvdn/android-ndk-r14b/toolchains/aarch64-linux-android-4.9/prebuilt/linux-x86_64/lib/gcc/aarch64-linux-android/4.9.x/../../../../aarch64-linux-android/lib/../lib64] ==> dir [/home/vvdn/android-ndk-r14b/toolchains/aarch64-linux-android-4.9/prebuilt/linux-x86_64/lib/gcc/aarch64-linux-android/4.9.x/../../../../aarch64-linux-android/lib/../lib64]
    arg [-L/home/vvdn/android-ndk-r14b/toolchains/aarch64-linux-android-4.9/prebuilt/linux-x86_64/lib/gcc/aarch64-linux-android/4.9.x/../../../../aarch64-linux-android/lib] ==> dir [/home/vvdn/android-ndk-r14b/toolchains/aarch64-linux-android-4.9/prebuilt/linux-x86_64/lib/gcc/aarch64-linux-android/4.9.x/../../../../aarch64-linux-android/lib]
    arg [-L/home/vvdn/android-ndk-r14b/platforms/android-21/arch-arm64/usr/lib] ==> dir [/home/vvdn/android-ndk-r14b/platforms/android-21/arch-arm64/usr/lib]
    arg [--gc-sections] ==> ignore
    arg [CMakeFiles/cmTC_576cc.dir/CMakeCCompilerABI.c.o] ==> ignore
    arg [-lgcc] ==> lib [gcc]
    arg [-ldl] ==> lib [dl]
    arg [-lc] ==> lib [c]
    arg [-lgcc] ==> lib [gcc]
    arg [-ldl] ==> lib [dl]
    arg [/home/vvdn/android-ndk-r14b/platforms/android-21/arch-arm64/usr/lib/crtend_android.o] ==> ignore
  remove lib [gcc]
  remove lib [gcc]
  collapse library dir [/home/vvdn/android-ndk-r14b/toolchains/aarch64-linux-android-4.9/prebuilt/linux-x86_64/lib/gcc/aarch64-linux-android/4.9.x] ==> [/home/vvdn/android-ndk-r14b/toolchains/aarch64-linux-android-4.9/prebuilt/linux-x86_64/lib/gcc/aarch64-linux-android/4.9.x]
  collapse library dir [/home/vvdn/android-ndk-r14b/toolchains/aarch64-linux-android-4.9/prebuilt/linux-x86_64/lib/gcc/aarch64-linux-android/4.9.x/../../../../aarch64-linux-android/lib/../lib64] ==> [/home/vvdn/android-ndk-r14b/toolchains/aarch64-linux-android-4.9/prebuilt/linux-x86_64/aarch64-linux-android/lib64]
  collapse library dir [/home/vvdn/android-ndk-r14b/toolchains/aarch64-linux-android-4.9/prebuilt/linux-x86_64/lib/gcc/aarch64-linux-android/4.9.x/../../../../aarch64-linux-android/lib] ==> [/home/vvdn/android-ndk-r14b/toolchains/aarch64-linux-android-4.9/prebuilt/linux-x86_64/aarch64-linux-android/lib]
  collapse library dir [/home/vvdn/android-ndk-r14b/platforms/android-21/arch-arm64/usr/lib] ==> [/home/vvdn/android-ndk-r14b/platforms/android-21/arch-arm64/usr/lib]
  implicit libs: [dl;c;dl]
  implicit dirs: [/home/vvdn/android-ndk-r14b/toolchains/aarch64-linux-android-4.9/prebuilt/linux-x86_64/lib/gcc/aarch64-linux-android/4.9.x;/home/vvdn/android-ndk-r14b/toolchains/aarch64-linux-android-4.9/prebuilt/linux-x86_64/aarch64-linux-android/lib64;/home/vvdn/android-ndk-r14b/toolchains/aarch64-linux-android-4.9/prebuilt/linux-x86_64/aarch64-linux-android/lib;/home/vvdn/android-ndk-r14b/platforms/android-21/arch-arm64/usr/lib]
  implicit fwks: []




Detecting C [-std=c11] compiler features compiled with the following output:
Change Dir: /home/vvdn/linphone/linphone-android-arpit/WORK/android-arm64/Build/bellesip/CMakeFiles/CMakeTmp

Run Build Command:"/usr/bin/make" "cmTC_0e563/fast"
make[4]: Entering directory `/home/vvdn/linphone/linphone-android-arpit/WORK/android-arm64/Build/bellesip/CMakeFiles/CMakeTmp'
/usr/bin/make -f CMakeFiles/cmTC_0e563.dir/build.make CMakeFiles/cmTC_0e563.dir/build
make[5]: Entering directory `/home/vvdn/linphone/linphone-android-arpit/WORK/android-arm64/Build/bellesip/CMakeFiles/CMakeTmp'
Building C object CMakeFiles/cmTC_0e563.dir/feature_tests.c.o
/home/vvdn/android-ndk-r14b/toolchains/llvm/prebuilt/linux-x86_64/bin/clang --target=aarch64-none-linux-android --gcc-toolchain=/home/vvdn/android-ndk-r14b/toolchains/aarch64-linux-android-4.9/prebuilt/linux-x86_64 --sysroot=/home/vvdn/android-ndk-r14b/platforms/android-21/arch-arm64  -isystem /home/vvdn/android-ndk-r14b/platforms/android-21/arch-arm64/usr/include  -funwind-tables -no-canonical-prefixes -fexceptions  -g -fPIE   -std=c11 -o CMakeFiles/cmTC_0e563.dir/feature_tests.c.o   -c /home/vvdn/linphone/linphone-android-arpit/WORK/android-arm64/Build/bellesip/CMakeFiles/feature_tests.c
Linking C executable cmTC_0e563
/usr/local/bin/cmake -E cmake_link_script CMakeFiles/cmTC_0e563.dir/link.txt --verbose=1
/home/vvdn/android-ndk-r14b/toolchains/llvm/prebuilt/linux-x86_64/bin/clang --target=aarch64-none-linux-android --gcc-toolchain=/home/vvdn/android-ndk-r14b/toolchains/aarch64-linux-android-4.9/prebuilt/linux-x86_64 --sysroot=/home/vvdn/android-ndk-r14b/platforms/android-21/arch-arm64 -funwind-tables -no-canonical-prefixes -fexceptions  -g  -fPIE -pie -Wl,--gc-sections  CMakeFiles/cmTC_0e563.dir/feature_tests.c.o  -o cmTC_0e563 
make[5]: Leaving directory `/home/vvdn/linphone/linphone-android-arpit/WORK/android-arm64/Build/bellesip/CMakeFiles/CMakeTmp'
make[4]: Leaving directory `/home/vvdn/linphone/linphone-android-arpit/WORK/android-arm64/Build/bellesip/CMakeFiles/CMakeTmp'


    Feature record: C_FEATURE:1c_function_prototypes
    Feature record: C_FEATURE:1c_restrict
    Feature record: C_FEATURE:1c_static_assert
    Feature record: C_FEATURE:1c_variadic_macros


Detecting C [-std=c99] compiler features compiled with the following output:
Change Dir: /home/vvdn/linphone/linphone-android-arpit/WORK/android-arm64/Build/bellesip/CMakeFiles/CMakeTmp

Run Build Command:"/usr/bin/make" "cmTC_a13c8/fast"
make[4]: Entering directory `/home/vvdn/linphone/linphone-android-arpit/WORK/android-arm64/Build/bellesip/CMakeFiles/CMakeTmp'
/usr/bin/make -f CMakeFiles/cmTC_a13c8.dir/build.make CMakeFiles/cmTC_a13c8.dir/build
make[5]: Entering directory `/home/vvdn/linphone/linphone-android-arpit/WORK/android-arm64/Build/bellesip/CMakeFiles/CMakeTmp'
Building C object CMakeFiles/cmTC_a13c8.dir/feature_tests.c.o
/home/vvdn/android-ndk-r14b/toolchains/llvm/prebuilt/linux-x86_64/bin/clang --target=aarch64-none-linux-android --gcc-toolchain=/home/vvdn/android-ndk-r14b/toolchains/aarch64-linux-android-4.9/prebuilt/linux-x86_64 --sysroot=/home/vvdn/android-ndk-r14b/platforms/android-21/arch-arm64  -isystem /home/vvdn/android-ndk-r14b/platforms/android-21/arch-arm64/usr/include  -funwind-tables -no-canonical-prefixes -fexceptions  -g -fPIE   -std=c99 -o CMakeFiles/cmTC_a13c8.dir/feature_tests.c.o   -c /home/vvdn/linphone/linphone-android-arpit/WORK/android-arm64/Build/bellesip/CMakeFiles/feature_tests.c
Linking C executable cmTC_a13c8
/usr/local/bin/cmake -E cmake_link_script CMakeFiles/cmTC_a13c8.dir/link.txt --verbose=1
/home/vvdn/android-ndk-r14b/toolchains/llvm/prebuilt/linux-x86_64/bin/clang --target=aarch64-none-linux-android --gcc-toolchain=/home/vvdn/android-ndk-r14b/toolchains/aarch64-linux-android-4.9/prebuilt/linux-x86_64 --sysroot=/home/vvdn/android-ndk-r14b/platforms/android-21/arch-arm64 -funwind-tables -no-canonical-prefixes -fexceptions  -g  -fPIE -pie -Wl,--gc-sections  CMakeFiles/cmTC_a13c8.dir/feature_tests.c.o  -o cmTC_a13c8 
make[5]: Leaving directory `/home/vvdn/linphone/linphone-android-arpit/WORK/android-arm64/Build/bellesip/CMakeFiles/CMakeTmp'
make[4]: Leaving directory `/home/vvdn/linphone/linphone-android-arpit/WORK/android-arm64/Build/bellesip/CMakeFiles/CMakeTmp'


    Feature record: C_FEATURE:1c_function_prototypes
    Feature record: C_FEATURE:1c_restrict
    Feature record: C_FEATURE:0c_static_assert
    Feature record: C_FEATURE:1c_variadic_macros


Detecting C [-std=c90] compiler features compiled with the following output:
Change Dir: /home/vvdn/linphone/linphone-android-arpit/WORK/android-arm64/Build/bellesip/CMakeFiles/CMakeTmp

Run Build Command:"/usr/bin/make" "cmTC_989ca/fast"
make[4]: Entering directory `/home/vvdn/linphone/linphone-android-arpit/WORK/android-arm64/Build/bellesip/CMakeFiles/CMakeTmp'
/usr/bin/make -f CMakeFiles/cmTC_989ca.dir/build.make CMakeFiles/cmTC_989ca.dir/build
make[5]: Entering directory `/home/vvdn/linphone/linphone-android-arpit/WORK/android-arm64/Build/bellesip/CMakeFiles/CMakeTmp'
Building C object CMakeFiles/cmTC_989ca.dir/feature_tests.c.o
/home/vvdn/android-ndk-r14b/toolchains/llvm/prebuilt/linux-x86_64/bin/clang --target=aarch64-none-linux-android --gcc-toolchain=/home/vvdn/android-ndk-r14b/toolchains/aarch64-linux-android-4.9/prebuilt/linux-x86_64 --sysroot=/home/vvdn/android-ndk-r14b/platforms/android-21/arch-arm64  -isystem /home/vvdn/android-ndk-r14b/platforms/android-21/arch-arm64/usr/include  -funwind-tables -no-canonical-prefixes -fexceptions  -g -fPIE   -std=c90 -o CMakeFiles/cmTC_989ca.dir/feature_tests.c.o   -c /home/vvdn/linphone/linphone-android-arpit/WORK/android-arm64/Build/bellesip/CMakeFiles/feature_tests.c
Linking C executable cmTC_989ca
/usr/local/bin/cmake -E cmake_link_script CMakeFiles/cmTC_989ca.dir/link.txt --verbose=1
/home/vvdn/android-ndk-r14b/toolchains/llvm/prebuilt/linux-x86_64/bin/clang --target=aarch64-none-linux-android --gcc-toolchain=/home/vvdn/android-ndk-r14b/toolchains/aarch64-linux-android-4.9/prebuilt/linux-x86_64 --sysroot=/home/vvdn/android-ndk-r14b/platforms/android-21/arch-arm64 -funwind-tables -no-canonical-prefixes -fexceptions  -g  -fPIE -pie -Wl,--gc-sections  CMakeFiles/cmTC_989ca.dir/feature_tests.c.o  -o cmTC_989ca 
make[5]: Leaving directory `/home/vvdn/linphone/linphone-android-arpit/WORK/android-arm64/Build/bellesip/CMakeFiles/CMakeTmp'
make[4]: Leaving directory `/home/vvdn/linphone/linphone-android-arpit/WORK/android-arm64/Build/bellesip/CMakeFiles/CMakeTmp'


    Feature record: C_FEATURE:1c_function_prototypes
    Feature record: C_FEATURE:0c_restrict
    Feature record: C_FEATURE:0c_static_assert
    Feature record: C_FEATURE:0c_variadic_macros
Determining if the CXX compiler works passed with the following output:
Change Dir: /home/vvdn/linphone/linphone-android-arpit/WORK/android-arm64/Build/bellesip/CMakeFiles/CMakeTmp

Run Build Command:"/usr/bin/make" "cmTC_9ceab/fast"
make[4]: Entering directory `/home/vvdn/linphone/linphone-android-arpit/WORK/android-arm64/Build/bellesip/CMakeFiles/CMakeTmp'
/usr/bin/make -f CMakeFiles/cmTC_9ceab.dir/build.make CMakeFiles/cmTC_9ceab.dir/build
make[5]: Entering directory `/home/vvdn/linphone/linphone-android-arpit/WORK/android-arm64/Build/bellesip/CMakeFiles/CMakeTmp'
Building CXX object CMakeFiles/cmTC_9ceab.dir/testCXXCompiler.cxx.o
/home/vvdn/android-ndk-r14b/toolchains/llvm/prebuilt/linux-x86_64/bin/clang++ --target=aarch64-none-linux-android --gcc-toolchain=/home/vvdn/android-ndk-r14b/toolchains/aarch64-linux-android-4.9/prebuilt/linux-x86_64 --sysroot=/home/vvdn/android-ndk-r14b/platforms/android-21/arch-arm64   -isystem /home/vvdn/android-ndk-r14b/sources/cxx-stl/gnu-libstdc++/4.9/include -isystem /home/vvdn/android-ndk-r14b/sources/cxx-stl/gnu-libstdc++/4.9/libs/arm64-v8a/include -isystem /home/vvdn/android-ndk-r14b/sources/cxx-stl/gnu-libstdc++/4.9/include/backward -isystem /home/vvdn/android-ndk-r14b/platforms/android-21/arch-arm64/usr/include  -funwind-tables -no-canonical-prefixes -fexceptions -frtti  -g -fPIE   -o CMakeFiles/cmTC_9ceab.dir/testCXXCompiler.cxx.o -c /home/vvdn/linphone/linphone-android-arpit/WORK/android-arm64/Build/bellesip/CMakeFiles/CMakeTmp/testCXXCompiler.cxx
Linking CXX executable cmTC_9ceab
/usr/local/bin/cmake -E cmake_link_script CMakeFiles/cmTC_9ceab.dir/link.txt --verbose=1
/home/vvdn/android-ndk-r14b/toolchains/llvm/prebuilt/linux-x86_64/bin/clang++ --target=aarch64-none-linux-android --gcc-toolchain=/home/vvdn/android-ndk-r14b/toolchains/aarch64-linux-android-4.9/prebuilt/linux-x86_64 --sysroot=/home/vvdn/android-ndk-r14b/platforms/android-21/arch-arm64  -funwind-tables -no-canonical-prefixes -fexceptions -frtti  -g  -fPIE -pie -Wl,--gc-sections  CMakeFiles/cmTC_9ceab.dir/testCXXCompiler.cxx.o  -o cmTC_9ceab  "/home/vvdn/android-ndk-r14b/sources/cxx-stl/gnu-libstdc++/4.9/libs/arm64-v8a/libgnustl_shared.so" 
make[5]: Leaving directory `/home/vvdn/linphone/linphone-android-arpit/WORK/android-arm64/Build/bellesip/CMakeFiles/CMakeTmp'
make[4]: Leaving directory `/home/vvdn/linphone/linphone-android-arpit/WORK/android-arm64/Build/bellesip/CMakeFiles/CMakeTmp'


Detecting CXX compiler ABI info compiled with the following output:
Change Dir: /home/vvdn/linphone/linphone-android-arpit/WORK/android-arm64/Build/bellesip/CMakeFiles/CMakeTmp

Run Build Command:"/usr/bin/make" "cmTC_aca34/fast"
make[4]: Entering directory `/home/vvdn/linphone/linphone-android-arpit/WORK/android-arm64/Build/bellesip/CMakeFiles/CMakeTmp'
/usr/bin/make -f CMakeFiles/cmTC_aca34.dir/build.make CMakeFiles/cmTC_aca34.dir/build
make[5]: Entering directory `/home/vvdn/linphone/linphone-android-arpit/WORK/android-arm64/Build/bellesip/CMakeFiles/CMakeTmp'
Building CXX object CMakeFiles/cmTC_aca34.dir/CMakeCXXCompilerABI.cpp.o
/home/vvdn/android-ndk-r14b/toolchains/llvm/prebuilt/linux-x86_64/bin/clang++ --target=aarch64-none-linux-android --gcc-toolchain=/home/vvdn/android-ndk-r14b/toolchains/aarch64-linux-android-4.9/prebuilt/linux-x86_64 --sysroot=/home/vvdn/android-ndk-r14b/platforms/android-21/arch-arm64   -isystem /home/vvdn/android-ndk-r14b/sources/cxx-stl/gnu-libstdc++/4.9/include -isystem /home/vvdn/android-ndk-r14b/sources/cxx-stl/gnu-libstdc++/4.9/libs/arm64-v8a/include -isystem /home/vvdn/android-ndk-r14b/sources/cxx-stl/gnu-libstdc++/4.9/include/backward -isystem /home/vvdn/android-ndk-r14b/platforms/android-21/arch-arm64/usr/include  -funwind-tables -no-canonical-prefixes -fexceptions -frtti  -g -fPIE   -o CMakeFiles/cmTC_aca34.dir/CMakeCXXCompilerABI.cpp.o -c /usr/local/share/cmake-3.8/Modules/CMakeCXXCompilerABI.cpp
Linking CXX executable cmTC_aca34
/usr/local/bin/cmake -E cmake_link_script CMakeFiles/cmTC_aca34.dir/link.txt --verbose=1
/home/vvdn/android-ndk-r14b/toolchains/llvm/prebuilt/linux-x86_64/bin/clang++ --target=aarch64-none-linux-android --gcc-toolchain=/home/vvdn/android-ndk-r14b/toolchains/aarch64-linux-android-4.9/prebuilt/linux-x86_64 --sysroot=/home/vvdn/android-ndk-r14b/platforms/android-21/arch-arm64  -funwind-tables -no-canonical-prefixes -fexceptions -frtti  -g  -fPIE -pie -Wl,--gc-sections -v CMakeFiles/cmTC_aca34.dir/CMakeCXXCompilerABI.cpp.o  -o cmTC_aca34  "/home/vvdn/android-ndk-r14b/sources/cxx-stl/gnu-libstdc++/4.9/libs/arm64-v8a/libgnustl_shared.so" 
Android clang version 3.8.275480  (based on LLVM 3.8.275480)
Target: aarch64-none-linux-android
Thread model: posix
InstalledDir: /home/vvdn/android-ndk-r14b/toolchains/llvm/prebuilt/linux-x86_64/bin
Found candidate GCC installation: /home/vvdn/android-ndk-r14b/toolchains/aarch64-linux-android-4.9/prebuilt/linux-x86_64/lib/gcc/aarch64-linux-android/4.9.x
Selected GCC installation: /home/vvdn/android-ndk-r14b/toolchains/aarch64-linux-android-4.9/prebuilt/linux-x86_64/lib/gcc/aarch64-linux-android/4.9.x
Candidate multilib: .;@m64
Selected multilib: .;@m64
 "/home/vvdn/android-ndk-r14b/toolchains/aarch64-linux-android-4.9/prebuilt/linux-x86_64/lib/gcc/aarch64-linux-android/4.9.x/../../../../aarch64-linux-android/bin/ld" --sysroot=/home/vvdn/android-ndk-r14b/platforms/android-21/arch-arm64 -pie -z relro --eh-frame-hdr -m aarch64linux -dynamic-linker /system/bin/linker64 -o cmTC_aca34 /home/vvdn/android-ndk-r14b/platforms/android-21/arch-arm64/usr/lib/crtbegin_dynamic.o -L/home/vvdn/android-ndk-r14b/toolchains/aarch64-linux-android-4.9/prebuilt/linux-x86_64/lib/gcc/aarch64-linux-android/4.9.x -L/home/vvdn/android-ndk-r14b/toolchains/aarch64-linux-android-4.9/prebuilt/linux-x86_64/lib/gcc/aarch64-linux-android/4.9.x/../../../../aarch64-linux-android/lib/../lib64 -L/home/vvdn/android-ndk-r14b/toolchains/aarch64-linux-android-4.9/prebuilt/linux-x86_64/lib/gcc/aarch64-linux-android/4.9.x/../../../../aarch64-linux-android/lib -L/home/vvdn/android-ndk-r14b/platforms/android-21/arch-arm64/usr/lib --gc-sections CMakeFiles/cmTC_aca34.dir/CMakeCXXCompilerABI.cpp.o /home/vvdn/android-ndk-r14b/sources/cxx-stl/gnu-libstdc++/4.9/libs/arm64-v8a/libgnustl_shared.so -lstdc++ -lm -lgcc -lgcc -ldl -lc -lgcc -lgcc -ldl /home/vvdn/android-ndk-r14b/platforms/android-21/arch-arm64/usr/lib/crtend_android.o
make[5]: Leaving directory `/home/vvdn/linphone/linphone-android-arpit/WORK/android-arm64/Build/bellesip/CMakeFiles/CMakeTmp'
make[4]: Leaving directory `/home/vvdn/linphone/linphone-android-arpit/WORK/android-arm64/Build/bellesip/CMakeFiles/CMakeTmp'


Parsed CXX implicit link information from above output:
  link line regex: [^( *|.*[/\])(aarch64-linux-android-ld|([^/\]+-)?ld|collect2)[^/\]*( |$)]
  ignore line: [Change Dir: /home/vvdn/linphone/linphone-android-arpit/WORK/android-arm64/Build/bellesip/CMakeFiles/CMakeTmp]
  ignore line: []
  ignore line: [Run Build Command:"/usr/bin/make" "cmTC_aca34/fast"]
  ignore line: [make[4]: Entering directory `/home/vvdn/linphone/linphone-android-arpit/WORK/android-arm64/Build/bellesip/CMakeFiles/CMakeTmp']
  ignore line: [/usr/bin/make -f CMakeFiles/cmTC_aca34.dir/build.make CMakeFiles/cmTC_aca34.dir/build]
  ignore line: [make[5]: Entering directory `/home/vvdn/linphone/linphone-android-arpit/WORK/android-arm64/Build/bellesip/CMakeFiles/CMakeTmp']
  ignore line: [Building CXX object CMakeFiles/cmTC_aca34.dir/CMakeCXXCompilerABI.cpp.o]
  ignore line: [/home/vvdn/android-ndk-r14b/toolchains/llvm/prebuilt/linux-x86_64/bin/clang++ --target=aarch64-none-linux-android --gcc-toolchain=/home/vvdn/android-ndk-r14b/toolchains/aarch64-linux-android-4.9/prebuilt/linux-x86_64 --sysroot=/home/vvdn/android-ndk-r14b/platforms/android-21/arch-arm64   -isystem /home/vvdn/android-ndk-r14b/sources/cxx-stl/gnu-libstdc++/4.9/include -isystem /home/vvdn/android-ndk-r14b/sources/cxx-stl/gnu-libstdc++/4.9/libs/arm64-v8a/include -isystem /home/vvdn/android-ndk-r14b/sources/cxx-stl/gnu-libstdc++/4.9/include/backward -isystem /home/vvdn/android-ndk-r14b/platforms/android-21/arch-arm64/usr/include  -funwind-tables -no-canonical-prefixes -fexceptions -frtti  -g -fPIE   -o CMakeFiles/cmTC_aca34.dir/CMakeCXXCompilerABI.cpp.o -c /usr/local/share/cmake-3.8/Modules/CMakeCXXCompilerABI.cpp]
  ignore line: [Linking CXX executable cmTC_aca34]
  ignore line: [/usr/local/bin/cmake -E cmake_link_script CMakeFiles/cmTC_aca34.dir/link.txt --verbose=1]
  ignore line: [/home/vvdn/android-ndk-r14b/toolchains/llvm/prebuilt/linux-x86_64/bin/clang++ --target=aarch64-none-linux-android --gcc-toolchain=/home/vvdn/android-ndk-r14b/toolchains/aarch64-linux-android-4.9/prebuilt/linux-x86_64 --sysroot=/home/vvdn/android-ndk-r14b/platforms/android-21/arch-arm64  -funwind-tables -no-canonical-prefixes -fexceptions -frtti  -g  -fPIE -pie -Wl,--gc-sections -v CMakeFiles/cmTC_aca34.dir/CMakeCXXCompilerABI.cpp.o  -o cmTC_aca34  "/home/vvdn/android-ndk-r14b/sources/cxx-stl/gnu-libstdc++/4.9/libs/arm64-v8a/libgnustl_shared.so" ]
  ignore line: [Android clang version 3.8.275480  (based on LLVM 3.8.275480)]
  ignore line: [Target: aarch64-none-linux-android]
  ignore line: [Thread model: posix]
  ignore line: [InstalledDir: /home/vvdn/android-ndk-r14b/toolchains/llvm/prebuilt/linux-x86_64/bin]
  ignore line: [Found candidate GCC installation: /home/vvdn/android-ndk-r14b/toolchains/aarch64-linux-android-4.9/prebuilt/linux-x86_64/lib/gcc/aarch64-linux-android/4.9.x]
  ignore line: [Selected GCC installation: /home/vvdn/android-ndk-r14b/toolchains/aarch64-linux-android-4.9/prebuilt/linux-x86_64/lib/gcc/aarch64-linux-android/4.9.x]
  ignore line: [Candidate multilib: .]
  ignore line: [@m64]
  ignore line: [Selected multilib: .]
  ignore line: [@m64]
  link line: [ "/home/vvdn/android-ndk-r14b/toolchains/aarch64-linux-android-4.9/prebuilt/linux-x86_64/lib/gcc/aarch64-linux-android/4.9.x/../../../../aarch64-linux-android/bin/ld" --sysroot=/home/vvdn/android-ndk-r14b/platforms/android-21/arch-arm64 -pie -z relro --eh-frame-hdr -m aarch64linux -dynamic-linker /system/bin/linker64 -o cmTC_aca34 /home/vvdn/android-ndk-r14b/platforms/android-21/arch-arm64/usr/lib/crtbegin_dynamic.o -L/home/vvdn/android-ndk-r14b/toolchains/aarch64-linux-android-4.9/prebuilt/linux-x86_64/lib/gcc/aarch64-linux-android/4.9.x -L/home/vvdn/android-ndk-r14b/toolchains/aarch64-linux-android-4.9/prebuilt/linux-x86_64/lib/gcc/aarch64-linux-android/4.9.x/../../../../aarch64-linux-android/lib/../lib64 -L/home/vvdn/android-ndk-r14b/toolchains/aarch64-linux-android-4.9/prebuilt/linux-x86_64/lib/gcc/aarch64-linux-android/4.9.x/../../../../aarch64-linux-android/lib -L/home/vvdn/android-ndk-r14b/platforms/android-21/arch-arm64/usr/lib --gc-sections CMakeFiles/cmTC_aca34.dir/CMakeCXXCompilerABI.cpp.o /home/vvdn/android-ndk-r14b/sources/cxx-stl/gnu-libstdc++/4.9/libs/arm64-v8a/libgnustl_shared.so -lstdc++ -lm -lgcc -lgcc -ldl -lc -lgcc -lgcc -ldl /home/vvdn/android-ndk-r14b/platforms/android-21/arch-arm64/usr/lib/crtend_android.o]
    arg [/home/vvdn/android-ndk-r14b/toolchains/aarch64-linux-android-4.9/prebuilt/linux-x86_64/lib/gcc/aarch64-linux-android/4.9.x/../../../../aarch64-linux-android/bin/ld] ==> ignore
    arg [--sysroot=/home/vvdn/android-ndk-r14b/platforms/android-21/arch-arm64] ==> ignore
    arg [-pie] ==> ignore
    arg [-zrelro] ==> ignore
    arg [--eh-frame-hdr] ==> ignore
    arg [-m] ==> ignore
    arg [aarch64linux] ==> ignore
    arg [-dynamic-linker] ==> ignore
    arg [/system/bin/linker64] ==> ignore
    arg [-o] ==> ignore
    arg [cmTC_aca34] ==> ignore
    arg [/home/vvdn/android-ndk-r14b/platforms/android-21/arch-arm64/usr/lib/crtbegin_dynamic.o] ==> ignore
    arg [-L/home/vvdn/android-ndk-r14b/toolchains/aarch64-linux-android-4.9/prebuilt/linux-x86_64/lib/gcc/aarch64-linux-android/4.9.x] ==> dir [/home/vvdn/android-ndk-r14b/toolchains/aarch64-linux-android-4.9/prebuilt/linux-x86_64/lib/gcc/aarch64-linux-android/4.9.x]
    arg [-L/home/vvdn/android-ndk-r14b/toolchains/aarch64-linux-android-4.9/prebuilt/linux-x86_64/lib/gcc/aarch64-linux-android/4.9.x/../../../../aarch64-linux-android/lib/../lib64] ==> dir [/home/vvdn/android-ndk-r14b/toolchains/aarch64-linux-android-4.9/prebuilt/linux-x86_64/lib/gcc/aarch64-linux-android/4.9.x/../../../../aarch64-linux-android/lib/../lib64]
    arg [-L/home/vvdn/android-ndk-r14b/toolchains/aarch64-linux-android-4.9/prebuilt/linux-x86_64/lib/gcc/aarch64-linux-android/4.9.x/../../../../aarch64-linux-android/lib] ==> dir [/home/vvdn/android-ndk-r14b/toolchains/aarch64-linux-android-4.9/prebuilt/linux-x86_64/lib/gcc/aarch64-linux-android/4.9.x/../../../../aarch64-linux-android/lib]
    arg [-L/home/vvdn/android-ndk-r14b/platforms/android-21/arch-arm64/usr/lib] ==> dir [/home/vvdn/android-ndk-r14b/platforms/android-21/arch-arm64/usr/lib]
    arg [--gc-sections] ==> ignore
    arg [CMakeFiles/cmTC_aca34.dir/CMakeCXXCompilerABI.cpp.o] ==> ignore
    arg [/home/vvdn/android-ndk-r14b/sources/cxx-stl/gnu-libstdc++/4.9/libs/arm64-v8a/libgnustl_shared.so] ==> ignore
    arg [-lstdc++] ==> lib [stdc++]
    arg [-lm] ==> lib [m]
    arg [-lgcc] ==> lib [gcc]
    arg [-lgcc] ==> lib [gcc]
    arg [-ldl] ==> lib [dl]
    arg [-lc] ==> lib [c]
    arg [-lgcc] ==> lib [gcc]
    arg [-lgcc] ==> lib [gcc]
    arg [-ldl] ==> lib [dl]
    arg [/home/vvdn/android-ndk-r14b/platforms/android-21/arch-arm64/usr/lib/crtend_android.o] ==> ignore
  remove lib [gcc]
  remove lib [gcc]
  remove lib [gcc]
  remove lib [gcc]
  collapse library dir [/home/vvdn/android-ndk-r14b/toolchains/aarch64-linux-android-4.9/prebuilt/linux-x86_64/lib/gcc/aarch64-linux-android/4.9.x] ==> [/home/vvdn/android-ndk-r14b/toolchains/aarch64-linux-android-4.9/prebuilt/linux-x86_64/lib/gcc/aarch64-linux-android/4.9.x]
  collapse library dir [/home/vvdn/android-ndk-r14b/toolchains/aarch64-linux-android-4.9/prebuilt/linux-x86_64/lib/gcc/aarch64-linux-android/4.9.x/../../../../aarch64-linux-android/lib/../lib64] ==> [/home/vvdn/android-ndk-r14b/toolchains/aarch64-linux-android-4.9/prebuilt/linux-x86_64/aarch64-linux-android/lib64]
  collapse library dir [/home/vvdn/android-ndk-r14b/toolchains/aarch64-linux-android-4.9/prebuilt/linux-x86_64/lib/gcc/aarch64-linux-android/4.9.x/../../../../aarch64-linux-android/lib] ==> [/home/vvdn/android-ndk-r14b/toolchains/aarch64-linux-android-4.9/prebuilt/linux-x86_64/aarch64-linux-android/lib]
  collapse library dir [/home/vvdn/android-ndk-r14b/platforms/android-21/arch-arm64/usr/lib] ==> [/home/vvdn/android-ndk-r14b/platforms/android-21/arch-arm64/usr/lib]
  implicit libs: [stdc++;m;dl;c;dl]
  implicit dirs: [/home/vvdn/android-ndk-r14b/toolchains/aarch64-linux-android-4.9/prebuilt/linux-x86_64/lib/gcc/aarch64-linux-android/4.9.x;/home/vvdn/android-ndk-r14b/toolchains/aarch64-linux-android-4.9/prebuilt/linux-x86_64/aarch64-linux-android/lib64;/home/vvdn/android-ndk-r14b/toolchains/aarch64-linux-android-4.9/prebuilt/linux-x86_64/aarch64-linux-android/lib;/home/vvdn/android-ndk-r14b/platforms/android-21/arch-arm64/usr/lib]
  implicit fwks: []




Detecting CXX [-std=c++1z] compiler features compiled with the following output:
Change Dir: /home/vvdn/linphone/linphone-android-arpit/WORK/android-arm64/Build/bellesip/CMakeFiles/CMakeTmp

Run Build Command:"/usr/bin/make" "cmTC_6bfe9/fast"
make[4]: Entering directory `/home/vvdn/linphone/linphone-android-arpit/WORK/android-arm64/Build/bellesip/CMakeFiles/CMakeTmp'
/usr/bin/make -f CMakeFiles/cmTC_6bfe9.dir/build.make CMakeFiles/cmTC_6bfe9.dir/build
make[5]: Entering directory `/home/vvdn/linphone/linphone-android-arpit/WORK/android-arm64/Build/bellesip/CMakeFiles/CMakeTmp'
Building CXX object CMakeFiles/cmTC_6bfe9.dir/feature_tests.cxx.o
/home/vvdn/android-ndk-r14b/toolchains/llvm/prebuilt/linux-x86_64/bin/clang++ --target=aarch64-none-linux-android --gcc-toolchain=/home/vvdn/android-ndk-r14b/toolchains/aarch64-linux-android-4.9/prebuilt/linux-x86_64 --sysroot=/home/vvdn/android-ndk-r14b/platforms/android-21/arch-arm64   -isystem /home/vvdn/android-ndk-r14b/sources/cxx-stl/gnu-libstdc++/4.9/include -isystem /home/vvdn/android-ndk-r14b/sources/cxx-stl/gnu-libstdc++/4.9/libs/arm64-v8a/include -isystem /home/vvdn/android-ndk-r14b/sources/cxx-stl/gnu-libstdc++/4.9/include/backward -isystem /home/vvdn/android-ndk-r14b/platforms/android-21/arch-arm64/usr/include  -funwind-tables -no-canonical-prefixes -fexceptions -frtti  -g -fPIE   -std=c++1z -o CMakeFiles/cmTC_6bfe9.dir/feature_tests.cxx.o -c /home/vvdn/linphone/linphone-android-arpit/WORK/android-arm64/Build/bellesip/CMakeFiles/feature_tests.cxx
Linking CXX executable cmTC_6bfe9
/usr/local/bin/cmake -E cmake_link_script CMakeFiles/cmTC_6bfe9.dir/link.txt --verbose=1
/home/vvdn/android-ndk-r14b/toolchains/llvm/prebuilt/linux-x86_64/bin/clang++ --target=aarch64-none-linux-android --gcc-toolchain=/home/vvdn/android-ndk-r14b/toolchains/aarch64-linux-android-4.9/prebuilt/linux-x86_64 --sysroot=/home/vvdn/android-ndk-r14b/platforms/android-21/arch-arm64  -funwind-tables -no-canonical-prefixes -fexceptions -frtti  -g  -fPIE -pie -Wl,--gc-sections  CMakeFiles/cmTC_6bfe9.dir/feature_tests.cxx.o  -o cmTC_6bfe9  "/home/vvdn/android-ndk-r14b/sources/cxx-stl/gnu-libstdc++/4.9/libs/arm64-v8a/libgnustl_shared.so" 
make[5]: Leaving directory `/home/vvdn/linphone/linphone-android-arpit/WORK/android-arm64/Build/bellesip/CMakeFiles/CMakeTmp'
make[4]: Leaving directory `/home/vvdn/linphone/linphone-android-arpit/WORK/android-arm64/Build/bellesip/CMakeFiles/CMakeTmp'


    Feature record: CXX_FEATURE:1cxx_aggregate_default_initializers
    Feature record: CXX_FEATURE:1cxx_alias_templates
    Feature record: CXX_FEATURE:1cxx_alignas
    Feature record: CXX_FEATURE:1cxx_alignof
    Feature record: CXX_FEATURE:1cxx_attributes
    Feature record: CXX_FEATURE:1cxx_attribute_deprecated
    Feature record: CXX_FEATURE:1cxx_auto_type
    Feature record: CXX_FEATURE:1cxx_binary_literals
    Feature record: CXX_FEATURE:1cxx_constexpr
    Feature record: CXX_FEATURE:1cxx_contextual_conversions
    Feature record: CXX_FEATURE:1cxx_decltype
    Feature record: CXX_FEATURE:1cxx_decltype_auto
    Feature record: CXX_FEATURE:1cxx_decltype_incomplete_return_types
    Feature record: CXX_FEATURE:1cxx_default_function_template_args
    Feature record: CXX_FEATURE:1cxx_defaulted_functions
    Feature record: CXX_FEATURE:1cxx_defaulted_move_initializers
    Feature record: CXX_FEATURE:1cxx_delegating_constructors
    Feature record: CXX_FEATURE:1cxx_deleted_functions
    Feature record: CXX_FEATURE:1cxx_digit_separators
    Feature record: CXX_FEATURE:1cxx_enum_forward_declarations
    Feature record: CXX_FEATURE:1cxx_explicit_conversions
    Feature record: CXX_FEATURE:1cxx_extended_friend_declarations
    Feature record: CXX_FEATURE:1cxx_extern_templates
    Feature record: CXX_FEATURE:1cxx_final
    Feature record: CXX_FEATURE:1cxx_func_identifier
    Feature record: CXX_FEATURE:1cxx_generalized_initializers
    Feature record: CXX_FEATURE:1cxx_generic_lambdas
    Feature record: CXX_FEATURE:1cxx_inheriting_constructors
    Feature record: CXX_FEATURE:1cxx_inline_namespaces
    Feature record: CXX_FEATURE:1cxx_lambdas
    Feature record: CXX_FEATURE:1cxx_lambda_init_captures
    Feature record: CXX_FEATURE:1cxx_local_type_template_args
    Feature record: CXX_FEATURE:1cxx_long_long_type
    Feature record: CXX_FEATURE:1cxx_noexcept
    Feature record: CXX_FEATURE:1cxx_nonstatic_member_init
    Feature record: CXX_FEATURE:1cxx_nullptr
    Feature record: CXX_FEATURE:1cxx_override
    Feature record: CXX_FEATURE:1cxx_range_for
    Feature record: CXX_FEATURE:1cxx_raw_string_literals
    Feature record: CXX_FEATURE:1cxx_reference_qualified_functions
    Feature record: CXX_FEATURE:1cxx_relaxed_constexpr
    Feature record: CXX_FEATURE:1cxx_return_type_deduction
    Feature record: CXX_FEATURE:1cxx_right_angle_brackets
    Feature record: CXX_FEATURE:1cxx_rvalue_references
    Feature record: CXX_FEATURE:1cxx_sizeof_member
    Feature record: CXX_FEATURE:1cxx_static_assert
    Feature record: CXX_FEATURE:1cxx_strong_enums
    Feature record: CXX_FEATURE:1cxx_template_template_parameters
    Feature record: CXX_FEATURE:1cxx_thread_local
    Feature record: CXX_FEATURE:1cxx_trailing_return_types
    Feature record: CXX_FEATURE:1cxx_unicode_literals
    Feature record: CXX_FEATURE:1cxx_uniform_initialization
    Feature record: CXX_FEATURE:1cxx_unrestricted_unions
    Feature record: CXX_FEATURE:1cxx_user_literals
    Feature record: CXX_FEATURE:1cxx_variable_templates
    Feature record: CXX_FEATURE:1cxx_variadic_macros
    Feature record: CXX_FEATURE:1cxx_variadic_templates


Detecting CXX [-std=c++14] compiler features compiled with the following output:
Change Dir: /home/vvdn/linphone/linphone-android-arpit/WORK/android-arm64/Build/bellesip/CMakeFiles/CMakeTmp

Run Build Command:"/usr/bin/make" "cmTC_54ff2/fast"
make[4]: Entering directory `/home/vvdn/linphone/linphone-android-arpit/WORK/android-arm64/Build/bellesip/CMakeFiles/CMakeTmp'
/usr/bin/make -f CMakeFiles/cmTC_54ff2.dir/build.make CMakeFiles/cmTC_54ff2.dir/build
make[5]: Entering directory `/home/vvdn/linphone/linphone-android-arpit/WORK/android-arm64/Build/bellesip/CMakeFiles/CMakeTmp'
Building CXX object CMakeFiles/cmTC_54ff2.dir/feature_tests.cxx.o
/home/vvdn/android-ndk-r14b/toolchains/llvm/prebuilt/linux-x86_64/bin/clang++ --target=aarch64-none-linux-android --gcc-toolchain=/home/vvdn/android-ndk-r14b/toolchains/aarch64-linux-android-4.9/prebuilt/linux-x86_64 --sysroot=/home/vvdn/android-ndk-r14b/platforms/android-21/arch-arm64   -isystem /home/vvdn/android-ndk-r14b/sources/cxx-stl/gnu-libstdc++/4.9/include -isystem /home/vvdn/android-ndk-r14b/sources/cxx-stl/gnu-libstdc++/4.9/libs/arm64-v8a/include -isystem /home/vvdn/android-ndk-r14b/sources/cxx-stl/gnu-libstdc++/4.9/include/backward -isystem /home/vvdn/android-ndk-r14b/platforms/android-21/arch-arm64/usr/include  -funwind-tables -no-canonical-prefixes -fexceptions -frtti  -g -fPIE   -std=c++14 -o CMakeFiles/cmTC_54ff2.dir/feature_tests.cxx.o -c /home/vvdn/linphone/linphone-android-arpit/WORK/android-arm64/Build/bellesip/CMakeFiles/feature_tests.cxx
Linking CXX executable cmTC_54ff2
/usr/local/bin/cmake -E cmake_link_script CMakeFiles/cmTC_54ff2.dir/link.txt --verbose=1
/home/vvdn/android-ndk-r14b/toolchains/llvm/prebuilt/linux-x86_64/bin/clang++ --target=aarch64-none-linux-android --gcc-toolchain=/home/vvdn/android-ndk-r14b/toolchains/aarch64-linux-android-4.9/prebuilt/linux-x86_64 --sysroot=/home/vvdn/android-ndk-r14b/platforms/android-21/arch-arm64  -funwind-tables -no-canonical-prefixes -fexceptions -frtti  -g  -fPIE -pie -Wl,--gc-sections  CMakeFiles/cmTC_54ff2.dir/feature_tests.cxx.o  -o cmTC_54ff2  "/home/vvdn/android-ndk-r14b/sources/cxx-stl/gnu-libstdc++/4.9/libs/arm64-v8a/libgnustl_shared.so" 
make[5]: Leaving directory `/home/vvdn/linphone/linphone-android-arpit/WORK/android-arm64/Build/bellesip/CMakeFiles/CMakeTmp'
make[4]: Leaving directory `/home/vvdn/linphone/linphone-android-arpit/WORK/android-arm64/Build/bellesip/CMakeFiles/CMakeTmp'


    Feature record: CXX_FEATURE:1cxx_aggregate_default_initializers
    Feature record: CXX_FEATURE:1cxx_alias_templates
    Feature record: CXX_FEATURE:1cxx_alignas
    Feature record: CXX_FEATURE:1cxx_alignof
    Feature record: CXX_FEATURE:1cxx_attributes
    Feature record: CXX_FEATURE:1cxx_attribute_deprecated
    Feature record: CXX_FEATURE:1cxx_auto_type
    Feature record: CXX_FEATURE:1cxx_binary_literals
    Feature record: CXX_FEATURE:1cxx_constexpr
    Feature record: CXX_FEATURE:1cxx_contextual_conversions
    Feature record: CXX_FEATURE:1cxx_decltype
    Feature record: CXX_FEATURE:1cxx_decltype_auto
    Feature record: CXX_FEATURE:1cxx_decltype_incomplete_return_types
    Feature record: CXX_FEATURE:1cxx_default_function_template_args
    Feature record: CXX_FEATURE:1cxx_defaulted_functions
    Feature record: CXX_FEATURE:1cxx_defaulted_move_initializers
    Feature record: CXX_FEATURE:1cxx_delegating_constructors
    Feature record: CXX_FEATURE:1cxx_deleted_functions
    Feature record: CXX_FEATURE:1cxx_digit_separators
    Feature record: CXX_FEATURE:1cxx_enum_forward_declarations
    Feature record: CXX_FEATURE:1cxx_explicit_conversions
    Feature record: CXX_FEATURE:1cxx_extended_friend_declarations
    Feature record: CXX_FEATURE:1cxx_extern_templates
    Feature record: CXX_FEATURE:1cxx_final
    Feature record: CXX_FEATURE:1cxx_func_identifier
    Feature record: CXX_FEATURE:1cxx_generalized_initializers
    Feature record: CXX_FEATURE:1cxx_generic_lambdas
    Feature record: CXX_FEATURE:1cxx_inheriting_constructors
    Feature record: CXX_FEATURE:1cxx_inline_namespaces
    Feature record: CXX_FEATURE:1cxx_lambdas
    Feature record: CXX_FEATURE:1cxx_lambda_init_captures
    Feature record: CXX_FEATURE:1cxx_local_type_template_args
    Feature record: CXX_FEATURE:1cxx_long_long_type
    Feature record: CXX_FEATURE:1cxx_noexcept
    Feature record: CXX_FEATURE:1cxx_nonstatic_member_init
    Feature record: CXX_FEATURE:1cxx_nullptr
    Feature record: CXX_FEATURE:1cxx_override
    Feature record: CXX_FEATURE:1cxx_range_for
    Feature record: CXX_FEATURE:1cxx_raw_string_literals
    Feature record: CXX_FEATURE:1cxx_reference_qualified_functions
    Feature record: CXX_FEATURE:1cxx_relaxed_constexpr
    Feature record: CXX_FEATURE:1cxx_return_type_deduction
    Feature record: CXX_FEATURE:1cxx_right_angle_brackets
    Feature record: CXX_FEATURE:1cxx_rvalue_references
    Feature record: CXX_FEATURE:1cxx_sizeof_member
    Feature record: CXX_FEATURE:1cxx_static_assert
    Feature record: CXX_FEATURE:1cxx_strong_enums
    Feature record: CXX_FEATURE:1cxx_template_template_parameters
    Feature record: CXX_FEATURE:1cxx_thread_local
    Feature record: CXX_FEATURE:1cxx_trailing_return_types
    Feature record: CXX_FEATURE:1cxx_unicode_literals
    Feature record: CXX_FEATURE:1cxx_uniform_initialization
    Feature record: CXX_FEATURE:1cxx_unrestricted_unions
    Feature record: CXX_FEATURE:1cxx_user_literals
    Feature record: CXX_FEATURE:1cxx_variable_templates
    Feature record: CXX_FEATURE:1cxx_variadic_macros
    Feature record: CXX_FEATURE:1cxx_variadic_templates


Detecting CXX [-std=c++11] compiler features compiled with the following output:
Change Dir: /home/vvdn/linphone/linphone-android-arpit/WORK/android-arm64/Build/bellesip/CMakeFiles/CMakeTmp

Run Build Command:"/usr/bin/make" "cmTC_d3277/fast"
make[4]: Entering directory `/home/vvdn/linphone/linphone-android-arpit/WORK/android-arm64/Build/bellesip/CMakeFiles/CMakeTmp'
/usr/bin/make -f CMakeFiles/cmTC_d3277.dir/build.make CMakeFiles/cmTC_d3277.dir/build
make[5]: Entering directory `/home/vvdn/linphone/linphone-android-arpit/WORK/android-arm64/Build/bellesip/CMakeFiles/CMakeTmp'
Building CXX object CMakeFiles/cmTC_d3277.dir/feature_tests.cxx.o
/home/vvdn/android-ndk-r14b/toolchains/llvm/prebuilt/linux-x86_64/bin/clang++ --target=aarch64-none-linux-android --gcc-toolchain=/home/vvdn/android-ndk-r14b/toolchains/aarch64-linux-android-4.9/prebuilt/linux-x86_64 --sysroot=/home/vvdn/android-ndk-r14b/platforms/android-21/arch-arm64   -isystem /home/vvdn/android-ndk-r14b/sources/cxx-stl/gnu-libstdc++/4.9/include -isystem /home/vvdn/android-ndk-r14b/sources/cxx-stl/gnu-libstdc++/4.9/libs/arm64-v8a/include -isystem /home/vvdn/android-ndk-r14b/sources/cxx-stl/gnu-libstdc++/4.9/include/backward -isystem /home/vvdn/android-ndk-r14b/platforms/android-21/arch-arm64/usr/include  -funwind-tables -no-canonical-prefixes -fexceptions -frtti  -g -fPIE   -std=c++11 -o CMakeFiles/cmTC_d3277.dir/feature_tests.cxx.o -c /home/vvdn/linphone/linphone-android-arpit/WORK/android-arm64/Build/bellesip/CMakeFiles/feature_tests.cxx
Linking CXX executable cmTC_d3277
/usr/local/bin/cmake -E cmake_link_script CMakeFiles/cmTC_d3277.dir/link.txt --verbose=1
/home/vvdn/android-ndk-r14b/toolchains/llvm/prebuilt/linux-x86_64/bin/clang++ --target=aarch64-none-linux-android --gcc-toolchain=/home/vvdn/android-ndk-r14b/toolchains/aarch64-linux-android-4.9/prebuilt/linux-x86_64 --sysroot=/home/vvdn/android-ndk-r14b/platforms/android-21/arch-arm64  -funwind-tables -no-canonical-prefixes -fexceptions -frtti  -g  -fPIE -pie -Wl,--gc-sections  CMakeFiles/cmTC_d3277.dir/feature_tests.cxx.o  -o cmTC_d3277  "/home/vvdn/android-ndk-r14b/sources/cxx-stl/gnu-libstdc++/4.9/libs/arm64-v8a/libgnustl_shared.so" 
make[5]: Leaving directory `/home/vvdn/linphone/linphone-android-arpit/WORK/android-arm64/Build/bellesip/CMakeFiles/CMakeTmp'
make[4]: Leaving directory `/home/vvdn/linphone/linphone-android-arpit/WORK/android-arm64/Build/bellesip/CMakeFiles/CMakeTmp'


    Feature record: CXX_FEATURE:0cxx_aggregate_default_initializers
    Feature record: CXX_FEATURE:1cxx_alias_templates
    Feature record: CXX_FEATURE:1cxx_alignas
    Feature record: CXX_FEATURE:1cxx_alignof
    Feature record: CXX_FEATURE:1cxx_attributes
    Feature record: CXX_FEATURE:0cxx_attribute_deprecated
    Feature record: CXX_FEATURE:1cxx_auto_type
    Feature record: CXX_FEATURE:0cxx_binary_literals
    Feature record: CXX_FEATURE:1cxx_constexpr
    Feature record: CXX_FEATURE:0cxx_contextual_conversions
    Feature record: CXX_FEATURE:1cxx_decltype
    Feature record: CXX_FEATURE:0cxx_decltype_auto
    Feature record: CXX_FEATURE:1cxx_decltype_incomplete_return_types
    Feature record: CXX_FEATURE:1cxx_default_function_template_args
    Feature record: CXX_FEATURE:1cxx_defaulted_functions
    Feature record: CXX_FEATURE:1cxx_defaulted_move_initializers
    Feature record: CXX_FEATURE:1cxx_delegating_constructors
    Feature record: CXX_FEATURE:1cxx_deleted_functions
    Feature record: CXX_FEATURE:0cxx_digit_separators
    Feature record: CXX_FEATURE:1cxx_enum_forward_declarations
    Feature record: CXX_FEATURE:1cxx_explicit_conversions
    Feature record: CXX_FEATURE:1cxx_extended_friend_declarations
    Feature record: CXX_FEATURE:1cxx_extern_templates
    Feature record: CXX_FEATURE:1cxx_final
    Feature record: CXX_FEATURE:1cxx_func_identifier
    Feature record: CXX_FEATURE:1cxx_generalized_initializers
    Feature record: CXX_FEATURE:0cxx_generic_lambdas
    Feature record: CXX_FEATURE:1cxx_inheriting_constructors
    Feature record: CXX_FEATURE:1cxx_inline_namespaces
    Feature record: CXX_FEATURE:1cxx_lambdas
    Feature record: CXX_FEATURE:0cxx_lambda_init_captures
    Feature record: CXX_FEATURE:1cxx_local_type_template_args
    Feature record: CXX_FEATURE:1cxx_long_long_type
    Feature record: CXX_FEATURE:1cxx_noexcept
    Feature record: CXX_FEATURE:1cxx_nonstatic_member_init
    Feature record: CXX_FEATURE:1cxx_nullptr
    Feature record: CXX_FEATURE:1cxx_override
    Feature record: CXX_FEATURE:1cxx_range_for
    Feature record: CXX_FEATURE:1cxx_raw_string_literals
    Feature record: CXX_FEATURE:1cxx_reference_qualified_functions
    Feature record: CXX_FEATURE:0cxx_relaxed_constexpr
    Feature record: CXX_FEATURE:0cxx_return_type_deduction
    Feature record: CXX_FEATURE:1cxx_right_angle_brackets
    Feature record: CXX_FEATURE:1cxx_rvalue_references
    Feature record: CXX_FEATURE:1cxx_sizeof_member
    Feature record: CXX_FEATURE:1cxx_static_assert
    Feature record: CXX_FEATURE:1cxx_strong_enums
    Feature record: CXX_FEATURE:1cxx_template_template_parameters
    Feature record: CXX_FEATURE:1cxx_thread_local
    Feature record: CXX_FEATURE:1cxx_trailing_return_types
    Feature record: CXX_FEATURE:1cxx_unicode_literals
    Feature record: CXX_FEATURE:1cxx_uniform_initialization
    Feature record: CXX_FEATURE:1cxx_unrestricted_unions
    Feature record: CXX_FEATURE:1cxx_user_literals
    Feature record: CXX_FEATURE:0cxx_variable_templates
    Feature record: CXX_FEATURE:1cxx_variadic_macros
    Feature record: CXX_FEATURE:1cxx_variadic_templates


Detecting CXX [-std=c++98] compiler features compiled with the following output:
Change Dir: /home/vvdn/linphone/linphone-android-arpit/WORK/android-arm64/Build/bellesip/CMakeFiles/CMakeTmp

Run Build Command:"/usr/bin/make" "cmTC_81cb6/fast"
make[4]: Entering directory `/home/vvdn/linphone/linphone-android-arpit/WORK/android-arm64/Build/bellesip/CMakeFiles/CMakeTmp'
/usr/bin/make -f CMakeFiles/cmTC_81cb6.dir/build.make CMakeFiles/cmTC_81cb6.dir/build
make[5]: Entering directory `/home/vvdn/linphone/linphone-android-arpit/WORK/android-arm64/Build/bellesip/CMakeFiles/CMakeTmp'
Building CXX object CMakeFiles/cmTC_81cb6.dir/feature_tests.cxx.o
/home/vvdn/android-ndk-r14b/toolchains/llvm/prebuilt/linux-x86_64/bin/clang++ --target=aarch64-none-linux-android --gcc-toolchain=/home/vvdn/android-ndk-r14b/toolchains/aarch64-linux-android-4.9/prebuilt/linux-x86_64 --sysroot=/home/vvdn/android-ndk-r14b/platforms/android-21/arch-arm64   -isystem /home/vvdn/android-ndk-r14b/sources/cxx-stl/gnu-libstdc++/4.9/include -isystem /home/vvdn/android-ndk-r14b/sources/cxx-stl/gnu-libstdc++/4.9/libs/arm64-v8a/include -isystem /home/vvdn/android-ndk-r14b/sources/cxx-stl/gnu-libstdc++/4.9/include/backward -isystem /home/vvdn/android-ndk-r14b/platforms/android-21/arch-arm64/usr/include  -funwind-tables -no-canonical-prefixes -fexceptions -frtti  -g -fPIE   -std=c++98 -o CMakeFiles/cmTC_81cb6.dir/feature_tests.cxx.o -c /home/vvdn/linphone/linphone-android-arpit/WORK/android-arm64/Build/bellesip/CMakeFiles/feature_tests.cxx
Linking CXX executable cmTC_81cb6
/usr/local/bin/cmake -E cmake_link_script CMakeFiles/cmTC_81cb6.dir/link.txt --verbose=1
/home/vvdn/android-ndk-r14b/toolchains/llvm/prebuilt/linux-x86_64/bin/clang++ --target=aarch64-none-linux-android --gcc-toolchain=/home/vvdn/android-ndk-r14b/toolchains/aarch64-linux-android-4.9/prebuilt/linux-x86_64 --sysroot=/home/vvdn/android-ndk-r14b/platforms/android-21/arch-arm64  -funwind-tables -no-canonical-prefixes -fexceptions -frtti  -g  -fPIE -pie -Wl,--gc-sections  CMakeFiles/cmTC_81cb6.dir/feature_tests.cxx.o  -o cmTC_81cb6  "/home/vvdn/android-ndk-r14b/sources/cxx-stl/gnu-libstdc++/4.9/libs/arm64-v8a/libgnustl_shared.so" 
make[5]: Leaving directory `/home/vvdn/linphone/linphone-android-arpit/WORK/android-arm64/Build/bellesip/CMakeFiles/CMakeTmp'
make[4]: Leaving directory `/home/vvdn/linphone/linphone-android-arpit/WORK/android-arm64/Build/bellesip/CMakeFiles/CMakeTmp'


    Feature record: CXX_FEATURE:0cxx_aggregate_default_initializers
    Feature record: CXX_FEATURE:0cxx_alias_templates
    Feature record: CXX_FEATURE:0cxx_alignas
    Feature record: CXX_FEATURE:0cxx_alignof
    Feature record: CXX_FEATURE:0cxx_attributes
    Feature record: CXX_FEATURE:0cxx_attribute_deprecated
    Feature record: CXX_FEATURE:0cxx_auto_type
    Feature record: CXX_FEATURE:0cxx_binary_literals
    Feature record: CXX_FEATURE:0cxx_constexpr
    Feature record: CXX_FEATURE:0cxx_contextual_conversions
    Feature record: CXX_FEATURE:0cxx_decltype
    Feature record: CXX_FEATURE:0cxx_decltype_auto
    Feature record: CXX_FEATURE:0cxx_decltype_incomplete_return_types
    Feature record: CXX_FEATURE:0cxx_default_function_template_args
    Feature record: CXX_FEATURE:0cxx_defaulted_functions
    Feature record: CXX_FEATURE:0cxx_defaulted_move_initializers
    Feature record: CXX_FEATURE:0cxx_delegating_constructors
    Feature record: CXX_FEATURE:0cxx_deleted_functions
    Feature record: CXX_FEATURE:0cxx_digit_separators
    Feature record: CXX_FEATURE:0cxx_enum_forward_declarations
    Feature record: CXX_FEATURE:0cxx_explicit_conversions
    Feature record: CXX_FEATURE:0cxx_extended_friend_declarations
    Feature record: CXX_FEATURE:0cxx_extern_templates
    Feature record: CXX_FEATURE:0cxx_final
    Feature record: CXX_FEATURE:0cxx_func_identifier
    Feature record: CXX_FEATURE:0cxx_generalized_initializers
    Feature record: CXX_FEATURE:0cxx_generic_lambdas
    Feature record: CXX_FEATURE:0cxx_inheriting_constructors
    Feature record: CXX_FEATURE:0cxx_inline_namespaces
    Feature record: CXX_FEATURE:0cxx_lambdas
    Feature record: CXX_FEATURE:0cxx_lambda_init_captures
    Feature record: CXX_FEATURE:0cxx_local_type_template_args
    Feature record: CXX_FEATURE:0cxx_long_long_type
    Feature record: CXX_FEATURE:0cxx_noexcept
    Feature record: CXX_FEATURE:0cxx_nonstatic_member_init
    Feature record: CXX_FEATURE:0cxx_nullptr
    Feature record: CXX_FEATURE:0cxx_override
    Feature record: CXX_FEATURE:0cxx_range_for
    Feature record: CXX_FEATURE:0cxx_raw_string_literals
    Feature record: CXX_FEATURE:0cxx_reference_qualified_functions
    Feature record: CXX_FEATURE:0cxx_relaxed_constexpr
    Feature record: CXX_FEATURE:0cxx_return_type_deduction
    Feature record: CXX_FEATURE:0cxx_right_angle_brackets
    Feature record: CXX_FEATURE:0cxx_rvalue_references
    Feature record: CXX_FEATURE:0cxx_sizeof_member
    Feature record: CXX_FEATURE:0cxx_static_assert
    Feature record: CXX_FEATURE:0cxx_strong_enums
    Feature record: CXX_FEATURE:1cxx_template_template_parameters
    Feature record: CXX_FEATURE:0cxx_thread_local
    Feature record: CXX_FEATURE:0cxx_trailing_return_types
    Feature record: CXX_FEATURE:0cxx_unicode_literals
    Feature record: CXX_FEATURE:0cxx_uniform_initialization
    Feature record: CXX_FEATURE:0cxx_unrestricted_unions
    Feature record: CXX_FEATURE:0cxx_user_literals
    Feature record: CXX_FEATURE:0cxx_variable_templates
    Feature record: CXX_FEATURE:0cxx_variadic_macros
    Feature record: CXX_FEATURE:0cxx_variadic_templates
Determining if the function dlopen exists in the dl passed with the following output:
Change Dir: /home/vvdn/linphone/linphone-android-arpit/WORK/android-arm64/Build/bellesip/CMakeFiles/CMakeTmp

Run Build Command:"/usr/bin/make" "cmTC_54645/fast"
make[4]: Entering directory `/home/vvdn/linphone/linphone-android-arpit/WORK/android-arm64/Build/bellesip/CMakeFiles/CMakeTmp'
/usr/bin/make -f CMakeFiles/cmTC_54645.dir/build.make CMakeFiles/cmTC_54645.dir/build
make[5]: Entering directory `/home/vvdn/linphone/linphone-android-arpit/WORK/android-arm64/Build/bellesip/CMakeFiles/CMakeTmp'
Building C object CMakeFiles/cmTC_54645.dir/CheckFunctionExists.c.o
/home/vvdn/android-ndk-r14b/toolchains/llvm/prebuilt/linux-x86_64/bin/clang --target=aarch64-none-linux-android --gcc-toolchain=/home/vvdn/android-ndk-r14b/toolchains/aarch64-linux-android-4.9/prebuilt/linux-x86_64 --sysroot=/home/vvdn/android-ndk-r14b/platforms/android-21/arch-arm64  -isystem /home/vvdn/android-ndk-r14b/platforms/android-21/arch-arm64/usr/include  -funwind-tables -no-canonical-prefixes -fexceptions -DCHECK_FUNCTION_EXISTS=dlopen -g -fPIE   -o CMakeFiles/cmTC_54645.dir/CheckFunctionExists.c.o   -c /usr/local/share/cmake-3.8/Modules/CheckFunctionExists.c
Linking C executable cmTC_54645
/usr/local/bin/cmake -E cmake_link_script CMakeFiles/cmTC_54645.dir/link.txt --verbose=1
/home/vvdn/android-ndk-r14b/toolchains/llvm/prebuilt/linux-x86_64/bin/clang --target=aarch64-none-linux-android --gcc-toolchain=/home/vvdn/android-ndk-r14b/toolchains/aarch64-linux-android-4.9/prebuilt/linux-x86_64 --sysroot=/home/vvdn/android-ndk-r14b/platforms/android-21/arch-arm64 -funwind-tables -no-canonical-prefixes -fexceptions -DCHECK_FUNCTION_EXISTS=dlopen -g  -fPIE -pie -Wl,--gc-sections  CMakeFiles/cmTC_54645.dir/CheckFunctionExists.c.o  -o cmTC_54645 -ldl 
make[5]: Leaving directory `/home/vvdn/linphone/linphone-android-arpit/WORK/android-arm64/Build/bellesip/CMakeFiles/CMakeTmp'
make[4]: Leaving directory `/home/vvdn/linphone/linphone-android-arpit/WORK/android-arm64/Build/bellesip/CMakeFiles/CMakeTmp'


Determining if the include file pthread.h exists passed with the following output:
Change Dir: /home/vvdn/linphone/linphone-android-arpit/WORK/android-arm64/Build/bellesip/CMakeFiles/CMakeTmp

Run Build Command:"/usr/bin/make" "cmTC_470d6/fast"
make[4]: Entering directory `/home/vvdn/linphone/linphone-android-arpit/WORK/android-arm64/Build/bellesip/CMakeFiles/CMakeTmp'
/usr/bin/make -f CMakeFiles/cmTC_470d6.dir/build.make CMakeFiles/cmTC_470d6.dir/build
make[5]: Entering directory `/home/vvdn/linphone/linphone-android-arpit/WORK/android-arm64/Build/bellesip/CMakeFiles/CMakeTmp'
Building C object CMakeFiles/cmTC_470d6.dir/CheckIncludeFile.c.o
/home/vvdn/android-ndk-r14b/toolchains/llvm/prebuilt/linux-x86_64/bin/clang --target=aarch64-none-linux-android --gcc-toolchain=/home/vvdn/android-ndk-r14b/toolchains/aarch64-linux-android-4.9/prebuilt/linux-x86_64 --sysroot=/home/vvdn/android-ndk-r14b/platforms/android-21/arch-arm64  -isystem /home/vvdn/android-ndk-r14b/platforms/android-21/arch-arm64/usr/include  -funwind-tables -no-canonical-prefixes -fexceptions  -g -fPIE   -o CMakeFiles/cmTC_470d6.dir/CheckIncludeFile.c.o   -c /home/vvdn/linphone/linphone-android-arpit/WORK/android-arm64/Build/bellesip/CMakeFiles/CMakeTmp/CheckIncludeFile.c
Linking C executable cmTC_470d6
/usr/local/bin/cmake -E cmake_link_script CMakeFiles/cmTC_470d6.dir/link.txt --verbose=1
/home/vvdn/android-ndk-r14b/toolchains/llvm/prebuilt/linux-x86_64/bin/clang --target=aarch64-none-linux-android --gcc-toolchain=/home/vvdn/android-ndk-r14b/toolchains/aarch64-linux-android-4.9/prebuilt/linux-x86_64 --sysroot=/home/vvdn/android-ndk-r14b/platforms/android-21/arch-arm64 -funwind-tables -no-canonical-prefixes -fexceptions  -g  -fPIE -pie -Wl,--gc-sections  CMakeFiles/cmTC_470d6.dir/CheckIncludeFile.c.o  -o cmTC_470d6 
make[5]: Leaving directory `/home/vvdn/linphone/linphone-android-arpit/WORK/android-arm64/Build/bellesip/CMakeFiles/CMakeTmp'
make[4]: Leaving directory `/home/vvdn/linphone/linphone-android-arpit/WORK/android-arm64/Build/bellesip/CMakeFiles/CMakeTmp'


Determining if the pthread_create exist passed with the following output:
Change Dir: /home/vvdn/linphone/linphone-android-arpit/WORK/android-arm64/Build/bellesip/CMakeFiles/CMakeTmp

Run Build Command:"/usr/bin/make" "cmTC_9699e/fast"
make[4]: Entering directory `/home/vvdn/linphone/linphone-android-arpit/WORK/android-arm64/Build/bellesip/CMakeFiles/CMakeTmp'
/usr/bin/make -f CMakeFiles/cmTC_9699e.dir/build.make CMakeFiles/cmTC_9699e.dir/build
make[5]: Entering directory `/home/vvdn/linphone/linphone-android-arpit/WORK/android-arm64/Build/bellesip/CMakeFiles/CMakeTmp'
Building C object CMakeFiles/cmTC_9699e.dir/CheckSymbolExists.c.o
/home/vvdn/android-ndk-r14b/toolchains/llvm/prebuilt/linux-x86_64/bin/clang --target=aarch64-none-linux-android --gcc-toolchain=/home/vvdn/android-ndk-r14b/toolchains/aarch64-linux-android-4.9/prebuilt/linux-x86_64 --sysroot=/home/vvdn/android-ndk-r14b/platforms/android-21/arch-arm64  -isystem /home/vvdn/android-ndk-r14b/platforms/android-21/arch-arm64/usr/include  -funwind-tables -no-canonical-prefixes -fexceptions  -g -fPIE   -o CMakeFiles/cmTC_9699e.dir/CheckSymbolExists.c.o   -c /home/vvdn/linphone/linphone-android-arpit/WORK/android-arm64/Build/bellesip/CMakeFiles/CMakeTmp/CheckSymbolExists.c
Linking C executable cmTC_9699e
/usr/local/bin/cmake -E cmake_link_script CMakeFiles/cmTC_9699e.dir/link.txt --verbose=1
/home/vvdn/android-ndk-r14b/toolchains/llvm/prebuilt/linux-x86_64/bin/clang --target=aarch64-none-linux-android --gcc-toolchain=/home/vvdn/android-ndk-r14b/toolchains/aarch64-linux-android-4.9/prebuilt/linux-x86_64 --sysroot=/home/vvdn/android-ndk-r14b/platforms/android-21/arch-arm64 -funwind-tables -no-canonical-prefixes -fexceptions  -g  -fPIE -pie -Wl,--gc-sections  CMakeFiles/cmTC_9699e.dir/CheckSymbolExists.c.o  -o cmTC_9699e 
make[5]: Leaving directory `/home/vvdn/linphone/linphone-android-arpit/WORK/android-arm64/Build/bellesip/CMakeFiles/CMakeTmp'
make[4]: Leaving directory `/home/vvdn/linphone/linphone-android-arpit/WORK/android-arm64/Build/bellesip/CMakeFiles/CMakeTmp'

File /home/vvdn/linphone/linphone-android-arpit/WORK/android-arm64/Build/bellesip/CMakeFiles/CMakeTmp/CheckSymbolExists.c:
/* */
#include <pthread.h>

int main(int argc, char** argv)
{
  (void)argv;
#ifndef pthread_create
  return ((int*)(&pthread_create))[argc];
#else
  (void)argc;
  return 0;
#endif
}

Determining if the antlr3StringStreamNew exist passed with the following output:
Change Dir: /home/vvdn/linphone/linphone-android-arpit/WORK/android-arm64/Build/bellesip/CMakeFiles/CMakeTmp

Run Build Command:"/usr/bin/make" "cmTC_18b58/fast"
make[4]: Entering directory `/home/vvdn/linphone/linphone-android-arpit/WORK/android-arm64/Build/bellesip/CMakeFiles/CMakeTmp'
/usr/bin/make -f CMakeFiles/cmTC_18b58.dir/build.make CMakeFiles/cmTC_18b58.dir/build
make[5]: Entering directory `/home/vvdn/linphone/linphone-android-arpit/WORK/android-arm64/Build/bellesip/CMakeFiles/CMakeTmp'
Building C object CMakeFiles/cmTC_18b58.dir/CheckSymbolExists.c.o
/home/vvdn/android-ndk-r14b/toolchains/llvm/prebuilt/linux-x86_64/bin/clang --target=aarch64-none-linux-android --gcc-toolchain=/home/vvdn/android-ndk-r14b/toolchains/aarch64-linux-android-4.9/prebuilt/linux-x86_64 --sysroot=/home/vvdn/android-ndk-r14b/platforms/android-21/arch-arm64  -I/home/vvdn/linphone/linphone-android-arpit/liblinphone-sdk/android-arm64/include -isystem /home/vvdn/android-ndk-r14b/platforms/android-21/arch-arm64/usr/include  -funwind-tables -no-canonical-prefixes -fexceptions  -g -fPIE   -o CMakeFiles/cmTC_18b58.dir/CheckSymbolExists.c.o   -c /home/vvdn/linphone/linphone-android-arpit/WORK/android-arm64/Build/bellesip/CMakeFiles/CMakeTmp/CheckSymbolExists.c
Linking C executable cmTC_18b58
/usr/local/bin/cmake -E cmake_link_script CMakeFiles/cmTC_18b58.dir/link.txt --verbose=1
/home/vvdn/android-ndk-r14b/toolchains/llvm/prebuilt/linux-x86_64/bin/clang --target=aarch64-none-linux-android --gcc-toolchain=/home/vvdn/android-ndk-r14b/toolchains/aarch64-linux-android-4.9/prebuilt/linux-x86_64 --sysroot=/home/vvdn/android-ndk-r14b/platforms/android-21/arch-arm64 -funwind-tables -no-canonical-prefixes -fexceptions  -g  -fPIE -pie -Wl,--gc-sections  CMakeFiles/cmTC_18b58.dir/CheckSymbolExists.c.o  -o cmTC_18b58 /home/vvdn/linphone/linphone-android-arpit/liblinphone-sdk/android-arm64/lib/libantlr3c.a 
make[5]: Leaving directory `/home/vvdn/linphone/linphone-android-arpit/WORK/android-arm64/Build/bellesip/CMakeFiles/CMakeTmp'
make[4]: Leaving directory `/home/vvdn/linphone/linphone-android-arpit/WORK/android-arm64/Build/bellesip/CMakeFiles/CMakeTmp'

File /home/vvdn/linphone/linphone-android-arpit/WORK/android-arm64/Build/bellesip/CMakeFiles/CMakeTmp/CheckSymbolExists.c:
/* */
#include <antlr3.h>

int main(int argc, char** argv)
{
  (void)argv;
#ifndef antlr3StringStreamNew
  return ((int*)(&antlr3StringStreamNew))[argc];
#else
  (void)argc;
  return 0;
#endif
}

