Compiling the C compiler identification source file "CMakeCCompilerId.c" failed.
Compiler: /home/vvdn/android-ndk-r14b/toolchains/llvm/prebuilt/linux-x86_64/bin/clang 
Build flags: 
Id flags:  

The output was:
1
/usr/bin/ld: cannot find crt1.o: No such file or directory
/usr/bin/ld: cannot find crti.o: No such file or directory
/usr/bin/ld: cannot find -lc
/usr/bin/ld: cannot find crtn.o: No such file or directory
clang: error: linker command failed with exit code 1 (use -v to see invocation)


Determining if the include file netinet/tcp.h exists failed with the following output:
Change Dir: /home/vvdn/linphone/linphone-android-arpit/WORK/android-arm64/Build/antlr3c/CMakeFiles/CMakeTmp

Run Build Command:"/usr/bin/make" "cmTC_2b493/fast"
make[4]: Entering directory `/home/vvdn/linphone/linphone-android-arpit/WORK/android-arm64/Build/antlr3c/CMakeFiles/CMakeTmp'
/usr/bin/make -f CMakeFiles/cmTC_2b493.dir/build.make CMakeFiles/cmTC_2b493.dir/build
make[5]: Entering directory `/home/vvdn/linphone/linphone-android-arpit/WORK/android-arm64/Build/antlr3c/CMakeFiles/CMakeTmp'
Building C object CMakeFiles/cmTC_2b493.dir/CheckIncludeFile.c.o
/home/vvdn/android-ndk-r14b/toolchains/llvm/prebuilt/linux-x86_64/bin/clang --target=aarch64-none-linux-android --gcc-toolchain=/home/vvdn/android-ndk-r14b/toolchains/aarch64-linux-android-4.9/prebuilt/linux-x86_64 --sysroot=/home/vvdn/android-ndk-r14b/platforms/android-21/arch-arm64  -isystem /home/vvdn/android-ndk-r14b/platforms/android-21/arch-arm64/usr/include  -funwind-tables -no-canonical-prefixes -fexceptions  -g -fPIE   -o CMakeFiles/cmTC_2b493.dir/CheckIncludeFile.c.o   -c /home/vvdn/linphone/linphone-android-arpit/WORK/android-arm64/Build/antlr3c/CMakeFiles/CMakeTmp/CheckIncludeFile.c
In file included from /home/vvdn/linphone/linphone-android-arpit/WORK/android-arm64/Build/antlr3c/CMakeFiles/CMakeTmp/CheckIncludeFile.c:1:
/home/vvdn/android-ndk-r14b/platforms/android-21/arch-arm64/usr/include/netinet/tcp.h:34:1: error: unknown type name '__BEGIN_DECLS'
__BEGIN_DECLS
^
/home/vvdn/android-ndk-r14b/platforms/android-21/arch-arm64/usr/include/netinet/tcp.h:36:1: error: expected identifier or '('
enum {
^
/home/vvdn/android-ndk-r14b/platforms/android-21/arch-arm64/usr/include/netinet/tcp.h:65:1: error: unknown type name '__END_DECLS'
__END_DECLS
^
/home/vvdn/linphone/linphone-android-arpit/WORK/android-arm64/Build/antlr3c/CMakeFiles/CMakeTmp/CheckIncludeFile.c:9:1: error: expected identifier or '('
int main(void)
^
4 errors generated.
make[5]: *** [CMakeFiles/cmTC_2b493.dir/CheckIncludeFile.c.o] Error 1
make[5]: Leaving directory `/home/vvdn/linphone/linphone-android-arpit/WORK/android-arm64/Build/antlr3c/CMakeFiles/CMakeTmp'
make[4]: *** [cmTC_2b493/fast] Error 2
make[4]: Leaving directory `/home/vvdn/linphone/linphone-android-arpit/WORK/android-arm64/Build/antlr3c/CMakeFiles/CMakeTmp'


Determining if the include file socket.h exists failed with the following output:
Change Dir: /home/vvdn/linphone/linphone-android-arpit/WORK/android-arm64/Build/antlr3c/CMakeFiles/CMakeTmp

Run Build Command:"/usr/bin/make" "cmTC_a3624/fast"
make[4]: Entering directory `/home/vvdn/linphone/linphone-android-arpit/WORK/android-arm64/Build/antlr3c/CMakeFiles/CMakeTmp'
/usr/bin/make -f CMakeFiles/cmTC_a3624.dir/build.make CMakeFiles/cmTC_a3624.dir/build
make[5]: Entering directory `/home/vvdn/linphone/linphone-android-arpit/WORK/android-arm64/Build/antlr3c/CMakeFiles/CMakeTmp'
Building C object CMakeFiles/cmTC_a3624.dir/CheckIncludeFile.c.o
/home/vvdn/android-ndk-r14b/toolchains/llvm/prebuilt/linux-x86_64/bin/clang --target=aarch64-none-linux-android --gcc-toolchain=/home/vvdn/android-ndk-r14b/toolchains/aarch64-linux-android-4.9/prebuilt/linux-x86_64 --sysroot=/home/vvdn/android-ndk-r14b/platforms/android-21/arch-arm64  -isystem /home/vvdn/android-ndk-r14b/platforms/android-21/arch-arm64/usr/include  -funwind-tables -no-canonical-prefixes -fexceptions  -g -fPIE   -o CMakeFiles/cmTC_a3624.dir/CheckIncludeFile.c.o   -c /home/vvdn/linphone/linphone-android-arpit/WORK/android-arm64/Build/antlr3c/CMakeFiles/CMakeTmp/CheckIncludeFile.c
/home/vvdn/linphone/linphone-android-arpit/WORK/android-arm64/Build/antlr3c/CMakeFiles/CMakeTmp/CheckIncludeFile.c:1:10: fatal error: 'socket.h' file not found
#include <socket.h>
         ^
1 error generated.
make[5]: *** [CMakeFiles/cmTC_a3624.dir/CheckIncludeFile.c.o] Error 1
make[5]: Leaving directory `/home/vvdn/linphone/linphone-android-arpit/WORK/android-arm64/Build/antlr3c/CMakeFiles/CMakeTmp'
make[4]: *** [cmTC_a3624/fast] Error 2
make[4]: Leaving directory `/home/vvdn/linphone/linphone-android-arpit/WORK/android-arm64/Build/antlr3c/CMakeFiles/CMakeTmp'


Determining if the include file sys/malloc.h exists failed with the following output:
Change Dir: /home/vvdn/linphone/linphone-android-arpit/WORK/android-arm64/Build/antlr3c/CMakeFiles/CMakeTmp

Run Build Command:"/usr/bin/make" "cmTC_fdc40/fast"
make[4]: Entering directory `/home/vvdn/linphone/linphone-android-arpit/WORK/android-arm64/Build/antlr3c/CMakeFiles/CMakeTmp'
/usr/bin/make -f CMakeFiles/cmTC_fdc40.dir/build.make CMakeFiles/cmTC_fdc40.dir/build
make[5]: Entering directory `/home/vvdn/linphone/linphone-android-arpit/WORK/android-arm64/Build/antlr3c/CMakeFiles/CMakeTmp'
Building C object CMakeFiles/cmTC_fdc40.dir/CheckIncludeFile.c.o
/home/vvdn/android-ndk-r14b/toolchains/llvm/prebuilt/linux-x86_64/bin/clang --target=aarch64-none-linux-android --gcc-toolchain=/home/vvdn/android-ndk-r14b/toolchains/aarch64-linux-android-4.9/prebuilt/linux-x86_64 --sysroot=/home/vvdn/android-ndk-r14b/platforms/android-21/arch-arm64  -isystem /home/vvdn/android-ndk-r14b/platforms/android-21/arch-arm64/usr/include  -funwind-tables -no-canonical-prefixes -fexceptions  -g -fPIE   -o CMakeFiles/cmTC_fdc40.dir/CheckIncludeFile.c.o   -c /home/vvdn/linphone/linphone-android-arpit/WORK/android-arm64/Build/antlr3c/CMakeFiles/CMakeTmp/CheckIncludeFile.c
/home/vvdn/linphone/linphone-android-arpit/WORK/android-arm64/Build/antlr3c/CMakeFiles/CMakeTmp/CheckIncludeFile.c:1:10: fatal error: 'sys/malloc.h' file not found
#include <sys/malloc.h>
         ^
1 error generated.
make[5]: *** [CMakeFiles/cmTC_fdc40.dir/CheckIncludeFile.c.o] Error 1
make[5]: Leaving directory `/home/vvdn/linphone/linphone-android-arpit/WORK/android-arm64/Build/antlr3c/CMakeFiles/CMakeTmp'
make[4]: *** [cmTC_fdc40/fast] Error 2
make[4]: Leaving directory `/home/vvdn/linphone/linphone-android-arpit/WORK/android-arm64/Build/antlr3c/CMakeFiles/CMakeTmp'


