Compiling the C compiler identification source file "CMakeCCompilerId.c" failed.
Compiler: /home/vvdn/android-ndk-r14b/toolchains/llvm/prebuilt/linux-x86_64/bin/clang 
Build flags: 
Id flags:  

The output was:
1
/usr/bin/ld: cannot find crt1.o: No such file or directory
/usr/bin/ld: cannot find crti.o: No such file or directory
/usr/bin/ld: cannot find -lc
/usr/bin/ld: cannot find crtn.o: No such file or directory
clang: error: linker command failed with exit code 1 (use -v to see invocation)


Compiling the CXX compiler identification source file "CMakeCXXCompilerId.cpp" failed.
Compiler: /home/vvdn/android-ndk-r14b/toolchains/llvm/prebuilt/linux-x86_64/bin/clang++ 
Build flags: 
Id flags:  

The output was:
1
/usr/bin/ld: cannot find crt1.o: No such file or directory
/usr/bin/ld: cannot find crti.o: No such file or directory
/usr/bin/ld: cannot find -lstdc++
/usr/bin/ld: cannot find -lm
/usr/bin/ld: cannot find -lc
/usr/bin/ld: cannot find crtn.o: No such file or directory
clang++: error: linker command failed with exit code 1 (use -v to see invocation)


Determining if the CU_curses_run_tests exist failed with the following output:
Change Dir: /home/vvdn/linphone/linphone-android-arpit/WORK/android-arm64/Build/bctoolbox/CMakeFiles/CMakeTmp

Run Build Command:"/usr/bin/make" "cmTC_f2a94/fast"
make[4]: Entering directory `/home/vvdn/linphone/linphone-android-arpit/WORK/android-arm64/Build/bctoolbox/CMakeFiles/CMakeTmp'
/usr/bin/make -f CMakeFiles/cmTC_f2a94.dir/build.make CMakeFiles/cmTC_f2a94.dir/build
make[5]: Entering directory `/home/vvdn/linphone/linphone-android-arpit/WORK/android-arm64/Build/bctoolbox/CMakeFiles/CMakeTmp'
Building C object CMakeFiles/cmTC_f2a94.dir/CheckSymbolExists.c.o
/home/vvdn/android-ndk-r14b/toolchains/llvm/prebuilt/linux-x86_64/bin/clang --target=aarch64-none-linux-android --gcc-toolchain=/home/vvdn/android-ndk-r14b/toolchains/aarch64-linux-android-4.9/prebuilt/linux-x86_64 --sysroot=/home/vvdn/android-ndk-r14b/platforms/android-21/arch-arm64  -I/home/vvdn/linphone/linphone-android-arpit/liblinphone-sdk/android-arm64/include -isystem /home/vvdn/android-ndk-r14b/platforms/android-21/arch-arm64/usr/include  -funwind-tables -no-canonical-prefixes -fexceptions  -g -fPIE   -o CMakeFiles/cmTC_f2a94.dir/CheckSymbolExists.c.o   -c /home/vvdn/linphone/linphone-android-arpit/WORK/android-arm64/Build/bctoolbox/CMakeFiles/CMakeTmp/CheckSymbolExists.c
/home/vvdn/linphone/linphone-android-arpit/WORK/android-arm64/Build/bctoolbox/CMakeFiles/CMakeTmp/CheckSymbolExists.c:8:19: error: use of undeclared identifier 'CU_curses_run_tests'
  return ((int*)(&CU_curses_run_tests))[argc];
                  ^
1 error generated.
make[5]: *** [CMakeFiles/cmTC_f2a94.dir/CheckSymbolExists.c.o] Error 1
make[5]: Leaving directory `/home/vvdn/linphone/linphone-android-arpit/WORK/android-arm64/Build/bctoolbox/CMakeFiles/CMakeTmp'
make[4]: *** [cmTC_f2a94/fast] Error 2
make[4]: Leaving directory `/home/vvdn/linphone/linphone-android-arpit/WORK/android-arm64/Build/bctoolbox/CMakeFiles/CMakeTmp'

File /home/vvdn/linphone/linphone-android-arpit/WORK/android-arm64/Build/bctoolbox/CMakeFiles/CMakeTmp/CheckSymbolExists.c:
/* */
#include <BCUnit/BCUnit.h>

int main(int argc, char** argv)
{
  (void)argv;
#ifndef CU_curses_run_tests
  return ((int*)(&CU_curses_run_tests))[argc];
#else
  (void)argc;
  return 0;
#endif
}

Determining if the function clock_gettime exists in the rt failed with the following output:
Change Dir: /home/vvdn/linphone/linphone-android-arpit/WORK/android-arm64/Build/bctoolbox/CMakeFiles/CMakeTmp

Run Build Command:"/usr/bin/make" "cmTC_1a572/fast"
make[4]: Entering directory `/home/vvdn/linphone/linphone-android-arpit/WORK/android-arm64/Build/bctoolbox/CMakeFiles/CMakeTmp'
/usr/bin/make -f CMakeFiles/cmTC_1a572.dir/build.make CMakeFiles/cmTC_1a572.dir/build
make[5]: Entering directory `/home/vvdn/linphone/linphone-android-arpit/WORK/android-arm64/Build/bctoolbox/CMakeFiles/CMakeTmp'
Building C object CMakeFiles/cmTC_1a572.dir/CheckFunctionExists.c.o
/home/vvdn/android-ndk-r14b/toolchains/llvm/prebuilt/linux-x86_64/bin/clang --target=aarch64-none-linux-android --gcc-toolchain=/home/vvdn/android-ndk-r14b/toolchains/aarch64-linux-android-4.9/prebuilt/linux-x86_64 --sysroot=/home/vvdn/android-ndk-r14b/platforms/android-21/arch-arm64  -isystem /home/vvdn/android-ndk-r14b/platforms/android-21/arch-arm64/usr/include  -funwind-tables -no-canonical-prefixes -fexceptions -DCHECK_FUNCTION_EXISTS=clock_gettime -g -fPIE   -o CMakeFiles/cmTC_1a572.dir/CheckFunctionExists.c.o   -c /usr/local/share/cmake-3.8/Modules/CheckFunctionExists.c
Linking C executable cmTC_1a572
/usr/local/bin/cmake -E cmake_link_script CMakeFiles/cmTC_1a572.dir/link.txt --verbose=1
/home/vvdn/android-ndk-r14b/toolchains/llvm/prebuilt/linux-x86_64/bin/clang --target=aarch64-none-linux-android --gcc-toolchain=/home/vvdn/android-ndk-r14b/toolchains/aarch64-linux-android-4.9/prebuilt/linux-x86_64 --sysroot=/home/vvdn/android-ndk-r14b/platforms/android-21/arch-arm64 -funwind-tables -no-canonical-prefixes -fexceptions -DCHECK_FUNCTION_EXISTS=clock_gettime -g  -fPIE -pie -Wl,--gc-sections  CMakeFiles/cmTC_1a572.dir/CheckFunctionExists.c.o  -o cmTC_1a572 -lrt 
/home/vvdn/android-ndk-r14b/toolchains/aarch64-linux-android-4.9/prebuilt/linux-x86_64/lib/gcc/aarch64-linux-android/4.9.x/../../../../aarch64-linux-android/bin/ld: cannot find -lrt
clang: error: linker command failed with exit code 1 (use -v to see invocation)
make[5]: *** [cmTC_1a572] Error 1
make[5]: Leaving directory `/home/vvdn/linphone/linphone-android-arpit/WORK/android-arm64/Build/bctoolbox/CMakeFiles/CMakeTmp'
make[4]: *** [cmTC_1a572/fast] Error 2
make[4]: Leaving directory `/home/vvdn/linphone/linphone-android-arpit/WORK/android-arm64/Build/bctoolbox/CMakeFiles/CMakeTmp'


Determining if the include file execinfo.h exists failed with the following output:
Change Dir: /home/vvdn/linphone/linphone-android-arpit/WORK/android-arm64/Build/bctoolbox/CMakeFiles/CMakeTmp

Run Build Command:"/usr/bin/make" "cmTC_cd976/fast"
make[4]: Entering directory `/home/vvdn/linphone/linphone-android-arpit/WORK/android-arm64/Build/bctoolbox/CMakeFiles/CMakeTmp'
/usr/bin/make -f CMakeFiles/cmTC_cd976.dir/build.make CMakeFiles/cmTC_cd976.dir/build
make[5]: Entering directory `/home/vvdn/linphone/linphone-android-arpit/WORK/android-arm64/Build/bctoolbox/CMakeFiles/CMakeTmp'
Building C object CMakeFiles/cmTC_cd976.dir/CheckIncludeFile.c.o
/home/vvdn/android-ndk-r14b/toolchains/llvm/prebuilt/linux-x86_64/bin/clang --target=aarch64-none-linux-android --gcc-toolchain=/home/vvdn/android-ndk-r14b/toolchains/aarch64-linux-android-4.9/prebuilt/linux-x86_64 --sysroot=/home/vvdn/android-ndk-r14b/platforms/android-21/arch-arm64  -isystem /home/vvdn/android-ndk-r14b/platforms/android-21/arch-arm64/usr/include  -funwind-tables -no-canonical-prefixes -fexceptions  -g -fPIE   -o CMakeFiles/cmTC_cd976.dir/CheckIncludeFile.c.o   -c /home/vvdn/linphone/linphone-android-arpit/WORK/android-arm64/Build/bctoolbox/CMakeFiles/CMakeTmp/CheckIncludeFile.c
/home/vvdn/linphone/linphone-android-arpit/WORK/android-arm64/Build/bctoolbox/CMakeFiles/CMakeTmp/CheckIncludeFile.c:1:10: fatal error: 'execinfo.h' file not found
#include <execinfo.h>
         ^
1 error generated.
make[5]: *** [CMakeFiles/cmTC_cd976.dir/CheckIncludeFile.c.o] Error 1
make[5]: Leaving directory `/home/vvdn/linphone/linphone-android-arpit/WORK/android-arm64/Build/bctoolbox/CMakeFiles/CMakeTmp'
make[4]: *** [cmTC_cd976/fast] Error 2
make[4]: Leaving directory `/home/vvdn/linphone/linphone-android-arpit/WORK/android-arm64/Build/bctoolbox/CMakeFiles/CMakeTmp'


