Compiling the C compiler identification source file "CMakeCCompilerId.c" failed.
Compiler: /home/vvdn/android-ndk-r14b/toolchains/llvm/prebuilt/linux-x86_64/bin/clang 
Build flags: 
Id flags:  

The output was:
1
/usr/bin/ld: cannot find crt1.o: No such file or directory
/usr/bin/ld: cannot find crti.o: No such file or directory
/usr/bin/ld: cannot find -lc
/usr/bin/ld: cannot find crtn.o: No such file or directory
clang: error: linker command failed with exit code 1 (use -v to see invocation)


Compiling the CXX compiler identification source file "CMakeCXXCompilerId.cpp" failed.
Compiler: /home/vvdn/android-ndk-r14b/toolchains/llvm/prebuilt/linux-x86_64/bin/clang++ 
Build flags: 
Id flags:  

The output was:
1
/usr/bin/ld: cannot find crt1.o: No such file or directory
/usr/bin/ld: cannot find crti.o: No such file or directory
/usr/bin/ld: cannot find -lstdc++
/usr/bin/ld: cannot find -lm
/usr/bin/ld: cannot find -lc
/usr/bin/ld: cannot find crtn.o: No such file or directory
clang++: error: linker command failed with exit code 1 (use -v to see invocation)


Determining if files libudev.h exist failed with the following output:
Change Dir: /home/vvdn/linphone/linphone-android-arpit/WORK/android-x86/Build/belcard/CMakeFiles/CMakeTmp

Run Build Command:"/usr/bin/make" "cmTC_4a501/fast"
make[4]: Entering directory `/home/vvdn/linphone/linphone-android-arpit/WORK/android-x86/Build/belcard/CMakeFiles/CMakeTmp'
/usr/bin/make -f CMakeFiles/cmTC_4a501.dir/build.make CMakeFiles/cmTC_4a501.dir/build
make[5]: Entering directory `/home/vvdn/linphone/linphone-android-arpit/WORK/android-x86/Build/belcard/CMakeFiles/CMakeTmp'
Building C object CMakeFiles/cmTC_4a501.dir/CheckIncludeFiles.c.o
/home/vvdn/android-ndk-r14b/toolchains/llvm/prebuilt/linux-x86_64/bin/clang --target=i686-none-linux-android --gcc-toolchain=/home/vvdn/android-ndk-r14b/toolchains/x86-4.9/prebuilt/linux-x86_64 --sysroot=/home/vvdn/android-ndk-r14b/platforms/android-14/arch-x86  -isystem /home/vvdn/android-ndk-r14b/platforms/android-14/arch-x86/usr/include  -funwind-tables -no-canonical-prefixes -fexceptions  -g   -o CMakeFiles/cmTC_4a501.dir/CheckIncludeFiles.c.o   -c /home/vvdn/linphone/linphone-android-arpit/WORK/android-x86/Build/belcard/CMakeFiles/CMakeTmp/CheckIncludeFiles.c
/home/vvdn/linphone/linphone-android-arpit/WORK/android-x86/Build/belcard/CMakeFiles/CMakeTmp/CheckIncludeFiles.c:2:10: fatal error: 'libudev.h' file not found
#include <libudev.h>
         ^
1 error generated.
make[5]: *** [CMakeFiles/cmTC_4a501.dir/CheckIncludeFiles.c.o] Error 1
make[5]: Leaving directory `/home/vvdn/linphone/linphone-android-arpit/WORK/android-x86/Build/belcard/CMakeFiles/CMakeTmp'
make[4]: *** [cmTC_4a501/fast] Error 2
make[4]: Leaving directory `/home/vvdn/linphone/linphone-android-arpit/WORK/android-x86/Build/belcard/CMakeFiles/CMakeTmp'

Source:
/* */
#include <libudev.h>


int main(void){return 0;}

