The target system is: Android - 14 - armv7-a
The host system is: Linux - 3.13.0-129-generic - x86_64
Compiling the C compiler identification source file "CMakeCCompilerId.c" succeeded.
Compiler: /home/vvdn/android-ndk-r14b/toolchains/llvm/prebuilt/linux-x86_64/bin/clang 
Build flags: 
Id flags: -c 

The output was:
0


Compilation of the C compiler identification source "CMakeCCompilerId.c" produced "CMakeCCompilerId.o"

The C compiler identification is Clang, found in "/home/vvdn/linphone/linphone-android-arpit/WORK/android-armv7/Build/turbo-jpeg/CMakeFiles/3.8.1/CompilerIdC/CMakeCCompilerId.o"

Determining if the C compiler works passed with the following output:
Change Dir: /home/vvdn/linphone/linphone-android-arpit/WORK/android-armv7/Build/turbo-jpeg/CMakeFiles/CMakeTmp

Run Build Command:"/usr/bin/make" "cmTC_74b69/fast"
make[4]: Entering directory `/home/vvdn/linphone/linphone-android-arpit/WORK/android-armv7/Build/turbo-jpeg/CMakeFiles/CMakeTmp'
/usr/bin/make -f CMakeFiles/cmTC_74b69.dir/build.make CMakeFiles/cmTC_74b69.dir/build
make[5]: Entering directory `/home/vvdn/linphone/linphone-android-arpit/WORK/android-armv7/Build/turbo-jpeg/CMakeFiles/CMakeTmp'
Building C object CMakeFiles/cmTC_74b69.dir/testCCompiler.c.o
/home/vvdn/android-ndk-r14b/toolchains/llvm/prebuilt/linux-x86_64/bin/clang --target=armv7-none-linux-androideabi --gcc-toolchain=/home/vvdn/android-ndk-r14b/toolchains/arm-linux-androideabi-4.9/prebuilt/linux-x86_64 --sysroot=/home/vvdn/android-ndk-r14b/platforms/android-14/arch-arm  -isystem /home/vvdn/android-ndk-r14b/platforms/android-14/arch-arm/usr/include  -march=armv7-a -mthumb -mfpu=neon -mfloat-abi=softfp -funwind-tables -no-canonical-prefixes -fexceptions  -g   -o CMakeFiles/cmTC_74b69.dir/testCCompiler.c.o   -c /home/vvdn/linphone/linphone-android-arpit/WORK/android-armv7/Build/turbo-jpeg/CMakeFiles/CMakeTmp/testCCompiler.c
Linking C executable cmTC_74b69
/usr/local/bin/cmake -E cmake_link_script CMakeFiles/cmTC_74b69.dir/link.txt --verbose=1
/home/vvdn/android-ndk-r14b/toolchains/llvm/prebuilt/linux-x86_64/bin/clang --target=armv7-none-linux-androideabi --gcc-toolchain=/home/vvdn/android-ndk-r14b/toolchains/arm-linux-androideabi-4.9/prebuilt/linux-x86_64 --sysroot=/home/vvdn/android-ndk-r14b/platforms/android-14/arch-arm -march=armv7-a -mthumb -mfpu=neon -mfloat-abi=softfp -funwind-tables -no-canonical-prefixes -fexceptions  -g  -Wl,--fix-cortex-a8  -Wl,--gc-sections -Wl,-z,nocopyreloc  CMakeFiles/cmTC_74b69.dir/testCCompiler.c.o  -o cmTC_74b69 
make[5]: Leaving directory `/home/vvdn/linphone/linphone-android-arpit/WORK/android-armv7/Build/turbo-jpeg/CMakeFiles/CMakeTmp'
make[4]: Leaving directory `/home/vvdn/linphone/linphone-android-arpit/WORK/android-armv7/Build/turbo-jpeg/CMakeFiles/CMakeTmp'


Detecting C compiler ABI info compiled with the following output:
Change Dir: /home/vvdn/linphone/linphone-android-arpit/WORK/android-armv7/Build/turbo-jpeg/CMakeFiles/CMakeTmp

Run Build Command:"/usr/bin/make" "cmTC_db2a8/fast"
make[4]: Entering directory `/home/vvdn/linphone/linphone-android-arpit/WORK/android-armv7/Build/turbo-jpeg/CMakeFiles/CMakeTmp'
/usr/bin/make -f CMakeFiles/cmTC_db2a8.dir/build.make CMakeFiles/cmTC_db2a8.dir/build
make[5]: Entering directory `/home/vvdn/linphone/linphone-android-arpit/WORK/android-armv7/Build/turbo-jpeg/CMakeFiles/CMakeTmp'
Building C object CMakeFiles/cmTC_db2a8.dir/CMakeCCompilerABI.c.o
/home/vvdn/android-ndk-r14b/toolchains/llvm/prebuilt/linux-x86_64/bin/clang --target=armv7-none-linux-androideabi --gcc-toolchain=/home/vvdn/android-ndk-r14b/toolchains/arm-linux-androideabi-4.9/prebuilt/linux-x86_64 --sysroot=/home/vvdn/android-ndk-r14b/platforms/android-14/arch-arm  -isystem /home/vvdn/android-ndk-r14b/platforms/android-14/arch-arm/usr/include  -march=armv7-a -mthumb -mfpu=neon -mfloat-abi=softfp -funwind-tables -no-canonical-prefixes -fexceptions  -g   -o CMakeFiles/cmTC_db2a8.dir/CMakeCCompilerABI.c.o   -c /usr/local/share/cmake-3.8/Modules/CMakeCCompilerABI.c
Linking C executable cmTC_db2a8
/usr/local/bin/cmake -E cmake_link_script CMakeFiles/cmTC_db2a8.dir/link.txt --verbose=1
/home/vvdn/android-ndk-r14b/toolchains/llvm/prebuilt/linux-x86_64/bin/clang --target=armv7-none-linux-androideabi --gcc-toolchain=/home/vvdn/android-ndk-r14b/toolchains/arm-linux-androideabi-4.9/prebuilt/linux-x86_64 --sysroot=/home/vvdn/android-ndk-r14b/platforms/android-14/arch-arm -march=armv7-a -mthumb -mfpu=neon -mfloat-abi=softfp -funwind-tables -no-canonical-prefixes -fexceptions  -g  -Wl,--fix-cortex-a8  -Wl,--gc-sections -Wl,-z,nocopyreloc -v CMakeFiles/cmTC_db2a8.dir/CMakeCCompilerABI.c.o  -o cmTC_db2a8 
Android clang version 3.8.275480  (based on LLVM 3.8.275480)
Target: armv7-none-linux-android
Thread model: posix
InstalledDir: /home/vvdn/android-ndk-r14b/toolchains/llvm/prebuilt/linux-x86_64/bin
Found candidate GCC installation: /home/vvdn/android-ndk-r14b/toolchains/arm-linux-androideabi-4.9/prebuilt/linux-x86_64/lib/gcc/arm-linux-androideabi/4.9.x
Selected GCC installation: /home/vvdn/android-ndk-r14b/toolchains/arm-linux-androideabi-4.9/prebuilt/linux-x86_64/lib/gcc/arm-linux-androideabi/4.9.x
Candidate multilib: thumb;@thumb
Candidate multilib: armv7-a;@armv7
Candidate multilib: armv7-a/thumb;@armv7@thumb
Candidate multilib: .;
Selected multilib: armv7-a/thumb;@armv7@thumb
 "/home/vvdn/android-ndk-r14b/toolchains/arm-linux-androideabi-4.9/prebuilt/linux-x86_64/lib/gcc/arm-linux-androideabi/4.9.x/../../../../arm-linux-androideabi/bin/ld" --sysroot=/home/vvdn/android-ndk-r14b/platforms/android-14/arch-arm -z relro -X --eh-frame-hdr -m armelf_linux_eabi -dynamic-linker /system/bin/linker -o cmTC_db2a8 /home/vvdn/android-ndk-r14b/platforms/android-14/arch-arm/usr/lib/../lib/crtbegin_dynamic.o -L/home/vvdn/android-ndk-r14b/toolchains/arm-linux-androideabi-4.9/prebuilt/linux-x86_64/lib/gcc/arm-linux-androideabi/4.9.x/armv7-a/thumb -L/home/vvdn/android-ndk-r14b/toolchains/arm-linux-androideabi-4.9/prebuilt/linux-x86_64/lib/gcc/arm-linux-androideabi/4.9.x/../../../../arm-linux-androideabi/lib/../lib/armv7-a/thumb -L/home/vvdn/android-ndk-r14b/platforms/android-14/arch-arm/usr/lib/../lib -L/home/vvdn/android-ndk-r14b/toolchains/arm-linux-androideabi-4.9/prebuilt/linux-x86_64/lib/gcc/arm-linux-androideabi/4.9.x/../../../../arm-linux-androideabi/lib/armv7-a/thumb -L/home/vvdn/android-ndk-r14b/platforms/android-14/arch-arm/usr/lib --fix-cortex-a8 --gc-sections -z nocopyreloc CMakeFiles/cmTC_db2a8.dir/CMakeCCompilerABI.c.o -lgcc -ldl -lc -lgcc -ldl /home/vvdn/android-ndk-r14b/platforms/android-14/arch-arm/usr/lib/../lib/crtend_android.o
make[5]: Leaving directory `/home/vvdn/linphone/linphone-android-arpit/WORK/android-armv7/Build/turbo-jpeg/CMakeFiles/CMakeTmp'
make[4]: Leaving directory `/home/vvdn/linphone/linphone-android-arpit/WORK/android-armv7/Build/turbo-jpeg/CMakeFiles/CMakeTmp'


Parsed C implicit link information from above output:
  link line regex: [^( *|.*[/\])(arm-linux-androideabi-ld|([^/\]+-)?ld|collect2)[^/\]*( |$)]
  ignore line: [Change Dir: /home/vvdn/linphone/linphone-android-arpit/WORK/android-armv7/Build/turbo-jpeg/CMakeFiles/CMakeTmp]
  ignore line: []
  ignore line: [Run Build Command:"/usr/bin/make" "cmTC_db2a8/fast"]
  ignore line: [make[4]: Entering directory `/home/vvdn/linphone/linphone-android-arpit/WORK/android-armv7/Build/turbo-jpeg/CMakeFiles/CMakeTmp']
  ignore line: [/usr/bin/make -f CMakeFiles/cmTC_db2a8.dir/build.make CMakeFiles/cmTC_db2a8.dir/build]
  ignore line: [make[5]: Entering directory `/home/vvdn/linphone/linphone-android-arpit/WORK/android-armv7/Build/turbo-jpeg/CMakeFiles/CMakeTmp']
  ignore line: [Building C object CMakeFiles/cmTC_db2a8.dir/CMakeCCompilerABI.c.o]
  ignore line: [/home/vvdn/android-ndk-r14b/toolchains/llvm/prebuilt/linux-x86_64/bin/clang --target=armv7-none-linux-androideabi --gcc-toolchain=/home/vvdn/android-ndk-r14b/toolchains/arm-linux-androideabi-4.9/prebuilt/linux-x86_64 --sysroot=/home/vvdn/android-ndk-r14b/platforms/android-14/arch-arm  -isystem /home/vvdn/android-ndk-r14b/platforms/android-14/arch-arm/usr/include  -march=armv7-a -mthumb -mfpu=neon -mfloat-abi=softfp -funwind-tables -no-canonical-prefixes -fexceptions  -g   -o CMakeFiles/cmTC_db2a8.dir/CMakeCCompilerABI.c.o   -c /usr/local/share/cmake-3.8/Modules/CMakeCCompilerABI.c]
  ignore line: [Linking C executable cmTC_db2a8]
  ignore line: [/usr/local/bin/cmake -E cmake_link_script CMakeFiles/cmTC_db2a8.dir/link.txt --verbose=1]
  ignore line: [/home/vvdn/android-ndk-r14b/toolchains/llvm/prebuilt/linux-x86_64/bin/clang --target=armv7-none-linux-androideabi --gcc-toolchain=/home/vvdn/android-ndk-r14b/toolchains/arm-linux-androideabi-4.9/prebuilt/linux-x86_64 --sysroot=/home/vvdn/android-ndk-r14b/platforms/android-14/arch-arm -march=armv7-a -mthumb -mfpu=neon -mfloat-abi=softfp -funwind-tables -no-canonical-prefixes -fexceptions  -g  -Wl,--fix-cortex-a8  -Wl,--gc-sections -Wl,-z,nocopyreloc -v CMakeFiles/cmTC_db2a8.dir/CMakeCCompilerABI.c.o  -o cmTC_db2a8 ]
  ignore line: [Android clang version 3.8.275480  (based on LLVM 3.8.275480)]
  ignore line: [Target: armv7-none-linux-android]
  ignore line: [Thread model: posix]
  ignore line: [InstalledDir: /home/vvdn/android-ndk-r14b/toolchains/llvm/prebuilt/linux-x86_64/bin]
  ignore line: [Found candidate GCC installation: /home/vvdn/android-ndk-r14b/toolchains/arm-linux-androideabi-4.9/prebuilt/linux-x86_64/lib/gcc/arm-linux-androideabi/4.9.x]
  ignore line: [Selected GCC installation: /home/vvdn/android-ndk-r14b/toolchains/arm-linux-androideabi-4.9/prebuilt/linux-x86_64/lib/gcc/arm-linux-androideabi/4.9.x]
  ignore line: [Candidate multilib: thumb]
  ignore line: [@thumb]
  ignore line: [Candidate multilib: armv7-a]
  ignore line: [@armv7]
  ignore line: [Candidate multilib: armv7-a/thumb]
  ignore line: [@armv7@thumb]
  ignore line: [Candidate multilib: .]
  ignore line: []
  ignore line: [Selected multilib: armv7-a/thumb]
  ignore line: [@armv7@thumb]
  link line: [ "/home/vvdn/android-ndk-r14b/toolchains/arm-linux-androideabi-4.9/prebuilt/linux-x86_64/lib/gcc/arm-linux-androideabi/4.9.x/../../../../arm-linux-androideabi/bin/ld" --sysroot=/home/vvdn/android-ndk-r14b/platforms/android-14/arch-arm -z relro -X --eh-frame-hdr -m armelf_linux_eabi -dynamic-linker /system/bin/linker -o cmTC_db2a8 /home/vvdn/android-ndk-r14b/platforms/android-14/arch-arm/usr/lib/../lib/crtbegin_dynamic.o -L/home/vvdn/android-ndk-r14b/toolchains/arm-linux-androideabi-4.9/prebuilt/linux-x86_64/lib/gcc/arm-linux-androideabi/4.9.x/armv7-a/thumb -L/home/vvdn/android-ndk-r14b/toolchains/arm-linux-androideabi-4.9/prebuilt/linux-x86_64/lib/gcc/arm-linux-androideabi/4.9.x/../../../../arm-linux-androideabi/lib/../lib/armv7-a/thumb -L/home/vvdn/android-ndk-r14b/platforms/android-14/arch-arm/usr/lib/../lib -L/home/vvdn/android-ndk-r14b/toolchains/arm-linux-androideabi-4.9/prebuilt/linux-x86_64/lib/gcc/arm-linux-androideabi/4.9.x/../../../../arm-linux-androideabi/lib/armv7-a/thumb -L/home/vvdn/android-ndk-r14b/platforms/android-14/arch-arm/usr/lib --fix-cortex-a8 --gc-sections -z nocopyreloc CMakeFiles/cmTC_db2a8.dir/CMakeCCompilerABI.c.o -lgcc -ldl -lc -lgcc -ldl /home/vvdn/android-ndk-r14b/platforms/android-14/arch-arm/usr/lib/../lib/crtend_android.o]
    arg [/home/vvdn/android-ndk-r14b/toolchains/arm-linux-androideabi-4.9/prebuilt/linux-x86_64/lib/gcc/arm-linux-androideabi/4.9.x/../../../../arm-linux-androideabi/bin/ld] ==> ignore
    arg [--sysroot=/home/vvdn/android-ndk-r14b/platforms/android-14/arch-arm] ==> ignore
    arg [-zrelro] ==> ignore
    arg [-X] ==> ignore
    arg [--eh-frame-hdr] ==> ignore
    arg [-m] ==> ignore
    arg [armelf_linux_eabi] ==> ignore
    arg [-dynamic-linker] ==> ignore
    arg [/system/bin/linker] ==> ignore
    arg [-o] ==> ignore
    arg [cmTC_db2a8] ==> ignore
    arg [/home/vvdn/android-ndk-r14b/platforms/android-14/arch-arm/usr/lib/../lib/crtbegin_dynamic.o] ==> ignore
    arg [-L/home/vvdn/android-ndk-r14b/toolchains/arm-linux-androideabi-4.9/prebuilt/linux-x86_64/lib/gcc/arm-linux-androideabi/4.9.x/armv7-a/thumb] ==> dir [/home/vvdn/android-ndk-r14b/toolchains/arm-linux-androideabi-4.9/prebuilt/linux-x86_64/lib/gcc/arm-linux-androideabi/4.9.x/armv7-a/thumb]
    arg [-L/home/vvdn/android-ndk-r14b/toolchains/arm-linux-androideabi-4.9/prebuilt/linux-x86_64/lib/gcc/arm-linux-androideabi/4.9.x/../../../../arm-linux-androideabi/lib/../lib/armv7-a/thumb] ==> dir [/home/vvdn/android-ndk-r14b/toolchains/arm-linux-androideabi-4.9/prebuilt/linux-x86_64/lib/gcc/arm-linux-androideabi/4.9.x/../../../../arm-linux-androideabi/lib/../lib/armv7-a/thumb]
    arg [-L/home/vvdn/android-ndk-r14b/platforms/android-14/arch-arm/usr/lib/../lib] ==> dir [/home/vvdn/android-ndk-r14b/platforms/android-14/arch-arm/usr/lib/../lib]
    arg [-L/home/vvdn/android-ndk-r14b/toolchains/arm-linux-androideabi-4.9/prebuilt/linux-x86_64/lib/gcc/arm-linux-androideabi/4.9.x/../../../../arm-linux-androideabi/lib/armv7-a/thumb] ==> dir [/home/vvdn/android-ndk-r14b/toolchains/arm-linux-androideabi-4.9/prebuilt/linux-x86_64/lib/gcc/arm-linux-androideabi/4.9.x/../../../../arm-linux-androideabi/lib/armv7-a/thumb]
    arg [-L/home/vvdn/android-ndk-r14b/platforms/android-14/arch-arm/usr/lib] ==> dir [/home/vvdn/android-ndk-r14b/platforms/android-14/arch-arm/usr/lib]
    arg [--fix-cortex-a8] ==> ignore
    arg [--gc-sections] ==> ignore
    arg [-znocopyreloc] ==> ignore
    arg [CMakeFiles/cmTC_db2a8.dir/CMakeCCompilerABI.c.o] ==> ignore
    arg [-lgcc] ==> lib [gcc]
    arg [-ldl] ==> lib [dl]
    arg [-lc] ==> lib [c]
    arg [-lgcc] ==> lib [gcc]
    arg [-ldl] ==> lib [dl]
    arg [/home/vvdn/android-ndk-r14b/platforms/android-14/arch-arm/usr/lib/../lib/crtend_android.o] ==> ignore
  remove lib [gcc]
  remove lib [gcc]
  collapse library dir [/home/vvdn/android-ndk-r14b/toolchains/arm-linux-androideabi-4.9/prebuilt/linux-x86_64/lib/gcc/arm-linux-androideabi/4.9.x/armv7-a/thumb] ==> [/home/vvdn/android-ndk-r14b/toolchains/arm-linux-androideabi-4.9/prebuilt/linux-x86_64/lib/gcc/arm-linux-androideabi/4.9.x/armv7-a/thumb]
  collapse library dir [/home/vvdn/android-ndk-r14b/toolchains/arm-linux-androideabi-4.9/prebuilt/linux-x86_64/lib/gcc/arm-linux-androideabi/4.9.x/../../../../arm-linux-androideabi/lib/../lib/armv7-a/thumb] ==> [/home/vvdn/android-ndk-r14b/toolchains/arm-linux-androideabi-4.9/prebuilt/linux-x86_64/arm-linux-androideabi/lib/armv7-a/thumb]
  collapse library dir [/home/vvdn/android-ndk-r14b/platforms/android-14/arch-arm/usr/lib/../lib] ==> [/home/vvdn/android-ndk-r14b/platforms/android-14/arch-arm/usr/lib]
  collapse library dir [/home/vvdn/android-ndk-r14b/toolchains/arm-linux-androideabi-4.9/prebuilt/linux-x86_64/lib/gcc/arm-linux-androideabi/4.9.x/../../../../arm-linux-androideabi/lib/armv7-a/thumb] ==> [/home/vvdn/android-ndk-r14b/toolchains/arm-linux-androideabi-4.9/prebuilt/linux-x86_64/arm-linux-androideabi/lib/armv7-a/thumb]
  collapse library dir [/home/vvdn/android-ndk-r14b/platforms/android-14/arch-arm/usr/lib] ==> [/home/vvdn/android-ndk-r14b/platforms/android-14/arch-arm/usr/lib]
  implicit libs: [dl;c;dl]
  implicit dirs: [/home/vvdn/android-ndk-r14b/toolchains/arm-linux-androideabi-4.9/prebuilt/linux-x86_64/lib/gcc/arm-linux-androideabi/4.9.x/armv7-a/thumb;/home/vvdn/android-ndk-r14b/toolchains/arm-linux-androideabi-4.9/prebuilt/linux-x86_64/arm-linux-androideabi/lib/armv7-a/thumb;/home/vvdn/android-ndk-r14b/platforms/android-14/arch-arm/usr/lib]
  implicit fwks: []




Detecting C [-std=c11] compiler features compiled with the following output:
Change Dir: /home/vvdn/linphone/linphone-android-arpit/WORK/android-armv7/Build/turbo-jpeg/CMakeFiles/CMakeTmp

Run Build Command:"/usr/bin/make" "cmTC_5b826/fast"
make[4]: Entering directory `/home/vvdn/linphone/linphone-android-arpit/WORK/android-armv7/Build/turbo-jpeg/CMakeFiles/CMakeTmp'
/usr/bin/make -f CMakeFiles/cmTC_5b826.dir/build.make CMakeFiles/cmTC_5b826.dir/build
make[5]: Entering directory `/home/vvdn/linphone/linphone-android-arpit/WORK/android-armv7/Build/turbo-jpeg/CMakeFiles/CMakeTmp'
Building C object CMakeFiles/cmTC_5b826.dir/feature_tests.c.o
/home/vvdn/android-ndk-r14b/toolchains/llvm/prebuilt/linux-x86_64/bin/clang --target=armv7-none-linux-androideabi --gcc-toolchain=/home/vvdn/android-ndk-r14b/toolchains/arm-linux-androideabi-4.9/prebuilt/linux-x86_64 --sysroot=/home/vvdn/android-ndk-r14b/platforms/android-14/arch-arm  -isystem /home/vvdn/android-ndk-r14b/platforms/android-14/arch-arm/usr/include  -march=armv7-a -mthumb -mfpu=neon -mfloat-abi=softfp -funwind-tables -no-canonical-prefixes -fexceptions  -g   -std=c11 -o CMakeFiles/cmTC_5b826.dir/feature_tests.c.o   -c /home/vvdn/linphone/linphone-android-arpit/WORK/android-armv7/Build/turbo-jpeg/CMakeFiles/feature_tests.c
Linking C executable cmTC_5b826
/usr/local/bin/cmake -E cmake_link_script CMakeFiles/cmTC_5b826.dir/link.txt --verbose=1
/home/vvdn/android-ndk-r14b/toolchains/llvm/prebuilt/linux-x86_64/bin/clang --target=armv7-none-linux-androideabi --gcc-toolchain=/home/vvdn/android-ndk-r14b/toolchains/arm-linux-androideabi-4.9/prebuilt/linux-x86_64 --sysroot=/home/vvdn/android-ndk-r14b/platforms/android-14/arch-arm -march=armv7-a -mthumb -mfpu=neon -mfloat-abi=softfp -funwind-tables -no-canonical-prefixes -fexceptions  -g  -Wl,--fix-cortex-a8  -Wl,--gc-sections -Wl,-z,nocopyreloc  CMakeFiles/cmTC_5b826.dir/feature_tests.c.o  -o cmTC_5b826 
make[5]: Leaving directory `/home/vvdn/linphone/linphone-android-arpit/WORK/android-armv7/Build/turbo-jpeg/CMakeFiles/CMakeTmp'
make[4]: Leaving directory `/home/vvdn/linphone/linphone-android-arpit/WORK/android-armv7/Build/turbo-jpeg/CMakeFiles/CMakeTmp'


    Feature record: C_FEATURE:1c_function_prototypes
    Feature record: C_FEATURE:1c_restrict
    Feature record: C_FEATURE:1c_static_assert
    Feature record: C_FEATURE:1c_variadic_macros


Detecting C [-std=c99] compiler features compiled with the following output:
Change Dir: /home/vvdn/linphone/linphone-android-arpit/WORK/android-armv7/Build/turbo-jpeg/CMakeFiles/CMakeTmp

Run Build Command:"/usr/bin/make" "cmTC_3016a/fast"
make[4]: Entering directory `/home/vvdn/linphone/linphone-android-arpit/WORK/android-armv7/Build/turbo-jpeg/CMakeFiles/CMakeTmp'
/usr/bin/make -f CMakeFiles/cmTC_3016a.dir/build.make CMakeFiles/cmTC_3016a.dir/build
make[5]: Entering directory `/home/vvdn/linphone/linphone-android-arpit/WORK/android-armv7/Build/turbo-jpeg/CMakeFiles/CMakeTmp'
Building C object CMakeFiles/cmTC_3016a.dir/feature_tests.c.o
/home/vvdn/android-ndk-r14b/toolchains/llvm/prebuilt/linux-x86_64/bin/clang --target=armv7-none-linux-androideabi --gcc-toolchain=/home/vvdn/android-ndk-r14b/toolchains/arm-linux-androideabi-4.9/prebuilt/linux-x86_64 --sysroot=/home/vvdn/android-ndk-r14b/platforms/android-14/arch-arm  -isystem /home/vvdn/android-ndk-r14b/platforms/android-14/arch-arm/usr/include  -march=armv7-a -mthumb -mfpu=neon -mfloat-abi=softfp -funwind-tables -no-canonical-prefixes -fexceptions  -g   -std=c99 -o CMakeFiles/cmTC_3016a.dir/feature_tests.c.o   -c /home/vvdn/linphone/linphone-android-arpit/WORK/android-armv7/Build/turbo-jpeg/CMakeFiles/feature_tests.c
Linking C executable cmTC_3016a
/usr/local/bin/cmake -E cmake_link_script CMakeFiles/cmTC_3016a.dir/link.txt --verbose=1
/home/vvdn/android-ndk-r14b/toolchains/llvm/prebuilt/linux-x86_64/bin/clang --target=armv7-none-linux-androideabi --gcc-toolchain=/home/vvdn/android-ndk-r14b/toolchains/arm-linux-androideabi-4.9/prebuilt/linux-x86_64 --sysroot=/home/vvdn/android-ndk-r14b/platforms/android-14/arch-arm -march=armv7-a -mthumb -mfpu=neon -mfloat-abi=softfp -funwind-tables -no-canonical-prefixes -fexceptions  -g  -Wl,--fix-cortex-a8  -Wl,--gc-sections -Wl,-z,nocopyreloc  CMakeFiles/cmTC_3016a.dir/feature_tests.c.o  -o cmTC_3016a 
make[5]: Leaving directory `/home/vvdn/linphone/linphone-android-arpit/WORK/android-armv7/Build/turbo-jpeg/CMakeFiles/CMakeTmp'
make[4]: Leaving directory `/home/vvdn/linphone/linphone-android-arpit/WORK/android-armv7/Build/turbo-jpeg/CMakeFiles/CMakeTmp'


    Feature record: C_FEATURE:1c_function_prototypes
    Feature record: C_FEATURE:1c_restrict
    Feature record: C_FEATURE:0c_static_assert
    Feature record: C_FEATURE:1c_variadic_macros


Detecting C [-std=c90] compiler features compiled with the following output:
Change Dir: /home/vvdn/linphone/linphone-android-arpit/WORK/android-armv7/Build/turbo-jpeg/CMakeFiles/CMakeTmp

Run Build Command:"/usr/bin/make" "cmTC_05a5f/fast"
make[4]: Entering directory `/home/vvdn/linphone/linphone-android-arpit/WORK/android-armv7/Build/turbo-jpeg/CMakeFiles/CMakeTmp'
/usr/bin/make -f CMakeFiles/cmTC_05a5f.dir/build.make CMakeFiles/cmTC_05a5f.dir/build
make[5]: Entering directory `/home/vvdn/linphone/linphone-android-arpit/WORK/android-armv7/Build/turbo-jpeg/CMakeFiles/CMakeTmp'
Building C object CMakeFiles/cmTC_05a5f.dir/feature_tests.c.o
/home/vvdn/android-ndk-r14b/toolchains/llvm/prebuilt/linux-x86_64/bin/clang --target=armv7-none-linux-androideabi --gcc-toolchain=/home/vvdn/android-ndk-r14b/toolchains/arm-linux-androideabi-4.9/prebuilt/linux-x86_64 --sysroot=/home/vvdn/android-ndk-r14b/platforms/android-14/arch-arm  -isystem /home/vvdn/android-ndk-r14b/platforms/android-14/arch-arm/usr/include  -march=armv7-a -mthumb -mfpu=neon -mfloat-abi=softfp -funwind-tables -no-canonical-prefixes -fexceptions  -g   -std=c90 -o CMakeFiles/cmTC_05a5f.dir/feature_tests.c.o   -c /home/vvdn/linphone/linphone-android-arpit/WORK/android-armv7/Build/turbo-jpeg/CMakeFiles/feature_tests.c
Linking C executable cmTC_05a5f
/usr/local/bin/cmake -E cmake_link_script CMakeFiles/cmTC_05a5f.dir/link.txt --verbose=1
/home/vvdn/android-ndk-r14b/toolchains/llvm/prebuilt/linux-x86_64/bin/clang --target=armv7-none-linux-androideabi --gcc-toolchain=/home/vvdn/android-ndk-r14b/toolchains/arm-linux-androideabi-4.9/prebuilt/linux-x86_64 --sysroot=/home/vvdn/android-ndk-r14b/platforms/android-14/arch-arm -march=armv7-a -mthumb -mfpu=neon -mfloat-abi=softfp -funwind-tables -no-canonical-prefixes -fexceptions  -g  -Wl,--fix-cortex-a8  -Wl,--gc-sections -Wl,-z,nocopyreloc  CMakeFiles/cmTC_05a5f.dir/feature_tests.c.o  -o cmTC_05a5f 
make[5]: Leaving directory `/home/vvdn/linphone/linphone-android-arpit/WORK/android-armv7/Build/turbo-jpeg/CMakeFiles/CMakeTmp'
make[4]: Leaving directory `/home/vvdn/linphone/linphone-android-arpit/WORK/android-armv7/Build/turbo-jpeg/CMakeFiles/CMakeTmp'


    Feature record: C_FEATURE:1c_function_prototypes
    Feature record: C_FEATURE:0c_restrict
    Feature record: C_FEATURE:0c_static_assert
    Feature record: C_FEATURE:0c_variadic_macros
Determining if the include file sys/types.h exists passed with the following output:
Change Dir: /home/vvdn/linphone/linphone-android-arpit/WORK/android-armv7/Build/turbo-jpeg/CMakeFiles/CMakeTmp

Run Build Command:"/usr/bin/make" "cmTC_06bb6/fast"
make[4]: Entering directory `/home/vvdn/linphone/linphone-android-arpit/WORK/android-armv7/Build/turbo-jpeg/CMakeFiles/CMakeTmp'
/usr/bin/make -f CMakeFiles/cmTC_06bb6.dir/build.make CMakeFiles/cmTC_06bb6.dir/build
make[5]: Entering directory `/home/vvdn/linphone/linphone-android-arpit/WORK/android-armv7/Build/turbo-jpeg/CMakeFiles/CMakeTmp'
Building C object CMakeFiles/cmTC_06bb6.dir/CheckIncludeFile.c.o
/home/vvdn/android-ndk-r14b/toolchains/llvm/prebuilt/linux-x86_64/bin/clang --target=armv7-none-linux-androideabi --gcc-toolchain=/home/vvdn/android-ndk-r14b/toolchains/arm-linux-androideabi-4.9/prebuilt/linux-x86_64 --sysroot=/home/vvdn/android-ndk-r14b/platforms/android-14/arch-arm  -isystem /home/vvdn/android-ndk-r14b/platforms/android-14/arch-arm/usr/include  -march=armv7-a -mthumb -mfpu=neon -mfloat-abi=softfp -funwind-tables -no-canonical-prefixes -fexceptions  -g   -o CMakeFiles/cmTC_06bb6.dir/CheckIncludeFile.c.o   -c /home/vvdn/linphone/linphone-android-arpit/WORK/android-armv7/Build/turbo-jpeg/CMakeFiles/CMakeTmp/CheckIncludeFile.c
Linking C executable cmTC_06bb6
/usr/local/bin/cmake -E cmake_link_script CMakeFiles/cmTC_06bb6.dir/link.txt --verbose=1
/home/vvdn/android-ndk-r14b/toolchains/llvm/prebuilt/linux-x86_64/bin/clang --target=armv7-none-linux-androideabi --gcc-toolchain=/home/vvdn/android-ndk-r14b/toolchains/arm-linux-androideabi-4.9/prebuilt/linux-x86_64 --sysroot=/home/vvdn/android-ndk-r14b/platforms/android-14/arch-arm -march=armv7-a -mthumb -mfpu=neon -mfloat-abi=softfp -funwind-tables -no-canonical-prefixes -fexceptions  -g  -Wl,--fix-cortex-a8  -Wl,--gc-sections -Wl,-z,nocopyreloc  CMakeFiles/cmTC_06bb6.dir/CheckIncludeFile.c.o  -o cmTC_06bb6 
make[5]: Leaving directory `/home/vvdn/linphone/linphone-android-arpit/WORK/android-armv7/Build/turbo-jpeg/CMakeFiles/CMakeTmp'
make[4]: Leaving directory `/home/vvdn/linphone/linphone-android-arpit/WORK/android-armv7/Build/turbo-jpeg/CMakeFiles/CMakeTmp'


Determining if the include file stdint.h exists passed with the following output:
Change Dir: /home/vvdn/linphone/linphone-android-arpit/WORK/android-armv7/Build/turbo-jpeg/CMakeFiles/CMakeTmp

Run Build Command:"/usr/bin/make" "cmTC_64df1/fast"
make[4]: Entering directory `/home/vvdn/linphone/linphone-android-arpit/WORK/android-armv7/Build/turbo-jpeg/CMakeFiles/CMakeTmp'
/usr/bin/make -f CMakeFiles/cmTC_64df1.dir/build.make CMakeFiles/cmTC_64df1.dir/build
make[5]: Entering directory `/home/vvdn/linphone/linphone-android-arpit/WORK/android-armv7/Build/turbo-jpeg/CMakeFiles/CMakeTmp'
Building C object CMakeFiles/cmTC_64df1.dir/CheckIncludeFile.c.o
/home/vvdn/android-ndk-r14b/toolchains/llvm/prebuilt/linux-x86_64/bin/clang --target=armv7-none-linux-androideabi --gcc-toolchain=/home/vvdn/android-ndk-r14b/toolchains/arm-linux-androideabi-4.9/prebuilt/linux-x86_64 --sysroot=/home/vvdn/android-ndk-r14b/platforms/android-14/arch-arm  -isystem /home/vvdn/android-ndk-r14b/platforms/android-14/arch-arm/usr/include  -march=armv7-a -mthumb -mfpu=neon -mfloat-abi=softfp -funwind-tables -no-canonical-prefixes -fexceptions  -g   -o CMakeFiles/cmTC_64df1.dir/CheckIncludeFile.c.o   -c /home/vvdn/linphone/linphone-android-arpit/WORK/android-armv7/Build/turbo-jpeg/CMakeFiles/CMakeTmp/CheckIncludeFile.c
Linking C executable cmTC_64df1
/usr/local/bin/cmake -E cmake_link_script CMakeFiles/cmTC_64df1.dir/link.txt --verbose=1
/home/vvdn/android-ndk-r14b/toolchains/llvm/prebuilt/linux-x86_64/bin/clang --target=armv7-none-linux-androideabi --gcc-toolchain=/home/vvdn/android-ndk-r14b/toolchains/arm-linux-androideabi-4.9/prebuilt/linux-x86_64 --sysroot=/home/vvdn/android-ndk-r14b/platforms/android-14/arch-arm -march=armv7-a -mthumb -mfpu=neon -mfloat-abi=softfp -funwind-tables -no-canonical-prefixes -fexceptions  -g  -Wl,--fix-cortex-a8  -Wl,--gc-sections -Wl,-z,nocopyreloc  CMakeFiles/cmTC_64df1.dir/CheckIncludeFile.c.o  -o cmTC_64df1 
make[5]: Leaving directory `/home/vvdn/linphone/linphone-android-arpit/WORK/android-armv7/Build/turbo-jpeg/CMakeFiles/CMakeTmp'
make[4]: Leaving directory `/home/vvdn/linphone/linphone-android-arpit/WORK/android-armv7/Build/turbo-jpeg/CMakeFiles/CMakeTmp'


Determining if the include file stddef.h exists passed with the following output:
Change Dir: /home/vvdn/linphone/linphone-android-arpit/WORK/android-armv7/Build/turbo-jpeg/CMakeFiles/CMakeTmp

Run Build Command:"/usr/bin/make" "cmTC_17e00/fast"
make[4]: Entering directory `/home/vvdn/linphone/linphone-android-arpit/WORK/android-armv7/Build/turbo-jpeg/CMakeFiles/CMakeTmp'
/usr/bin/make -f CMakeFiles/cmTC_17e00.dir/build.make CMakeFiles/cmTC_17e00.dir/build
make[5]: Entering directory `/home/vvdn/linphone/linphone-android-arpit/WORK/android-armv7/Build/turbo-jpeg/CMakeFiles/CMakeTmp'
Building C object CMakeFiles/cmTC_17e00.dir/CheckIncludeFile.c.o
/home/vvdn/android-ndk-r14b/toolchains/llvm/prebuilt/linux-x86_64/bin/clang --target=armv7-none-linux-androideabi --gcc-toolchain=/home/vvdn/android-ndk-r14b/toolchains/arm-linux-androideabi-4.9/prebuilt/linux-x86_64 --sysroot=/home/vvdn/android-ndk-r14b/platforms/android-14/arch-arm  -isystem /home/vvdn/android-ndk-r14b/platforms/android-14/arch-arm/usr/include  -march=armv7-a -mthumb -mfpu=neon -mfloat-abi=softfp -funwind-tables -no-canonical-prefixes -fexceptions  -g   -o CMakeFiles/cmTC_17e00.dir/CheckIncludeFile.c.o   -c /home/vvdn/linphone/linphone-android-arpit/WORK/android-armv7/Build/turbo-jpeg/CMakeFiles/CMakeTmp/CheckIncludeFile.c
Linking C executable cmTC_17e00
/usr/local/bin/cmake -E cmake_link_script CMakeFiles/cmTC_17e00.dir/link.txt --verbose=1
/home/vvdn/android-ndk-r14b/toolchains/llvm/prebuilt/linux-x86_64/bin/clang --target=armv7-none-linux-androideabi --gcc-toolchain=/home/vvdn/android-ndk-r14b/toolchains/arm-linux-androideabi-4.9/prebuilt/linux-x86_64 --sysroot=/home/vvdn/android-ndk-r14b/platforms/android-14/arch-arm -march=armv7-a -mthumb -mfpu=neon -mfloat-abi=softfp -funwind-tables -no-canonical-prefixes -fexceptions  -g  -Wl,--fix-cortex-a8  -Wl,--gc-sections -Wl,-z,nocopyreloc  CMakeFiles/cmTC_17e00.dir/CheckIncludeFile.c.o  -o cmTC_17e00 
make[5]: Leaving directory `/home/vvdn/linphone/linphone-android-arpit/WORK/android-armv7/Build/turbo-jpeg/CMakeFiles/CMakeTmp'
make[4]: Leaving directory `/home/vvdn/linphone/linphone-android-arpit/WORK/android-armv7/Build/turbo-jpeg/CMakeFiles/CMakeTmp'


Determining size of size_t passed with the following output:
Change Dir: /home/vvdn/linphone/linphone-android-arpit/WORK/android-armv7/Build/turbo-jpeg/CMakeFiles/CMakeTmp

Run Build Command:"/usr/bin/make" "cmTC_34f63/fast"
make[4]: Entering directory `/home/vvdn/linphone/linphone-android-arpit/WORK/android-armv7/Build/turbo-jpeg/CMakeFiles/CMakeTmp'
/usr/bin/make -f CMakeFiles/cmTC_34f63.dir/build.make CMakeFiles/cmTC_34f63.dir/build
make[5]: Entering directory `/home/vvdn/linphone/linphone-android-arpit/WORK/android-armv7/Build/turbo-jpeg/CMakeFiles/CMakeTmp'
Building C object CMakeFiles/cmTC_34f63.dir/SIZEOF_SIZE_T.c.o
/home/vvdn/android-ndk-r14b/toolchains/llvm/prebuilt/linux-x86_64/bin/clang --target=armv7-none-linux-androideabi --gcc-toolchain=/home/vvdn/android-ndk-r14b/toolchains/arm-linux-androideabi-4.9/prebuilt/linux-x86_64 --sysroot=/home/vvdn/android-ndk-r14b/platforms/android-14/arch-arm  -isystem /home/vvdn/android-ndk-r14b/platforms/android-14/arch-arm/usr/include  -march=armv7-a -mthumb -mfpu=neon -mfloat-abi=softfp -funwind-tables -no-canonical-prefixes -fexceptions  -g   -o CMakeFiles/cmTC_34f63.dir/SIZEOF_SIZE_T.c.o   -c /home/vvdn/linphone/linphone-android-arpit/WORK/android-armv7/Build/turbo-jpeg/CMakeFiles/CheckTypeSize/SIZEOF_SIZE_T.c
Linking C executable cmTC_34f63
/usr/local/bin/cmake -E cmake_link_script CMakeFiles/cmTC_34f63.dir/link.txt --verbose=1
/home/vvdn/android-ndk-r14b/toolchains/llvm/prebuilt/linux-x86_64/bin/clang --target=armv7-none-linux-androideabi --gcc-toolchain=/home/vvdn/android-ndk-r14b/toolchains/arm-linux-androideabi-4.9/prebuilt/linux-x86_64 --sysroot=/home/vvdn/android-ndk-r14b/platforms/android-14/arch-arm -march=armv7-a -mthumb -mfpu=neon -mfloat-abi=softfp -funwind-tables -no-canonical-prefixes -fexceptions  -g  -Wl,--fix-cortex-a8  -Wl,--gc-sections -Wl,-z,nocopyreloc  CMakeFiles/cmTC_34f63.dir/SIZEOF_SIZE_T.c.o  -o cmTC_34f63 
make[5]: Leaving directory `/home/vvdn/linphone/linphone-android-arpit/WORK/android-armv7/Build/turbo-jpeg/CMakeFiles/CMakeTmp'
make[4]: Leaving directory `/home/vvdn/linphone/linphone-android-arpit/WORK/android-armv7/Build/turbo-jpeg/CMakeFiles/CMakeTmp'


Determining if the include file stdlib.h exists passed with the following output:
Change Dir: /home/vvdn/linphone/linphone-android-arpit/WORK/android-armv7/Build/turbo-jpeg/CMakeFiles/CMakeTmp

Run Build Command:"/usr/bin/make" "cmTC_9b761/fast"
make[4]: Entering directory `/home/vvdn/linphone/linphone-android-arpit/WORK/android-armv7/Build/turbo-jpeg/CMakeFiles/CMakeTmp'
/usr/bin/make -f CMakeFiles/cmTC_9b761.dir/build.make CMakeFiles/cmTC_9b761.dir/build
make[5]: Entering directory `/home/vvdn/linphone/linphone-android-arpit/WORK/android-armv7/Build/turbo-jpeg/CMakeFiles/CMakeTmp'
Building C object CMakeFiles/cmTC_9b761.dir/CheckIncludeFile.c.o
/home/vvdn/android-ndk-r14b/toolchains/llvm/prebuilt/linux-x86_64/bin/clang --target=armv7-none-linux-androideabi --gcc-toolchain=/home/vvdn/android-ndk-r14b/toolchains/arm-linux-androideabi-4.9/prebuilt/linux-x86_64 --sysroot=/home/vvdn/android-ndk-r14b/platforms/android-14/arch-arm  -isystem /home/vvdn/android-ndk-r14b/platforms/android-14/arch-arm/usr/include  -march=armv7-a -mthumb -mfpu=neon -mfloat-abi=softfp -funwind-tables -no-canonical-prefixes -fexceptions  -g   -o CMakeFiles/cmTC_9b761.dir/CheckIncludeFile.c.o   -c /home/vvdn/linphone/linphone-android-arpit/WORK/android-armv7/Build/turbo-jpeg/CMakeFiles/CMakeTmp/CheckIncludeFile.c
Linking C executable cmTC_9b761
/usr/local/bin/cmake -E cmake_link_script CMakeFiles/cmTC_9b761.dir/link.txt --verbose=1
/home/vvdn/android-ndk-r14b/toolchains/llvm/prebuilt/linux-x86_64/bin/clang --target=armv7-none-linux-androideabi --gcc-toolchain=/home/vvdn/android-ndk-r14b/toolchains/arm-linux-androideabi-4.9/prebuilt/linux-x86_64 --sysroot=/home/vvdn/android-ndk-r14b/platforms/android-14/arch-arm -march=armv7-a -mthumb -mfpu=neon -mfloat-abi=softfp -funwind-tables -no-canonical-prefixes -fexceptions  -g  -Wl,--fix-cortex-a8  -Wl,--gc-sections -Wl,-z,nocopyreloc  CMakeFiles/cmTC_9b761.dir/CheckIncludeFile.c.o  -o cmTC_9b761 
make[5]: Leaving directory `/home/vvdn/linphone/linphone-android-arpit/WORK/android-armv7/Build/turbo-jpeg/CMakeFiles/CMakeTmp'
make[4]: Leaving directory `/home/vvdn/linphone/linphone-android-arpit/WORK/android-armv7/Build/turbo-jpeg/CMakeFiles/CMakeTmp'


Determining if the include file locale.h exists passed with the following output:
Change Dir: /home/vvdn/linphone/linphone-android-arpit/WORK/android-armv7/Build/turbo-jpeg/CMakeFiles/CMakeTmp

Run Build Command:"/usr/bin/make" "cmTC_d131f/fast"
make[4]: Entering directory `/home/vvdn/linphone/linphone-android-arpit/WORK/android-armv7/Build/turbo-jpeg/CMakeFiles/CMakeTmp'
/usr/bin/make -f CMakeFiles/cmTC_d131f.dir/build.make CMakeFiles/cmTC_d131f.dir/build
make[5]: Entering directory `/home/vvdn/linphone/linphone-android-arpit/WORK/android-armv7/Build/turbo-jpeg/CMakeFiles/CMakeTmp'
Building C object CMakeFiles/cmTC_d131f.dir/CheckIncludeFile.c.o
/home/vvdn/android-ndk-r14b/toolchains/llvm/prebuilt/linux-x86_64/bin/clang --target=armv7-none-linux-androideabi --gcc-toolchain=/home/vvdn/android-ndk-r14b/toolchains/arm-linux-androideabi-4.9/prebuilt/linux-x86_64 --sysroot=/home/vvdn/android-ndk-r14b/platforms/android-14/arch-arm  -isystem /home/vvdn/android-ndk-r14b/platforms/android-14/arch-arm/usr/include  -march=armv7-a -mthumb -mfpu=neon -mfloat-abi=softfp -funwind-tables -no-canonical-prefixes -fexceptions  -g   -o CMakeFiles/cmTC_d131f.dir/CheckIncludeFile.c.o   -c /home/vvdn/linphone/linphone-android-arpit/WORK/android-armv7/Build/turbo-jpeg/CMakeFiles/CMakeTmp/CheckIncludeFile.c
Linking C executable cmTC_d131f
/usr/local/bin/cmake -E cmake_link_script CMakeFiles/cmTC_d131f.dir/link.txt --verbose=1
/home/vvdn/android-ndk-r14b/toolchains/llvm/prebuilt/linux-x86_64/bin/clang --target=armv7-none-linux-androideabi --gcc-toolchain=/home/vvdn/android-ndk-r14b/toolchains/arm-linux-androideabi-4.9/prebuilt/linux-x86_64 --sysroot=/home/vvdn/android-ndk-r14b/platforms/android-14/arch-arm -march=armv7-a -mthumb -mfpu=neon -mfloat-abi=softfp -funwind-tables -no-canonical-prefixes -fexceptions  -g  -Wl,--fix-cortex-a8  -Wl,--gc-sections -Wl,-z,nocopyreloc  CMakeFiles/cmTC_d131f.dir/CheckIncludeFile.c.o  -o cmTC_d131f 
make[5]: Leaving directory `/home/vvdn/linphone/linphone-android-arpit/WORK/android-armv7/Build/turbo-jpeg/CMakeFiles/CMakeTmp'
make[4]: Leaving directory `/home/vvdn/linphone/linphone-android-arpit/WORK/android-armv7/Build/turbo-jpeg/CMakeFiles/CMakeTmp'


