The target system is: Android - 14 - armv7-a
The host system is: Linux - 3.13.0-129-generic - x86_64
Compiling the C compiler identification source file "CMakeCCompilerId.c" succeeded.
Compiler: /home/vvdn/android-ndk-r14b/toolchains/llvm/prebuilt/linux-x86_64/bin/clang 
Build flags: 
Id flags: -c 

The output was:
0


Compilation of the C compiler identification source "CMakeCCompilerId.c" produced "CMakeCCompilerId.o"

The C compiler identification is Clang, found in "/home/vvdn/linphone/linphone-android-arpit/WORK/android-armv7/Build/ortp/CMakeFiles/3.8.1/CompilerIdC/CMakeCCompilerId.o"

Compiling the CXX compiler identification source file "CMakeCXXCompilerId.cpp" succeeded.
Compiler: /home/vvdn/android-ndk-r14b/toolchains/llvm/prebuilt/linux-x86_64/bin/clang++ 
Build flags: 
Id flags: -c 

The output was:
0


Compilation of the CXX compiler identification source "CMakeCXXCompilerId.cpp" produced "CMakeCXXCompilerId.o"

The CXX compiler identification is Clang, found in "/home/vvdn/linphone/linphone-android-arpit/WORK/android-armv7/Build/ortp/CMakeFiles/3.8.1/CompilerIdCXX/CMakeCXXCompilerId.o"

Determining if the C compiler works passed with the following output:
Change Dir: /home/vvdn/linphone/linphone-android-arpit/WORK/android-armv7/Build/ortp/CMakeFiles/CMakeTmp

Run Build Command:"/usr/bin/make" "cmTC_2bc51/fast"
make[4]: Entering directory `/home/vvdn/linphone/linphone-android-arpit/WORK/android-armv7/Build/ortp/CMakeFiles/CMakeTmp'
/usr/bin/make -f CMakeFiles/cmTC_2bc51.dir/build.make CMakeFiles/cmTC_2bc51.dir/build
make[5]: Entering directory `/home/vvdn/linphone/linphone-android-arpit/WORK/android-armv7/Build/ortp/CMakeFiles/CMakeTmp'
Building C object CMakeFiles/cmTC_2bc51.dir/testCCompiler.c.o
/home/vvdn/android-ndk-r14b/toolchains/llvm/prebuilt/linux-x86_64/bin/clang --target=armv7-none-linux-androideabi --gcc-toolchain=/home/vvdn/android-ndk-r14b/toolchains/arm-linux-androideabi-4.9/prebuilt/linux-x86_64 --sysroot=/home/vvdn/android-ndk-r14b/platforms/android-14/arch-arm  -isystem /home/vvdn/android-ndk-r14b/platforms/android-14/arch-arm/usr/include  -march=armv7-a -mthumb -mfpu=neon -mfloat-abi=softfp -funwind-tables -no-canonical-prefixes -fexceptions  -g   -o CMakeFiles/cmTC_2bc51.dir/testCCompiler.c.o   -c /home/vvdn/linphone/linphone-android-arpit/WORK/android-armv7/Build/ortp/CMakeFiles/CMakeTmp/testCCompiler.c
Linking C executable cmTC_2bc51
/usr/local/bin/cmake -E cmake_link_script CMakeFiles/cmTC_2bc51.dir/link.txt --verbose=1
/home/vvdn/android-ndk-r14b/toolchains/llvm/prebuilt/linux-x86_64/bin/clang --target=armv7-none-linux-androideabi --gcc-toolchain=/home/vvdn/android-ndk-r14b/toolchains/arm-linux-androideabi-4.9/prebuilt/linux-x86_64 --sysroot=/home/vvdn/android-ndk-r14b/platforms/android-14/arch-arm -march=armv7-a -mthumb -mfpu=neon -mfloat-abi=softfp -funwind-tables -no-canonical-prefixes -fexceptions  -g  -Wl,--fix-cortex-a8  -Wl,--gc-sections -Wl,-z,nocopyreloc  CMakeFiles/cmTC_2bc51.dir/testCCompiler.c.o  -o cmTC_2bc51 
make[5]: Leaving directory `/home/vvdn/linphone/linphone-android-arpit/WORK/android-armv7/Build/ortp/CMakeFiles/CMakeTmp'
make[4]: Leaving directory `/home/vvdn/linphone/linphone-android-arpit/WORK/android-armv7/Build/ortp/CMakeFiles/CMakeTmp'


Detecting C compiler ABI info compiled with the following output:
Change Dir: /home/vvdn/linphone/linphone-android-arpit/WORK/android-armv7/Build/ortp/CMakeFiles/CMakeTmp

Run Build Command:"/usr/bin/make" "cmTC_8d691/fast"
make[4]: Entering directory `/home/vvdn/linphone/linphone-android-arpit/WORK/android-armv7/Build/ortp/CMakeFiles/CMakeTmp'
/usr/bin/make -f CMakeFiles/cmTC_8d691.dir/build.make CMakeFiles/cmTC_8d691.dir/build
make[5]: Entering directory `/home/vvdn/linphone/linphone-android-arpit/WORK/android-armv7/Build/ortp/CMakeFiles/CMakeTmp'
Building C object CMakeFiles/cmTC_8d691.dir/CMakeCCompilerABI.c.o
/home/vvdn/android-ndk-r14b/toolchains/llvm/prebuilt/linux-x86_64/bin/clang --target=armv7-none-linux-androideabi --gcc-toolchain=/home/vvdn/android-ndk-r14b/toolchains/arm-linux-androideabi-4.9/prebuilt/linux-x86_64 --sysroot=/home/vvdn/android-ndk-r14b/platforms/android-14/arch-arm  -isystem /home/vvdn/android-ndk-r14b/platforms/android-14/arch-arm/usr/include  -march=armv7-a -mthumb -mfpu=neon -mfloat-abi=softfp -funwind-tables -no-canonical-prefixes -fexceptions  -g   -o CMakeFiles/cmTC_8d691.dir/CMakeCCompilerABI.c.o   -c /usr/local/share/cmake-3.8/Modules/CMakeCCompilerABI.c
Linking C executable cmTC_8d691
/usr/local/bin/cmake -E cmake_link_script CMakeFiles/cmTC_8d691.dir/link.txt --verbose=1
/home/vvdn/android-ndk-r14b/toolchains/llvm/prebuilt/linux-x86_64/bin/clang --target=armv7-none-linux-androideabi --gcc-toolchain=/home/vvdn/android-ndk-r14b/toolchains/arm-linux-androideabi-4.9/prebuilt/linux-x86_64 --sysroot=/home/vvdn/android-ndk-r14b/platforms/android-14/arch-arm -march=armv7-a -mthumb -mfpu=neon -mfloat-abi=softfp -funwind-tables -no-canonical-prefixes -fexceptions  -g  -Wl,--fix-cortex-a8  -Wl,--gc-sections -Wl,-z,nocopyreloc -v CMakeFiles/cmTC_8d691.dir/CMakeCCompilerABI.c.o  -o cmTC_8d691 
Android clang version 3.8.275480  (based on LLVM 3.8.275480)
Target: armv7-none-linux-android
Thread model: posix
InstalledDir: /home/vvdn/android-ndk-r14b/toolchains/llvm/prebuilt/linux-x86_64/bin
Found candidate GCC installation: /home/vvdn/android-ndk-r14b/toolchains/arm-linux-androideabi-4.9/prebuilt/linux-x86_64/lib/gcc/arm-linux-androideabi/4.9.x
Selected GCC installation: /home/vvdn/android-ndk-r14b/toolchains/arm-linux-androideabi-4.9/prebuilt/linux-x86_64/lib/gcc/arm-linux-androideabi/4.9.x
Candidate multilib: thumb;@thumb
Candidate multilib: armv7-a;@armv7
Candidate multilib: armv7-a/thumb;@armv7@thumb
Candidate multilib: .;
Selected multilib: armv7-a/thumb;@armv7@thumb
 "/home/vvdn/android-ndk-r14b/toolchains/arm-linux-androideabi-4.9/prebuilt/linux-x86_64/lib/gcc/arm-linux-androideabi/4.9.x/../../../../arm-linux-androideabi/bin/ld" --sysroot=/home/vvdn/android-ndk-r14b/platforms/android-14/arch-arm -z relro -X --eh-frame-hdr -m armelf_linux_eabi -dynamic-linker /system/bin/linker -o cmTC_8d691 /home/vvdn/android-ndk-r14b/platforms/android-14/arch-arm/usr/lib/../lib/crtbegin_dynamic.o -L/home/vvdn/android-ndk-r14b/toolchains/arm-linux-androideabi-4.9/prebuilt/linux-x86_64/lib/gcc/arm-linux-androideabi/4.9.x/armv7-a/thumb -L/home/vvdn/android-ndk-r14b/toolchains/arm-linux-androideabi-4.9/prebuilt/linux-x86_64/lib/gcc/arm-linux-androideabi/4.9.x/../../../../arm-linux-androideabi/lib/../lib/armv7-a/thumb -L/home/vvdn/android-ndk-r14b/platforms/android-14/arch-arm/usr/lib/../lib -L/home/vvdn/android-ndk-r14b/toolchains/arm-linux-androideabi-4.9/prebuilt/linux-x86_64/lib/gcc/arm-linux-androideabi/4.9.x/../../../../arm-linux-androideabi/lib/armv7-a/thumb -L/home/vvdn/android-ndk-r14b/platforms/android-14/arch-arm/usr/lib --fix-cortex-a8 --gc-sections -z nocopyreloc CMakeFiles/cmTC_8d691.dir/CMakeCCompilerABI.c.o -lgcc -ldl -lc -lgcc -ldl /home/vvdn/android-ndk-r14b/platforms/android-14/arch-arm/usr/lib/../lib/crtend_android.o
make[5]: Leaving directory `/home/vvdn/linphone/linphone-android-arpit/WORK/android-armv7/Build/ortp/CMakeFiles/CMakeTmp'
make[4]: Leaving directory `/home/vvdn/linphone/linphone-android-arpit/WORK/android-armv7/Build/ortp/CMakeFiles/CMakeTmp'


Parsed C implicit link information from above output:
  link line regex: [^( *|.*[/\])(arm-linux-androideabi-ld|([^/\]+-)?ld|collect2)[^/\]*( |$)]
  ignore line: [Change Dir: /home/vvdn/linphone/linphone-android-arpit/WORK/android-armv7/Build/ortp/CMakeFiles/CMakeTmp]
  ignore line: []
  ignore line: [Run Build Command:"/usr/bin/make" "cmTC_8d691/fast"]
  ignore line: [make[4]: Entering directory `/home/vvdn/linphone/linphone-android-arpit/WORK/android-armv7/Build/ortp/CMakeFiles/CMakeTmp']
  ignore line: [/usr/bin/make -f CMakeFiles/cmTC_8d691.dir/build.make CMakeFiles/cmTC_8d691.dir/build]
  ignore line: [make[5]: Entering directory `/home/vvdn/linphone/linphone-android-arpit/WORK/android-armv7/Build/ortp/CMakeFiles/CMakeTmp']
  ignore line: [Building C object CMakeFiles/cmTC_8d691.dir/CMakeCCompilerABI.c.o]
  ignore line: [/home/vvdn/android-ndk-r14b/toolchains/llvm/prebuilt/linux-x86_64/bin/clang --target=armv7-none-linux-androideabi --gcc-toolchain=/home/vvdn/android-ndk-r14b/toolchains/arm-linux-androideabi-4.9/prebuilt/linux-x86_64 --sysroot=/home/vvdn/android-ndk-r14b/platforms/android-14/arch-arm  -isystem /home/vvdn/android-ndk-r14b/platforms/android-14/arch-arm/usr/include  -march=armv7-a -mthumb -mfpu=neon -mfloat-abi=softfp -funwind-tables -no-canonical-prefixes -fexceptions  -g   -o CMakeFiles/cmTC_8d691.dir/CMakeCCompilerABI.c.o   -c /usr/local/share/cmake-3.8/Modules/CMakeCCompilerABI.c]
  ignore line: [Linking C executable cmTC_8d691]
  ignore line: [/usr/local/bin/cmake -E cmake_link_script CMakeFiles/cmTC_8d691.dir/link.txt --verbose=1]
  ignore line: [/home/vvdn/android-ndk-r14b/toolchains/llvm/prebuilt/linux-x86_64/bin/clang --target=armv7-none-linux-androideabi --gcc-toolchain=/home/vvdn/android-ndk-r14b/toolchains/arm-linux-androideabi-4.9/prebuilt/linux-x86_64 --sysroot=/home/vvdn/android-ndk-r14b/platforms/android-14/arch-arm -march=armv7-a -mthumb -mfpu=neon -mfloat-abi=softfp -funwind-tables -no-canonical-prefixes -fexceptions  -g  -Wl,--fix-cortex-a8  -Wl,--gc-sections -Wl,-z,nocopyreloc -v CMakeFiles/cmTC_8d691.dir/CMakeCCompilerABI.c.o  -o cmTC_8d691 ]
  ignore line: [Android clang version 3.8.275480  (based on LLVM 3.8.275480)]
  ignore line: [Target: armv7-none-linux-android]
  ignore line: [Thread model: posix]
  ignore line: [InstalledDir: /home/vvdn/android-ndk-r14b/toolchains/llvm/prebuilt/linux-x86_64/bin]
  ignore line: [Found candidate GCC installation: /home/vvdn/android-ndk-r14b/toolchains/arm-linux-androideabi-4.9/prebuilt/linux-x86_64/lib/gcc/arm-linux-androideabi/4.9.x]
  ignore line: [Selected GCC installation: /home/vvdn/android-ndk-r14b/toolchains/arm-linux-androideabi-4.9/prebuilt/linux-x86_64/lib/gcc/arm-linux-androideabi/4.9.x]
  ignore line: [Candidate multilib: thumb]
  ignore line: [@thumb]
  ignore line: [Candidate multilib: armv7-a]
  ignore line: [@armv7]
  ignore line: [Candidate multilib: armv7-a/thumb]
  ignore line: [@armv7@thumb]
  ignore line: [Candidate multilib: .]
  ignore line: []
  ignore line: [Selected multilib: armv7-a/thumb]
  ignore line: [@armv7@thumb]
  link line: [ "/home/vvdn/android-ndk-r14b/toolchains/arm-linux-androideabi-4.9/prebuilt/linux-x86_64/lib/gcc/arm-linux-androideabi/4.9.x/../../../../arm-linux-androideabi/bin/ld" --sysroot=/home/vvdn/android-ndk-r14b/platforms/android-14/arch-arm -z relro -X --eh-frame-hdr -m armelf_linux_eabi -dynamic-linker /system/bin/linker -o cmTC_8d691 /home/vvdn/android-ndk-r14b/platforms/android-14/arch-arm/usr/lib/../lib/crtbegin_dynamic.o -L/home/vvdn/android-ndk-r14b/toolchains/arm-linux-androideabi-4.9/prebuilt/linux-x86_64/lib/gcc/arm-linux-androideabi/4.9.x/armv7-a/thumb -L/home/vvdn/android-ndk-r14b/toolchains/arm-linux-androideabi-4.9/prebuilt/linux-x86_64/lib/gcc/arm-linux-androideabi/4.9.x/../../../../arm-linux-androideabi/lib/../lib/armv7-a/thumb -L/home/vvdn/android-ndk-r14b/platforms/android-14/arch-arm/usr/lib/../lib -L/home/vvdn/android-ndk-r14b/toolchains/arm-linux-androideabi-4.9/prebuilt/linux-x86_64/lib/gcc/arm-linux-androideabi/4.9.x/../../../../arm-linux-androideabi/lib/armv7-a/thumb -L/home/vvdn/android-ndk-r14b/platforms/android-14/arch-arm/usr/lib --fix-cortex-a8 --gc-sections -z nocopyreloc CMakeFiles/cmTC_8d691.dir/CMakeCCompilerABI.c.o -lgcc -ldl -lc -lgcc -ldl /home/vvdn/android-ndk-r14b/platforms/android-14/arch-arm/usr/lib/../lib/crtend_android.o]
    arg [/home/vvdn/android-ndk-r14b/toolchains/arm-linux-androideabi-4.9/prebuilt/linux-x86_64/lib/gcc/arm-linux-androideabi/4.9.x/../../../../arm-linux-androideabi/bin/ld] ==> ignore
    arg [--sysroot=/home/vvdn/android-ndk-r14b/platforms/android-14/arch-arm] ==> ignore
    arg [-zrelro] ==> ignore
    arg [-X] ==> ignore
    arg [--eh-frame-hdr] ==> ignore
    arg [-m] ==> ignore
    arg [armelf_linux_eabi] ==> ignore
    arg [-dynamic-linker] ==> ignore
    arg [/system/bin/linker] ==> ignore
    arg [-o] ==> ignore
    arg [cmTC_8d691] ==> ignore
    arg [/home/vvdn/android-ndk-r14b/platforms/android-14/arch-arm/usr/lib/../lib/crtbegin_dynamic.o] ==> ignore
    arg [-L/home/vvdn/android-ndk-r14b/toolchains/arm-linux-androideabi-4.9/prebuilt/linux-x86_64/lib/gcc/arm-linux-androideabi/4.9.x/armv7-a/thumb] ==> dir [/home/vvdn/android-ndk-r14b/toolchains/arm-linux-androideabi-4.9/prebuilt/linux-x86_64/lib/gcc/arm-linux-androideabi/4.9.x/armv7-a/thumb]
    arg [-L/home/vvdn/android-ndk-r14b/toolchains/arm-linux-androideabi-4.9/prebuilt/linux-x86_64/lib/gcc/arm-linux-androideabi/4.9.x/../../../../arm-linux-androideabi/lib/../lib/armv7-a/thumb] ==> dir [/home/vvdn/android-ndk-r14b/toolchains/arm-linux-androideabi-4.9/prebuilt/linux-x86_64/lib/gcc/arm-linux-androideabi/4.9.x/../../../../arm-linux-androideabi/lib/../lib/armv7-a/thumb]
    arg [-L/home/vvdn/android-ndk-r14b/platforms/android-14/arch-arm/usr/lib/../lib] ==> dir [/home/vvdn/android-ndk-r14b/platforms/android-14/arch-arm/usr/lib/../lib]
    arg [-L/home/vvdn/android-ndk-r14b/toolchains/arm-linux-androideabi-4.9/prebuilt/linux-x86_64/lib/gcc/arm-linux-androideabi/4.9.x/../../../../arm-linux-androideabi/lib/armv7-a/thumb] ==> dir [/home/vvdn/android-ndk-r14b/toolchains/arm-linux-androideabi-4.9/prebuilt/linux-x86_64/lib/gcc/arm-linux-androideabi/4.9.x/../../../../arm-linux-androideabi/lib/armv7-a/thumb]
    arg [-L/home/vvdn/android-ndk-r14b/platforms/android-14/arch-arm/usr/lib] ==> dir [/home/vvdn/android-ndk-r14b/platforms/android-14/arch-arm/usr/lib]
    arg [--fix-cortex-a8] ==> ignore
    arg [--gc-sections] ==> ignore
    arg [-znocopyreloc] ==> ignore
    arg [CMakeFiles/cmTC_8d691.dir/CMakeCCompilerABI.c.o] ==> ignore
    arg [-lgcc] ==> lib [gcc]
    arg [-ldl] ==> lib [dl]
    arg [-lc] ==> lib [c]
    arg [-lgcc] ==> lib [gcc]
    arg [-ldl] ==> lib [dl]
    arg [/home/vvdn/android-ndk-r14b/platforms/android-14/arch-arm/usr/lib/../lib/crtend_android.o] ==> ignore
  remove lib [gcc]
  remove lib [gcc]
  collapse library dir [/home/vvdn/android-ndk-r14b/toolchains/arm-linux-androideabi-4.9/prebuilt/linux-x86_64/lib/gcc/arm-linux-androideabi/4.9.x/armv7-a/thumb] ==> [/home/vvdn/android-ndk-r14b/toolchains/arm-linux-androideabi-4.9/prebuilt/linux-x86_64/lib/gcc/arm-linux-androideabi/4.9.x/armv7-a/thumb]
  collapse library dir [/home/vvdn/android-ndk-r14b/toolchains/arm-linux-androideabi-4.9/prebuilt/linux-x86_64/lib/gcc/arm-linux-androideabi/4.9.x/../../../../arm-linux-androideabi/lib/../lib/armv7-a/thumb] ==> [/home/vvdn/android-ndk-r14b/toolchains/arm-linux-androideabi-4.9/prebuilt/linux-x86_64/arm-linux-androideabi/lib/armv7-a/thumb]
  collapse library dir [/home/vvdn/android-ndk-r14b/platforms/android-14/arch-arm/usr/lib/../lib] ==> [/home/vvdn/android-ndk-r14b/platforms/android-14/arch-arm/usr/lib]
  collapse library dir [/home/vvdn/android-ndk-r14b/toolchains/arm-linux-androideabi-4.9/prebuilt/linux-x86_64/lib/gcc/arm-linux-androideabi/4.9.x/../../../../arm-linux-androideabi/lib/armv7-a/thumb] ==> [/home/vvdn/android-ndk-r14b/toolchains/arm-linux-androideabi-4.9/prebuilt/linux-x86_64/arm-linux-androideabi/lib/armv7-a/thumb]
  collapse library dir [/home/vvdn/android-ndk-r14b/platforms/android-14/arch-arm/usr/lib] ==> [/home/vvdn/android-ndk-r14b/platforms/android-14/arch-arm/usr/lib]
  implicit libs: [dl;c;dl]
  implicit dirs: [/home/vvdn/android-ndk-r14b/toolchains/arm-linux-androideabi-4.9/prebuilt/linux-x86_64/lib/gcc/arm-linux-androideabi/4.9.x/armv7-a/thumb;/home/vvdn/android-ndk-r14b/toolchains/arm-linux-androideabi-4.9/prebuilt/linux-x86_64/arm-linux-androideabi/lib/armv7-a/thumb;/home/vvdn/android-ndk-r14b/platforms/android-14/arch-arm/usr/lib]
  implicit fwks: []




Detecting C [-std=c11] compiler features compiled with the following output:
Change Dir: /home/vvdn/linphone/linphone-android-arpit/WORK/android-armv7/Build/ortp/CMakeFiles/CMakeTmp

Run Build Command:"/usr/bin/make" "cmTC_2b9c8/fast"
make[4]: Entering directory `/home/vvdn/linphone/linphone-android-arpit/WORK/android-armv7/Build/ortp/CMakeFiles/CMakeTmp'
/usr/bin/make -f CMakeFiles/cmTC_2b9c8.dir/build.make CMakeFiles/cmTC_2b9c8.dir/build
make[5]: Entering directory `/home/vvdn/linphone/linphone-android-arpit/WORK/android-armv7/Build/ortp/CMakeFiles/CMakeTmp'
Building C object CMakeFiles/cmTC_2b9c8.dir/feature_tests.c.o
/home/vvdn/android-ndk-r14b/toolchains/llvm/prebuilt/linux-x86_64/bin/clang --target=armv7-none-linux-androideabi --gcc-toolchain=/home/vvdn/android-ndk-r14b/toolchains/arm-linux-androideabi-4.9/prebuilt/linux-x86_64 --sysroot=/home/vvdn/android-ndk-r14b/platforms/android-14/arch-arm  -isystem /home/vvdn/android-ndk-r14b/platforms/android-14/arch-arm/usr/include  -march=armv7-a -mthumb -mfpu=neon -mfloat-abi=softfp -funwind-tables -no-canonical-prefixes -fexceptions  -g   -std=c11 -o CMakeFiles/cmTC_2b9c8.dir/feature_tests.c.o   -c /home/vvdn/linphone/linphone-android-arpit/WORK/android-armv7/Build/ortp/CMakeFiles/feature_tests.c
Linking C executable cmTC_2b9c8
/usr/local/bin/cmake -E cmake_link_script CMakeFiles/cmTC_2b9c8.dir/link.txt --verbose=1
/home/vvdn/android-ndk-r14b/toolchains/llvm/prebuilt/linux-x86_64/bin/clang --target=armv7-none-linux-androideabi --gcc-toolchain=/home/vvdn/android-ndk-r14b/toolchains/arm-linux-androideabi-4.9/prebuilt/linux-x86_64 --sysroot=/home/vvdn/android-ndk-r14b/platforms/android-14/arch-arm -march=armv7-a -mthumb -mfpu=neon -mfloat-abi=softfp -funwind-tables -no-canonical-prefixes -fexceptions  -g  -Wl,--fix-cortex-a8  -Wl,--gc-sections -Wl,-z,nocopyreloc  CMakeFiles/cmTC_2b9c8.dir/feature_tests.c.o  -o cmTC_2b9c8 
make[5]: Leaving directory `/home/vvdn/linphone/linphone-android-arpit/WORK/android-armv7/Build/ortp/CMakeFiles/CMakeTmp'
make[4]: Leaving directory `/home/vvdn/linphone/linphone-android-arpit/WORK/android-armv7/Build/ortp/CMakeFiles/CMakeTmp'


    Feature record: C_FEATURE:1c_function_prototypes
    Feature record: C_FEATURE:1c_restrict
    Feature record: C_FEATURE:1c_static_assert
    Feature record: C_FEATURE:1c_variadic_macros


Detecting C [-std=c99] compiler features compiled with the following output:
Change Dir: /home/vvdn/linphone/linphone-android-arpit/WORK/android-armv7/Build/ortp/CMakeFiles/CMakeTmp

Run Build Command:"/usr/bin/make" "cmTC_d7341/fast"
make[4]: Entering directory `/home/vvdn/linphone/linphone-android-arpit/WORK/android-armv7/Build/ortp/CMakeFiles/CMakeTmp'
/usr/bin/make -f CMakeFiles/cmTC_d7341.dir/build.make CMakeFiles/cmTC_d7341.dir/build
make[5]: Entering directory `/home/vvdn/linphone/linphone-android-arpit/WORK/android-armv7/Build/ortp/CMakeFiles/CMakeTmp'
Building C object CMakeFiles/cmTC_d7341.dir/feature_tests.c.o
/home/vvdn/android-ndk-r14b/toolchains/llvm/prebuilt/linux-x86_64/bin/clang --target=armv7-none-linux-androideabi --gcc-toolchain=/home/vvdn/android-ndk-r14b/toolchains/arm-linux-androideabi-4.9/prebuilt/linux-x86_64 --sysroot=/home/vvdn/android-ndk-r14b/platforms/android-14/arch-arm  -isystem /home/vvdn/android-ndk-r14b/platforms/android-14/arch-arm/usr/include  -march=armv7-a -mthumb -mfpu=neon -mfloat-abi=softfp -funwind-tables -no-canonical-prefixes -fexceptions  -g   -std=c99 -o CMakeFiles/cmTC_d7341.dir/feature_tests.c.o   -c /home/vvdn/linphone/linphone-android-arpit/WORK/android-armv7/Build/ortp/CMakeFiles/feature_tests.c
Linking C executable cmTC_d7341
/usr/local/bin/cmake -E cmake_link_script CMakeFiles/cmTC_d7341.dir/link.txt --verbose=1
/home/vvdn/android-ndk-r14b/toolchains/llvm/prebuilt/linux-x86_64/bin/clang --target=armv7-none-linux-androideabi --gcc-toolchain=/home/vvdn/android-ndk-r14b/toolchains/arm-linux-androideabi-4.9/prebuilt/linux-x86_64 --sysroot=/home/vvdn/android-ndk-r14b/platforms/android-14/arch-arm -march=armv7-a -mthumb -mfpu=neon -mfloat-abi=softfp -funwind-tables -no-canonical-prefixes -fexceptions  -g  -Wl,--fix-cortex-a8  -Wl,--gc-sections -Wl,-z,nocopyreloc  CMakeFiles/cmTC_d7341.dir/feature_tests.c.o  -o cmTC_d7341 
make[5]: Leaving directory `/home/vvdn/linphone/linphone-android-arpit/WORK/android-armv7/Build/ortp/CMakeFiles/CMakeTmp'
make[4]: Leaving directory `/home/vvdn/linphone/linphone-android-arpit/WORK/android-armv7/Build/ortp/CMakeFiles/CMakeTmp'


    Feature record: C_FEATURE:1c_function_prototypes
    Feature record: C_FEATURE:1c_restrict
    Feature record: C_FEATURE:0c_static_assert
    Feature record: C_FEATURE:1c_variadic_macros


Detecting C [-std=c90] compiler features compiled with the following output:
Change Dir: /home/vvdn/linphone/linphone-android-arpit/WORK/android-armv7/Build/ortp/CMakeFiles/CMakeTmp

Run Build Command:"/usr/bin/make" "cmTC_b8ae5/fast"
make[4]: Entering directory `/home/vvdn/linphone/linphone-android-arpit/WORK/android-armv7/Build/ortp/CMakeFiles/CMakeTmp'
/usr/bin/make -f CMakeFiles/cmTC_b8ae5.dir/build.make CMakeFiles/cmTC_b8ae5.dir/build
make[5]: Entering directory `/home/vvdn/linphone/linphone-android-arpit/WORK/android-armv7/Build/ortp/CMakeFiles/CMakeTmp'
Building C object CMakeFiles/cmTC_b8ae5.dir/feature_tests.c.o
/home/vvdn/android-ndk-r14b/toolchains/llvm/prebuilt/linux-x86_64/bin/clang --target=armv7-none-linux-androideabi --gcc-toolchain=/home/vvdn/android-ndk-r14b/toolchains/arm-linux-androideabi-4.9/prebuilt/linux-x86_64 --sysroot=/home/vvdn/android-ndk-r14b/platforms/android-14/arch-arm  -isystem /home/vvdn/android-ndk-r14b/platforms/android-14/arch-arm/usr/include  -march=armv7-a -mthumb -mfpu=neon -mfloat-abi=softfp -funwind-tables -no-canonical-prefixes -fexceptions  -g   -std=c90 -o CMakeFiles/cmTC_b8ae5.dir/feature_tests.c.o   -c /home/vvdn/linphone/linphone-android-arpit/WORK/android-armv7/Build/ortp/CMakeFiles/feature_tests.c
Linking C executable cmTC_b8ae5
/usr/local/bin/cmake -E cmake_link_script CMakeFiles/cmTC_b8ae5.dir/link.txt --verbose=1
/home/vvdn/android-ndk-r14b/toolchains/llvm/prebuilt/linux-x86_64/bin/clang --target=armv7-none-linux-androideabi --gcc-toolchain=/home/vvdn/android-ndk-r14b/toolchains/arm-linux-androideabi-4.9/prebuilt/linux-x86_64 --sysroot=/home/vvdn/android-ndk-r14b/platforms/android-14/arch-arm -march=armv7-a -mthumb -mfpu=neon -mfloat-abi=softfp -funwind-tables -no-canonical-prefixes -fexceptions  -g  -Wl,--fix-cortex-a8  -Wl,--gc-sections -Wl,-z,nocopyreloc  CMakeFiles/cmTC_b8ae5.dir/feature_tests.c.o  -o cmTC_b8ae5 
make[5]: Leaving directory `/home/vvdn/linphone/linphone-android-arpit/WORK/android-armv7/Build/ortp/CMakeFiles/CMakeTmp'
make[4]: Leaving directory `/home/vvdn/linphone/linphone-android-arpit/WORK/android-armv7/Build/ortp/CMakeFiles/CMakeTmp'


    Feature record: C_FEATURE:1c_function_prototypes
    Feature record: C_FEATURE:0c_restrict
    Feature record: C_FEATURE:0c_static_assert
    Feature record: C_FEATURE:0c_variadic_macros
Determining if the CXX compiler works passed with the following output:
Change Dir: /home/vvdn/linphone/linphone-android-arpit/WORK/android-armv7/Build/ortp/CMakeFiles/CMakeTmp

Run Build Command:"/usr/bin/make" "cmTC_d421e/fast"
make[4]: Entering directory `/home/vvdn/linphone/linphone-android-arpit/WORK/android-armv7/Build/ortp/CMakeFiles/CMakeTmp'
/usr/bin/make -f CMakeFiles/cmTC_d421e.dir/build.make CMakeFiles/cmTC_d421e.dir/build
make[5]: Entering directory `/home/vvdn/linphone/linphone-android-arpit/WORK/android-armv7/Build/ortp/CMakeFiles/CMakeTmp'
Building CXX object CMakeFiles/cmTC_d421e.dir/testCXXCompiler.cxx.o
/home/vvdn/android-ndk-r14b/toolchains/llvm/prebuilt/linux-x86_64/bin/clang++ --target=armv7-none-linux-androideabi --gcc-toolchain=/home/vvdn/android-ndk-r14b/toolchains/arm-linux-androideabi-4.9/prebuilt/linux-x86_64 --sysroot=/home/vvdn/android-ndk-r14b/platforms/android-14/arch-arm   -isystem /home/vvdn/android-ndk-r14b/sources/cxx-stl/gnu-libstdc++/4.9/include -isystem /home/vvdn/android-ndk-r14b/sources/cxx-stl/gnu-libstdc++/4.9/libs/armeabi-v7a/include -isystem /home/vvdn/android-ndk-r14b/sources/cxx-stl/gnu-libstdc++/4.9/include/backward -isystem /home/vvdn/android-ndk-r14b/platforms/android-14/arch-arm/usr/include  -march=armv7-a -mthumb -mfpu=neon -mfloat-abi=softfp -funwind-tables -no-canonical-prefixes -fexceptions -frtti  -g   -o CMakeFiles/cmTC_d421e.dir/testCXXCompiler.cxx.o -c /home/vvdn/linphone/linphone-android-arpit/WORK/android-armv7/Build/ortp/CMakeFiles/CMakeTmp/testCXXCompiler.cxx
Linking CXX executable cmTC_d421e
/usr/local/bin/cmake -E cmake_link_script CMakeFiles/cmTC_d421e.dir/link.txt --verbose=1
/home/vvdn/android-ndk-r14b/toolchains/llvm/prebuilt/linux-x86_64/bin/clang++ --target=armv7-none-linux-androideabi --gcc-toolchain=/home/vvdn/android-ndk-r14b/toolchains/arm-linux-androideabi-4.9/prebuilt/linux-x86_64 --sysroot=/home/vvdn/android-ndk-r14b/platforms/android-14/arch-arm  -march=armv7-a -mthumb -mfpu=neon -mfloat-abi=softfp -funwind-tables -no-canonical-prefixes -fexceptions -frtti  -g  -Wl,--fix-cortex-a8  -Wl,--gc-sections -Wl,-z,nocopyreloc  CMakeFiles/cmTC_d421e.dir/testCXXCompiler.cxx.o  -o cmTC_d421e  "/home/vvdn/android-ndk-r14b/sources/cxx-stl/gnu-libstdc++/4.9/libs/armeabi-v7a/libgnustl_shared.so" 
make[5]: Leaving directory `/home/vvdn/linphone/linphone-android-arpit/WORK/android-armv7/Build/ortp/CMakeFiles/CMakeTmp'
make[4]: Leaving directory `/home/vvdn/linphone/linphone-android-arpit/WORK/android-armv7/Build/ortp/CMakeFiles/CMakeTmp'


Detecting CXX compiler ABI info compiled with the following output:
Change Dir: /home/vvdn/linphone/linphone-android-arpit/WORK/android-armv7/Build/ortp/CMakeFiles/CMakeTmp

Run Build Command:"/usr/bin/make" "cmTC_fd99e/fast"
make[4]: Entering directory `/home/vvdn/linphone/linphone-android-arpit/WORK/android-armv7/Build/ortp/CMakeFiles/CMakeTmp'
/usr/bin/make -f CMakeFiles/cmTC_fd99e.dir/build.make CMakeFiles/cmTC_fd99e.dir/build
make[5]: Entering directory `/home/vvdn/linphone/linphone-android-arpit/WORK/android-armv7/Build/ortp/CMakeFiles/CMakeTmp'
Building CXX object CMakeFiles/cmTC_fd99e.dir/CMakeCXXCompilerABI.cpp.o
/home/vvdn/android-ndk-r14b/toolchains/llvm/prebuilt/linux-x86_64/bin/clang++ --target=armv7-none-linux-androideabi --gcc-toolchain=/home/vvdn/android-ndk-r14b/toolchains/arm-linux-androideabi-4.9/prebuilt/linux-x86_64 --sysroot=/home/vvdn/android-ndk-r14b/platforms/android-14/arch-arm   -isystem /home/vvdn/android-ndk-r14b/sources/cxx-stl/gnu-libstdc++/4.9/include -isystem /home/vvdn/android-ndk-r14b/sources/cxx-stl/gnu-libstdc++/4.9/libs/armeabi-v7a/include -isystem /home/vvdn/android-ndk-r14b/sources/cxx-stl/gnu-libstdc++/4.9/include/backward -isystem /home/vvdn/android-ndk-r14b/platforms/android-14/arch-arm/usr/include  -march=armv7-a -mthumb -mfpu=neon -mfloat-abi=softfp -funwind-tables -no-canonical-prefixes -fexceptions -frtti  -g   -o CMakeFiles/cmTC_fd99e.dir/CMakeCXXCompilerABI.cpp.o -c /usr/local/share/cmake-3.8/Modules/CMakeCXXCompilerABI.cpp
Linking CXX executable cmTC_fd99e
/usr/local/bin/cmake -E cmake_link_script CMakeFiles/cmTC_fd99e.dir/link.txt --verbose=1
/home/vvdn/android-ndk-r14b/toolchains/llvm/prebuilt/linux-x86_64/bin/clang++ --target=armv7-none-linux-androideabi --gcc-toolchain=/home/vvdn/android-ndk-r14b/toolchains/arm-linux-androideabi-4.9/prebuilt/linux-x86_64 --sysroot=/home/vvdn/android-ndk-r14b/platforms/android-14/arch-arm  -march=armv7-a -mthumb -mfpu=neon -mfloat-abi=softfp -funwind-tables -no-canonical-prefixes -fexceptions -frtti  -g  -Wl,--fix-cortex-a8  -Wl,--gc-sections -Wl,-z,nocopyreloc -v CMakeFiles/cmTC_fd99e.dir/CMakeCXXCompilerABI.cpp.o  -o cmTC_fd99e  "/home/vvdn/android-ndk-r14b/sources/cxx-stl/gnu-libstdc++/4.9/libs/armeabi-v7a/libgnustl_shared.so" 
Android clang version 3.8.275480  (based on LLVM 3.8.275480)
Target: armv7-none-linux-android
Thread model: posix
InstalledDir: /home/vvdn/android-ndk-r14b/toolchains/llvm/prebuilt/linux-x86_64/bin
Found candidate GCC installation: /home/vvdn/android-ndk-r14b/toolchains/arm-linux-androideabi-4.9/prebuilt/linux-x86_64/lib/gcc/arm-linux-androideabi/4.9.x
Selected GCC installation: /home/vvdn/android-ndk-r14b/toolchains/arm-linux-androideabi-4.9/prebuilt/linux-x86_64/lib/gcc/arm-linux-androideabi/4.9.x
Candidate multilib: thumb;@thumb
Candidate multilib: armv7-a;@armv7
Candidate multilib: armv7-a/thumb;@armv7@thumb
Candidate multilib: .;
Selected multilib: armv7-a/thumb;@armv7@thumb
 "/home/vvdn/android-ndk-r14b/toolchains/arm-linux-androideabi-4.9/prebuilt/linux-x86_64/lib/gcc/arm-linux-androideabi/4.9.x/../../../../arm-linux-androideabi/bin/ld" --sysroot=/home/vvdn/android-ndk-r14b/platforms/android-14/arch-arm -z relro -X --eh-frame-hdr -m armelf_linux_eabi -dynamic-linker /system/bin/linker -o cmTC_fd99e /home/vvdn/android-ndk-r14b/platforms/android-14/arch-arm/usr/lib/../lib/crtbegin_dynamic.o -L/home/vvdn/android-ndk-r14b/toolchains/arm-linux-androideabi-4.9/prebuilt/linux-x86_64/lib/gcc/arm-linux-androideabi/4.9.x/armv7-a/thumb -L/home/vvdn/android-ndk-r14b/toolchains/arm-linux-androideabi-4.9/prebuilt/linux-x86_64/lib/gcc/arm-linux-androideabi/4.9.x/../../../../arm-linux-androideabi/lib/../lib/armv7-a/thumb -L/home/vvdn/android-ndk-r14b/platforms/android-14/arch-arm/usr/lib/../lib -L/home/vvdn/android-ndk-r14b/toolchains/arm-linux-androideabi-4.9/prebuilt/linux-x86_64/lib/gcc/arm-linux-androideabi/4.9.x/../../../../arm-linux-androideabi/lib/armv7-a/thumb -L/home/vvdn/android-ndk-r14b/platforms/android-14/arch-arm/usr/lib --fix-cortex-a8 --gc-sections -z nocopyreloc CMakeFiles/cmTC_fd99e.dir/CMakeCXXCompilerABI.cpp.o /home/vvdn/android-ndk-r14b/sources/cxx-stl/gnu-libstdc++/4.9/libs/armeabi-v7a/libgnustl_shared.so -lstdc++ -lm -lgcc -lgcc -ldl -lc -lgcc -lgcc -ldl /home/vvdn/android-ndk-r14b/platforms/android-14/arch-arm/usr/lib/../lib/crtend_android.o
make[5]: Leaving directory `/home/vvdn/linphone/linphone-android-arpit/WORK/android-armv7/Build/ortp/CMakeFiles/CMakeTmp'
make[4]: Leaving directory `/home/vvdn/linphone/linphone-android-arpit/WORK/android-armv7/Build/ortp/CMakeFiles/CMakeTmp'


Parsed CXX implicit link information from above output:
  link line regex: [^( *|.*[/\])(arm-linux-androideabi-ld|([^/\]+-)?ld|collect2)[^/\]*( |$)]
  ignore line: [Change Dir: /home/vvdn/linphone/linphone-android-arpit/WORK/android-armv7/Build/ortp/CMakeFiles/CMakeTmp]
  ignore line: []
  ignore line: [Run Build Command:"/usr/bin/make" "cmTC_fd99e/fast"]
  ignore line: [make[4]: Entering directory `/home/vvdn/linphone/linphone-android-arpit/WORK/android-armv7/Build/ortp/CMakeFiles/CMakeTmp']
  ignore line: [/usr/bin/make -f CMakeFiles/cmTC_fd99e.dir/build.make CMakeFiles/cmTC_fd99e.dir/build]
  ignore line: [make[5]: Entering directory `/home/vvdn/linphone/linphone-android-arpit/WORK/android-armv7/Build/ortp/CMakeFiles/CMakeTmp']
  ignore line: [Building CXX object CMakeFiles/cmTC_fd99e.dir/CMakeCXXCompilerABI.cpp.o]
  ignore line: [/home/vvdn/android-ndk-r14b/toolchains/llvm/prebuilt/linux-x86_64/bin/clang++ --target=armv7-none-linux-androideabi --gcc-toolchain=/home/vvdn/android-ndk-r14b/toolchains/arm-linux-androideabi-4.9/prebuilt/linux-x86_64 --sysroot=/home/vvdn/android-ndk-r14b/platforms/android-14/arch-arm   -isystem /home/vvdn/android-ndk-r14b/sources/cxx-stl/gnu-libstdc++/4.9/include -isystem /home/vvdn/android-ndk-r14b/sources/cxx-stl/gnu-libstdc++/4.9/libs/armeabi-v7a/include -isystem /home/vvdn/android-ndk-r14b/sources/cxx-stl/gnu-libstdc++/4.9/include/backward -isystem /home/vvdn/android-ndk-r14b/platforms/android-14/arch-arm/usr/include  -march=armv7-a -mthumb -mfpu=neon -mfloat-abi=softfp -funwind-tables -no-canonical-prefixes -fexceptions -frtti  -g   -o CMakeFiles/cmTC_fd99e.dir/CMakeCXXCompilerABI.cpp.o -c /usr/local/share/cmake-3.8/Modules/CMakeCXXCompilerABI.cpp]
  ignore line: [Linking CXX executable cmTC_fd99e]
  ignore line: [/usr/local/bin/cmake -E cmake_link_script CMakeFiles/cmTC_fd99e.dir/link.txt --verbose=1]
  ignore line: [/home/vvdn/android-ndk-r14b/toolchains/llvm/prebuilt/linux-x86_64/bin/clang++ --target=armv7-none-linux-androideabi --gcc-toolchain=/home/vvdn/android-ndk-r14b/toolchains/arm-linux-androideabi-4.9/prebuilt/linux-x86_64 --sysroot=/home/vvdn/android-ndk-r14b/platforms/android-14/arch-arm  -march=armv7-a -mthumb -mfpu=neon -mfloat-abi=softfp -funwind-tables -no-canonical-prefixes -fexceptions -frtti  -g  -Wl,--fix-cortex-a8  -Wl,--gc-sections -Wl,-z,nocopyreloc -v CMakeFiles/cmTC_fd99e.dir/CMakeCXXCompilerABI.cpp.o  -o cmTC_fd99e  "/home/vvdn/android-ndk-r14b/sources/cxx-stl/gnu-libstdc++/4.9/libs/armeabi-v7a/libgnustl_shared.so" ]
  ignore line: [Android clang version 3.8.275480  (based on LLVM 3.8.275480)]
  ignore line: [Target: armv7-none-linux-android]
  ignore line: [Thread model: posix]
  ignore line: [InstalledDir: /home/vvdn/android-ndk-r14b/toolchains/llvm/prebuilt/linux-x86_64/bin]
  ignore line: [Found candidate GCC installation: /home/vvdn/android-ndk-r14b/toolchains/arm-linux-androideabi-4.9/prebuilt/linux-x86_64/lib/gcc/arm-linux-androideabi/4.9.x]
  ignore line: [Selected GCC installation: /home/vvdn/android-ndk-r14b/toolchains/arm-linux-androideabi-4.9/prebuilt/linux-x86_64/lib/gcc/arm-linux-androideabi/4.9.x]
  ignore line: [Candidate multilib: thumb]
  ignore line: [@thumb]
  ignore line: [Candidate multilib: armv7-a]
  ignore line: [@armv7]
  ignore line: [Candidate multilib: armv7-a/thumb]
  ignore line: [@armv7@thumb]
  ignore line: [Candidate multilib: .]
  ignore line: []
  ignore line: [Selected multilib: armv7-a/thumb]
  ignore line: [@armv7@thumb]
  link line: [ "/home/vvdn/android-ndk-r14b/toolchains/arm-linux-androideabi-4.9/prebuilt/linux-x86_64/lib/gcc/arm-linux-androideabi/4.9.x/../../../../arm-linux-androideabi/bin/ld" --sysroot=/home/vvdn/android-ndk-r14b/platforms/android-14/arch-arm -z relro -X --eh-frame-hdr -m armelf_linux_eabi -dynamic-linker /system/bin/linker -o cmTC_fd99e /home/vvdn/android-ndk-r14b/platforms/android-14/arch-arm/usr/lib/../lib/crtbegin_dynamic.o -L/home/vvdn/android-ndk-r14b/toolchains/arm-linux-androideabi-4.9/prebuilt/linux-x86_64/lib/gcc/arm-linux-androideabi/4.9.x/armv7-a/thumb -L/home/vvdn/android-ndk-r14b/toolchains/arm-linux-androideabi-4.9/prebuilt/linux-x86_64/lib/gcc/arm-linux-androideabi/4.9.x/../../../../arm-linux-androideabi/lib/../lib/armv7-a/thumb -L/home/vvdn/android-ndk-r14b/platforms/android-14/arch-arm/usr/lib/../lib -L/home/vvdn/android-ndk-r14b/toolchains/arm-linux-androideabi-4.9/prebuilt/linux-x86_64/lib/gcc/arm-linux-androideabi/4.9.x/../../../../arm-linux-androideabi/lib/armv7-a/thumb -L/home/vvdn/android-ndk-r14b/platforms/android-14/arch-arm/usr/lib --fix-cortex-a8 --gc-sections -z nocopyreloc CMakeFiles/cmTC_fd99e.dir/CMakeCXXCompilerABI.cpp.o /home/vvdn/android-ndk-r14b/sources/cxx-stl/gnu-libstdc++/4.9/libs/armeabi-v7a/libgnustl_shared.so -lstdc++ -lm -lgcc -lgcc -ldl -lc -lgcc -lgcc -ldl /home/vvdn/android-ndk-r14b/platforms/android-14/arch-arm/usr/lib/../lib/crtend_android.o]
    arg [/home/vvdn/android-ndk-r14b/toolchains/arm-linux-androideabi-4.9/prebuilt/linux-x86_64/lib/gcc/arm-linux-androideabi/4.9.x/../../../../arm-linux-androideabi/bin/ld] ==> ignore
    arg [--sysroot=/home/vvdn/android-ndk-r14b/platforms/android-14/arch-arm] ==> ignore
    arg [-zrelro] ==> ignore
    arg [-X] ==> ignore
    arg [--eh-frame-hdr] ==> ignore
    arg [-m] ==> ignore
    arg [armelf_linux_eabi] ==> ignore
    arg [-dynamic-linker] ==> ignore
    arg [/system/bin/linker] ==> ignore
    arg [-o] ==> ignore
    arg [cmTC_fd99e] ==> ignore
    arg [/home/vvdn/android-ndk-r14b/platforms/android-14/arch-arm/usr/lib/../lib/crtbegin_dynamic.o] ==> ignore
    arg [-L/home/vvdn/android-ndk-r14b/toolchains/arm-linux-androideabi-4.9/prebuilt/linux-x86_64/lib/gcc/arm-linux-androideabi/4.9.x/armv7-a/thumb] ==> dir [/home/vvdn/android-ndk-r14b/toolchains/arm-linux-androideabi-4.9/prebuilt/linux-x86_64/lib/gcc/arm-linux-androideabi/4.9.x/armv7-a/thumb]
    arg [-L/home/vvdn/android-ndk-r14b/toolchains/arm-linux-androideabi-4.9/prebuilt/linux-x86_64/lib/gcc/arm-linux-androideabi/4.9.x/../../../../arm-linux-androideabi/lib/../lib/armv7-a/thumb] ==> dir [/home/vvdn/android-ndk-r14b/toolchains/arm-linux-androideabi-4.9/prebuilt/linux-x86_64/lib/gcc/arm-linux-androideabi/4.9.x/../../../../arm-linux-androideabi/lib/../lib/armv7-a/thumb]
    arg [-L/home/vvdn/android-ndk-r14b/platforms/android-14/arch-arm/usr/lib/../lib] ==> dir [/home/vvdn/android-ndk-r14b/platforms/android-14/arch-arm/usr/lib/../lib]
    arg [-L/home/vvdn/android-ndk-r14b/toolchains/arm-linux-androideabi-4.9/prebuilt/linux-x86_64/lib/gcc/arm-linux-androideabi/4.9.x/../../../../arm-linux-androideabi/lib/armv7-a/thumb] ==> dir [/home/vvdn/android-ndk-r14b/toolchains/arm-linux-androideabi-4.9/prebuilt/linux-x86_64/lib/gcc/arm-linux-androideabi/4.9.x/../../../../arm-linux-androideabi/lib/armv7-a/thumb]
    arg [-L/home/vvdn/android-ndk-r14b/platforms/android-14/arch-arm/usr/lib] ==> dir [/home/vvdn/android-ndk-r14b/platforms/android-14/arch-arm/usr/lib]
    arg [--fix-cortex-a8] ==> ignore
    arg [--gc-sections] ==> ignore
    arg [-znocopyreloc] ==> ignore
    arg [CMakeFiles/cmTC_fd99e.dir/CMakeCXXCompilerABI.cpp.o] ==> ignore
    arg [/home/vvdn/android-ndk-r14b/sources/cxx-stl/gnu-libstdc++/4.9/libs/armeabi-v7a/libgnustl_shared.so] ==> ignore
    arg [-lstdc++] ==> lib [stdc++]
    arg [-lm] ==> lib [m]
    arg [-lgcc] ==> lib [gcc]
    arg [-lgcc] ==> lib [gcc]
    arg [-ldl] ==> lib [dl]
    arg [-lc] ==> lib [c]
    arg [-lgcc] ==> lib [gcc]
    arg [-lgcc] ==> lib [gcc]
    arg [-ldl] ==> lib [dl]
    arg [/home/vvdn/android-ndk-r14b/platforms/android-14/arch-arm/usr/lib/../lib/crtend_android.o] ==> ignore
  remove lib [gcc]
  remove lib [gcc]
  remove lib [gcc]
  remove lib [gcc]
  collapse library dir [/home/vvdn/android-ndk-r14b/toolchains/arm-linux-androideabi-4.9/prebuilt/linux-x86_64/lib/gcc/arm-linux-androideabi/4.9.x/armv7-a/thumb] ==> [/home/vvdn/android-ndk-r14b/toolchains/arm-linux-androideabi-4.9/prebuilt/linux-x86_64/lib/gcc/arm-linux-androideabi/4.9.x/armv7-a/thumb]
  collapse library dir [/home/vvdn/android-ndk-r14b/toolchains/arm-linux-androideabi-4.9/prebuilt/linux-x86_64/lib/gcc/arm-linux-androideabi/4.9.x/../../../../arm-linux-androideabi/lib/../lib/armv7-a/thumb] ==> [/home/vvdn/android-ndk-r14b/toolchains/arm-linux-androideabi-4.9/prebuilt/linux-x86_64/arm-linux-androideabi/lib/armv7-a/thumb]
  collapse library dir [/home/vvdn/android-ndk-r14b/platforms/android-14/arch-arm/usr/lib/../lib] ==> [/home/vvdn/android-ndk-r14b/platforms/android-14/arch-arm/usr/lib]
  collapse library dir [/home/vvdn/android-ndk-r14b/toolchains/arm-linux-androideabi-4.9/prebuilt/linux-x86_64/lib/gcc/arm-linux-androideabi/4.9.x/../../../../arm-linux-androideabi/lib/armv7-a/thumb] ==> [/home/vvdn/android-ndk-r14b/toolchains/arm-linux-androideabi-4.9/prebuilt/linux-x86_64/arm-linux-androideabi/lib/armv7-a/thumb]
  collapse library dir [/home/vvdn/android-ndk-r14b/platforms/android-14/arch-arm/usr/lib] ==> [/home/vvdn/android-ndk-r14b/platforms/android-14/arch-arm/usr/lib]
  implicit libs: [stdc++;m;dl;c;dl]
  implicit dirs: [/home/vvdn/android-ndk-r14b/toolchains/arm-linux-androideabi-4.9/prebuilt/linux-x86_64/lib/gcc/arm-linux-androideabi/4.9.x/armv7-a/thumb;/home/vvdn/android-ndk-r14b/toolchains/arm-linux-androideabi-4.9/prebuilt/linux-x86_64/arm-linux-androideabi/lib/armv7-a/thumb;/home/vvdn/android-ndk-r14b/platforms/android-14/arch-arm/usr/lib]
  implicit fwks: []




Detecting CXX [-std=c++1z] compiler features compiled with the following output:
Change Dir: /home/vvdn/linphone/linphone-android-arpit/WORK/android-armv7/Build/ortp/CMakeFiles/CMakeTmp

Run Build Command:"/usr/bin/make" "cmTC_80bb7/fast"
make[4]: Entering directory `/home/vvdn/linphone/linphone-android-arpit/WORK/android-armv7/Build/ortp/CMakeFiles/CMakeTmp'
/usr/bin/make -f CMakeFiles/cmTC_80bb7.dir/build.make CMakeFiles/cmTC_80bb7.dir/build
make[5]: Entering directory `/home/vvdn/linphone/linphone-android-arpit/WORK/android-armv7/Build/ortp/CMakeFiles/CMakeTmp'
Building CXX object CMakeFiles/cmTC_80bb7.dir/feature_tests.cxx.o
/home/vvdn/android-ndk-r14b/toolchains/llvm/prebuilt/linux-x86_64/bin/clang++ --target=armv7-none-linux-androideabi --gcc-toolchain=/home/vvdn/android-ndk-r14b/toolchains/arm-linux-androideabi-4.9/prebuilt/linux-x86_64 --sysroot=/home/vvdn/android-ndk-r14b/platforms/android-14/arch-arm   -isystem /home/vvdn/android-ndk-r14b/sources/cxx-stl/gnu-libstdc++/4.9/include -isystem /home/vvdn/android-ndk-r14b/sources/cxx-stl/gnu-libstdc++/4.9/libs/armeabi-v7a/include -isystem /home/vvdn/android-ndk-r14b/sources/cxx-stl/gnu-libstdc++/4.9/include/backward -isystem /home/vvdn/android-ndk-r14b/platforms/android-14/arch-arm/usr/include  -march=armv7-a -mthumb -mfpu=neon -mfloat-abi=softfp -funwind-tables -no-canonical-prefixes -fexceptions -frtti  -g   -std=c++1z -o CMakeFiles/cmTC_80bb7.dir/feature_tests.cxx.o -c /home/vvdn/linphone/linphone-android-arpit/WORK/android-armv7/Build/ortp/CMakeFiles/feature_tests.cxx
Linking CXX executable cmTC_80bb7
/usr/local/bin/cmake -E cmake_link_script CMakeFiles/cmTC_80bb7.dir/link.txt --verbose=1
/home/vvdn/android-ndk-r14b/toolchains/llvm/prebuilt/linux-x86_64/bin/clang++ --target=armv7-none-linux-androideabi --gcc-toolchain=/home/vvdn/android-ndk-r14b/toolchains/arm-linux-androideabi-4.9/prebuilt/linux-x86_64 --sysroot=/home/vvdn/android-ndk-r14b/platforms/android-14/arch-arm  -march=armv7-a -mthumb -mfpu=neon -mfloat-abi=softfp -funwind-tables -no-canonical-prefixes -fexceptions -frtti  -g  -Wl,--fix-cortex-a8  -Wl,--gc-sections -Wl,-z,nocopyreloc  CMakeFiles/cmTC_80bb7.dir/feature_tests.cxx.o  -o cmTC_80bb7  "/home/vvdn/android-ndk-r14b/sources/cxx-stl/gnu-libstdc++/4.9/libs/armeabi-v7a/libgnustl_shared.so" 
make[5]: Leaving directory `/home/vvdn/linphone/linphone-android-arpit/WORK/android-armv7/Build/ortp/CMakeFiles/CMakeTmp'
make[4]: Leaving directory `/home/vvdn/linphone/linphone-android-arpit/WORK/android-armv7/Build/ortp/CMakeFiles/CMakeTmp'


    Feature record: CXX_FEATURE:1cxx_aggregate_default_initializers
    Feature record: CXX_FEATURE:1cxx_alias_templates
    Feature record: CXX_FEATURE:1cxx_alignas
    Feature record: CXX_FEATURE:1cxx_alignof
    Feature record: CXX_FEATURE:1cxx_attributes
    Feature record: CXX_FEATURE:1cxx_attribute_deprecated
    Feature record: CXX_FEATURE:1cxx_auto_type
    Feature record: CXX_FEATURE:1cxx_binary_literals
    Feature record: CXX_FEATURE:1cxx_constexpr
    Feature record: CXX_FEATURE:1cxx_contextual_conversions
    Feature record: CXX_FEATURE:1cxx_decltype
    Feature record: CXX_FEATURE:1cxx_decltype_auto
    Feature record: CXX_FEATURE:1cxx_decltype_incomplete_return_types
    Feature record: CXX_FEATURE:1cxx_default_function_template_args
    Feature record: CXX_FEATURE:1cxx_defaulted_functions
    Feature record: CXX_FEATURE:1cxx_defaulted_move_initializers
    Feature record: CXX_FEATURE:1cxx_delegating_constructors
    Feature record: CXX_FEATURE:1cxx_deleted_functions
    Feature record: CXX_FEATURE:1cxx_digit_separators
    Feature record: CXX_FEATURE:1cxx_enum_forward_declarations
    Feature record: CXX_FEATURE:1cxx_explicit_conversions
    Feature record: CXX_FEATURE:1cxx_extended_friend_declarations
    Feature record: CXX_FEATURE:1cxx_extern_templates
    Feature record: CXX_FEATURE:1cxx_final
    Feature record: CXX_FEATURE:1cxx_func_identifier
    Feature record: CXX_FEATURE:1cxx_generalized_initializers
    Feature record: CXX_FEATURE:1cxx_generic_lambdas
    Feature record: CXX_FEATURE:1cxx_inheriting_constructors
    Feature record: CXX_FEATURE:1cxx_inline_namespaces
    Feature record: CXX_FEATURE:1cxx_lambdas
    Feature record: CXX_FEATURE:1cxx_lambda_init_captures
    Feature record: CXX_FEATURE:1cxx_local_type_template_args
    Feature record: CXX_FEATURE:1cxx_long_long_type
    Feature record: CXX_FEATURE:1cxx_noexcept
    Feature record: CXX_FEATURE:1cxx_nonstatic_member_init
    Feature record: CXX_FEATURE:1cxx_nullptr
    Feature record: CXX_FEATURE:1cxx_override
    Feature record: CXX_FEATURE:1cxx_range_for
    Feature record: CXX_FEATURE:1cxx_raw_string_literals
    Feature record: CXX_FEATURE:1cxx_reference_qualified_functions
    Feature record: CXX_FEATURE:1cxx_relaxed_constexpr
    Feature record: CXX_FEATURE:1cxx_return_type_deduction
    Feature record: CXX_FEATURE:1cxx_right_angle_brackets
    Feature record: CXX_FEATURE:1cxx_rvalue_references
    Feature record: CXX_FEATURE:1cxx_sizeof_member
    Feature record: CXX_FEATURE:1cxx_static_assert
    Feature record: CXX_FEATURE:1cxx_strong_enums
    Feature record: CXX_FEATURE:1cxx_template_template_parameters
    Feature record: CXX_FEATURE:1cxx_thread_local
    Feature record: CXX_FEATURE:1cxx_trailing_return_types
    Feature record: CXX_FEATURE:1cxx_unicode_literals
    Feature record: CXX_FEATURE:1cxx_uniform_initialization
    Feature record: CXX_FEATURE:1cxx_unrestricted_unions
    Feature record: CXX_FEATURE:1cxx_user_literals
    Feature record: CXX_FEATURE:1cxx_variable_templates
    Feature record: CXX_FEATURE:1cxx_variadic_macros
    Feature record: CXX_FEATURE:1cxx_variadic_templates


Detecting CXX [-std=c++14] compiler features compiled with the following output:
Change Dir: /home/vvdn/linphone/linphone-android-arpit/WORK/android-armv7/Build/ortp/CMakeFiles/CMakeTmp

Run Build Command:"/usr/bin/make" "cmTC_bd369/fast"
make[4]: Entering directory `/home/vvdn/linphone/linphone-android-arpit/WORK/android-armv7/Build/ortp/CMakeFiles/CMakeTmp'
/usr/bin/make -f CMakeFiles/cmTC_bd369.dir/build.make CMakeFiles/cmTC_bd369.dir/build
make[5]: Entering directory `/home/vvdn/linphone/linphone-android-arpit/WORK/android-armv7/Build/ortp/CMakeFiles/CMakeTmp'
Building CXX object CMakeFiles/cmTC_bd369.dir/feature_tests.cxx.o
/home/vvdn/android-ndk-r14b/toolchains/llvm/prebuilt/linux-x86_64/bin/clang++ --target=armv7-none-linux-androideabi --gcc-toolchain=/home/vvdn/android-ndk-r14b/toolchains/arm-linux-androideabi-4.9/prebuilt/linux-x86_64 --sysroot=/home/vvdn/android-ndk-r14b/platforms/android-14/arch-arm   -isystem /home/vvdn/android-ndk-r14b/sources/cxx-stl/gnu-libstdc++/4.9/include -isystem /home/vvdn/android-ndk-r14b/sources/cxx-stl/gnu-libstdc++/4.9/libs/armeabi-v7a/include -isystem /home/vvdn/android-ndk-r14b/sources/cxx-stl/gnu-libstdc++/4.9/include/backward -isystem /home/vvdn/android-ndk-r14b/platforms/android-14/arch-arm/usr/include  -march=armv7-a -mthumb -mfpu=neon -mfloat-abi=softfp -funwind-tables -no-canonical-prefixes -fexceptions -frtti  -g   -std=c++14 -o CMakeFiles/cmTC_bd369.dir/feature_tests.cxx.o -c /home/vvdn/linphone/linphone-android-arpit/WORK/android-armv7/Build/ortp/CMakeFiles/feature_tests.cxx
Linking CXX executable cmTC_bd369
/usr/local/bin/cmake -E cmake_link_script CMakeFiles/cmTC_bd369.dir/link.txt --verbose=1
/home/vvdn/android-ndk-r14b/toolchains/llvm/prebuilt/linux-x86_64/bin/clang++ --target=armv7-none-linux-androideabi --gcc-toolchain=/home/vvdn/android-ndk-r14b/toolchains/arm-linux-androideabi-4.9/prebuilt/linux-x86_64 --sysroot=/home/vvdn/android-ndk-r14b/platforms/android-14/arch-arm  -march=armv7-a -mthumb -mfpu=neon -mfloat-abi=softfp -funwind-tables -no-canonical-prefixes -fexceptions -frtti  -g  -Wl,--fix-cortex-a8  -Wl,--gc-sections -Wl,-z,nocopyreloc  CMakeFiles/cmTC_bd369.dir/feature_tests.cxx.o  -o cmTC_bd369  "/home/vvdn/android-ndk-r14b/sources/cxx-stl/gnu-libstdc++/4.9/libs/armeabi-v7a/libgnustl_shared.so" 
make[5]: Leaving directory `/home/vvdn/linphone/linphone-android-arpit/WORK/android-armv7/Build/ortp/CMakeFiles/CMakeTmp'
make[4]: Leaving directory `/home/vvdn/linphone/linphone-android-arpit/WORK/android-armv7/Build/ortp/CMakeFiles/CMakeTmp'


    Feature record: CXX_FEATURE:1cxx_aggregate_default_initializers
    Feature record: CXX_FEATURE:1cxx_alias_templates
    Feature record: CXX_FEATURE:1cxx_alignas
    Feature record: CXX_FEATURE:1cxx_alignof
    Feature record: CXX_FEATURE:1cxx_attributes
    Feature record: CXX_FEATURE:1cxx_attribute_deprecated
    Feature record: CXX_FEATURE:1cxx_auto_type
    Feature record: CXX_FEATURE:1cxx_binary_literals
    Feature record: CXX_FEATURE:1cxx_constexpr
    Feature record: CXX_FEATURE:1cxx_contextual_conversions
    Feature record: CXX_FEATURE:1cxx_decltype
    Feature record: CXX_FEATURE:1cxx_decltype_auto
    Feature record: CXX_FEATURE:1cxx_decltype_incomplete_return_types
    Feature record: CXX_FEATURE:1cxx_default_function_template_args
    Feature record: CXX_FEATURE:1cxx_defaulted_functions
    Feature record: CXX_FEATURE:1cxx_defaulted_move_initializers
    Feature record: CXX_FEATURE:1cxx_delegating_constructors
    Feature record: CXX_FEATURE:1cxx_deleted_functions
    Feature record: CXX_FEATURE:1cxx_digit_separators
    Feature record: CXX_FEATURE:1cxx_enum_forward_declarations
    Feature record: CXX_FEATURE:1cxx_explicit_conversions
    Feature record: CXX_FEATURE:1cxx_extended_friend_declarations
    Feature record: CXX_FEATURE:1cxx_extern_templates
    Feature record: CXX_FEATURE:1cxx_final
    Feature record: CXX_FEATURE:1cxx_func_identifier
    Feature record: CXX_FEATURE:1cxx_generalized_initializers
    Feature record: CXX_FEATURE:1cxx_generic_lambdas
    Feature record: CXX_FEATURE:1cxx_inheriting_constructors
    Feature record: CXX_FEATURE:1cxx_inline_namespaces
    Feature record: CXX_FEATURE:1cxx_lambdas
    Feature record: CXX_FEATURE:1cxx_lambda_init_captures
    Feature record: CXX_FEATURE:1cxx_local_type_template_args
    Feature record: CXX_FEATURE:1cxx_long_long_type
    Feature record: CXX_FEATURE:1cxx_noexcept
    Feature record: CXX_FEATURE:1cxx_nonstatic_member_init
    Feature record: CXX_FEATURE:1cxx_nullptr
    Feature record: CXX_FEATURE:1cxx_override
    Feature record: CXX_FEATURE:1cxx_range_for
    Feature record: CXX_FEATURE:1cxx_raw_string_literals
    Feature record: CXX_FEATURE:1cxx_reference_qualified_functions
    Feature record: CXX_FEATURE:1cxx_relaxed_constexpr
    Feature record: CXX_FEATURE:1cxx_return_type_deduction
    Feature record: CXX_FEATURE:1cxx_right_angle_brackets
    Feature record: CXX_FEATURE:1cxx_rvalue_references
    Feature record: CXX_FEATURE:1cxx_sizeof_member
    Feature record: CXX_FEATURE:1cxx_static_assert
    Feature record: CXX_FEATURE:1cxx_strong_enums
    Feature record: CXX_FEATURE:1cxx_template_template_parameters
    Feature record: CXX_FEATURE:1cxx_thread_local
    Feature record: CXX_FEATURE:1cxx_trailing_return_types
    Feature record: CXX_FEATURE:1cxx_unicode_literals
    Feature record: CXX_FEATURE:1cxx_uniform_initialization
    Feature record: CXX_FEATURE:1cxx_unrestricted_unions
    Feature record: CXX_FEATURE:1cxx_user_literals
    Feature record: CXX_FEATURE:1cxx_variable_templates
    Feature record: CXX_FEATURE:1cxx_variadic_macros
    Feature record: CXX_FEATURE:1cxx_variadic_templates


Detecting CXX [-std=c++11] compiler features compiled with the following output:
Change Dir: /home/vvdn/linphone/linphone-android-arpit/WORK/android-armv7/Build/ortp/CMakeFiles/CMakeTmp

Run Build Command:"/usr/bin/make" "cmTC_d010c/fast"
make[4]: Entering directory `/home/vvdn/linphone/linphone-android-arpit/WORK/android-armv7/Build/ortp/CMakeFiles/CMakeTmp'
/usr/bin/make -f CMakeFiles/cmTC_d010c.dir/build.make CMakeFiles/cmTC_d010c.dir/build
make[5]: Entering directory `/home/vvdn/linphone/linphone-android-arpit/WORK/android-armv7/Build/ortp/CMakeFiles/CMakeTmp'
Building CXX object CMakeFiles/cmTC_d010c.dir/feature_tests.cxx.o
/home/vvdn/android-ndk-r14b/toolchains/llvm/prebuilt/linux-x86_64/bin/clang++ --target=armv7-none-linux-androideabi --gcc-toolchain=/home/vvdn/android-ndk-r14b/toolchains/arm-linux-androideabi-4.9/prebuilt/linux-x86_64 --sysroot=/home/vvdn/android-ndk-r14b/platforms/android-14/arch-arm   -isystem /home/vvdn/android-ndk-r14b/sources/cxx-stl/gnu-libstdc++/4.9/include -isystem /home/vvdn/android-ndk-r14b/sources/cxx-stl/gnu-libstdc++/4.9/libs/armeabi-v7a/include -isystem /home/vvdn/android-ndk-r14b/sources/cxx-stl/gnu-libstdc++/4.9/include/backward -isystem /home/vvdn/android-ndk-r14b/platforms/android-14/arch-arm/usr/include  -march=armv7-a -mthumb -mfpu=neon -mfloat-abi=softfp -funwind-tables -no-canonical-prefixes -fexceptions -frtti  -g   -std=c++11 -o CMakeFiles/cmTC_d010c.dir/feature_tests.cxx.o -c /home/vvdn/linphone/linphone-android-arpit/WORK/android-armv7/Build/ortp/CMakeFiles/feature_tests.cxx
Linking CXX executable cmTC_d010c
/usr/local/bin/cmake -E cmake_link_script CMakeFiles/cmTC_d010c.dir/link.txt --verbose=1
/home/vvdn/android-ndk-r14b/toolchains/llvm/prebuilt/linux-x86_64/bin/clang++ --target=armv7-none-linux-androideabi --gcc-toolchain=/home/vvdn/android-ndk-r14b/toolchains/arm-linux-androideabi-4.9/prebuilt/linux-x86_64 --sysroot=/home/vvdn/android-ndk-r14b/platforms/android-14/arch-arm  -march=armv7-a -mthumb -mfpu=neon -mfloat-abi=softfp -funwind-tables -no-canonical-prefixes -fexceptions -frtti  -g  -Wl,--fix-cortex-a8  -Wl,--gc-sections -Wl,-z,nocopyreloc  CMakeFiles/cmTC_d010c.dir/feature_tests.cxx.o  -o cmTC_d010c  "/home/vvdn/android-ndk-r14b/sources/cxx-stl/gnu-libstdc++/4.9/libs/armeabi-v7a/libgnustl_shared.so" 
make[5]: Leaving directory `/home/vvdn/linphone/linphone-android-arpit/WORK/android-armv7/Build/ortp/CMakeFiles/CMakeTmp'
make[4]: Leaving directory `/home/vvdn/linphone/linphone-android-arpit/WORK/android-armv7/Build/ortp/CMakeFiles/CMakeTmp'


    Feature record: CXX_FEATURE:0cxx_aggregate_default_initializers
    Feature record: CXX_FEATURE:1cxx_alias_templates
    Feature record: CXX_FEATURE:1cxx_alignas
    Feature record: CXX_FEATURE:1cxx_alignof
    Feature record: CXX_FEATURE:1cxx_attributes
    Feature record: CXX_FEATURE:0cxx_attribute_deprecated
    Feature record: CXX_FEATURE:1cxx_auto_type
    Feature record: CXX_FEATURE:0cxx_binary_literals
    Feature record: CXX_FEATURE:1cxx_constexpr
    Feature record: CXX_FEATURE:0cxx_contextual_conversions
    Feature record: CXX_FEATURE:1cxx_decltype
    Feature record: CXX_FEATURE:0cxx_decltype_auto
    Feature record: CXX_FEATURE:1cxx_decltype_incomplete_return_types
    Feature record: CXX_FEATURE:1cxx_default_function_template_args
    Feature record: CXX_FEATURE:1cxx_defaulted_functions
    Feature record: CXX_FEATURE:1cxx_defaulted_move_initializers
    Feature record: CXX_FEATURE:1cxx_delegating_constructors
    Feature record: CXX_FEATURE:1cxx_deleted_functions
    Feature record: CXX_FEATURE:0cxx_digit_separators
    Feature record: CXX_FEATURE:1cxx_enum_forward_declarations
    Feature record: CXX_FEATURE:1cxx_explicit_conversions
    Feature record: CXX_FEATURE:1cxx_extended_friend_declarations
    Feature record: CXX_FEATURE:1cxx_extern_templates
    Feature record: CXX_FEATURE:1cxx_final
    Feature record: CXX_FEATURE:1cxx_func_identifier
    Feature record: CXX_FEATURE:1cxx_generalized_initializers
    Feature record: CXX_FEATURE:0cxx_generic_lambdas
    Feature record: CXX_FEATURE:1cxx_inheriting_constructors
    Feature record: CXX_FEATURE:1cxx_inline_namespaces
    Feature record: CXX_FEATURE:1cxx_lambdas
    Feature record: CXX_FEATURE:0cxx_lambda_init_captures
    Feature record: CXX_FEATURE:1cxx_local_type_template_args
    Feature record: CXX_FEATURE:1cxx_long_long_type
    Feature record: CXX_FEATURE:1cxx_noexcept
    Feature record: CXX_FEATURE:1cxx_nonstatic_member_init
    Feature record: CXX_FEATURE:1cxx_nullptr
    Feature record: CXX_FEATURE:1cxx_override
    Feature record: CXX_FEATURE:1cxx_range_for
    Feature record: CXX_FEATURE:1cxx_raw_string_literals
    Feature record: CXX_FEATURE:1cxx_reference_qualified_functions
    Feature record: CXX_FEATURE:0cxx_relaxed_constexpr
    Feature record: CXX_FEATURE:0cxx_return_type_deduction
    Feature record: CXX_FEATURE:1cxx_right_angle_brackets
    Feature record: CXX_FEATURE:1cxx_rvalue_references
    Feature record: CXX_FEATURE:1cxx_sizeof_member
    Feature record: CXX_FEATURE:1cxx_static_assert
    Feature record: CXX_FEATURE:1cxx_strong_enums
    Feature record: CXX_FEATURE:1cxx_template_template_parameters
    Feature record: CXX_FEATURE:1cxx_thread_local
    Feature record: CXX_FEATURE:1cxx_trailing_return_types
    Feature record: CXX_FEATURE:1cxx_unicode_literals
    Feature record: CXX_FEATURE:1cxx_uniform_initialization
    Feature record: CXX_FEATURE:1cxx_unrestricted_unions
    Feature record: CXX_FEATURE:1cxx_user_literals
    Feature record: CXX_FEATURE:0cxx_variable_templates
    Feature record: CXX_FEATURE:1cxx_variadic_macros
    Feature record: CXX_FEATURE:1cxx_variadic_templates


Detecting CXX [-std=c++98] compiler features compiled with the following output:
Change Dir: /home/vvdn/linphone/linphone-android-arpit/WORK/android-armv7/Build/ortp/CMakeFiles/CMakeTmp

Run Build Command:"/usr/bin/make" "cmTC_222ca/fast"
make[4]: Entering directory `/home/vvdn/linphone/linphone-android-arpit/WORK/android-armv7/Build/ortp/CMakeFiles/CMakeTmp'
/usr/bin/make -f CMakeFiles/cmTC_222ca.dir/build.make CMakeFiles/cmTC_222ca.dir/build
make[5]: Entering directory `/home/vvdn/linphone/linphone-android-arpit/WORK/android-armv7/Build/ortp/CMakeFiles/CMakeTmp'
Building CXX object CMakeFiles/cmTC_222ca.dir/feature_tests.cxx.o
/home/vvdn/android-ndk-r14b/toolchains/llvm/prebuilt/linux-x86_64/bin/clang++ --target=armv7-none-linux-androideabi --gcc-toolchain=/home/vvdn/android-ndk-r14b/toolchains/arm-linux-androideabi-4.9/prebuilt/linux-x86_64 --sysroot=/home/vvdn/android-ndk-r14b/platforms/android-14/arch-arm   -isystem /home/vvdn/android-ndk-r14b/sources/cxx-stl/gnu-libstdc++/4.9/include -isystem /home/vvdn/android-ndk-r14b/sources/cxx-stl/gnu-libstdc++/4.9/libs/armeabi-v7a/include -isystem /home/vvdn/android-ndk-r14b/sources/cxx-stl/gnu-libstdc++/4.9/include/backward -isystem /home/vvdn/android-ndk-r14b/platforms/android-14/arch-arm/usr/include  -march=armv7-a -mthumb -mfpu=neon -mfloat-abi=softfp -funwind-tables -no-canonical-prefixes -fexceptions -frtti  -g   -std=c++98 -o CMakeFiles/cmTC_222ca.dir/feature_tests.cxx.o -c /home/vvdn/linphone/linphone-android-arpit/WORK/android-armv7/Build/ortp/CMakeFiles/feature_tests.cxx
Linking CXX executable cmTC_222ca
/usr/local/bin/cmake -E cmake_link_script CMakeFiles/cmTC_222ca.dir/link.txt --verbose=1
/home/vvdn/android-ndk-r14b/toolchains/llvm/prebuilt/linux-x86_64/bin/clang++ --target=armv7-none-linux-androideabi --gcc-toolchain=/home/vvdn/android-ndk-r14b/toolchains/arm-linux-androideabi-4.9/prebuilt/linux-x86_64 --sysroot=/home/vvdn/android-ndk-r14b/platforms/android-14/arch-arm  -march=armv7-a -mthumb -mfpu=neon -mfloat-abi=softfp -funwind-tables -no-canonical-prefixes -fexceptions -frtti  -g  -Wl,--fix-cortex-a8  -Wl,--gc-sections -Wl,-z,nocopyreloc  CMakeFiles/cmTC_222ca.dir/feature_tests.cxx.o  -o cmTC_222ca  "/home/vvdn/android-ndk-r14b/sources/cxx-stl/gnu-libstdc++/4.9/libs/armeabi-v7a/libgnustl_shared.so" 
make[5]: Leaving directory `/home/vvdn/linphone/linphone-android-arpit/WORK/android-armv7/Build/ortp/CMakeFiles/CMakeTmp'
make[4]: Leaving directory `/home/vvdn/linphone/linphone-android-arpit/WORK/android-armv7/Build/ortp/CMakeFiles/CMakeTmp'


    Feature record: CXX_FEATURE:0cxx_aggregate_default_initializers
    Feature record: CXX_FEATURE:0cxx_alias_templates
    Feature record: CXX_FEATURE:0cxx_alignas
    Feature record: CXX_FEATURE:0cxx_alignof
    Feature record: CXX_FEATURE:0cxx_attributes
    Feature record: CXX_FEATURE:0cxx_attribute_deprecated
    Feature record: CXX_FEATURE:0cxx_auto_type
    Feature record: CXX_FEATURE:0cxx_binary_literals
    Feature record: CXX_FEATURE:0cxx_constexpr
    Feature record: CXX_FEATURE:0cxx_contextual_conversions
    Feature record: CXX_FEATURE:0cxx_decltype
    Feature record: CXX_FEATURE:0cxx_decltype_auto
    Feature record: CXX_FEATURE:0cxx_decltype_incomplete_return_types
    Feature record: CXX_FEATURE:0cxx_default_function_template_args
    Feature record: CXX_FEATURE:0cxx_defaulted_functions
    Feature record: CXX_FEATURE:0cxx_defaulted_move_initializers
    Feature record: CXX_FEATURE:0cxx_delegating_constructors
    Feature record: CXX_FEATURE:0cxx_deleted_functions
    Feature record: CXX_FEATURE:0cxx_digit_separators
    Feature record: CXX_FEATURE:0cxx_enum_forward_declarations
    Feature record: CXX_FEATURE:0cxx_explicit_conversions
    Feature record: CXX_FEATURE:0cxx_extended_friend_declarations
    Feature record: CXX_FEATURE:0cxx_extern_templates
    Feature record: CXX_FEATURE:0cxx_final
    Feature record: CXX_FEATURE:0cxx_func_identifier
    Feature record: CXX_FEATURE:0cxx_generalized_initializers
    Feature record: CXX_FEATURE:0cxx_generic_lambdas
    Feature record: CXX_FEATURE:0cxx_inheriting_constructors
    Feature record: CXX_FEATURE:0cxx_inline_namespaces
    Feature record: CXX_FEATURE:0cxx_lambdas
    Feature record: CXX_FEATURE:0cxx_lambda_init_captures
    Feature record: CXX_FEATURE:0cxx_local_type_template_args
    Feature record: CXX_FEATURE:0cxx_long_long_type
    Feature record: CXX_FEATURE:0cxx_noexcept
    Feature record: CXX_FEATURE:0cxx_nonstatic_member_init
    Feature record: CXX_FEATURE:0cxx_nullptr
    Feature record: CXX_FEATURE:0cxx_override
    Feature record: CXX_FEATURE:0cxx_range_for
    Feature record: CXX_FEATURE:0cxx_raw_string_literals
    Feature record: CXX_FEATURE:0cxx_reference_qualified_functions
    Feature record: CXX_FEATURE:0cxx_relaxed_constexpr
    Feature record: CXX_FEATURE:0cxx_return_type_deduction
    Feature record: CXX_FEATURE:0cxx_right_angle_brackets
    Feature record: CXX_FEATURE:0cxx_rvalue_references
    Feature record: CXX_FEATURE:0cxx_sizeof_member
    Feature record: CXX_FEATURE:0cxx_static_assert
    Feature record: CXX_FEATURE:0cxx_strong_enums
    Feature record: CXX_FEATURE:1cxx_template_template_parameters
    Feature record: CXX_FEATURE:0cxx_thread_local
    Feature record: CXX_FEATURE:0cxx_trailing_return_types
    Feature record: CXX_FEATURE:0cxx_unicode_literals
    Feature record: CXX_FEATURE:0cxx_uniform_initialization
    Feature record: CXX_FEATURE:0cxx_unrestricted_unions
    Feature record: CXX_FEATURE:0cxx_user_literals
    Feature record: CXX_FEATURE:0cxx_variable_templates
    Feature record: CXX_FEATURE:0cxx_variadic_macros
    Feature record: CXX_FEATURE:0cxx_variadic_templates
Determining if the include file pthread.h exists passed with the following output:
Change Dir: /home/vvdn/linphone/linphone-android-arpit/WORK/android-armv7/Build/ortp/CMakeFiles/CMakeTmp

Run Build Command:"/usr/bin/make" "cmTC_9801e/fast"
make[4]: Entering directory `/home/vvdn/linphone/linphone-android-arpit/WORK/android-armv7/Build/ortp/CMakeFiles/CMakeTmp'
/usr/bin/make -f CMakeFiles/cmTC_9801e.dir/build.make CMakeFiles/cmTC_9801e.dir/build
make[5]: Entering directory `/home/vvdn/linphone/linphone-android-arpit/WORK/android-armv7/Build/ortp/CMakeFiles/CMakeTmp'
Building C object CMakeFiles/cmTC_9801e.dir/CheckIncludeFile.c.o
/home/vvdn/android-ndk-r14b/toolchains/llvm/prebuilt/linux-x86_64/bin/clang --target=armv7-none-linux-androideabi --gcc-toolchain=/home/vvdn/android-ndk-r14b/toolchains/arm-linux-androideabi-4.9/prebuilt/linux-x86_64 --sysroot=/home/vvdn/android-ndk-r14b/platforms/android-14/arch-arm  -isystem /home/vvdn/android-ndk-r14b/platforms/android-14/arch-arm/usr/include  -march=armv7-a -mthumb -mfpu=neon -mfloat-abi=softfp -funwind-tables -no-canonical-prefixes -fexceptions  -g   -o CMakeFiles/cmTC_9801e.dir/CheckIncludeFile.c.o   -c /home/vvdn/linphone/linphone-android-arpit/WORK/android-armv7/Build/ortp/CMakeFiles/CMakeTmp/CheckIncludeFile.c
Linking C executable cmTC_9801e
/usr/local/bin/cmake -E cmake_link_script CMakeFiles/cmTC_9801e.dir/link.txt --verbose=1
/home/vvdn/android-ndk-r14b/toolchains/llvm/prebuilt/linux-x86_64/bin/clang --target=armv7-none-linux-androideabi --gcc-toolchain=/home/vvdn/android-ndk-r14b/toolchains/arm-linux-androideabi-4.9/prebuilt/linux-x86_64 --sysroot=/home/vvdn/android-ndk-r14b/platforms/android-14/arch-arm -march=armv7-a -mthumb -mfpu=neon -mfloat-abi=softfp -funwind-tables -no-canonical-prefixes -fexceptions  -g  -Wl,--fix-cortex-a8  -Wl,--gc-sections -Wl,-z,nocopyreloc  CMakeFiles/cmTC_9801e.dir/CheckIncludeFile.c.o  -o cmTC_9801e 
make[5]: Leaving directory `/home/vvdn/linphone/linphone-android-arpit/WORK/android-armv7/Build/ortp/CMakeFiles/CMakeTmp'
make[4]: Leaving directory `/home/vvdn/linphone/linphone-android-arpit/WORK/android-armv7/Build/ortp/CMakeFiles/CMakeTmp'


Determining if the pthread_create exist passed with the following output:
Change Dir: /home/vvdn/linphone/linphone-android-arpit/WORK/android-armv7/Build/ortp/CMakeFiles/CMakeTmp

Run Build Command:"/usr/bin/make" "cmTC_77e5c/fast"
make[4]: Entering directory `/home/vvdn/linphone/linphone-android-arpit/WORK/android-armv7/Build/ortp/CMakeFiles/CMakeTmp'
/usr/bin/make -f CMakeFiles/cmTC_77e5c.dir/build.make CMakeFiles/cmTC_77e5c.dir/build
make[5]: Entering directory `/home/vvdn/linphone/linphone-android-arpit/WORK/android-armv7/Build/ortp/CMakeFiles/CMakeTmp'
Building C object CMakeFiles/cmTC_77e5c.dir/CheckSymbolExists.c.o
/home/vvdn/android-ndk-r14b/toolchains/llvm/prebuilt/linux-x86_64/bin/clang --target=armv7-none-linux-androideabi --gcc-toolchain=/home/vvdn/android-ndk-r14b/toolchains/arm-linux-androideabi-4.9/prebuilt/linux-x86_64 --sysroot=/home/vvdn/android-ndk-r14b/platforms/android-14/arch-arm  -isystem /home/vvdn/android-ndk-r14b/platforms/android-14/arch-arm/usr/include  -march=armv7-a -mthumb -mfpu=neon -mfloat-abi=softfp -funwind-tables -no-canonical-prefixes -fexceptions  -g   -o CMakeFiles/cmTC_77e5c.dir/CheckSymbolExists.c.o   -c /home/vvdn/linphone/linphone-android-arpit/WORK/android-armv7/Build/ortp/CMakeFiles/CMakeTmp/CheckSymbolExists.c
Linking C executable cmTC_77e5c
/usr/local/bin/cmake -E cmake_link_script CMakeFiles/cmTC_77e5c.dir/link.txt --verbose=1
/home/vvdn/android-ndk-r14b/toolchains/llvm/prebuilt/linux-x86_64/bin/clang --target=armv7-none-linux-androideabi --gcc-toolchain=/home/vvdn/android-ndk-r14b/toolchains/arm-linux-androideabi-4.9/prebuilt/linux-x86_64 --sysroot=/home/vvdn/android-ndk-r14b/platforms/android-14/arch-arm -march=armv7-a -mthumb -mfpu=neon -mfloat-abi=softfp -funwind-tables -no-canonical-prefixes -fexceptions  -g  -Wl,--fix-cortex-a8  -Wl,--gc-sections -Wl,-z,nocopyreloc  CMakeFiles/cmTC_77e5c.dir/CheckSymbolExists.c.o  -o cmTC_77e5c 
make[5]: Leaving directory `/home/vvdn/linphone/linphone-android-arpit/WORK/android-armv7/Build/ortp/CMakeFiles/CMakeTmp'
make[4]: Leaving directory `/home/vvdn/linphone/linphone-android-arpit/WORK/android-armv7/Build/ortp/CMakeFiles/CMakeTmp'

File /home/vvdn/linphone/linphone-android-arpit/WORK/android-armv7/Build/ortp/CMakeFiles/CMakeTmp/CheckSymbolExists.c:
/* */
#include <pthread.h>

int main(int argc, char** argv)
{
  (void)argv;
#ifndef pthread_create
  return ((int*)(&pthread_create))[argc];
#else
  (void)argc;
  return 0;
#endif
}

Determining if the include file sys/uio.h exists passed with the following output:
Change Dir: /home/vvdn/linphone/linphone-android-arpit/WORK/android-armv7/Build/ortp/CMakeFiles/CMakeTmp

Run Build Command:"/usr/bin/make" "cmTC_84722/fast"
make[4]: Entering directory `/home/vvdn/linphone/linphone-android-arpit/WORK/android-armv7/Build/ortp/CMakeFiles/CMakeTmp'
/usr/bin/make -f CMakeFiles/cmTC_84722.dir/build.make CMakeFiles/cmTC_84722.dir/build
make[5]: Entering directory `/home/vvdn/linphone/linphone-android-arpit/WORK/android-armv7/Build/ortp/CMakeFiles/CMakeTmp'
Building C object CMakeFiles/cmTC_84722.dir/CheckIncludeFile.c.o
/home/vvdn/android-ndk-r14b/toolchains/llvm/prebuilt/linux-x86_64/bin/clang --target=armv7-none-linux-androideabi --gcc-toolchain=/home/vvdn/android-ndk-r14b/toolchains/arm-linux-androideabi-4.9/prebuilt/linux-x86_64 --sysroot=/home/vvdn/android-ndk-r14b/platforms/android-14/arch-arm  -isystem /home/vvdn/android-ndk-r14b/platforms/android-14/arch-arm/usr/include  -march=armv7-a -mthumb -mfpu=neon -mfloat-abi=softfp -funwind-tables -no-canonical-prefixes -fexceptions  -g   -o CMakeFiles/cmTC_84722.dir/CheckIncludeFile.c.o   -c /home/vvdn/linphone/linphone-android-arpit/WORK/android-armv7/Build/ortp/CMakeFiles/CMakeTmp/CheckIncludeFile.c
Linking C executable cmTC_84722
/usr/local/bin/cmake -E cmake_link_script CMakeFiles/cmTC_84722.dir/link.txt --verbose=1
/home/vvdn/android-ndk-r14b/toolchains/llvm/prebuilt/linux-x86_64/bin/clang --target=armv7-none-linux-androideabi --gcc-toolchain=/home/vvdn/android-ndk-r14b/toolchains/arm-linux-androideabi-4.9/prebuilt/linux-x86_64 --sysroot=/home/vvdn/android-ndk-r14b/platforms/android-14/arch-arm -march=armv7-a -mthumb -mfpu=neon -mfloat-abi=softfp -funwind-tables -no-canonical-prefixes -fexceptions  -g  -Wl,--fix-cortex-a8  -Wl,--gc-sections -Wl,-z,nocopyreloc  CMakeFiles/cmTC_84722.dir/CheckIncludeFile.c.o  -o cmTC_84722 
make[5]: Leaving directory `/home/vvdn/linphone/linphone-android-arpit/WORK/android-armv7/Build/ortp/CMakeFiles/CMakeTmp'
make[4]: Leaving directory `/home/vvdn/linphone/linphone-android-arpit/WORK/android-armv7/Build/ortp/CMakeFiles/CMakeTmp'


Determining if the function arc4random exists passed with the following output:
Change Dir: /home/vvdn/linphone/linphone-android-arpit/WORK/android-armv7/Build/ortp/CMakeFiles/CMakeTmp

Run Build Command:"/usr/bin/make" "cmTC_cfde0/fast"
make[4]: Entering directory `/home/vvdn/linphone/linphone-android-arpit/WORK/android-armv7/Build/ortp/CMakeFiles/CMakeTmp'
/usr/bin/make -f CMakeFiles/cmTC_cfde0.dir/build.make CMakeFiles/cmTC_cfde0.dir/build
make[5]: Entering directory `/home/vvdn/linphone/linphone-android-arpit/WORK/android-armv7/Build/ortp/CMakeFiles/CMakeTmp'
Building C object CMakeFiles/cmTC_cfde0.dir/CheckFunctionExists.c.o
/home/vvdn/android-ndk-r14b/toolchains/llvm/prebuilt/linux-x86_64/bin/clang --target=armv7-none-linux-androideabi --gcc-toolchain=/home/vvdn/android-ndk-r14b/toolchains/arm-linux-androideabi-4.9/prebuilt/linux-x86_64 --sysroot=/home/vvdn/android-ndk-r14b/platforms/android-14/arch-arm  -isystem /home/vvdn/android-ndk-r14b/platforms/android-14/arch-arm/usr/include  -march=armv7-a -mthumb -mfpu=neon -mfloat-abi=softfp -funwind-tables -no-canonical-prefixes -fexceptions -DCHECK_FUNCTION_EXISTS=arc4random -g   -o CMakeFiles/cmTC_cfde0.dir/CheckFunctionExists.c.o   -c /usr/local/share/cmake-3.8/Modules/CheckFunctionExists.c
Linking C executable cmTC_cfde0
/usr/local/bin/cmake -E cmake_link_script CMakeFiles/cmTC_cfde0.dir/link.txt --verbose=1
/home/vvdn/android-ndk-r14b/toolchains/llvm/prebuilt/linux-x86_64/bin/clang --target=armv7-none-linux-androideabi --gcc-toolchain=/home/vvdn/android-ndk-r14b/toolchains/arm-linux-androideabi-4.9/prebuilt/linux-x86_64 --sysroot=/home/vvdn/android-ndk-r14b/platforms/android-14/arch-arm -march=armv7-a -mthumb -mfpu=neon -mfloat-abi=softfp -funwind-tables -no-canonical-prefixes -fexceptions -DCHECK_FUNCTION_EXISTS=arc4random -g  -Wl,--fix-cortex-a8  -Wl,--gc-sections -Wl,-z,nocopyreloc  CMakeFiles/cmTC_cfde0.dir/CheckFunctionExists.c.o  -o cmTC_cfde0 
make[5]: Leaving directory `/home/vvdn/linphone/linphone-android-arpit/WORK/android-armv7/Build/ortp/CMakeFiles/CMakeTmp'
make[4]: Leaving directory `/home/vvdn/linphone/linphone-android-arpit/WORK/android-armv7/Build/ortp/CMakeFiles/CMakeTmp'


Determining if the include file sys/types.h exists passed with the following output:
Change Dir: /home/vvdn/linphone/linphone-android-arpit/WORK/android-armv7/Build/ortp/CMakeFiles/CMakeTmp

Run Build Command:"/usr/bin/make" "cmTC_2c500/fast"
make[4]: Entering directory `/home/vvdn/linphone/linphone-android-arpit/WORK/android-armv7/Build/ortp/CMakeFiles/CMakeTmp'
/usr/bin/make -f CMakeFiles/cmTC_2c500.dir/build.make CMakeFiles/cmTC_2c500.dir/build
make[5]: Entering directory `/home/vvdn/linphone/linphone-android-arpit/WORK/android-armv7/Build/ortp/CMakeFiles/CMakeTmp'
Building C object CMakeFiles/cmTC_2c500.dir/CheckIncludeFile.c.o
/home/vvdn/android-ndk-r14b/toolchains/llvm/prebuilt/linux-x86_64/bin/clang --target=armv7-none-linux-androideabi --gcc-toolchain=/home/vvdn/android-ndk-r14b/toolchains/arm-linux-androideabi-4.9/prebuilt/linux-x86_64 --sysroot=/home/vvdn/android-ndk-r14b/platforms/android-14/arch-arm  -isystem /home/vvdn/android-ndk-r14b/platforms/android-14/arch-arm/usr/include  -march=armv7-a -mthumb -mfpu=neon -mfloat-abi=softfp -funwind-tables -no-canonical-prefixes -fexceptions  -g   -o CMakeFiles/cmTC_2c500.dir/CheckIncludeFile.c.o   -c /home/vvdn/linphone/linphone-android-arpit/WORK/android-armv7/Build/ortp/CMakeFiles/CMakeTmp/CheckIncludeFile.c
Linking C executable cmTC_2c500
/usr/local/bin/cmake -E cmake_link_script CMakeFiles/cmTC_2c500.dir/link.txt --verbose=1
/home/vvdn/android-ndk-r14b/toolchains/llvm/prebuilt/linux-x86_64/bin/clang --target=armv7-none-linux-androideabi --gcc-toolchain=/home/vvdn/android-ndk-r14b/toolchains/arm-linux-androideabi-4.9/prebuilt/linux-x86_64 --sysroot=/home/vvdn/android-ndk-r14b/platforms/android-14/arch-arm -march=armv7-a -mthumb -mfpu=neon -mfloat-abi=softfp -funwind-tables -no-canonical-prefixes -fexceptions  -g  -Wl,--fix-cortex-a8  -Wl,--gc-sections -Wl,-z,nocopyreloc  CMakeFiles/cmTC_2c500.dir/CheckIncludeFile.c.o  -o cmTC_2c500 
make[5]: Leaving directory `/home/vvdn/linphone/linphone-android-arpit/WORK/android-armv7/Build/ortp/CMakeFiles/CMakeTmp'
make[4]: Leaving directory `/home/vvdn/linphone/linphone-android-arpit/WORK/android-armv7/Build/ortp/CMakeFiles/CMakeTmp'


Determining if the include file stdint.h exists passed with the following output:
Change Dir: /home/vvdn/linphone/linphone-android-arpit/WORK/android-armv7/Build/ortp/CMakeFiles/CMakeTmp

Run Build Command:"/usr/bin/make" "cmTC_07efc/fast"
make[4]: Entering directory `/home/vvdn/linphone/linphone-android-arpit/WORK/android-armv7/Build/ortp/CMakeFiles/CMakeTmp'
/usr/bin/make -f CMakeFiles/cmTC_07efc.dir/build.make CMakeFiles/cmTC_07efc.dir/build
make[5]: Entering directory `/home/vvdn/linphone/linphone-android-arpit/WORK/android-armv7/Build/ortp/CMakeFiles/CMakeTmp'
Building C object CMakeFiles/cmTC_07efc.dir/CheckIncludeFile.c.o
/home/vvdn/android-ndk-r14b/toolchains/llvm/prebuilt/linux-x86_64/bin/clang --target=armv7-none-linux-androideabi --gcc-toolchain=/home/vvdn/android-ndk-r14b/toolchains/arm-linux-androideabi-4.9/prebuilt/linux-x86_64 --sysroot=/home/vvdn/android-ndk-r14b/platforms/android-14/arch-arm  -isystem /home/vvdn/android-ndk-r14b/platforms/android-14/arch-arm/usr/include  -march=armv7-a -mthumb -mfpu=neon -mfloat-abi=softfp -funwind-tables -no-canonical-prefixes -fexceptions  -g   -o CMakeFiles/cmTC_07efc.dir/CheckIncludeFile.c.o   -c /home/vvdn/linphone/linphone-android-arpit/WORK/android-armv7/Build/ortp/CMakeFiles/CMakeTmp/CheckIncludeFile.c
Linking C executable cmTC_07efc
/usr/local/bin/cmake -E cmake_link_script CMakeFiles/cmTC_07efc.dir/link.txt --verbose=1
/home/vvdn/android-ndk-r14b/toolchains/llvm/prebuilt/linux-x86_64/bin/clang --target=armv7-none-linux-androideabi --gcc-toolchain=/home/vvdn/android-ndk-r14b/toolchains/arm-linux-androideabi-4.9/prebuilt/linux-x86_64 --sysroot=/home/vvdn/android-ndk-r14b/platforms/android-14/arch-arm -march=armv7-a -mthumb -mfpu=neon -mfloat-abi=softfp -funwind-tables -no-canonical-prefixes -fexceptions  -g  -Wl,--fix-cortex-a8  -Wl,--gc-sections -Wl,-z,nocopyreloc  CMakeFiles/cmTC_07efc.dir/CheckIncludeFile.c.o  -o cmTC_07efc 
make[5]: Leaving directory `/home/vvdn/linphone/linphone-android-arpit/WORK/android-armv7/Build/ortp/CMakeFiles/CMakeTmp'
make[4]: Leaving directory `/home/vvdn/linphone/linphone-android-arpit/WORK/android-armv7/Build/ortp/CMakeFiles/CMakeTmp'


Determining if the include file stddef.h exists passed with the following output:
Change Dir: /home/vvdn/linphone/linphone-android-arpit/WORK/android-armv7/Build/ortp/CMakeFiles/CMakeTmp

Run Build Command:"/usr/bin/make" "cmTC_f9720/fast"
make[4]: Entering directory `/home/vvdn/linphone/linphone-android-arpit/WORK/android-armv7/Build/ortp/CMakeFiles/CMakeTmp'
/usr/bin/make -f CMakeFiles/cmTC_f9720.dir/build.make CMakeFiles/cmTC_f9720.dir/build
make[5]: Entering directory `/home/vvdn/linphone/linphone-android-arpit/WORK/android-armv7/Build/ortp/CMakeFiles/CMakeTmp'
Building C object CMakeFiles/cmTC_f9720.dir/CheckIncludeFile.c.o
/home/vvdn/android-ndk-r14b/toolchains/llvm/prebuilt/linux-x86_64/bin/clang --target=armv7-none-linux-androideabi --gcc-toolchain=/home/vvdn/android-ndk-r14b/toolchains/arm-linux-androideabi-4.9/prebuilt/linux-x86_64 --sysroot=/home/vvdn/android-ndk-r14b/platforms/android-14/arch-arm  -isystem /home/vvdn/android-ndk-r14b/platforms/android-14/arch-arm/usr/include  -march=armv7-a -mthumb -mfpu=neon -mfloat-abi=softfp -funwind-tables -no-canonical-prefixes -fexceptions  -g   -o CMakeFiles/cmTC_f9720.dir/CheckIncludeFile.c.o   -c /home/vvdn/linphone/linphone-android-arpit/WORK/android-armv7/Build/ortp/CMakeFiles/CMakeTmp/CheckIncludeFile.c
Linking C executable cmTC_f9720
/usr/local/bin/cmake -E cmake_link_script CMakeFiles/cmTC_f9720.dir/link.txt --verbose=1
/home/vvdn/android-ndk-r14b/toolchains/llvm/prebuilt/linux-x86_64/bin/clang --target=armv7-none-linux-androideabi --gcc-toolchain=/home/vvdn/android-ndk-r14b/toolchains/arm-linux-androideabi-4.9/prebuilt/linux-x86_64 --sysroot=/home/vvdn/android-ndk-r14b/platforms/android-14/arch-arm -march=armv7-a -mthumb -mfpu=neon -mfloat-abi=softfp -funwind-tables -no-canonical-prefixes -fexceptions  -g  -Wl,--fix-cortex-a8  -Wl,--gc-sections -Wl,-z,nocopyreloc  CMakeFiles/cmTC_f9720.dir/CheckIncludeFile.c.o  -o cmTC_f9720 
make[5]: Leaving directory `/home/vvdn/linphone/linphone-android-arpit/WORK/android-armv7/Build/ortp/CMakeFiles/CMakeTmp'
make[4]: Leaving directory `/home/vvdn/linphone/linphone-android-arpit/WORK/android-armv7/Build/ortp/CMakeFiles/CMakeTmp'


Determining size of unsigned short passed with the following output:
Change Dir: /home/vvdn/linphone/linphone-android-arpit/WORK/android-armv7/Build/ortp/CMakeFiles/CMakeTmp

Run Build Command:"/usr/bin/make" "cmTC_d6a43/fast"
make[4]: Entering directory `/home/vvdn/linphone/linphone-android-arpit/WORK/android-armv7/Build/ortp/CMakeFiles/CMakeTmp'
/usr/bin/make -f CMakeFiles/cmTC_d6a43.dir/build.make CMakeFiles/cmTC_d6a43.dir/build
make[5]: Entering directory `/home/vvdn/linphone/linphone-android-arpit/WORK/android-armv7/Build/ortp/CMakeFiles/CMakeTmp'
Building C object CMakeFiles/cmTC_d6a43.dir/CMAKE_SIZEOF_UNSIGNED_SHORT.c.o
/home/vvdn/android-ndk-r14b/toolchains/llvm/prebuilt/linux-x86_64/bin/clang --target=armv7-none-linux-androideabi --gcc-toolchain=/home/vvdn/android-ndk-r14b/toolchains/arm-linux-androideabi-4.9/prebuilt/linux-x86_64 --sysroot=/home/vvdn/android-ndk-r14b/platforms/android-14/arch-arm  -isystem /home/vvdn/android-ndk-r14b/platforms/android-14/arch-arm/usr/include  -march=armv7-a -mthumb -mfpu=neon -mfloat-abi=softfp -funwind-tables -no-canonical-prefixes -fexceptions  -g   -o CMakeFiles/cmTC_d6a43.dir/CMAKE_SIZEOF_UNSIGNED_SHORT.c.o   -c /home/vvdn/linphone/linphone-android-arpit/WORK/android-armv7/Build/ortp/CMakeFiles/CheckTypeSize/CMAKE_SIZEOF_UNSIGNED_SHORT.c
Linking C executable cmTC_d6a43
/usr/local/bin/cmake -E cmake_link_script CMakeFiles/cmTC_d6a43.dir/link.txt --verbose=1
/home/vvdn/android-ndk-r14b/toolchains/llvm/prebuilt/linux-x86_64/bin/clang --target=armv7-none-linux-androideabi --gcc-toolchain=/home/vvdn/android-ndk-r14b/toolchains/arm-linux-androideabi-4.9/prebuilt/linux-x86_64 --sysroot=/home/vvdn/android-ndk-r14b/platforms/android-14/arch-arm -march=armv7-a -mthumb -mfpu=neon -mfloat-abi=softfp -funwind-tables -no-canonical-prefixes -fexceptions  -g  -Wl,--fix-cortex-a8  -Wl,--gc-sections -Wl,-z,nocopyreloc  CMakeFiles/cmTC_d6a43.dir/CMAKE_SIZEOF_UNSIGNED_SHORT.c.o  -o cmTC_d6a43 
make[5]: Leaving directory `/home/vvdn/linphone/linphone-android-arpit/WORK/android-armv7/Build/ortp/CMakeFiles/CMakeTmp'
make[4]: Leaving directory `/home/vvdn/linphone/linphone-android-arpit/WORK/android-armv7/Build/ortp/CMakeFiles/CMakeTmp'


Determining if the system is big endian passed with the following output:
Change Dir: /home/vvdn/linphone/linphone-android-arpit/WORK/android-armv7/Build/ortp/CMakeFiles/CMakeTmp

Run Build Command:"/usr/bin/make" "cmTC_2303e/fast"
make[4]: Entering directory `/home/vvdn/linphone/linphone-android-arpit/WORK/android-armv7/Build/ortp/CMakeFiles/CMakeTmp'
/usr/bin/make -f CMakeFiles/cmTC_2303e.dir/build.make CMakeFiles/cmTC_2303e.dir/build
make[5]: Entering directory `/home/vvdn/linphone/linphone-android-arpit/WORK/android-armv7/Build/ortp/CMakeFiles/CMakeTmp'
Building C object CMakeFiles/cmTC_2303e.dir/TestEndianess.c.o
/home/vvdn/android-ndk-r14b/toolchains/llvm/prebuilt/linux-x86_64/bin/clang --target=armv7-none-linux-androideabi --gcc-toolchain=/home/vvdn/android-ndk-r14b/toolchains/arm-linux-androideabi-4.9/prebuilt/linux-x86_64 --sysroot=/home/vvdn/android-ndk-r14b/platforms/android-14/arch-arm  -isystem /home/vvdn/android-ndk-r14b/platforms/android-14/arch-arm/usr/include  -march=armv7-a -mthumb -mfpu=neon -mfloat-abi=softfp -funwind-tables -no-canonical-prefixes -fexceptions  -g   -o CMakeFiles/cmTC_2303e.dir/TestEndianess.c.o   -c /home/vvdn/linphone/linphone-android-arpit/WORK/android-armv7/Build/ortp/CMakeFiles/CMakeTmp/TestEndianess.c
Linking C executable cmTC_2303e
/usr/local/bin/cmake -E cmake_link_script CMakeFiles/cmTC_2303e.dir/link.txt --verbose=1
/home/vvdn/android-ndk-r14b/toolchains/llvm/prebuilt/linux-x86_64/bin/clang --target=armv7-none-linux-androideabi --gcc-toolchain=/home/vvdn/android-ndk-r14b/toolchains/arm-linux-androideabi-4.9/prebuilt/linux-x86_64 --sysroot=/home/vvdn/android-ndk-r14b/platforms/android-14/arch-arm -march=armv7-a -mthumb -mfpu=neon -mfloat-abi=softfp -funwind-tables -no-canonical-prefixes -fexceptions  -g  -Wl,--fix-cortex-a8  -Wl,--gc-sections -Wl,-z,nocopyreloc  CMakeFiles/cmTC_2303e.dir/TestEndianess.c.o  -o cmTC_2303e 
make[5]: Leaving directory `/home/vvdn/linphone/linphone-android-arpit/WORK/android-armv7/Build/ortp/CMakeFiles/CMakeTmp'
make[4]: Leaving directory `/home/vvdn/linphone/linphone-android-arpit/WORK/android-armv7/Build/ortp/CMakeFiles/CMakeTmp'

TestEndianess.c:
/* A 16 bit integer is required. */
typedef unsigned short cmakeint16;

/* On a little endian machine, these 16bit ints will give "THIS IS LITTLE ENDIAN."
   On a big endian machine the characters will be exchanged pairwise. */
const cmakeint16 info_little[] =  {0x4854, 0x5349, 0x4920, 0x2053, 0x494c, 0x5454, 0x454c, 0x4520, 0x444e, 0x4149, 0x2e4e, 0x0000};

/* on a big endian machine, these 16bit ints will give "THIS IS BIG ENDIAN."
   On a little endian machine the characters will be exchanged pairwise. */
const cmakeint16 info_big[] =     {0x5448, 0x4953, 0x2049, 0x5320, 0x4249, 0x4720, 0x454e, 0x4449, 0x414e, 0x2e2e, 0x0000};

#ifdef __CLASSIC_C__
int main(argc, argv) int argc; char *argv[];
#else
int main(int argc, char *argv[])
#endif
{
  int require = 0;
  require += info_little[argc];
  require += info_big[argc];
  (void)argv;
  return require;
}


