The target system is: Android - 14 - i686
The host system is: Linux - 3.13.0-129-generic - x86_64
Compiling the C compiler identification source file "CMakeCCompilerId.c" succeeded.
Compiler: /home/vvdn/android-ndk-r14b/toolchains/llvm/prebuilt/linux-x86_64/bin/clang 
Build flags: 
Id flags: -c 

The output was:
0


Compilation of the C compiler identification source "CMakeCCompilerId.c" produced "CMakeCCompilerId.o"

The C compiler identification is Clang, found in "/home/vvdn/linphone/linphone-android-arpit/WORK/android-x86/Build/ortp/CMakeFiles/3.8.1/CompilerIdC/CMakeCCompilerId.o"

Compiling the CXX compiler identification source file "CMakeCXXCompilerId.cpp" succeeded.
Compiler: /home/vvdn/android-ndk-r14b/toolchains/llvm/prebuilt/linux-x86_64/bin/clang++ 
Build flags: 
Id flags: -c 

The output was:
0


Compilation of the CXX compiler identification source "CMakeCXXCompilerId.cpp" produced "CMakeCXXCompilerId.o"

The CXX compiler identification is Clang, found in "/home/vvdn/linphone/linphone-android-arpit/WORK/android-x86/Build/ortp/CMakeFiles/3.8.1/CompilerIdCXX/CMakeCXXCompilerId.o"

Determining if the C compiler works passed with the following output:
Change Dir: /home/vvdn/linphone/linphone-android-arpit/WORK/android-x86/Build/ortp/CMakeFiles/CMakeTmp

Run Build Command:"/usr/bin/make" "cmTC_c1fa0/fast"
make[4]: Entering directory `/home/vvdn/linphone/linphone-android-arpit/WORK/android-x86/Build/ortp/CMakeFiles/CMakeTmp'
/usr/bin/make -f CMakeFiles/cmTC_c1fa0.dir/build.make CMakeFiles/cmTC_c1fa0.dir/build
make[5]: Entering directory `/home/vvdn/linphone/linphone-android-arpit/WORK/android-x86/Build/ortp/CMakeFiles/CMakeTmp'
Building C object CMakeFiles/cmTC_c1fa0.dir/testCCompiler.c.o
/home/vvdn/android-ndk-r14b/toolchains/llvm/prebuilt/linux-x86_64/bin/clang --target=i686-none-linux-android --gcc-toolchain=/home/vvdn/android-ndk-r14b/toolchains/x86-4.9/prebuilt/linux-x86_64 --sysroot=/home/vvdn/android-ndk-r14b/platforms/android-14/arch-x86  -isystem /home/vvdn/android-ndk-r14b/platforms/android-14/arch-x86/usr/include  -funwind-tables -no-canonical-prefixes -fexceptions  -g   -o CMakeFiles/cmTC_c1fa0.dir/testCCompiler.c.o   -c /home/vvdn/linphone/linphone-android-arpit/WORK/android-x86/Build/ortp/CMakeFiles/CMakeTmp/testCCompiler.c
Linking C executable cmTC_c1fa0
/usr/local/bin/cmake -E cmake_link_script CMakeFiles/cmTC_c1fa0.dir/link.txt --verbose=1
/home/vvdn/android-ndk-r14b/toolchains/llvm/prebuilt/linux-x86_64/bin/clang --target=i686-none-linux-android --gcc-toolchain=/home/vvdn/android-ndk-r14b/toolchains/x86-4.9/prebuilt/linux-x86_64 --sysroot=/home/vvdn/android-ndk-r14b/platforms/android-14/arch-x86 -funwind-tables -no-canonical-prefixes -fexceptions  -g  -Wl,--gc-sections -Wl,-z,nocopyreloc  CMakeFiles/cmTC_c1fa0.dir/testCCompiler.c.o  -o cmTC_c1fa0 
make[5]: Leaving directory `/home/vvdn/linphone/linphone-android-arpit/WORK/android-x86/Build/ortp/CMakeFiles/CMakeTmp'
make[4]: Leaving directory `/home/vvdn/linphone/linphone-android-arpit/WORK/android-x86/Build/ortp/CMakeFiles/CMakeTmp'


Detecting C compiler ABI info compiled with the following output:
Change Dir: /home/vvdn/linphone/linphone-android-arpit/WORK/android-x86/Build/ortp/CMakeFiles/CMakeTmp

Run Build Command:"/usr/bin/make" "cmTC_c9c76/fast"
make[4]: Entering directory `/home/vvdn/linphone/linphone-android-arpit/WORK/android-x86/Build/ortp/CMakeFiles/CMakeTmp'
/usr/bin/make -f CMakeFiles/cmTC_c9c76.dir/build.make CMakeFiles/cmTC_c9c76.dir/build
make[5]: Entering directory `/home/vvdn/linphone/linphone-android-arpit/WORK/android-x86/Build/ortp/CMakeFiles/CMakeTmp'
Building C object CMakeFiles/cmTC_c9c76.dir/CMakeCCompilerABI.c.o
/home/vvdn/android-ndk-r14b/toolchains/llvm/prebuilt/linux-x86_64/bin/clang --target=i686-none-linux-android --gcc-toolchain=/home/vvdn/android-ndk-r14b/toolchains/x86-4.9/prebuilt/linux-x86_64 --sysroot=/home/vvdn/android-ndk-r14b/platforms/android-14/arch-x86  -isystem /home/vvdn/android-ndk-r14b/platforms/android-14/arch-x86/usr/include  -funwind-tables -no-canonical-prefixes -fexceptions  -g   -o CMakeFiles/cmTC_c9c76.dir/CMakeCCompilerABI.c.o   -c /usr/local/share/cmake-3.8/Modules/CMakeCCompilerABI.c
Linking C executable cmTC_c9c76
/usr/local/bin/cmake -E cmake_link_script CMakeFiles/cmTC_c9c76.dir/link.txt --verbose=1
/home/vvdn/android-ndk-r14b/toolchains/llvm/prebuilt/linux-x86_64/bin/clang --target=i686-none-linux-android --gcc-toolchain=/home/vvdn/android-ndk-r14b/toolchains/x86-4.9/prebuilt/linux-x86_64 --sysroot=/home/vvdn/android-ndk-r14b/platforms/android-14/arch-x86 -funwind-tables -no-canonical-prefixes -fexceptions  -g  -Wl,--gc-sections -Wl,-z,nocopyreloc -v CMakeFiles/cmTC_c9c76.dir/CMakeCCompilerABI.c.o  -o cmTC_c9c76 
Android clang version 3.8.275480  (based on LLVM 3.8.275480)
Target: i686-none-linux-android
Thread model: posix
InstalledDir: /home/vvdn/android-ndk-r14b/toolchains/llvm/prebuilt/linux-x86_64/bin
Found candidate GCC installation: /home/vvdn/android-ndk-r14b/toolchains/x86-4.9/prebuilt/linux-x86_64/lib/gcc/i686-linux-android/4.9.x
Selected GCC installation: /home/vvdn/android-ndk-r14b/toolchains/x86-4.9/prebuilt/linux-x86_64/lib/gcc/i686-linux-android/4.9.x
Candidate multilib: .;@m32
Selected multilib: .;@m32
 "/home/vvdn/android-ndk-r14b/toolchains/x86-4.9/prebuilt/linux-x86_64/lib/gcc/i686-linux-android/4.9.x/../../../../i686-linux-android/bin/ld" --sysroot=/home/vvdn/android-ndk-r14b/platforms/android-14/arch-x86 -z relro --eh-frame-hdr -m elf_i386 -dynamic-linker /system/bin/linker -o cmTC_c9c76 /home/vvdn/android-ndk-r14b/platforms/android-14/arch-x86/usr/lib/crtbegin_dynamic.o -L/home/vvdn/android-ndk-r14b/toolchains/x86-4.9/prebuilt/linux-x86_64/lib/gcc/i686-linux-android/4.9.x -L/home/vvdn/android-ndk-r14b/toolchains/x86-4.9/prebuilt/linux-x86_64/lib/gcc/i686-linux-android/4.9.x/../../../../i686-linux-android/lib -L/home/vvdn/android-ndk-r14b/platforms/android-14/arch-x86/usr/lib --gc-sections -z nocopyreloc CMakeFiles/cmTC_c9c76.dir/CMakeCCompilerABI.c.o -lgcc -ldl -lc -lgcc -ldl /home/vvdn/android-ndk-r14b/platforms/android-14/arch-x86/usr/lib/crtend_android.o
make[5]: Leaving directory `/home/vvdn/linphone/linphone-android-arpit/WORK/android-x86/Build/ortp/CMakeFiles/CMakeTmp'
make[4]: Leaving directory `/home/vvdn/linphone/linphone-android-arpit/WORK/android-x86/Build/ortp/CMakeFiles/CMakeTmp'


Parsed C implicit link information from above output:
  link line regex: [^( *|.*[/\])(i686-linux-android-ld|([^/\]+-)?ld|collect2)[^/\]*( |$)]
  ignore line: [Change Dir: /home/vvdn/linphone/linphone-android-arpit/WORK/android-x86/Build/ortp/CMakeFiles/CMakeTmp]
  ignore line: []
  ignore line: [Run Build Command:"/usr/bin/make" "cmTC_c9c76/fast"]
  ignore line: [make[4]: Entering directory `/home/vvdn/linphone/linphone-android-arpit/WORK/android-x86/Build/ortp/CMakeFiles/CMakeTmp']
  ignore line: [/usr/bin/make -f CMakeFiles/cmTC_c9c76.dir/build.make CMakeFiles/cmTC_c9c76.dir/build]
  ignore line: [make[5]: Entering directory `/home/vvdn/linphone/linphone-android-arpit/WORK/android-x86/Build/ortp/CMakeFiles/CMakeTmp']
  ignore line: [Building C object CMakeFiles/cmTC_c9c76.dir/CMakeCCompilerABI.c.o]
  ignore line: [/home/vvdn/android-ndk-r14b/toolchains/llvm/prebuilt/linux-x86_64/bin/clang --target=i686-none-linux-android --gcc-toolchain=/home/vvdn/android-ndk-r14b/toolchains/x86-4.9/prebuilt/linux-x86_64 --sysroot=/home/vvdn/android-ndk-r14b/platforms/android-14/arch-x86  -isystem /home/vvdn/android-ndk-r14b/platforms/android-14/arch-x86/usr/include  -funwind-tables -no-canonical-prefixes -fexceptions  -g   -o CMakeFiles/cmTC_c9c76.dir/CMakeCCompilerABI.c.o   -c /usr/local/share/cmake-3.8/Modules/CMakeCCompilerABI.c]
  ignore line: [Linking C executable cmTC_c9c76]
  ignore line: [/usr/local/bin/cmake -E cmake_link_script CMakeFiles/cmTC_c9c76.dir/link.txt --verbose=1]
  ignore line: [/home/vvdn/android-ndk-r14b/toolchains/llvm/prebuilt/linux-x86_64/bin/clang --target=i686-none-linux-android --gcc-toolchain=/home/vvdn/android-ndk-r14b/toolchains/x86-4.9/prebuilt/linux-x86_64 --sysroot=/home/vvdn/android-ndk-r14b/platforms/android-14/arch-x86 -funwind-tables -no-canonical-prefixes -fexceptions  -g  -Wl,--gc-sections -Wl,-z,nocopyreloc -v CMakeFiles/cmTC_c9c76.dir/CMakeCCompilerABI.c.o  -o cmTC_c9c76 ]
  ignore line: [Android clang version 3.8.275480  (based on LLVM 3.8.275480)]
  ignore line: [Target: i686-none-linux-android]
  ignore line: [Thread model: posix]
  ignore line: [InstalledDir: /home/vvdn/android-ndk-r14b/toolchains/llvm/prebuilt/linux-x86_64/bin]
  ignore line: [Found candidate GCC installation: /home/vvdn/android-ndk-r14b/toolchains/x86-4.9/prebuilt/linux-x86_64/lib/gcc/i686-linux-android/4.9.x]
  ignore line: [Selected GCC installation: /home/vvdn/android-ndk-r14b/toolchains/x86-4.9/prebuilt/linux-x86_64/lib/gcc/i686-linux-android/4.9.x]
  ignore line: [Candidate multilib: .]
  ignore line: [@m32]
  ignore line: [Selected multilib: .]
  ignore line: [@m32]
  link line: [ "/home/vvdn/android-ndk-r14b/toolchains/x86-4.9/prebuilt/linux-x86_64/lib/gcc/i686-linux-android/4.9.x/../../../../i686-linux-android/bin/ld" --sysroot=/home/vvdn/android-ndk-r14b/platforms/android-14/arch-x86 -z relro --eh-frame-hdr -m elf_i386 -dynamic-linker /system/bin/linker -o cmTC_c9c76 /home/vvdn/android-ndk-r14b/platforms/android-14/arch-x86/usr/lib/crtbegin_dynamic.o -L/home/vvdn/android-ndk-r14b/toolchains/x86-4.9/prebuilt/linux-x86_64/lib/gcc/i686-linux-android/4.9.x -L/home/vvdn/android-ndk-r14b/toolchains/x86-4.9/prebuilt/linux-x86_64/lib/gcc/i686-linux-android/4.9.x/../../../../i686-linux-android/lib -L/home/vvdn/android-ndk-r14b/platforms/android-14/arch-x86/usr/lib --gc-sections -z nocopyreloc CMakeFiles/cmTC_c9c76.dir/CMakeCCompilerABI.c.o -lgcc -ldl -lc -lgcc -ldl /home/vvdn/android-ndk-r14b/platforms/android-14/arch-x86/usr/lib/crtend_android.o]
    arg [/home/vvdn/android-ndk-r14b/toolchains/x86-4.9/prebuilt/linux-x86_64/lib/gcc/i686-linux-android/4.9.x/../../../../i686-linux-android/bin/ld] ==> ignore
    arg [--sysroot=/home/vvdn/android-ndk-r14b/platforms/android-14/arch-x86] ==> ignore
    arg [-zrelro] ==> ignore
    arg [--eh-frame-hdr] ==> ignore
    arg [-m] ==> ignore
    arg [elf_i386] ==> ignore
    arg [-dynamic-linker] ==> ignore
    arg [/system/bin/linker] ==> ignore
    arg [-o] ==> ignore
    arg [cmTC_c9c76] ==> ignore
    arg [/home/vvdn/android-ndk-r14b/platforms/android-14/arch-x86/usr/lib/crtbegin_dynamic.o] ==> ignore
    arg [-L/home/vvdn/android-ndk-r14b/toolchains/x86-4.9/prebuilt/linux-x86_64/lib/gcc/i686-linux-android/4.9.x] ==> dir [/home/vvdn/android-ndk-r14b/toolchains/x86-4.9/prebuilt/linux-x86_64/lib/gcc/i686-linux-android/4.9.x]
    arg [-L/home/vvdn/android-ndk-r14b/toolchains/x86-4.9/prebuilt/linux-x86_64/lib/gcc/i686-linux-android/4.9.x/../../../../i686-linux-android/lib] ==> dir [/home/vvdn/android-ndk-r14b/toolchains/x86-4.9/prebuilt/linux-x86_64/lib/gcc/i686-linux-android/4.9.x/../../../../i686-linux-android/lib]
    arg [-L/home/vvdn/android-ndk-r14b/platforms/android-14/arch-x86/usr/lib] ==> dir [/home/vvdn/android-ndk-r14b/platforms/android-14/arch-x86/usr/lib]
    arg [--gc-sections] ==> ignore
    arg [-znocopyreloc] ==> ignore
    arg [CMakeFiles/cmTC_c9c76.dir/CMakeCCompilerABI.c.o] ==> ignore
    arg [-lgcc] ==> lib [gcc]
    arg [-ldl] ==> lib [dl]
    arg [-lc] ==> lib [c]
    arg [-lgcc] ==> lib [gcc]
    arg [-ldl] ==> lib [dl]
    arg [/home/vvdn/android-ndk-r14b/platforms/android-14/arch-x86/usr/lib/crtend_android.o] ==> ignore
  remove lib [gcc]
  remove lib [gcc]
  collapse library dir [/home/vvdn/android-ndk-r14b/toolchains/x86-4.9/prebuilt/linux-x86_64/lib/gcc/i686-linux-android/4.9.x] ==> [/home/vvdn/android-ndk-r14b/toolchains/x86-4.9/prebuilt/linux-x86_64/lib/gcc/i686-linux-android/4.9.x]
  collapse library dir [/home/vvdn/android-ndk-r14b/toolchains/x86-4.9/prebuilt/linux-x86_64/lib/gcc/i686-linux-android/4.9.x/../../../../i686-linux-android/lib] ==> [/home/vvdn/android-ndk-r14b/toolchains/x86-4.9/prebuilt/linux-x86_64/i686-linux-android/lib]
  collapse library dir [/home/vvdn/android-ndk-r14b/platforms/android-14/arch-x86/usr/lib] ==> [/home/vvdn/android-ndk-r14b/platforms/android-14/arch-x86/usr/lib]
  implicit libs: [dl;c;dl]
  implicit dirs: [/home/vvdn/android-ndk-r14b/toolchains/x86-4.9/prebuilt/linux-x86_64/lib/gcc/i686-linux-android/4.9.x;/home/vvdn/android-ndk-r14b/toolchains/x86-4.9/prebuilt/linux-x86_64/i686-linux-android/lib;/home/vvdn/android-ndk-r14b/platforms/android-14/arch-x86/usr/lib]
  implicit fwks: []




Detecting C [-std=c11] compiler features compiled with the following output:
Change Dir: /home/vvdn/linphone/linphone-android-arpit/WORK/android-x86/Build/ortp/CMakeFiles/CMakeTmp

Run Build Command:"/usr/bin/make" "cmTC_c4421/fast"
make[4]: Entering directory `/home/vvdn/linphone/linphone-android-arpit/WORK/android-x86/Build/ortp/CMakeFiles/CMakeTmp'
/usr/bin/make -f CMakeFiles/cmTC_c4421.dir/build.make CMakeFiles/cmTC_c4421.dir/build
make[5]: Entering directory `/home/vvdn/linphone/linphone-android-arpit/WORK/android-x86/Build/ortp/CMakeFiles/CMakeTmp'
Building C object CMakeFiles/cmTC_c4421.dir/feature_tests.c.o
/home/vvdn/android-ndk-r14b/toolchains/llvm/prebuilt/linux-x86_64/bin/clang --target=i686-none-linux-android --gcc-toolchain=/home/vvdn/android-ndk-r14b/toolchains/x86-4.9/prebuilt/linux-x86_64 --sysroot=/home/vvdn/android-ndk-r14b/platforms/android-14/arch-x86  -isystem /home/vvdn/android-ndk-r14b/platforms/android-14/arch-x86/usr/include  -funwind-tables -no-canonical-prefixes -fexceptions  -g   -std=c11 -o CMakeFiles/cmTC_c4421.dir/feature_tests.c.o   -c /home/vvdn/linphone/linphone-android-arpit/WORK/android-x86/Build/ortp/CMakeFiles/feature_tests.c
Linking C executable cmTC_c4421
/usr/local/bin/cmake -E cmake_link_script CMakeFiles/cmTC_c4421.dir/link.txt --verbose=1
/home/vvdn/android-ndk-r14b/toolchains/llvm/prebuilt/linux-x86_64/bin/clang --target=i686-none-linux-android --gcc-toolchain=/home/vvdn/android-ndk-r14b/toolchains/x86-4.9/prebuilt/linux-x86_64 --sysroot=/home/vvdn/android-ndk-r14b/platforms/android-14/arch-x86 -funwind-tables -no-canonical-prefixes -fexceptions  -g  -Wl,--gc-sections -Wl,-z,nocopyreloc  CMakeFiles/cmTC_c4421.dir/feature_tests.c.o  -o cmTC_c4421 
make[5]: Leaving directory `/home/vvdn/linphone/linphone-android-arpit/WORK/android-x86/Build/ortp/CMakeFiles/CMakeTmp'
make[4]: Leaving directory `/home/vvdn/linphone/linphone-android-arpit/WORK/android-x86/Build/ortp/CMakeFiles/CMakeTmp'


    Feature record: C_FEATURE:1c_function_prototypes
    Feature record: C_FEATURE:1c_restrict
    Feature record: C_FEATURE:1c_static_assert
    Feature record: C_FEATURE:1c_variadic_macros


Detecting C [-std=c99] compiler features compiled with the following output:
Change Dir: /home/vvdn/linphone/linphone-android-arpit/WORK/android-x86/Build/ortp/CMakeFiles/CMakeTmp

Run Build Command:"/usr/bin/make" "cmTC_b2761/fast"
make[4]: Entering directory `/home/vvdn/linphone/linphone-android-arpit/WORK/android-x86/Build/ortp/CMakeFiles/CMakeTmp'
/usr/bin/make -f CMakeFiles/cmTC_b2761.dir/build.make CMakeFiles/cmTC_b2761.dir/build
make[5]: Entering directory `/home/vvdn/linphone/linphone-android-arpit/WORK/android-x86/Build/ortp/CMakeFiles/CMakeTmp'
Building C object CMakeFiles/cmTC_b2761.dir/feature_tests.c.o
/home/vvdn/android-ndk-r14b/toolchains/llvm/prebuilt/linux-x86_64/bin/clang --target=i686-none-linux-android --gcc-toolchain=/home/vvdn/android-ndk-r14b/toolchains/x86-4.9/prebuilt/linux-x86_64 --sysroot=/home/vvdn/android-ndk-r14b/platforms/android-14/arch-x86  -isystem /home/vvdn/android-ndk-r14b/platforms/android-14/arch-x86/usr/include  -funwind-tables -no-canonical-prefixes -fexceptions  -g   -std=c99 -o CMakeFiles/cmTC_b2761.dir/feature_tests.c.o   -c /home/vvdn/linphone/linphone-android-arpit/WORK/android-x86/Build/ortp/CMakeFiles/feature_tests.c
Linking C executable cmTC_b2761
/usr/local/bin/cmake -E cmake_link_script CMakeFiles/cmTC_b2761.dir/link.txt --verbose=1
/home/vvdn/android-ndk-r14b/toolchains/llvm/prebuilt/linux-x86_64/bin/clang --target=i686-none-linux-android --gcc-toolchain=/home/vvdn/android-ndk-r14b/toolchains/x86-4.9/prebuilt/linux-x86_64 --sysroot=/home/vvdn/android-ndk-r14b/platforms/android-14/arch-x86 -funwind-tables -no-canonical-prefixes -fexceptions  -g  -Wl,--gc-sections -Wl,-z,nocopyreloc  CMakeFiles/cmTC_b2761.dir/feature_tests.c.o  -o cmTC_b2761 
make[5]: Leaving directory `/home/vvdn/linphone/linphone-android-arpit/WORK/android-x86/Build/ortp/CMakeFiles/CMakeTmp'
make[4]: Leaving directory `/home/vvdn/linphone/linphone-android-arpit/WORK/android-x86/Build/ortp/CMakeFiles/CMakeTmp'


    Feature record: C_FEATURE:1c_function_prototypes
    Feature record: C_FEATURE:1c_restrict
    Feature record: C_FEATURE:0c_static_assert
    Feature record: C_FEATURE:1c_variadic_macros


Detecting C [-std=c90] compiler features compiled with the following output:
Change Dir: /home/vvdn/linphone/linphone-android-arpit/WORK/android-x86/Build/ortp/CMakeFiles/CMakeTmp

Run Build Command:"/usr/bin/make" "cmTC_5614a/fast"
make[4]: Entering directory `/home/vvdn/linphone/linphone-android-arpit/WORK/android-x86/Build/ortp/CMakeFiles/CMakeTmp'
/usr/bin/make -f CMakeFiles/cmTC_5614a.dir/build.make CMakeFiles/cmTC_5614a.dir/build
make[5]: Entering directory `/home/vvdn/linphone/linphone-android-arpit/WORK/android-x86/Build/ortp/CMakeFiles/CMakeTmp'
Building C object CMakeFiles/cmTC_5614a.dir/feature_tests.c.o
/home/vvdn/android-ndk-r14b/toolchains/llvm/prebuilt/linux-x86_64/bin/clang --target=i686-none-linux-android --gcc-toolchain=/home/vvdn/android-ndk-r14b/toolchains/x86-4.9/prebuilt/linux-x86_64 --sysroot=/home/vvdn/android-ndk-r14b/platforms/android-14/arch-x86  -isystem /home/vvdn/android-ndk-r14b/platforms/android-14/arch-x86/usr/include  -funwind-tables -no-canonical-prefixes -fexceptions  -g   -std=c90 -o CMakeFiles/cmTC_5614a.dir/feature_tests.c.o   -c /home/vvdn/linphone/linphone-android-arpit/WORK/android-x86/Build/ortp/CMakeFiles/feature_tests.c
Linking C executable cmTC_5614a
/usr/local/bin/cmake -E cmake_link_script CMakeFiles/cmTC_5614a.dir/link.txt --verbose=1
/home/vvdn/android-ndk-r14b/toolchains/llvm/prebuilt/linux-x86_64/bin/clang --target=i686-none-linux-android --gcc-toolchain=/home/vvdn/android-ndk-r14b/toolchains/x86-4.9/prebuilt/linux-x86_64 --sysroot=/home/vvdn/android-ndk-r14b/platforms/android-14/arch-x86 -funwind-tables -no-canonical-prefixes -fexceptions  -g  -Wl,--gc-sections -Wl,-z,nocopyreloc  CMakeFiles/cmTC_5614a.dir/feature_tests.c.o  -o cmTC_5614a 
make[5]: Leaving directory `/home/vvdn/linphone/linphone-android-arpit/WORK/android-x86/Build/ortp/CMakeFiles/CMakeTmp'
make[4]: Leaving directory `/home/vvdn/linphone/linphone-android-arpit/WORK/android-x86/Build/ortp/CMakeFiles/CMakeTmp'


    Feature record: C_FEATURE:1c_function_prototypes
    Feature record: C_FEATURE:0c_restrict
    Feature record: C_FEATURE:0c_static_assert
    Feature record: C_FEATURE:0c_variadic_macros
Determining if the CXX compiler works passed with the following output:
Change Dir: /home/vvdn/linphone/linphone-android-arpit/WORK/android-x86/Build/ortp/CMakeFiles/CMakeTmp

Run Build Command:"/usr/bin/make" "cmTC_4543e/fast"
make[4]: Entering directory `/home/vvdn/linphone/linphone-android-arpit/WORK/android-x86/Build/ortp/CMakeFiles/CMakeTmp'
/usr/bin/make -f CMakeFiles/cmTC_4543e.dir/build.make CMakeFiles/cmTC_4543e.dir/build
make[5]: Entering directory `/home/vvdn/linphone/linphone-android-arpit/WORK/android-x86/Build/ortp/CMakeFiles/CMakeTmp'
Building CXX object CMakeFiles/cmTC_4543e.dir/testCXXCompiler.cxx.o
/home/vvdn/android-ndk-r14b/toolchains/llvm/prebuilt/linux-x86_64/bin/clang++ --target=i686-none-linux-android --gcc-toolchain=/home/vvdn/android-ndk-r14b/toolchains/x86-4.9/prebuilt/linux-x86_64 --sysroot=/home/vvdn/android-ndk-r14b/platforms/android-14/arch-x86   -isystem /home/vvdn/android-ndk-r14b/sources/cxx-stl/gnu-libstdc++/4.9/include -isystem /home/vvdn/android-ndk-r14b/sources/cxx-stl/gnu-libstdc++/4.9/libs/x86/include -isystem /home/vvdn/android-ndk-r14b/sources/cxx-stl/gnu-libstdc++/4.9/include/backward -isystem /home/vvdn/android-ndk-r14b/platforms/android-14/arch-x86/usr/include  -funwind-tables -no-canonical-prefixes -fexceptions -frtti  -g   -o CMakeFiles/cmTC_4543e.dir/testCXXCompiler.cxx.o -c /home/vvdn/linphone/linphone-android-arpit/WORK/android-x86/Build/ortp/CMakeFiles/CMakeTmp/testCXXCompiler.cxx
Linking CXX executable cmTC_4543e
/usr/local/bin/cmake -E cmake_link_script CMakeFiles/cmTC_4543e.dir/link.txt --verbose=1
/home/vvdn/android-ndk-r14b/toolchains/llvm/prebuilt/linux-x86_64/bin/clang++ --target=i686-none-linux-android --gcc-toolchain=/home/vvdn/android-ndk-r14b/toolchains/x86-4.9/prebuilt/linux-x86_64 --sysroot=/home/vvdn/android-ndk-r14b/platforms/android-14/arch-x86  -funwind-tables -no-canonical-prefixes -fexceptions -frtti  -g  -Wl,--gc-sections -Wl,-z,nocopyreloc  CMakeFiles/cmTC_4543e.dir/testCXXCompiler.cxx.o  -o cmTC_4543e  "/home/vvdn/android-ndk-r14b/sources/cxx-stl/gnu-libstdc++/4.9/libs/x86/libgnustl_shared.so" 
make[5]: Leaving directory `/home/vvdn/linphone/linphone-android-arpit/WORK/android-x86/Build/ortp/CMakeFiles/CMakeTmp'
make[4]: Leaving directory `/home/vvdn/linphone/linphone-android-arpit/WORK/android-x86/Build/ortp/CMakeFiles/CMakeTmp'


Detecting CXX compiler ABI info compiled with the following output:
Change Dir: /home/vvdn/linphone/linphone-android-arpit/WORK/android-x86/Build/ortp/CMakeFiles/CMakeTmp

Run Build Command:"/usr/bin/make" "cmTC_b7422/fast"
make[4]: Entering directory `/home/vvdn/linphone/linphone-android-arpit/WORK/android-x86/Build/ortp/CMakeFiles/CMakeTmp'
/usr/bin/make -f CMakeFiles/cmTC_b7422.dir/build.make CMakeFiles/cmTC_b7422.dir/build
make[5]: Entering directory `/home/vvdn/linphone/linphone-android-arpit/WORK/android-x86/Build/ortp/CMakeFiles/CMakeTmp'
Building CXX object CMakeFiles/cmTC_b7422.dir/CMakeCXXCompilerABI.cpp.o
/home/vvdn/android-ndk-r14b/toolchains/llvm/prebuilt/linux-x86_64/bin/clang++ --target=i686-none-linux-android --gcc-toolchain=/home/vvdn/android-ndk-r14b/toolchains/x86-4.9/prebuilt/linux-x86_64 --sysroot=/home/vvdn/android-ndk-r14b/platforms/android-14/arch-x86   -isystem /home/vvdn/android-ndk-r14b/sources/cxx-stl/gnu-libstdc++/4.9/include -isystem /home/vvdn/android-ndk-r14b/sources/cxx-stl/gnu-libstdc++/4.9/libs/x86/include -isystem /home/vvdn/android-ndk-r14b/sources/cxx-stl/gnu-libstdc++/4.9/include/backward -isystem /home/vvdn/android-ndk-r14b/platforms/android-14/arch-x86/usr/include  -funwind-tables -no-canonical-prefixes -fexceptions -frtti  -g   -o CMakeFiles/cmTC_b7422.dir/CMakeCXXCompilerABI.cpp.o -c /usr/local/share/cmake-3.8/Modules/CMakeCXXCompilerABI.cpp
Linking CXX executable cmTC_b7422
/usr/local/bin/cmake -E cmake_link_script CMakeFiles/cmTC_b7422.dir/link.txt --verbose=1
/home/vvdn/android-ndk-r14b/toolchains/llvm/prebuilt/linux-x86_64/bin/clang++ --target=i686-none-linux-android --gcc-toolchain=/home/vvdn/android-ndk-r14b/toolchains/x86-4.9/prebuilt/linux-x86_64 --sysroot=/home/vvdn/android-ndk-r14b/platforms/android-14/arch-x86  -funwind-tables -no-canonical-prefixes -fexceptions -frtti  -g  -Wl,--gc-sections -Wl,-z,nocopyreloc -v CMakeFiles/cmTC_b7422.dir/CMakeCXXCompilerABI.cpp.o  -o cmTC_b7422  "/home/vvdn/android-ndk-r14b/sources/cxx-stl/gnu-libstdc++/4.9/libs/x86/libgnustl_shared.so" 
Android clang version 3.8.275480  (based on LLVM 3.8.275480)
Target: i686-none-linux-android
Thread model: posix
InstalledDir: /home/vvdn/android-ndk-r14b/toolchains/llvm/prebuilt/linux-x86_64/bin
Found candidate GCC installation: /home/vvdn/android-ndk-r14b/toolchains/x86-4.9/prebuilt/linux-x86_64/lib/gcc/i686-linux-android/4.9.x
Selected GCC installation: /home/vvdn/android-ndk-r14b/toolchains/x86-4.9/prebuilt/linux-x86_64/lib/gcc/i686-linux-android/4.9.x
Candidate multilib: .;@m32
Selected multilib: .;@m32
 "/home/vvdn/android-ndk-r14b/toolchains/x86-4.9/prebuilt/linux-x86_64/lib/gcc/i686-linux-android/4.9.x/../../../../i686-linux-android/bin/ld" --sysroot=/home/vvdn/android-ndk-r14b/platforms/android-14/arch-x86 -z relro --eh-frame-hdr -m elf_i386 -dynamic-linker /system/bin/linker -o cmTC_b7422 /home/vvdn/android-ndk-r14b/platforms/android-14/arch-x86/usr/lib/crtbegin_dynamic.o -L/home/vvdn/android-ndk-r14b/toolchains/x86-4.9/prebuilt/linux-x86_64/lib/gcc/i686-linux-android/4.9.x -L/home/vvdn/android-ndk-r14b/toolchains/x86-4.9/prebuilt/linux-x86_64/lib/gcc/i686-linux-android/4.9.x/../../../../i686-linux-android/lib -L/home/vvdn/android-ndk-r14b/platforms/android-14/arch-x86/usr/lib --gc-sections -z nocopyreloc CMakeFiles/cmTC_b7422.dir/CMakeCXXCompilerABI.cpp.o /home/vvdn/android-ndk-r14b/sources/cxx-stl/gnu-libstdc++/4.9/libs/x86/libgnustl_shared.so -lstdc++ -lm -lgcc -lgcc -ldl -lc -lgcc -lgcc -ldl /home/vvdn/android-ndk-r14b/platforms/android-14/arch-x86/usr/lib/crtend_android.o
make[5]: Leaving directory `/home/vvdn/linphone/linphone-android-arpit/WORK/android-x86/Build/ortp/CMakeFiles/CMakeTmp'
make[4]: Leaving directory `/home/vvdn/linphone/linphone-android-arpit/WORK/android-x86/Build/ortp/CMakeFiles/CMakeTmp'


Parsed CXX implicit link information from above output:
  link line regex: [^( *|.*[/\])(i686-linux-android-ld|([^/\]+-)?ld|collect2)[^/\]*( |$)]
  ignore line: [Change Dir: /home/vvdn/linphone/linphone-android-arpit/WORK/android-x86/Build/ortp/CMakeFiles/CMakeTmp]
  ignore line: []
  ignore line: [Run Build Command:"/usr/bin/make" "cmTC_b7422/fast"]
  ignore line: [make[4]: Entering directory `/home/vvdn/linphone/linphone-android-arpit/WORK/android-x86/Build/ortp/CMakeFiles/CMakeTmp']
  ignore line: [/usr/bin/make -f CMakeFiles/cmTC_b7422.dir/build.make CMakeFiles/cmTC_b7422.dir/build]
  ignore line: [make[5]: Entering directory `/home/vvdn/linphone/linphone-android-arpit/WORK/android-x86/Build/ortp/CMakeFiles/CMakeTmp']
  ignore line: [Building CXX object CMakeFiles/cmTC_b7422.dir/CMakeCXXCompilerABI.cpp.o]
  ignore line: [/home/vvdn/android-ndk-r14b/toolchains/llvm/prebuilt/linux-x86_64/bin/clang++ --target=i686-none-linux-android --gcc-toolchain=/home/vvdn/android-ndk-r14b/toolchains/x86-4.9/prebuilt/linux-x86_64 --sysroot=/home/vvdn/android-ndk-r14b/platforms/android-14/arch-x86   -isystem /home/vvdn/android-ndk-r14b/sources/cxx-stl/gnu-libstdc++/4.9/include -isystem /home/vvdn/android-ndk-r14b/sources/cxx-stl/gnu-libstdc++/4.9/libs/x86/include -isystem /home/vvdn/android-ndk-r14b/sources/cxx-stl/gnu-libstdc++/4.9/include/backward -isystem /home/vvdn/android-ndk-r14b/platforms/android-14/arch-x86/usr/include  -funwind-tables -no-canonical-prefixes -fexceptions -frtti  -g   -o CMakeFiles/cmTC_b7422.dir/CMakeCXXCompilerABI.cpp.o -c /usr/local/share/cmake-3.8/Modules/CMakeCXXCompilerABI.cpp]
  ignore line: [Linking CXX executable cmTC_b7422]
  ignore line: [/usr/local/bin/cmake -E cmake_link_script CMakeFiles/cmTC_b7422.dir/link.txt --verbose=1]
  ignore line: [/home/vvdn/android-ndk-r14b/toolchains/llvm/prebuilt/linux-x86_64/bin/clang++ --target=i686-none-linux-android --gcc-toolchain=/home/vvdn/android-ndk-r14b/toolchains/x86-4.9/prebuilt/linux-x86_64 --sysroot=/home/vvdn/android-ndk-r14b/platforms/android-14/arch-x86  -funwind-tables -no-canonical-prefixes -fexceptions -frtti  -g  -Wl,--gc-sections -Wl,-z,nocopyreloc -v CMakeFiles/cmTC_b7422.dir/CMakeCXXCompilerABI.cpp.o  -o cmTC_b7422  "/home/vvdn/android-ndk-r14b/sources/cxx-stl/gnu-libstdc++/4.9/libs/x86/libgnustl_shared.so" ]
  ignore line: [Android clang version 3.8.275480  (based on LLVM 3.8.275480)]
  ignore line: [Target: i686-none-linux-android]
  ignore line: [Thread model: posix]
  ignore line: [InstalledDir: /home/vvdn/android-ndk-r14b/toolchains/llvm/prebuilt/linux-x86_64/bin]
  ignore line: [Found candidate GCC installation: /home/vvdn/android-ndk-r14b/toolchains/x86-4.9/prebuilt/linux-x86_64/lib/gcc/i686-linux-android/4.9.x]
  ignore line: [Selected GCC installation: /home/vvdn/android-ndk-r14b/toolchains/x86-4.9/prebuilt/linux-x86_64/lib/gcc/i686-linux-android/4.9.x]
  ignore line: [Candidate multilib: .]
  ignore line: [@m32]
  ignore line: [Selected multilib: .]
  ignore line: [@m32]
  link line: [ "/home/vvdn/android-ndk-r14b/toolchains/x86-4.9/prebuilt/linux-x86_64/lib/gcc/i686-linux-android/4.9.x/../../../../i686-linux-android/bin/ld" --sysroot=/home/vvdn/android-ndk-r14b/platforms/android-14/arch-x86 -z relro --eh-frame-hdr -m elf_i386 -dynamic-linker /system/bin/linker -o cmTC_b7422 /home/vvdn/android-ndk-r14b/platforms/android-14/arch-x86/usr/lib/crtbegin_dynamic.o -L/home/vvdn/android-ndk-r14b/toolchains/x86-4.9/prebuilt/linux-x86_64/lib/gcc/i686-linux-android/4.9.x -L/home/vvdn/android-ndk-r14b/toolchains/x86-4.9/prebuilt/linux-x86_64/lib/gcc/i686-linux-android/4.9.x/../../../../i686-linux-android/lib -L/home/vvdn/android-ndk-r14b/platforms/android-14/arch-x86/usr/lib --gc-sections -z nocopyreloc CMakeFiles/cmTC_b7422.dir/CMakeCXXCompilerABI.cpp.o /home/vvdn/android-ndk-r14b/sources/cxx-stl/gnu-libstdc++/4.9/libs/x86/libgnustl_shared.so -lstdc++ -lm -lgcc -lgcc -ldl -lc -lgcc -lgcc -ldl /home/vvdn/android-ndk-r14b/platforms/android-14/arch-x86/usr/lib/crtend_android.o]
    arg [/home/vvdn/android-ndk-r14b/toolchains/x86-4.9/prebuilt/linux-x86_64/lib/gcc/i686-linux-android/4.9.x/../../../../i686-linux-android/bin/ld] ==> ignore
    arg [--sysroot=/home/vvdn/android-ndk-r14b/platforms/android-14/arch-x86] ==> ignore
    arg [-zrelro] ==> ignore
    arg [--eh-frame-hdr] ==> ignore
    arg [-m] ==> ignore
    arg [elf_i386] ==> ignore
    arg [-dynamic-linker] ==> ignore
    arg [/system/bin/linker] ==> ignore
    arg [-o] ==> ignore
    arg [cmTC_b7422] ==> ignore
    arg [/home/vvdn/android-ndk-r14b/platforms/android-14/arch-x86/usr/lib/crtbegin_dynamic.o] ==> ignore
    arg [-L/home/vvdn/android-ndk-r14b/toolchains/x86-4.9/prebuilt/linux-x86_64/lib/gcc/i686-linux-android/4.9.x] ==> dir [/home/vvdn/android-ndk-r14b/toolchains/x86-4.9/prebuilt/linux-x86_64/lib/gcc/i686-linux-android/4.9.x]
    arg [-L/home/vvdn/android-ndk-r14b/toolchains/x86-4.9/prebuilt/linux-x86_64/lib/gcc/i686-linux-android/4.9.x/../../../../i686-linux-android/lib] ==> dir [/home/vvdn/android-ndk-r14b/toolchains/x86-4.9/prebuilt/linux-x86_64/lib/gcc/i686-linux-android/4.9.x/../../../../i686-linux-android/lib]
    arg [-L/home/vvdn/android-ndk-r14b/platforms/android-14/arch-x86/usr/lib] ==> dir [/home/vvdn/android-ndk-r14b/platforms/android-14/arch-x86/usr/lib]
    arg [--gc-sections] ==> ignore
    arg [-znocopyreloc] ==> ignore
    arg [CMakeFiles/cmTC_b7422.dir/CMakeCXXCompilerABI.cpp.o] ==> ignore
    arg [/home/vvdn/android-ndk-r14b/sources/cxx-stl/gnu-libstdc++/4.9/libs/x86/libgnustl_shared.so] ==> ignore
    arg [-lstdc++] ==> lib [stdc++]
    arg [-lm] ==> lib [m]
    arg [-lgcc] ==> lib [gcc]
    arg [-lgcc] ==> lib [gcc]
    arg [-ldl] ==> lib [dl]
    arg [-lc] ==> lib [c]
    arg [-lgcc] ==> lib [gcc]
    arg [-lgcc] ==> lib [gcc]
    arg [-ldl] ==> lib [dl]
    arg [/home/vvdn/android-ndk-r14b/platforms/android-14/arch-x86/usr/lib/crtend_android.o] ==> ignore
  remove lib [gcc]
  remove lib [gcc]
  remove lib [gcc]
  remove lib [gcc]
  collapse library dir [/home/vvdn/android-ndk-r14b/toolchains/x86-4.9/prebuilt/linux-x86_64/lib/gcc/i686-linux-android/4.9.x] ==> [/home/vvdn/android-ndk-r14b/toolchains/x86-4.9/prebuilt/linux-x86_64/lib/gcc/i686-linux-android/4.9.x]
  collapse library dir [/home/vvdn/android-ndk-r14b/toolchains/x86-4.9/prebuilt/linux-x86_64/lib/gcc/i686-linux-android/4.9.x/../../../../i686-linux-android/lib] ==> [/home/vvdn/android-ndk-r14b/toolchains/x86-4.9/prebuilt/linux-x86_64/i686-linux-android/lib]
  collapse library dir [/home/vvdn/android-ndk-r14b/platforms/android-14/arch-x86/usr/lib] ==> [/home/vvdn/android-ndk-r14b/platforms/android-14/arch-x86/usr/lib]
  implicit libs: [stdc++;m;dl;c;dl]
  implicit dirs: [/home/vvdn/android-ndk-r14b/toolchains/x86-4.9/prebuilt/linux-x86_64/lib/gcc/i686-linux-android/4.9.x;/home/vvdn/android-ndk-r14b/toolchains/x86-4.9/prebuilt/linux-x86_64/i686-linux-android/lib;/home/vvdn/android-ndk-r14b/platforms/android-14/arch-x86/usr/lib]
  implicit fwks: []




Detecting CXX [-std=c++1z] compiler features compiled with the following output:
Change Dir: /home/vvdn/linphone/linphone-android-arpit/WORK/android-x86/Build/ortp/CMakeFiles/CMakeTmp

Run Build Command:"/usr/bin/make" "cmTC_cc95d/fast"
make[4]: Entering directory `/home/vvdn/linphone/linphone-android-arpit/WORK/android-x86/Build/ortp/CMakeFiles/CMakeTmp'
/usr/bin/make -f CMakeFiles/cmTC_cc95d.dir/build.make CMakeFiles/cmTC_cc95d.dir/build
make[5]: Entering directory `/home/vvdn/linphone/linphone-android-arpit/WORK/android-x86/Build/ortp/CMakeFiles/CMakeTmp'
Building CXX object CMakeFiles/cmTC_cc95d.dir/feature_tests.cxx.o
/home/vvdn/android-ndk-r14b/toolchains/llvm/prebuilt/linux-x86_64/bin/clang++ --target=i686-none-linux-android --gcc-toolchain=/home/vvdn/android-ndk-r14b/toolchains/x86-4.9/prebuilt/linux-x86_64 --sysroot=/home/vvdn/android-ndk-r14b/platforms/android-14/arch-x86   -isystem /home/vvdn/android-ndk-r14b/sources/cxx-stl/gnu-libstdc++/4.9/include -isystem /home/vvdn/android-ndk-r14b/sources/cxx-stl/gnu-libstdc++/4.9/libs/x86/include -isystem /home/vvdn/android-ndk-r14b/sources/cxx-stl/gnu-libstdc++/4.9/include/backward -isystem /home/vvdn/android-ndk-r14b/platforms/android-14/arch-x86/usr/include  -funwind-tables -no-canonical-prefixes -fexceptions -frtti  -g   -std=c++1z -o CMakeFiles/cmTC_cc95d.dir/feature_tests.cxx.o -c /home/vvdn/linphone/linphone-android-arpit/WORK/android-x86/Build/ortp/CMakeFiles/feature_tests.cxx
Linking CXX executable cmTC_cc95d
/usr/local/bin/cmake -E cmake_link_script CMakeFiles/cmTC_cc95d.dir/link.txt --verbose=1
/home/vvdn/android-ndk-r14b/toolchains/llvm/prebuilt/linux-x86_64/bin/clang++ --target=i686-none-linux-android --gcc-toolchain=/home/vvdn/android-ndk-r14b/toolchains/x86-4.9/prebuilt/linux-x86_64 --sysroot=/home/vvdn/android-ndk-r14b/platforms/android-14/arch-x86  -funwind-tables -no-canonical-prefixes -fexceptions -frtti  -g  -Wl,--gc-sections -Wl,-z,nocopyreloc  CMakeFiles/cmTC_cc95d.dir/feature_tests.cxx.o  -o cmTC_cc95d  "/home/vvdn/android-ndk-r14b/sources/cxx-stl/gnu-libstdc++/4.9/libs/x86/libgnustl_shared.so" 
make[5]: Leaving directory `/home/vvdn/linphone/linphone-android-arpit/WORK/android-x86/Build/ortp/CMakeFiles/CMakeTmp'
make[4]: Leaving directory `/home/vvdn/linphone/linphone-android-arpit/WORK/android-x86/Build/ortp/CMakeFiles/CMakeTmp'


    Feature record: CXX_FEATURE:1cxx_aggregate_default_initializers
    Feature record: CXX_FEATURE:1cxx_alias_templates
    Feature record: CXX_FEATURE:1cxx_alignas
    Feature record: CXX_FEATURE:1cxx_alignof
    Feature record: CXX_FEATURE:1cxx_attributes
    Feature record: CXX_FEATURE:1cxx_attribute_deprecated
    Feature record: CXX_FEATURE:1cxx_auto_type
    Feature record: CXX_FEATURE:1cxx_binary_literals
    Feature record: CXX_FEATURE:1cxx_constexpr
    Feature record: CXX_FEATURE:1cxx_contextual_conversions
    Feature record: CXX_FEATURE:1cxx_decltype
    Feature record: CXX_FEATURE:1cxx_decltype_auto
    Feature record: CXX_FEATURE:1cxx_decltype_incomplete_return_types
    Feature record: CXX_FEATURE:1cxx_default_function_template_args
    Feature record: CXX_FEATURE:1cxx_defaulted_functions
    Feature record: CXX_FEATURE:1cxx_defaulted_move_initializers
    Feature record: CXX_FEATURE:1cxx_delegating_constructors
    Feature record: CXX_FEATURE:1cxx_deleted_functions
    Feature record: CXX_FEATURE:1cxx_digit_separators
    Feature record: CXX_FEATURE:1cxx_enum_forward_declarations
    Feature record: CXX_FEATURE:1cxx_explicit_conversions
    Feature record: CXX_FEATURE:1cxx_extended_friend_declarations
    Feature record: CXX_FEATURE:1cxx_extern_templates
    Feature record: CXX_FEATURE:1cxx_final
    Feature record: CXX_FEATURE:1cxx_func_identifier
    Feature record: CXX_FEATURE:1cxx_generalized_initializers
    Feature record: CXX_FEATURE:1cxx_generic_lambdas
    Feature record: CXX_FEATURE:1cxx_inheriting_constructors
    Feature record: CXX_FEATURE:1cxx_inline_namespaces
    Feature record: CXX_FEATURE:1cxx_lambdas
    Feature record: CXX_FEATURE:1cxx_lambda_init_captures
    Feature record: CXX_FEATURE:1cxx_local_type_template_args
    Feature record: CXX_FEATURE:1cxx_long_long_type
    Feature record: CXX_FEATURE:1cxx_noexcept
    Feature record: CXX_FEATURE:1cxx_nonstatic_member_init
    Feature record: CXX_FEATURE:1cxx_nullptr
    Feature record: CXX_FEATURE:1cxx_override
    Feature record: CXX_FEATURE:1cxx_range_for
    Feature record: CXX_FEATURE:1cxx_raw_string_literals
    Feature record: CXX_FEATURE:1cxx_reference_qualified_functions
    Feature record: CXX_FEATURE:1cxx_relaxed_constexpr
    Feature record: CXX_FEATURE:1cxx_return_type_deduction
    Feature record: CXX_FEATURE:1cxx_right_angle_brackets
    Feature record: CXX_FEATURE:1cxx_rvalue_references
    Feature record: CXX_FEATURE:1cxx_sizeof_member
    Feature record: CXX_FEATURE:1cxx_static_assert
    Feature record: CXX_FEATURE:1cxx_strong_enums
    Feature record: CXX_FEATURE:1cxx_template_template_parameters
    Feature record: CXX_FEATURE:1cxx_thread_local
    Feature record: CXX_FEATURE:1cxx_trailing_return_types
    Feature record: CXX_FEATURE:1cxx_unicode_literals
    Feature record: CXX_FEATURE:1cxx_uniform_initialization
    Feature record: CXX_FEATURE:1cxx_unrestricted_unions
    Feature record: CXX_FEATURE:1cxx_user_literals
    Feature record: CXX_FEATURE:1cxx_variable_templates
    Feature record: CXX_FEATURE:1cxx_variadic_macros
    Feature record: CXX_FEATURE:1cxx_variadic_templates


Detecting CXX [-std=c++14] compiler features compiled with the following output:
Change Dir: /home/vvdn/linphone/linphone-android-arpit/WORK/android-x86/Build/ortp/CMakeFiles/CMakeTmp

Run Build Command:"/usr/bin/make" "cmTC_a8c2b/fast"
make[4]: Entering directory `/home/vvdn/linphone/linphone-android-arpit/WORK/android-x86/Build/ortp/CMakeFiles/CMakeTmp'
/usr/bin/make -f CMakeFiles/cmTC_a8c2b.dir/build.make CMakeFiles/cmTC_a8c2b.dir/build
make[5]: Entering directory `/home/vvdn/linphone/linphone-android-arpit/WORK/android-x86/Build/ortp/CMakeFiles/CMakeTmp'
Building CXX object CMakeFiles/cmTC_a8c2b.dir/feature_tests.cxx.o
/home/vvdn/android-ndk-r14b/toolchains/llvm/prebuilt/linux-x86_64/bin/clang++ --target=i686-none-linux-android --gcc-toolchain=/home/vvdn/android-ndk-r14b/toolchains/x86-4.9/prebuilt/linux-x86_64 --sysroot=/home/vvdn/android-ndk-r14b/platforms/android-14/arch-x86   -isystem /home/vvdn/android-ndk-r14b/sources/cxx-stl/gnu-libstdc++/4.9/include -isystem /home/vvdn/android-ndk-r14b/sources/cxx-stl/gnu-libstdc++/4.9/libs/x86/include -isystem /home/vvdn/android-ndk-r14b/sources/cxx-stl/gnu-libstdc++/4.9/include/backward -isystem /home/vvdn/android-ndk-r14b/platforms/android-14/arch-x86/usr/include  -funwind-tables -no-canonical-prefixes -fexceptions -frtti  -g   -std=c++14 -o CMakeFiles/cmTC_a8c2b.dir/feature_tests.cxx.o -c /home/vvdn/linphone/linphone-android-arpit/WORK/android-x86/Build/ortp/CMakeFiles/feature_tests.cxx
Linking CXX executable cmTC_a8c2b
/usr/local/bin/cmake -E cmake_link_script CMakeFiles/cmTC_a8c2b.dir/link.txt --verbose=1
/home/vvdn/android-ndk-r14b/toolchains/llvm/prebuilt/linux-x86_64/bin/clang++ --target=i686-none-linux-android --gcc-toolchain=/home/vvdn/android-ndk-r14b/toolchains/x86-4.9/prebuilt/linux-x86_64 --sysroot=/home/vvdn/android-ndk-r14b/platforms/android-14/arch-x86  -funwind-tables -no-canonical-prefixes -fexceptions -frtti  -g  -Wl,--gc-sections -Wl,-z,nocopyreloc  CMakeFiles/cmTC_a8c2b.dir/feature_tests.cxx.o  -o cmTC_a8c2b  "/home/vvdn/android-ndk-r14b/sources/cxx-stl/gnu-libstdc++/4.9/libs/x86/libgnustl_shared.so" 
make[5]: Leaving directory `/home/vvdn/linphone/linphone-android-arpit/WORK/android-x86/Build/ortp/CMakeFiles/CMakeTmp'
make[4]: Leaving directory `/home/vvdn/linphone/linphone-android-arpit/WORK/android-x86/Build/ortp/CMakeFiles/CMakeTmp'


    Feature record: CXX_FEATURE:1cxx_aggregate_default_initializers
    Feature record: CXX_FEATURE:1cxx_alias_templates
    Feature record: CXX_FEATURE:1cxx_alignas
    Feature record: CXX_FEATURE:1cxx_alignof
    Feature record: CXX_FEATURE:1cxx_attributes
    Feature record: CXX_FEATURE:1cxx_attribute_deprecated
    Feature record: CXX_FEATURE:1cxx_auto_type
    Feature record: CXX_FEATURE:1cxx_binary_literals
    Feature record: CXX_FEATURE:1cxx_constexpr
    Feature record: CXX_FEATURE:1cxx_contextual_conversions
    Feature record: CXX_FEATURE:1cxx_decltype
    Feature record: CXX_FEATURE:1cxx_decltype_auto
    Feature record: CXX_FEATURE:1cxx_decltype_incomplete_return_types
    Feature record: CXX_FEATURE:1cxx_default_function_template_args
    Feature record: CXX_FEATURE:1cxx_defaulted_functions
    Feature record: CXX_FEATURE:1cxx_defaulted_move_initializers
    Feature record: CXX_FEATURE:1cxx_delegating_constructors
    Feature record: CXX_FEATURE:1cxx_deleted_functions
    Feature record: CXX_FEATURE:1cxx_digit_separators
    Feature record: CXX_FEATURE:1cxx_enum_forward_declarations
    Feature record: CXX_FEATURE:1cxx_explicit_conversions
    Feature record: CXX_FEATURE:1cxx_extended_friend_declarations
    Feature record: CXX_FEATURE:1cxx_extern_templates
    Feature record: CXX_FEATURE:1cxx_final
    Feature record: CXX_FEATURE:1cxx_func_identifier
    Feature record: CXX_FEATURE:1cxx_generalized_initializers
    Feature record: CXX_FEATURE:1cxx_generic_lambdas
    Feature record: CXX_FEATURE:1cxx_inheriting_constructors
    Feature record: CXX_FEATURE:1cxx_inline_namespaces
    Feature record: CXX_FEATURE:1cxx_lambdas
    Feature record: CXX_FEATURE:1cxx_lambda_init_captures
    Feature record: CXX_FEATURE:1cxx_local_type_template_args
    Feature record: CXX_FEATURE:1cxx_long_long_type
    Feature record: CXX_FEATURE:1cxx_noexcept
    Feature record: CXX_FEATURE:1cxx_nonstatic_member_init
    Feature record: CXX_FEATURE:1cxx_nullptr
    Feature record: CXX_FEATURE:1cxx_override
    Feature record: CXX_FEATURE:1cxx_range_for
    Feature record: CXX_FEATURE:1cxx_raw_string_literals
    Feature record: CXX_FEATURE:1cxx_reference_qualified_functions
    Feature record: CXX_FEATURE:1cxx_relaxed_constexpr
    Feature record: CXX_FEATURE:1cxx_return_type_deduction
    Feature record: CXX_FEATURE:1cxx_right_angle_brackets
    Feature record: CXX_FEATURE:1cxx_rvalue_references
    Feature record: CXX_FEATURE:1cxx_sizeof_member
    Feature record: CXX_FEATURE:1cxx_static_assert
    Feature record: CXX_FEATURE:1cxx_strong_enums
    Feature record: CXX_FEATURE:1cxx_template_template_parameters
    Feature record: CXX_FEATURE:1cxx_thread_local
    Feature record: CXX_FEATURE:1cxx_trailing_return_types
    Feature record: CXX_FEATURE:1cxx_unicode_literals
    Feature record: CXX_FEATURE:1cxx_uniform_initialization
    Feature record: CXX_FEATURE:1cxx_unrestricted_unions
    Feature record: CXX_FEATURE:1cxx_user_literals
    Feature record: CXX_FEATURE:1cxx_variable_templates
    Feature record: CXX_FEATURE:1cxx_variadic_macros
    Feature record: CXX_FEATURE:1cxx_variadic_templates


Detecting CXX [-std=c++11] compiler features compiled with the following output:
Change Dir: /home/vvdn/linphone/linphone-android-arpit/WORK/android-x86/Build/ortp/CMakeFiles/CMakeTmp

Run Build Command:"/usr/bin/make" "cmTC_a3a1e/fast"
make[4]: Entering directory `/home/vvdn/linphone/linphone-android-arpit/WORK/android-x86/Build/ortp/CMakeFiles/CMakeTmp'
/usr/bin/make -f CMakeFiles/cmTC_a3a1e.dir/build.make CMakeFiles/cmTC_a3a1e.dir/build
make[5]: Entering directory `/home/vvdn/linphone/linphone-android-arpit/WORK/android-x86/Build/ortp/CMakeFiles/CMakeTmp'
Building CXX object CMakeFiles/cmTC_a3a1e.dir/feature_tests.cxx.o
/home/vvdn/android-ndk-r14b/toolchains/llvm/prebuilt/linux-x86_64/bin/clang++ --target=i686-none-linux-android --gcc-toolchain=/home/vvdn/android-ndk-r14b/toolchains/x86-4.9/prebuilt/linux-x86_64 --sysroot=/home/vvdn/android-ndk-r14b/platforms/android-14/arch-x86   -isystem /home/vvdn/android-ndk-r14b/sources/cxx-stl/gnu-libstdc++/4.9/include -isystem /home/vvdn/android-ndk-r14b/sources/cxx-stl/gnu-libstdc++/4.9/libs/x86/include -isystem /home/vvdn/android-ndk-r14b/sources/cxx-stl/gnu-libstdc++/4.9/include/backward -isystem /home/vvdn/android-ndk-r14b/platforms/android-14/arch-x86/usr/include  -funwind-tables -no-canonical-prefixes -fexceptions -frtti  -g   -std=c++11 -o CMakeFiles/cmTC_a3a1e.dir/feature_tests.cxx.o -c /home/vvdn/linphone/linphone-android-arpit/WORK/android-x86/Build/ortp/CMakeFiles/feature_tests.cxx
Linking CXX executable cmTC_a3a1e
/usr/local/bin/cmake -E cmake_link_script CMakeFiles/cmTC_a3a1e.dir/link.txt --verbose=1
/home/vvdn/android-ndk-r14b/toolchains/llvm/prebuilt/linux-x86_64/bin/clang++ --target=i686-none-linux-android --gcc-toolchain=/home/vvdn/android-ndk-r14b/toolchains/x86-4.9/prebuilt/linux-x86_64 --sysroot=/home/vvdn/android-ndk-r14b/platforms/android-14/arch-x86  -funwind-tables -no-canonical-prefixes -fexceptions -frtti  -g  -Wl,--gc-sections -Wl,-z,nocopyreloc  CMakeFiles/cmTC_a3a1e.dir/feature_tests.cxx.o  -o cmTC_a3a1e  "/home/vvdn/android-ndk-r14b/sources/cxx-stl/gnu-libstdc++/4.9/libs/x86/libgnustl_shared.so" 
make[5]: Leaving directory `/home/vvdn/linphone/linphone-android-arpit/WORK/android-x86/Build/ortp/CMakeFiles/CMakeTmp'
make[4]: Leaving directory `/home/vvdn/linphone/linphone-android-arpit/WORK/android-x86/Build/ortp/CMakeFiles/CMakeTmp'


    Feature record: CXX_FEATURE:0cxx_aggregate_default_initializers
    Feature record: CXX_FEATURE:1cxx_alias_templates
    Feature record: CXX_FEATURE:1cxx_alignas
    Feature record: CXX_FEATURE:1cxx_alignof
    Feature record: CXX_FEATURE:1cxx_attributes
    Feature record: CXX_FEATURE:0cxx_attribute_deprecated
    Feature record: CXX_FEATURE:1cxx_auto_type
    Feature record: CXX_FEATURE:0cxx_binary_literals
    Feature record: CXX_FEATURE:1cxx_constexpr
    Feature record: CXX_FEATURE:0cxx_contextual_conversions
    Feature record: CXX_FEATURE:1cxx_decltype
    Feature record: CXX_FEATURE:0cxx_decltype_auto
    Feature record: CXX_FEATURE:1cxx_decltype_incomplete_return_types
    Feature record: CXX_FEATURE:1cxx_default_function_template_args
    Feature record: CXX_FEATURE:1cxx_defaulted_functions
    Feature record: CXX_FEATURE:1cxx_defaulted_move_initializers
    Feature record: CXX_FEATURE:1cxx_delegating_constructors
    Feature record: CXX_FEATURE:1cxx_deleted_functions
    Feature record: CXX_FEATURE:0cxx_digit_separators
    Feature record: CXX_FEATURE:1cxx_enum_forward_declarations
    Feature record: CXX_FEATURE:1cxx_explicit_conversions
    Feature record: CXX_FEATURE:1cxx_extended_friend_declarations
    Feature record: CXX_FEATURE:1cxx_extern_templates
    Feature record: CXX_FEATURE:1cxx_final
    Feature record: CXX_FEATURE:1cxx_func_identifier
    Feature record: CXX_FEATURE:1cxx_generalized_initializers
    Feature record: CXX_FEATURE:0cxx_generic_lambdas
    Feature record: CXX_FEATURE:1cxx_inheriting_constructors
    Feature record: CXX_FEATURE:1cxx_inline_namespaces
    Feature record: CXX_FEATURE:1cxx_lambdas
    Feature record: CXX_FEATURE:0cxx_lambda_init_captures
    Feature record: CXX_FEATURE:1cxx_local_type_template_args
    Feature record: CXX_FEATURE:1cxx_long_long_type
    Feature record: CXX_FEATURE:1cxx_noexcept
    Feature record: CXX_FEATURE:1cxx_nonstatic_member_init
    Feature record: CXX_FEATURE:1cxx_nullptr
    Feature record: CXX_FEATURE:1cxx_override
    Feature record: CXX_FEATURE:1cxx_range_for
    Feature record: CXX_FEATURE:1cxx_raw_string_literals
    Feature record: CXX_FEATURE:1cxx_reference_qualified_functions
    Feature record: CXX_FEATURE:0cxx_relaxed_constexpr
    Feature record: CXX_FEATURE:0cxx_return_type_deduction
    Feature record: CXX_FEATURE:1cxx_right_angle_brackets
    Feature record: CXX_FEATURE:1cxx_rvalue_references
    Feature record: CXX_FEATURE:1cxx_sizeof_member
    Feature record: CXX_FEATURE:1cxx_static_assert
    Feature record: CXX_FEATURE:1cxx_strong_enums
    Feature record: CXX_FEATURE:1cxx_template_template_parameters
    Feature record: CXX_FEATURE:1cxx_thread_local
    Feature record: CXX_FEATURE:1cxx_trailing_return_types
    Feature record: CXX_FEATURE:1cxx_unicode_literals
    Feature record: CXX_FEATURE:1cxx_uniform_initialization
    Feature record: CXX_FEATURE:1cxx_unrestricted_unions
    Feature record: CXX_FEATURE:1cxx_user_literals
    Feature record: CXX_FEATURE:0cxx_variable_templates
    Feature record: CXX_FEATURE:1cxx_variadic_macros
    Feature record: CXX_FEATURE:1cxx_variadic_templates


Detecting CXX [-std=c++98] compiler features compiled with the following output:
Change Dir: /home/vvdn/linphone/linphone-android-arpit/WORK/android-x86/Build/ortp/CMakeFiles/CMakeTmp

Run Build Command:"/usr/bin/make" "cmTC_1c9a7/fast"
make[4]: Entering directory `/home/vvdn/linphone/linphone-android-arpit/WORK/android-x86/Build/ortp/CMakeFiles/CMakeTmp'
/usr/bin/make -f CMakeFiles/cmTC_1c9a7.dir/build.make CMakeFiles/cmTC_1c9a7.dir/build
make[5]: Entering directory `/home/vvdn/linphone/linphone-android-arpit/WORK/android-x86/Build/ortp/CMakeFiles/CMakeTmp'
Building CXX object CMakeFiles/cmTC_1c9a7.dir/feature_tests.cxx.o
/home/vvdn/android-ndk-r14b/toolchains/llvm/prebuilt/linux-x86_64/bin/clang++ --target=i686-none-linux-android --gcc-toolchain=/home/vvdn/android-ndk-r14b/toolchains/x86-4.9/prebuilt/linux-x86_64 --sysroot=/home/vvdn/android-ndk-r14b/platforms/android-14/arch-x86   -isystem /home/vvdn/android-ndk-r14b/sources/cxx-stl/gnu-libstdc++/4.9/include -isystem /home/vvdn/android-ndk-r14b/sources/cxx-stl/gnu-libstdc++/4.9/libs/x86/include -isystem /home/vvdn/android-ndk-r14b/sources/cxx-stl/gnu-libstdc++/4.9/include/backward -isystem /home/vvdn/android-ndk-r14b/platforms/android-14/arch-x86/usr/include  -funwind-tables -no-canonical-prefixes -fexceptions -frtti  -g   -std=c++98 -o CMakeFiles/cmTC_1c9a7.dir/feature_tests.cxx.o -c /home/vvdn/linphone/linphone-android-arpit/WORK/android-x86/Build/ortp/CMakeFiles/feature_tests.cxx
Linking CXX executable cmTC_1c9a7
/usr/local/bin/cmake -E cmake_link_script CMakeFiles/cmTC_1c9a7.dir/link.txt --verbose=1
/home/vvdn/android-ndk-r14b/toolchains/llvm/prebuilt/linux-x86_64/bin/clang++ --target=i686-none-linux-android --gcc-toolchain=/home/vvdn/android-ndk-r14b/toolchains/x86-4.9/prebuilt/linux-x86_64 --sysroot=/home/vvdn/android-ndk-r14b/platforms/android-14/arch-x86  -funwind-tables -no-canonical-prefixes -fexceptions -frtti  -g  -Wl,--gc-sections -Wl,-z,nocopyreloc  CMakeFiles/cmTC_1c9a7.dir/feature_tests.cxx.o  -o cmTC_1c9a7  "/home/vvdn/android-ndk-r14b/sources/cxx-stl/gnu-libstdc++/4.9/libs/x86/libgnustl_shared.so" 
make[5]: Leaving directory `/home/vvdn/linphone/linphone-android-arpit/WORK/android-x86/Build/ortp/CMakeFiles/CMakeTmp'
make[4]: Leaving directory `/home/vvdn/linphone/linphone-android-arpit/WORK/android-x86/Build/ortp/CMakeFiles/CMakeTmp'


    Feature record: CXX_FEATURE:0cxx_aggregate_default_initializers
    Feature record: CXX_FEATURE:0cxx_alias_templates
    Feature record: CXX_FEATURE:0cxx_alignas
    Feature record: CXX_FEATURE:0cxx_alignof
    Feature record: CXX_FEATURE:0cxx_attributes
    Feature record: CXX_FEATURE:0cxx_attribute_deprecated
    Feature record: CXX_FEATURE:0cxx_auto_type
    Feature record: CXX_FEATURE:0cxx_binary_literals
    Feature record: CXX_FEATURE:0cxx_constexpr
    Feature record: CXX_FEATURE:0cxx_contextual_conversions
    Feature record: CXX_FEATURE:0cxx_decltype
    Feature record: CXX_FEATURE:0cxx_decltype_auto
    Feature record: CXX_FEATURE:0cxx_decltype_incomplete_return_types
    Feature record: CXX_FEATURE:0cxx_default_function_template_args
    Feature record: CXX_FEATURE:0cxx_defaulted_functions
    Feature record: CXX_FEATURE:0cxx_defaulted_move_initializers
    Feature record: CXX_FEATURE:0cxx_delegating_constructors
    Feature record: CXX_FEATURE:0cxx_deleted_functions
    Feature record: CXX_FEATURE:0cxx_digit_separators
    Feature record: CXX_FEATURE:0cxx_enum_forward_declarations
    Feature record: CXX_FEATURE:0cxx_explicit_conversions
    Feature record: CXX_FEATURE:0cxx_extended_friend_declarations
    Feature record: CXX_FEATURE:0cxx_extern_templates
    Feature record: CXX_FEATURE:0cxx_final
    Feature record: CXX_FEATURE:0cxx_func_identifier
    Feature record: CXX_FEATURE:0cxx_generalized_initializers
    Feature record: CXX_FEATURE:0cxx_generic_lambdas
    Feature record: CXX_FEATURE:0cxx_inheriting_constructors
    Feature record: CXX_FEATURE:0cxx_inline_namespaces
    Feature record: CXX_FEATURE:0cxx_lambdas
    Feature record: CXX_FEATURE:0cxx_lambda_init_captures
    Feature record: CXX_FEATURE:0cxx_local_type_template_args
    Feature record: CXX_FEATURE:0cxx_long_long_type
    Feature record: CXX_FEATURE:0cxx_noexcept
    Feature record: CXX_FEATURE:0cxx_nonstatic_member_init
    Feature record: CXX_FEATURE:0cxx_nullptr
    Feature record: CXX_FEATURE:0cxx_override
    Feature record: CXX_FEATURE:0cxx_range_for
    Feature record: CXX_FEATURE:0cxx_raw_string_literals
    Feature record: CXX_FEATURE:0cxx_reference_qualified_functions
    Feature record: CXX_FEATURE:0cxx_relaxed_constexpr
    Feature record: CXX_FEATURE:0cxx_return_type_deduction
    Feature record: CXX_FEATURE:0cxx_right_angle_brackets
    Feature record: CXX_FEATURE:0cxx_rvalue_references
    Feature record: CXX_FEATURE:0cxx_sizeof_member
    Feature record: CXX_FEATURE:0cxx_static_assert
    Feature record: CXX_FEATURE:0cxx_strong_enums
    Feature record: CXX_FEATURE:1cxx_template_template_parameters
    Feature record: CXX_FEATURE:0cxx_thread_local
    Feature record: CXX_FEATURE:0cxx_trailing_return_types
    Feature record: CXX_FEATURE:0cxx_unicode_literals
    Feature record: CXX_FEATURE:0cxx_uniform_initialization
    Feature record: CXX_FEATURE:0cxx_unrestricted_unions
    Feature record: CXX_FEATURE:0cxx_user_literals
    Feature record: CXX_FEATURE:0cxx_variable_templates
    Feature record: CXX_FEATURE:0cxx_variadic_macros
    Feature record: CXX_FEATURE:0cxx_variadic_templates
Determining if the include file pthread.h exists passed with the following output:
Change Dir: /home/vvdn/linphone/linphone-android-arpit/WORK/android-x86/Build/ortp/CMakeFiles/CMakeTmp

Run Build Command:"/usr/bin/make" "cmTC_6fa90/fast"
make[4]: Entering directory `/home/vvdn/linphone/linphone-android-arpit/WORK/android-x86/Build/ortp/CMakeFiles/CMakeTmp'
/usr/bin/make -f CMakeFiles/cmTC_6fa90.dir/build.make CMakeFiles/cmTC_6fa90.dir/build
make[5]: Entering directory `/home/vvdn/linphone/linphone-android-arpit/WORK/android-x86/Build/ortp/CMakeFiles/CMakeTmp'
Building C object CMakeFiles/cmTC_6fa90.dir/CheckIncludeFile.c.o
/home/vvdn/android-ndk-r14b/toolchains/llvm/prebuilt/linux-x86_64/bin/clang --target=i686-none-linux-android --gcc-toolchain=/home/vvdn/android-ndk-r14b/toolchains/x86-4.9/prebuilt/linux-x86_64 --sysroot=/home/vvdn/android-ndk-r14b/platforms/android-14/arch-x86  -isystem /home/vvdn/android-ndk-r14b/platforms/android-14/arch-x86/usr/include  -funwind-tables -no-canonical-prefixes -fexceptions  -g   -o CMakeFiles/cmTC_6fa90.dir/CheckIncludeFile.c.o   -c /home/vvdn/linphone/linphone-android-arpit/WORK/android-x86/Build/ortp/CMakeFiles/CMakeTmp/CheckIncludeFile.c
Linking C executable cmTC_6fa90
/usr/local/bin/cmake -E cmake_link_script CMakeFiles/cmTC_6fa90.dir/link.txt --verbose=1
/home/vvdn/android-ndk-r14b/toolchains/llvm/prebuilt/linux-x86_64/bin/clang --target=i686-none-linux-android --gcc-toolchain=/home/vvdn/android-ndk-r14b/toolchains/x86-4.9/prebuilt/linux-x86_64 --sysroot=/home/vvdn/android-ndk-r14b/platforms/android-14/arch-x86 -funwind-tables -no-canonical-prefixes -fexceptions  -g  -Wl,--gc-sections -Wl,-z,nocopyreloc  CMakeFiles/cmTC_6fa90.dir/CheckIncludeFile.c.o  -o cmTC_6fa90 
make[5]: Leaving directory `/home/vvdn/linphone/linphone-android-arpit/WORK/android-x86/Build/ortp/CMakeFiles/CMakeTmp'
make[4]: Leaving directory `/home/vvdn/linphone/linphone-android-arpit/WORK/android-x86/Build/ortp/CMakeFiles/CMakeTmp'


Determining if the pthread_create exist passed with the following output:
Change Dir: /home/vvdn/linphone/linphone-android-arpit/WORK/android-x86/Build/ortp/CMakeFiles/CMakeTmp

Run Build Command:"/usr/bin/make" "cmTC_bacb7/fast"
make[4]: Entering directory `/home/vvdn/linphone/linphone-android-arpit/WORK/android-x86/Build/ortp/CMakeFiles/CMakeTmp'
/usr/bin/make -f CMakeFiles/cmTC_bacb7.dir/build.make CMakeFiles/cmTC_bacb7.dir/build
make[5]: Entering directory `/home/vvdn/linphone/linphone-android-arpit/WORK/android-x86/Build/ortp/CMakeFiles/CMakeTmp'
Building C object CMakeFiles/cmTC_bacb7.dir/CheckSymbolExists.c.o
/home/vvdn/android-ndk-r14b/toolchains/llvm/prebuilt/linux-x86_64/bin/clang --target=i686-none-linux-android --gcc-toolchain=/home/vvdn/android-ndk-r14b/toolchains/x86-4.9/prebuilt/linux-x86_64 --sysroot=/home/vvdn/android-ndk-r14b/platforms/android-14/arch-x86  -isystem /home/vvdn/android-ndk-r14b/platforms/android-14/arch-x86/usr/include  -funwind-tables -no-canonical-prefixes -fexceptions  -g   -o CMakeFiles/cmTC_bacb7.dir/CheckSymbolExists.c.o   -c /home/vvdn/linphone/linphone-android-arpit/WORK/android-x86/Build/ortp/CMakeFiles/CMakeTmp/CheckSymbolExists.c
Linking C executable cmTC_bacb7
/usr/local/bin/cmake -E cmake_link_script CMakeFiles/cmTC_bacb7.dir/link.txt --verbose=1
/home/vvdn/android-ndk-r14b/toolchains/llvm/prebuilt/linux-x86_64/bin/clang --target=i686-none-linux-android --gcc-toolchain=/home/vvdn/android-ndk-r14b/toolchains/x86-4.9/prebuilt/linux-x86_64 --sysroot=/home/vvdn/android-ndk-r14b/platforms/android-14/arch-x86 -funwind-tables -no-canonical-prefixes -fexceptions  -g  -Wl,--gc-sections -Wl,-z,nocopyreloc  CMakeFiles/cmTC_bacb7.dir/CheckSymbolExists.c.o  -o cmTC_bacb7 
make[5]: Leaving directory `/home/vvdn/linphone/linphone-android-arpit/WORK/android-x86/Build/ortp/CMakeFiles/CMakeTmp'
make[4]: Leaving directory `/home/vvdn/linphone/linphone-android-arpit/WORK/android-x86/Build/ortp/CMakeFiles/CMakeTmp'

File /home/vvdn/linphone/linphone-android-arpit/WORK/android-x86/Build/ortp/CMakeFiles/CMakeTmp/CheckSymbolExists.c:
/* */
#include <pthread.h>

int main(int argc, char** argv)
{
  (void)argv;
#ifndef pthread_create
  return ((int*)(&pthread_create))[argc];
#else
  (void)argc;
  return 0;
#endif
}

Determining if the include file sys/uio.h exists passed with the following output:
Change Dir: /home/vvdn/linphone/linphone-android-arpit/WORK/android-x86/Build/ortp/CMakeFiles/CMakeTmp

Run Build Command:"/usr/bin/make" "cmTC_c2c30/fast"
make[4]: Entering directory `/home/vvdn/linphone/linphone-android-arpit/WORK/android-x86/Build/ortp/CMakeFiles/CMakeTmp'
/usr/bin/make -f CMakeFiles/cmTC_c2c30.dir/build.make CMakeFiles/cmTC_c2c30.dir/build
make[5]: Entering directory `/home/vvdn/linphone/linphone-android-arpit/WORK/android-x86/Build/ortp/CMakeFiles/CMakeTmp'
Building C object CMakeFiles/cmTC_c2c30.dir/CheckIncludeFile.c.o
/home/vvdn/android-ndk-r14b/toolchains/llvm/prebuilt/linux-x86_64/bin/clang --target=i686-none-linux-android --gcc-toolchain=/home/vvdn/android-ndk-r14b/toolchains/x86-4.9/prebuilt/linux-x86_64 --sysroot=/home/vvdn/android-ndk-r14b/platforms/android-14/arch-x86  -isystem /home/vvdn/android-ndk-r14b/platforms/android-14/arch-x86/usr/include  -funwind-tables -no-canonical-prefixes -fexceptions  -g   -o CMakeFiles/cmTC_c2c30.dir/CheckIncludeFile.c.o   -c /home/vvdn/linphone/linphone-android-arpit/WORK/android-x86/Build/ortp/CMakeFiles/CMakeTmp/CheckIncludeFile.c
Linking C executable cmTC_c2c30
/usr/local/bin/cmake -E cmake_link_script CMakeFiles/cmTC_c2c30.dir/link.txt --verbose=1
/home/vvdn/android-ndk-r14b/toolchains/llvm/prebuilt/linux-x86_64/bin/clang --target=i686-none-linux-android --gcc-toolchain=/home/vvdn/android-ndk-r14b/toolchains/x86-4.9/prebuilt/linux-x86_64 --sysroot=/home/vvdn/android-ndk-r14b/platforms/android-14/arch-x86 -funwind-tables -no-canonical-prefixes -fexceptions  -g  -Wl,--gc-sections -Wl,-z,nocopyreloc  CMakeFiles/cmTC_c2c30.dir/CheckIncludeFile.c.o  -o cmTC_c2c30 
make[5]: Leaving directory `/home/vvdn/linphone/linphone-android-arpit/WORK/android-x86/Build/ortp/CMakeFiles/CMakeTmp'
make[4]: Leaving directory `/home/vvdn/linphone/linphone-android-arpit/WORK/android-x86/Build/ortp/CMakeFiles/CMakeTmp'


Determining if the function arc4random exists passed with the following output:
Change Dir: /home/vvdn/linphone/linphone-android-arpit/WORK/android-x86/Build/ortp/CMakeFiles/CMakeTmp

Run Build Command:"/usr/bin/make" "cmTC_ac1ee/fast"
make[4]: Entering directory `/home/vvdn/linphone/linphone-android-arpit/WORK/android-x86/Build/ortp/CMakeFiles/CMakeTmp'
/usr/bin/make -f CMakeFiles/cmTC_ac1ee.dir/build.make CMakeFiles/cmTC_ac1ee.dir/build
make[5]: Entering directory `/home/vvdn/linphone/linphone-android-arpit/WORK/android-x86/Build/ortp/CMakeFiles/CMakeTmp'
Building C object CMakeFiles/cmTC_ac1ee.dir/CheckFunctionExists.c.o
/home/vvdn/android-ndk-r14b/toolchains/llvm/prebuilt/linux-x86_64/bin/clang --target=i686-none-linux-android --gcc-toolchain=/home/vvdn/android-ndk-r14b/toolchains/x86-4.9/prebuilt/linux-x86_64 --sysroot=/home/vvdn/android-ndk-r14b/platforms/android-14/arch-x86  -isystem /home/vvdn/android-ndk-r14b/platforms/android-14/arch-x86/usr/include  -funwind-tables -no-canonical-prefixes -fexceptions -DCHECK_FUNCTION_EXISTS=arc4random -g   -o CMakeFiles/cmTC_ac1ee.dir/CheckFunctionExists.c.o   -c /usr/local/share/cmake-3.8/Modules/CheckFunctionExists.c
Linking C executable cmTC_ac1ee
/usr/local/bin/cmake -E cmake_link_script CMakeFiles/cmTC_ac1ee.dir/link.txt --verbose=1
/home/vvdn/android-ndk-r14b/toolchains/llvm/prebuilt/linux-x86_64/bin/clang --target=i686-none-linux-android --gcc-toolchain=/home/vvdn/android-ndk-r14b/toolchains/x86-4.9/prebuilt/linux-x86_64 --sysroot=/home/vvdn/android-ndk-r14b/platforms/android-14/arch-x86 -funwind-tables -no-canonical-prefixes -fexceptions -DCHECK_FUNCTION_EXISTS=arc4random -g  -Wl,--gc-sections -Wl,-z,nocopyreloc  CMakeFiles/cmTC_ac1ee.dir/CheckFunctionExists.c.o  -o cmTC_ac1ee 
make[5]: Leaving directory `/home/vvdn/linphone/linphone-android-arpit/WORK/android-x86/Build/ortp/CMakeFiles/CMakeTmp'
make[4]: Leaving directory `/home/vvdn/linphone/linphone-android-arpit/WORK/android-x86/Build/ortp/CMakeFiles/CMakeTmp'


Determining if the include file sys/types.h exists passed with the following output:
Change Dir: /home/vvdn/linphone/linphone-android-arpit/WORK/android-x86/Build/ortp/CMakeFiles/CMakeTmp

Run Build Command:"/usr/bin/make" "cmTC_da408/fast"
make[4]: Entering directory `/home/vvdn/linphone/linphone-android-arpit/WORK/android-x86/Build/ortp/CMakeFiles/CMakeTmp'
/usr/bin/make -f CMakeFiles/cmTC_da408.dir/build.make CMakeFiles/cmTC_da408.dir/build
make[5]: Entering directory `/home/vvdn/linphone/linphone-android-arpit/WORK/android-x86/Build/ortp/CMakeFiles/CMakeTmp'
Building C object CMakeFiles/cmTC_da408.dir/CheckIncludeFile.c.o
/home/vvdn/android-ndk-r14b/toolchains/llvm/prebuilt/linux-x86_64/bin/clang --target=i686-none-linux-android --gcc-toolchain=/home/vvdn/android-ndk-r14b/toolchains/x86-4.9/prebuilt/linux-x86_64 --sysroot=/home/vvdn/android-ndk-r14b/platforms/android-14/arch-x86  -isystem /home/vvdn/android-ndk-r14b/platforms/android-14/arch-x86/usr/include  -funwind-tables -no-canonical-prefixes -fexceptions  -g   -o CMakeFiles/cmTC_da408.dir/CheckIncludeFile.c.o   -c /home/vvdn/linphone/linphone-android-arpit/WORK/android-x86/Build/ortp/CMakeFiles/CMakeTmp/CheckIncludeFile.c
Linking C executable cmTC_da408
/usr/local/bin/cmake -E cmake_link_script CMakeFiles/cmTC_da408.dir/link.txt --verbose=1
/home/vvdn/android-ndk-r14b/toolchains/llvm/prebuilt/linux-x86_64/bin/clang --target=i686-none-linux-android --gcc-toolchain=/home/vvdn/android-ndk-r14b/toolchains/x86-4.9/prebuilt/linux-x86_64 --sysroot=/home/vvdn/android-ndk-r14b/platforms/android-14/arch-x86 -funwind-tables -no-canonical-prefixes -fexceptions  -g  -Wl,--gc-sections -Wl,-z,nocopyreloc  CMakeFiles/cmTC_da408.dir/CheckIncludeFile.c.o  -o cmTC_da408 
make[5]: Leaving directory `/home/vvdn/linphone/linphone-android-arpit/WORK/android-x86/Build/ortp/CMakeFiles/CMakeTmp'
make[4]: Leaving directory `/home/vvdn/linphone/linphone-android-arpit/WORK/android-x86/Build/ortp/CMakeFiles/CMakeTmp'


Determining if the include file stdint.h exists passed with the following output:
Change Dir: /home/vvdn/linphone/linphone-android-arpit/WORK/android-x86/Build/ortp/CMakeFiles/CMakeTmp

Run Build Command:"/usr/bin/make" "cmTC_32c45/fast"
make[4]: Entering directory `/home/vvdn/linphone/linphone-android-arpit/WORK/android-x86/Build/ortp/CMakeFiles/CMakeTmp'
/usr/bin/make -f CMakeFiles/cmTC_32c45.dir/build.make CMakeFiles/cmTC_32c45.dir/build
make[5]: Entering directory `/home/vvdn/linphone/linphone-android-arpit/WORK/android-x86/Build/ortp/CMakeFiles/CMakeTmp'
Building C object CMakeFiles/cmTC_32c45.dir/CheckIncludeFile.c.o
/home/vvdn/android-ndk-r14b/toolchains/llvm/prebuilt/linux-x86_64/bin/clang --target=i686-none-linux-android --gcc-toolchain=/home/vvdn/android-ndk-r14b/toolchains/x86-4.9/prebuilt/linux-x86_64 --sysroot=/home/vvdn/android-ndk-r14b/platforms/android-14/arch-x86  -isystem /home/vvdn/android-ndk-r14b/platforms/android-14/arch-x86/usr/include  -funwind-tables -no-canonical-prefixes -fexceptions  -g   -o CMakeFiles/cmTC_32c45.dir/CheckIncludeFile.c.o   -c /home/vvdn/linphone/linphone-android-arpit/WORK/android-x86/Build/ortp/CMakeFiles/CMakeTmp/CheckIncludeFile.c
Linking C executable cmTC_32c45
/usr/local/bin/cmake -E cmake_link_script CMakeFiles/cmTC_32c45.dir/link.txt --verbose=1
/home/vvdn/android-ndk-r14b/toolchains/llvm/prebuilt/linux-x86_64/bin/clang --target=i686-none-linux-android --gcc-toolchain=/home/vvdn/android-ndk-r14b/toolchains/x86-4.9/prebuilt/linux-x86_64 --sysroot=/home/vvdn/android-ndk-r14b/platforms/android-14/arch-x86 -funwind-tables -no-canonical-prefixes -fexceptions  -g  -Wl,--gc-sections -Wl,-z,nocopyreloc  CMakeFiles/cmTC_32c45.dir/CheckIncludeFile.c.o  -o cmTC_32c45 
make[5]: Leaving directory `/home/vvdn/linphone/linphone-android-arpit/WORK/android-x86/Build/ortp/CMakeFiles/CMakeTmp'
make[4]: Leaving directory `/home/vvdn/linphone/linphone-android-arpit/WORK/android-x86/Build/ortp/CMakeFiles/CMakeTmp'


Determining if the include file stddef.h exists passed with the following output:
Change Dir: /home/vvdn/linphone/linphone-android-arpit/WORK/android-x86/Build/ortp/CMakeFiles/CMakeTmp

Run Build Command:"/usr/bin/make" "cmTC_0fc5f/fast"
make[4]: Entering directory `/home/vvdn/linphone/linphone-android-arpit/WORK/android-x86/Build/ortp/CMakeFiles/CMakeTmp'
/usr/bin/make -f CMakeFiles/cmTC_0fc5f.dir/build.make CMakeFiles/cmTC_0fc5f.dir/build
make[5]: Entering directory `/home/vvdn/linphone/linphone-android-arpit/WORK/android-x86/Build/ortp/CMakeFiles/CMakeTmp'
Building C object CMakeFiles/cmTC_0fc5f.dir/CheckIncludeFile.c.o
/home/vvdn/android-ndk-r14b/toolchains/llvm/prebuilt/linux-x86_64/bin/clang --target=i686-none-linux-android --gcc-toolchain=/home/vvdn/android-ndk-r14b/toolchains/x86-4.9/prebuilt/linux-x86_64 --sysroot=/home/vvdn/android-ndk-r14b/platforms/android-14/arch-x86  -isystem /home/vvdn/android-ndk-r14b/platforms/android-14/arch-x86/usr/include  -funwind-tables -no-canonical-prefixes -fexceptions  -g   -o CMakeFiles/cmTC_0fc5f.dir/CheckIncludeFile.c.o   -c /home/vvdn/linphone/linphone-android-arpit/WORK/android-x86/Build/ortp/CMakeFiles/CMakeTmp/CheckIncludeFile.c
Linking C executable cmTC_0fc5f
/usr/local/bin/cmake -E cmake_link_script CMakeFiles/cmTC_0fc5f.dir/link.txt --verbose=1
/home/vvdn/android-ndk-r14b/toolchains/llvm/prebuilt/linux-x86_64/bin/clang --target=i686-none-linux-android --gcc-toolchain=/home/vvdn/android-ndk-r14b/toolchains/x86-4.9/prebuilt/linux-x86_64 --sysroot=/home/vvdn/android-ndk-r14b/platforms/android-14/arch-x86 -funwind-tables -no-canonical-prefixes -fexceptions  -g  -Wl,--gc-sections -Wl,-z,nocopyreloc  CMakeFiles/cmTC_0fc5f.dir/CheckIncludeFile.c.o  -o cmTC_0fc5f 
make[5]: Leaving directory `/home/vvdn/linphone/linphone-android-arpit/WORK/android-x86/Build/ortp/CMakeFiles/CMakeTmp'
make[4]: Leaving directory `/home/vvdn/linphone/linphone-android-arpit/WORK/android-x86/Build/ortp/CMakeFiles/CMakeTmp'


Determining size of unsigned short passed with the following output:
Change Dir: /home/vvdn/linphone/linphone-android-arpit/WORK/android-x86/Build/ortp/CMakeFiles/CMakeTmp

Run Build Command:"/usr/bin/make" "cmTC_13457/fast"
make[4]: Entering directory `/home/vvdn/linphone/linphone-android-arpit/WORK/android-x86/Build/ortp/CMakeFiles/CMakeTmp'
/usr/bin/make -f CMakeFiles/cmTC_13457.dir/build.make CMakeFiles/cmTC_13457.dir/build
make[5]: Entering directory `/home/vvdn/linphone/linphone-android-arpit/WORK/android-x86/Build/ortp/CMakeFiles/CMakeTmp'
Building C object CMakeFiles/cmTC_13457.dir/CMAKE_SIZEOF_UNSIGNED_SHORT.c.o
/home/vvdn/android-ndk-r14b/toolchains/llvm/prebuilt/linux-x86_64/bin/clang --target=i686-none-linux-android --gcc-toolchain=/home/vvdn/android-ndk-r14b/toolchains/x86-4.9/prebuilt/linux-x86_64 --sysroot=/home/vvdn/android-ndk-r14b/platforms/android-14/arch-x86  -isystem /home/vvdn/android-ndk-r14b/platforms/android-14/arch-x86/usr/include  -funwind-tables -no-canonical-prefixes -fexceptions  -g   -o CMakeFiles/cmTC_13457.dir/CMAKE_SIZEOF_UNSIGNED_SHORT.c.o   -c /home/vvdn/linphone/linphone-android-arpit/WORK/android-x86/Build/ortp/CMakeFiles/CheckTypeSize/CMAKE_SIZEOF_UNSIGNED_SHORT.c
Linking C executable cmTC_13457
/usr/local/bin/cmake -E cmake_link_script CMakeFiles/cmTC_13457.dir/link.txt --verbose=1
/home/vvdn/android-ndk-r14b/toolchains/llvm/prebuilt/linux-x86_64/bin/clang --target=i686-none-linux-android --gcc-toolchain=/home/vvdn/android-ndk-r14b/toolchains/x86-4.9/prebuilt/linux-x86_64 --sysroot=/home/vvdn/android-ndk-r14b/platforms/android-14/arch-x86 -funwind-tables -no-canonical-prefixes -fexceptions  -g  -Wl,--gc-sections -Wl,-z,nocopyreloc  CMakeFiles/cmTC_13457.dir/CMAKE_SIZEOF_UNSIGNED_SHORT.c.o  -o cmTC_13457 
make[5]: Leaving directory `/home/vvdn/linphone/linphone-android-arpit/WORK/android-x86/Build/ortp/CMakeFiles/CMakeTmp'
make[4]: Leaving directory `/home/vvdn/linphone/linphone-android-arpit/WORK/android-x86/Build/ortp/CMakeFiles/CMakeTmp'


Determining if the system is big endian passed with the following output:
Change Dir: /home/vvdn/linphone/linphone-android-arpit/WORK/android-x86/Build/ortp/CMakeFiles/CMakeTmp

Run Build Command:"/usr/bin/make" "cmTC_e0fa9/fast"
make[4]: Entering directory `/home/vvdn/linphone/linphone-android-arpit/WORK/android-x86/Build/ortp/CMakeFiles/CMakeTmp'
/usr/bin/make -f CMakeFiles/cmTC_e0fa9.dir/build.make CMakeFiles/cmTC_e0fa9.dir/build
make[5]: Entering directory `/home/vvdn/linphone/linphone-android-arpit/WORK/android-x86/Build/ortp/CMakeFiles/CMakeTmp'
Building C object CMakeFiles/cmTC_e0fa9.dir/TestEndianess.c.o
/home/vvdn/android-ndk-r14b/toolchains/llvm/prebuilt/linux-x86_64/bin/clang --target=i686-none-linux-android --gcc-toolchain=/home/vvdn/android-ndk-r14b/toolchains/x86-4.9/prebuilt/linux-x86_64 --sysroot=/home/vvdn/android-ndk-r14b/platforms/android-14/arch-x86  -isystem /home/vvdn/android-ndk-r14b/platforms/android-14/arch-x86/usr/include  -funwind-tables -no-canonical-prefixes -fexceptions  -g   -o CMakeFiles/cmTC_e0fa9.dir/TestEndianess.c.o   -c /home/vvdn/linphone/linphone-android-arpit/WORK/android-x86/Build/ortp/CMakeFiles/CMakeTmp/TestEndianess.c
Linking C executable cmTC_e0fa9
/usr/local/bin/cmake -E cmake_link_script CMakeFiles/cmTC_e0fa9.dir/link.txt --verbose=1
/home/vvdn/android-ndk-r14b/toolchains/llvm/prebuilt/linux-x86_64/bin/clang --target=i686-none-linux-android --gcc-toolchain=/home/vvdn/android-ndk-r14b/toolchains/x86-4.9/prebuilt/linux-x86_64 --sysroot=/home/vvdn/android-ndk-r14b/platforms/android-14/arch-x86 -funwind-tables -no-canonical-prefixes -fexceptions  -g  -Wl,--gc-sections -Wl,-z,nocopyreloc  CMakeFiles/cmTC_e0fa9.dir/TestEndianess.c.o  -o cmTC_e0fa9 
make[5]: Leaving directory `/home/vvdn/linphone/linphone-android-arpit/WORK/android-x86/Build/ortp/CMakeFiles/CMakeTmp'
make[4]: Leaving directory `/home/vvdn/linphone/linphone-android-arpit/WORK/android-x86/Build/ortp/CMakeFiles/CMakeTmp'

TestEndianess.c:
/* A 16 bit integer is required. */
typedef unsigned short cmakeint16;

/* On a little endian machine, these 16bit ints will give "THIS IS LITTLE ENDIAN."
   On a big endian machine the characters will be exchanged pairwise. */
const cmakeint16 info_little[] =  {0x4854, 0x5349, 0x4920, 0x2053, 0x494c, 0x5454, 0x454c, 0x4520, 0x444e, 0x4149, 0x2e4e, 0x0000};

/* on a big endian machine, these 16bit ints will give "THIS IS BIG ENDIAN."
   On a little endian machine the characters will be exchanged pairwise. */
const cmakeint16 info_big[] =     {0x5448, 0x4953, 0x2049, 0x5320, 0x4249, 0x4720, 0x454e, 0x4449, 0x414e, 0x2e2e, 0x0000};

#ifdef __CLASSIC_C__
int main(argc, argv) int argc; char *argv[];
#else
int main(int argc, char *argv[])
#endif
{
  int require = 0;
  require += info_little[argc];
  require += info_big[argc];
  (void)argv;
  return require;
}


