The target system is: Android - 14 - armv7-a
The host system is: Linux - 3.13.0-129-generic - x86_64
Compiling the C compiler identification source file "CMakeCCompilerId.c" succeeded.
Compiler: /home/vvdn/android-ndk-r14b/toolchains/llvm/prebuilt/linux-x86_64/bin/clang 
Build flags: 
Id flags: -c 

The output was:
0


Compilation of the C compiler identification source "CMakeCCompilerId.c" produced "CMakeCCompilerId.o"

The C compiler identification is Clang, found in "/home/vvdn/linphone/linphone-android-arpit/WORK/android-armv7/Build/antlr3c/CMakeFiles/3.8.1/CompilerIdC/CMakeCCompilerId.o"

Determining if the C compiler works passed with the following output:
Change Dir: /home/vvdn/linphone/linphone-android-arpit/WORK/android-armv7/Build/antlr3c/CMakeFiles/CMakeTmp

Run Build Command:"/usr/bin/make" "cmTC_5c315/fast"
make[4]: Entering directory `/home/vvdn/linphone/linphone-android-arpit/WORK/android-armv7/Build/antlr3c/CMakeFiles/CMakeTmp'
/usr/bin/make -f CMakeFiles/cmTC_5c315.dir/build.make CMakeFiles/cmTC_5c315.dir/build
make[5]: Entering directory `/home/vvdn/linphone/linphone-android-arpit/WORK/android-armv7/Build/antlr3c/CMakeFiles/CMakeTmp'
Building C object CMakeFiles/cmTC_5c315.dir/testCCompiler.c.o
/home/vvdn/android-ndk-r14b/toolchains/llvm/prebuilt/linux-x86_64/bin/clang --target=armv7-none-linux-androideabi --gcc-toolchain=/home/vvdn/android-ndk-r14b/toolchains/arm-linux-androideabi-4.9/prebuilt/linux-x86_64 --sysroot=/home/vvdn/android-ndk-r14b/platforms/android-14/arch-arm  -isystem /home/vvdn/android-ndk-r14b/platforms/android-14/arch-arm/usr/include  -march=armv7-a -mthumb -mfpu=neon -mfloat-abi=softfp -funwind-tables -no-canonical-prefixes -fexceptions  -g   -o CMakeFiles/cmTC_5c315.dir/testCCompiler.c.o   -c /home/vvdn/linphone/linphone-android-arpit/WORK/android-armv7/Build/antlr3c/CMakeFiles/CMakeTmp/testCCompiler.c
Linking C executable cmTC_5c315
/usr/local/bin/cmake -E cmake_link_script CMakeFiles/cmTC_5c315.dir/link.txt --verbose=1
/home/vvdn/android-ndk-r14b/toolchains/llvm/prebuilt/linux-x86_64/bin/clang --target=armv7-none-linux-androideabi --gcc-toolchain=/home/vvdn/android-ndk-r14b/toolchains/arm-linux-androideabi-4.9/prebuilt/linux-x86_64 --sysroot=/home/vvdn/android-ndk-r14b/platforms/android-14/arch-arm -march=armv7-a -mthumb -mfpu=neon -mfloat-abi=softfp -funwind-tables -no-canonical-prefixes -fexceptions  -g  -Wl,--fix-cortex-a8  -Wl,--gc-sections -Wl,-z,nocopyreloc  CMakeFiles/cmTC_5c315.dir/testCCompiler.c.o  -o cmTC_5c315 
make[5]: Leaving directory `/home/vvdn/linphone/linphone-android-arpit/WORK/android-armv7/Build/antlr3c/CMakeFiles/CMakeTmp'
make[4]: Leaving directory `/home/vvdn/linphone/linphone-android-arpit/WORK/android-armv7/Build/antlr3c/CMakeFiles/CMakeTmp'


Detecting C compiler ABI info compiled with the following output:
Change Dir: /home/vvdn/linphone/linphone-android-arpit/WORK/android-armv7/Build/antlr3c/CMakeFiles/CMakeTmp

Run Build Command:"/usr/bin/make" "cmTC_90385/fast"
make[4]: Entering directory `/home/vvdn/linphone/linphone-android-arpit/WORK/android-armv7/Build/antlr3c/CMakeFiles/CMakeTmp'
/usr/bin/make -f CMakeFiles/cmTC_90385.dir/build.make CMakeFiles/cmTC_90385.dir/build
make[5]: Entering directory `/home/vvdn/linphone/linphone-android-arpit/WORK/android-armv7/Build/antlr3c/CMakeFiles/CMakeTmp'
Building C object CMakeFiles/cmTC_90385.dir/CMakeCCompilerABI.c.o
/home/vvdn/android-ndk-r14b/toolchains/llvm/prebuilt/linux-x86_64/bin/clang --target=armv7-none-linux-androideabi --gcc-toolchain=/home/vvdn/android-ndk-r14b/toolchains/arm-linux-androideabi-4.9/prebuilt/linux-x86_64 --sysroot=/home/vvdn/android-ndk-r14b/platforms/android-14/arch-arm  -isystem /home/vvdn/android-ndk-r14b/platforms/android-14/arch-arm/usr/include  -march=armv7-a -mthumb -mfpu=neon -mfloat-abi=softfp -funwind-tables -no-canonical-prefixes -fexceptions  -g   -o CMakeFiles/cmTC_90385.dir/CMakeCCompilerABI.c.o   -c /usr/local/share/cmake-3.8/Modules/CMakeCCompilerABI.c
Linking C executable cmTC_90385
/usr/local/bin/cmake -E cmake_link_script CMakeFiles/cmTC_90385.dir/link.txt --verbose=1
/home/vvdn/android-ndk-r14b/toolchains/llvm/prebuilt/linux-x86_64/bin/clang --target=armv7-none-linux-androideabi --gcc-toolchain=/home/vvdn/android-ndk-r14b/toolchains/arm-linux-androideabi-4.9/prebuilt/linux-x86_64 --sysroot=/home/vvdn/android-ndk-r14b/platforms/android-14/arch-arm -march=armv7-a -mthumb -mfpu=neon -mfloat-abi=softfp -funwind-tables -no-canonical-prefixes -fexceptions  -g  -Wl,--fix-cortex-a8  -Wl,--gc-sections -Wl,-z,nocopyreloc -v CMakeFiles/cmTC_90385.dir/CMakeCCompilerABI.c.o  -o cmTC_90385 
Android clang version 3.8.275480  (based on LLVM 3.8.275480)
Target: armv7-none-linux-android
Thread model: posix
InstalledDir: /home/vvdn/android-ndk-r14b/toolchains/llvm/prebuilt/linux-x86_64/bin
Found candidate GCC installation: /home/vvdn/android-ndk-r14b/toolchains/arm-linux-androideabi-4.9/prebuilt/linux-x86_64/lib/gcc/arm-linux-androideabi/4.9.x
Selected GCC installation: /home/vvdn/android-ndk-r14b/toolchains/arm-linux-androideabi-4.9/prebuilt/linux-x86_64/lib/gcc/arm-linux-androideabi/4.9.x
Candidate multilib: thumb;@thumb
Candidate multilib: armv7-a;@armv7
Candidate multilib: armv7-a/thumb;@armv7@thumb
Candidate multilib: .;
Selected multilib: armv7-a/thumb;@armv7@thumb
 "/home/vvdn/android-ndk-r14b/toolchains/arm-linux-androideabi-4.9/prebuilt/linux-x86_64/lib/gcc/arm-linux-androideabi/4.9.x/../../../../arm-linux-androideabi/bin/ld" --sysroot=/home/vvdn/android-ndk-r14b/platforms/android-14/arch-arm -z relro -X --eh-frame-hdr -m armelf_linux_eabi -dynamic-linker /system/bin/linker -o cmTC_90385 /home/vvdn/android-ndk-r14b/platforms/android-14/arch-arm/usr/lib/../lib/crtbegin_dynamic.o -L/home/vvdn/android-ndk-r14b/toolchains/arm-linux-androideabi-4.9/prebuilt/linux-x86_64/lib/gcc/arm-linux-androideabi/4.9.x/armv7-a/thumb -L/home/vvdn/android-ndk-r14b/toolchains/arm-linux-androideabi-4.9/prebuilt/linux-x86_64/lib/gcc/arm-linux-androideabi/4.9.x/../../../../arm-linux-androideabi/lib/../lib/armv7-a/thumb -L/home/vvdn/android-ndk-r14b/platforms/android-14/arch-arm/usr/lib/../lib -L/home/vvdn/android-ndk-r14b/toolchains/arm-linux-androideabi-4.9/prebuilt/linux-x86_64/lib/gcc/arm-linux-androideabi/4.9.x/../../../../arm-linux-androideabi/lib/armv7-a/thumb -L/home/vvdn/android-ndk-r14b/platforms/android-14/arch-arm/usr/lib --fix-cortex-a8 --gc-sections -z nocopyreloc CMakeFiles/cmTC_90385.dir/CMakeCCompilerABI.c.o -lgcc -ldl -lc -lgcc -ldl /home/vvdn/android-ndk-r14b/platforms/android-14/arch-arm/usr/lib/../lib/crtend_android.o
make[5]: Leaving directory `/home/vvdn/linphone/linphone-android-arpit/WORK/android-armv7/Build/antlr3c/CMakeFiles/CMakeTmp'
make[4]: Leaving directory `/home/vvdn/linphone/linphone-android-arpit/WORK/android-armv7/Build/antlr3c/CMakeFiles/CMakeTmp'


Parsed C implicit link information from above output:
  link line regex: [^( *|.*[/\])(arm-linux-androideabi-ld|([^/\]+-)?ld|collect2)[^/\]*( |$)]
  ignore line: [Change Dir: /home/vvdn/linphone/linphone-android-arpit/WORK/android-armv7/Build/antlr3c/CMakeFiles/CMakeTmp]
  ignore line: []
  ignore line: [Run Build Command:"/usr/bin/make" "cmTC_90385/fast"]
  ignore line: [make[4]: Entering directory `/home/vvdn/linphone/linphone-android-arpit/WORK/android-armv7/Build/antlr3c/CMakeFiles/CMakeTmp']
  ignore line: [/usr/bin/make -f CMakeFiles/cmTC_90385.dir/build.make CMakeFiles/cmTC_90385.dir/build]
  ignore line: [make[5]: Entering directory `/home/vvdn/linphone/linphone-android-arpit/WORK/android-armv7/Build/antlr3c/CMakeFiles/CMakeTmp']
  ignore line: [Building C object CMakeFiles/cmTC_90385.dir/CMakeCCompilerABI.c.o]
  ignore line: [/home/vvdn/android-ndk-r14b/toolchains/llvm/prebuilt/linux-x86_64/bin/clang --target=armv7-none-linux-androideabi --gcc-toolchain=/home/vvdn/android-ndk-r14b/toolchains/arm-linux-androideabi-4.9/prebuilt/linux-x86_64 --sysroot=/home/vvdn/android-ndk-r14b/platforms/android-14/arch-arm  -isystem /home/vvdn/android-ndk-r14b/platforms/android-14/arch-arm/usr/include  -march=armv7-a -mthumb -mfpu=neon -mfloat-abi=softfp -funwind-tables -no-canonical-prefixes -fexceptions  -g   -o CMakeFiles/cmTC_90385.dir/CMakeCCompilerABI.c.o   -c /usr/local/share/cmake-3.8/Modules/CMakeCCompilerABI.c]
  ignore line: [Linking C executable cmTC_90385]
  ignore line: [/usr/local/bin/cmake -E cmake_link_script CMakeFiles/cmTC_90385.dir/link.txt --verbose=1]
  ignore line: [/home/vvdn/android-ndk-r14b/toolchains/llvm/prebuilt/linux-x86_64/bin/clang --target=armv7-none-linux-androideabi --gcc-toolchain=/home/vvdn/android-ndk-r14b/toolchains/arm-linux-androideabi-4.9/prebuilt/linux-x86_64 --sysroot=/home/vvdn/android-ndk-r14b/platforms/android-14/arch-arm -march=armv7-a -mthumb -mfpu=neon -mfloat-abi=softfp -funwind-tables -no-canonical-prefixes -fexceptions  -g  -Wl,--fix-cortex-a8  -Wl,--gc-sections -Wl,-z,nocopyreloc -v CMakeFiles/cmTC_90385.dir/CMakeCCompilerABI.c.o  -o cmTC_90385 ]
  ignore line: [Android clang version 3.8.275480  (based on LLVM 3.8.275480)]
  ignore line: [Target: armv7-none-linux-android]
  ignore line: [Thread model: posix]
  ignore line: [InstalledDir: /home/vvdn/android-ndk-r14b/toolchains/llvm/prebuilt/linux-x86_64/bin]
  ignore line: [Found candidate GCC installation: /home/vvdn/android-ndk-r14b/toolchains/arm-linux-androideabi-4.9/prebuilt/linux-x86_64/lib/gcc/arm-linux-androideabi/4.9.x]
  ignore line: [Selected GCC installation: /home/vvdn/android-ndk-r14b/toolchains/arm-linux-androideabi-4.9/prebuilt/linux-x86_64/lib/gcc/arm-linux-androideabi/4.9.x]
  ignore line: [Candidate multilib: thumb]
  ignore line: [@thumb]
  ignore line: [Candidate multilib: armv7-a]
  ignore line: [@armv7]
  ignore line: [Candidate multilib: armv7-a/thumb]
  ignore line: [@armv7@thumb]
  ignore line: [Candidate multilib: .]
  ignore line: []
  ignore line: [Selected multilib: armv7-a/thumb]
  ignore line: [@armv7@thumb]
  link line: [ "/home/vvdn/android-ndk-r14b/toolchains/arm-linux-androideabi-4.9/prebuilt/linux-x86_64/lib/gcc/arm-linux-androideabi/4.9.x/../../../../arm-linux-androideabi/bin/ld" --sysroot=/home/vvdn/android-ndk-r14b/platforms/android-14/arch-arm -z relro -X --eh-frame-hdr -m armelf_linux_eabi -dynamic-linker /system/bin/linker -o cmTC_90385 /home/vvdn/android-ndk-r14b/platforms/android-14/arch-arm/usr/lib/../lib/crtbegin_dynamic.o -L/home/vvdn/android-ndk-r14b/toolchains/arm-linux-androideabi-4.9/prebuilt/linux-x86_64/lib/gcc/arm-linux-androideabi/4.9.x/armv7-a/thumb -L/home/vvdn/android-ndk-r14b/toolchains/arm-linux-androideabi-4.9/prebuilt/linux-x86_64/lib/gcc/arm-linux-androideabi/4.9.x/../../../../arm-linux-androideabi/lib/../lib/armv7-a/thumb -L/home/vvdn/android-ndk-r14b/platforms/android-14/arch-arm/usr/lib/../lib -L/home/vvdn/android-ndk-r14b/toolchains/arm-linux-androideabi-4.9/prebuilt/linux-x86_64/lib/gcc/arm-linux-androideabi/4.9.x/../../../../arm-linux-androideabi/lib/armv7-a/thumb -L/home/vvdn/android-ndk-r14b/platforms/android-14/arch-arm/usr/lib --fix-cortex-a8 --gc-sections -z nocopyreloc CMakeFiles/cmTC_90385.dir/CMakeCCompilerABI.c.o -lgcc -ldl -lc -lgcc -ldl /home/vvdn/android-ndk-r14b/platforms/android-14/arch-arm/usr/lib/../lib/crtend_android.o]
    arg [/home/vvdn/android-ndk-r14b/toolchains/arm-linux-androideabi-4.9/prebuilt/linux-x86_64/lib/gcc/arm-linux-androideabi/4.9.x/../../../../arm-linux-androideabi/bin/ld] ==> ignore
    arg [--sysroot=/home/vvdn/android-ndk-r14b/platforms/android-14/arch-arm] ==> ignore
    arg [-zrelro] ==> ignore
    arg [-X] ==> ignore
    arg [--eh-frame-hdr] ==> ignore
    arg [-m] ==> ignore
    arg [armelf_linux_eabi] ==> ignore
    arg [-dynamic-linker] ==> ignore
    arg [/system/bin/linker] ==> ignore
    arg [-o] ==> ignore
    arg [cmTC_90385] ==> ignore
    arg [/home/vvdn/android-ndk-r14b/platforms/android-14/arch-arm/usr/lib/../lib/crtbegin_dynamic.o] ==> ignore
    arg [-L/home/vvdn/android-ndk-r14b/toolchains/arm-linux-androideabi-4.9/prebuilt/linux-x86_64/lib/gcc/arm-linux-androideabi/4.9.x/armv7-a/thumb] ==> dir [/home/vvdn/android-ndk-r14b/toolchains/arm-linux-androideabi-4.9/prebuilt/linux-x86_64/lib/gcc/arm-linux-androideabi/4.9.x/armv7-a/thumb]
    arg [-L/home/vvdn/android-ndk-r14b/toolchains/arm-linux-androideabi-4.9/prebuilt/linux-x86_64/lib/gcc/arm-linux-androideabi/4.9.x/../../../../arm-linux-androideabi/lib/../lib/armv7-a/thumb] ==> dir [/home/vvdn/android-ndk-r14b/toolchains/arm-linux-androideabi-4.9/prebuilt/linux-x86_64/lib/gcc/arm-linux-androideabi/4.9.x/../../../../arm-linux-androideabi/lib/../lib/armv7-a/thumb]
    arg [-L/home/vvdn/android-ndk-r14b/platforms/android-14/arch-arm/usr/lib/../lib] ==> dir [/home/vvdn/android-ndk-r14b/platforms/android-14/arch-arm/usr/lib/../lib]
    arg [-L/home/vvdn/android-ndk-r14b/toolchains/arm-linux-androideabi-4.9/prebuilt/linux-x86_64/lib/gcc/arm-linux-androideabi/4.9.x/../../../../arm-linux-androideabi/lib/armv7-a/thumb] ==> dir [/home/vvdn/android-ndk-r14b/toolchains/arm-linux-androideabi-4.9/prebuilt/linux-x86_64/lib/gcc/arm-linux-androideabi/4.9.x/../../../../arm-linux-androideabi/lib/armv7-a/thumb]
    arg [-L/home/vvdn/android-ndk-r14b/platforms/android-14/arch-arm/usr/lib] ==> dir [/home/vvdn/android-ndk-r14b/platforms/android-14/arch-arm/usr/lib]
    arg [--fix-cortex-a8] ==> ignore
    arg [--gc-sections] ==> ignore
    arg [-znocopyreloc] ==> ignore
    arg [CMakeFiles/cmTC_90385.dir/CMakeCCompilerABI.c.o] ==> ignore
    arg [-lgcc] ==> lib [gcc]
    arg [-ldl] ==> lib [dl]
    arg [-lc] ==> lib [c]
    arg [-lgcc] ==> lib [gcc]
    arg [-ldl] ==> lib [dl]
    arg [/home/vvdn/android-ndk-r14b/platforms/android-14/arch-arm/usr/lib/../lib/crtend_android.o] ==> ignore
  remove lib [gcc]
  remove lib [gcc]
  collapse library dir [/home/vvdn/android-ndk-r14b/toolchains/arm-linux-androideabi-4.9/prebuilt/linux-x86_64/lib/gcc/arm-linux-androideabi/4.9.x/armv7-a/thumb] ==> [/home/vvdn/android-ndk-r14b/toolchains/arm-linux-androideabi-4.9/prebuilt/linux-x86_64/lib/gcc/arm-linux-androideabi/4.9.x/armv7-a/thumb]
  collapse library dir [/home/vvdn/android-ndk-r14b/toolchains/arm-linux-androideabi-4.9/prebuilt/linux-x86_64/lib/gcc/arm-linux-androideabi/4.9.x/../../../../arm-linux-androideabi/lib/../lib/armv7-a/thumb] ==> [/home/vvdn/android-ndk-r14b/toolchains/arm-linux-androideabi-4.9/prebuilt/linux-x86_64/arm-linux-androideabi/lib/armv7-a/thumb]
  collapse library dir [/home/vvdn/android-ndk-r14b/platforms/android-14/arch-arm/usr/lib/../lib] ==> [/home/vvdn/android-ndk-r14b/platforms/android-14/arch-arm/usr/lib]
  collapse library dir [/home/vvdn/android-ndk-r14b/toolchains/arm-linux-androideabi-4.9/prebuilt/linux-x86_64/lib/gcc/arm-linux-androideabi/4.9.x/../../../../arm-linux-androideabi/lib/armv7-a/thumb] ==> [/home/vvdn/android-ndk-r14b/toolchains/arm-linux-androideabi-4.9/prebuilt/linux-x86_64/arm-linux-androideabi/lib/armv7-a/thumb]
  collapse library dir [/home/vvdn/android-ndk-r14b/platforms/android-14/arch-arm/usr/lib] ==> [/home/vvdn/android-ndk-r14b/platforms/android-14/arch-arm/usr/lib]
  implicit libs: [dl;c;dl]
  implicit dirs: [/home/vvdn/android-ndk-r14b/toolchains/arm-linux-androideabi-4.9/prebuilt/linux-x86_64/lib/gcc/arm-linux-androideabi/4.9.x/armv7-a/thumb;/home/vvdn/android-ndk-r14b/toolchains/arm-linux-androideabi-4.9/prebuilt/linux-x86_64/arm-linux-androideabi/lib/armv7-a/thumb;/home/vvdn/android-ndk-r14b/platforms/android-14/arch-arm/usr/lib]
  implicit fwks: []




Detecting C [-std=c11] compiler features compiled with the following output:
Change Dir: /home/vvdn/linphone/linphone-android-arpit/WORK/android-armv7/Build/antlr3c/CMakeFiles/CMakeTmp

Run Build Command:"/usr/bin/make" "cmTC_2829a/fast"
make[4]: Entering directory `/home/vvdn/linphone/linphone-android-arpit/WORK/android-armv7/Build/antlr3c/CMakeFiles/CMakeTmp'
/usr/bin/make -f CMakeFiles/cmTC_2829a.dir/build.make CMakeFiles/cmTC_2829a.dir/build
make[5]: Entering directory `/home/vvdn/linphone/linphone-android-arpit/WORK/android-armv7/Build/antlr3c/CMakeFiles/CMakeTmp'
Building C object CMakeFiles/cmTC_2829a.dir/feature_tests.c.o
/home/vvdn/android-ndk-r14b/toolchains/llvm/prebuilt/linux-x86_64/bin/clang --target=armv7-none-linux-androideabi --gcc-toolchain=/home/vvdn/android-ndk-r14b/toolchains/arm-linux-androideabi-4.9/prebuilt/linux-x86_64 --sysroot=/home/vvdn/android-ndk-r14b/platforms/android-14/arch-arm  -isystem /home/vvdn/android-ndk-r14b/platforms/android-14/arch-arm/usr/include  -march=armv7-a -mthumb -mfpu=neon -mfloat-abi=softfp -funwind-tables -no-canonical-prefixes -fexceptions  -g   -std=c11 -o CMakeFiles/cmTC_2829a.dir/feature_tests.c.o   -c /home/vvdn/linphone/linphone-android-arpit/WORK/android-armv7/Build/antlr3c/CMakeFiles/feature_tests.c
Linking C executable cmTC_2829a
/usr/local/bin/cmake -E cmake_link_script CMakeFiles/cmTC_2829a.dir/link.txt --verbose=1
/home/vvdn/android-ndk-r14b/toolchains/llvm/prebuilt/linux-x86_64/bin/clang --target=armv7-none-linux-androideabi --gcc-toolchain=/home/vvdn/android-ndk-r14b/toolchains/arm-linux-androideabi-4.9/prebuilt/linux-x86_64 --sysroot=/home/vvdn/android-ndk-r14b/platforms/android-14/arch-arm -march=armv7-a -mthumb -mfpu=neon -mfloat-abi=softfp -funwind-tables -no-canonical-prefixes -fexceptions  -g  -Wl,--fix-cortex-a8  -Wl,--gc-sections -Wl,-z,nocopyreloc  CMakeFiles/cmTC_2829a.dir/feature_tests.c.o  -o cmTC_2829a 
make[5]: Leaving directory `/home/vvdn/linphone/linphone-android-arpit/WORK/android-armv7/Build/antlr3c/CMakeFiles/CMakeTmp'
make[4]: Leaving directory `/home/vvdn/linphone/linphone-android-arpit/WORK/android-armv7/Build/antlr3c/CMakeFiles/CMakeTmp'


    Feature record: C_FEATURE:1c_function_prototypes
    Feature record: C_FEATURE:1c_restrict
    Feature record: C_FEATURE:1c_static_assert
    Feature record: C_FEATURE:1c_variadic_macros


Detecting C [-std=c99] compiler features compiled with the following output:
Change Dir: /home/vvdn/linphone/linphone-android-arpit/WORK/android-armv7/Build/antlr3c/CMakeFiles/CMakeTmp

Run Build Command:"/usr/bin/make" "cmTC_d5fb7/fast"
make[4]: Entering directory `/home/vvdn/linphone/linphone-android-arpit/WORK/android-armv7/Build/antlr3c/CMakeFiles/CMakeTmp'
/usr/bin/make -f CMakeFiles/cmTC_d5fb7.dir/build.make CMakeFiles/cmTC_d5fb7.dir/build
make[5]: Entering directory `/home/vvdn/linphone/linphone-android-arpit/WORK/android-armv7/Build/antlr3c/CMakeFiles/CMakeTmp'
Building C object CMakeFiles/cmTC_d5fb7.dir/feature_tests.c.o
/home/vvdn/android-ndk-r14b/toolchains/llvm/prebuilt/linux-x86_64/bin/clang --target=armv7-none-linux-androideabi --gcc-toolchain=/home/vvdn/android-ndk-r14b/toolchains/arm-linux-androideabi-4.9/prebuilt/linux-x86_64 --sysroot=/home/vvdn/android-ndk-r14b/platforms/android-14/arch-arm  -isystem /home/vvdn/android-ndk-r14b/platforms/android-14/arch-arm/usr/include  -march=armv7-a -mthumb -mfpu=neon -mfloat-abi=softfp -funwind-tables -no-canonical-prefixes -fexceptions  -g   -std=c99 -o CMakeFiles/cmTC_d5fb7.dir/feature_tests.c.o   -c /home/vvdn/linphone/linphone-android-arpit/WORK/android-armv7/Build/antlr3c/CMakeFiles/feature_tests.c
Linking C executable cmTC_d5fb7
/usr/local/bin/cmake -E cmake_link_script CMakeFiles/cmTC_d5fb7.dir/link.txt --verbose=1
/home/vvdn/android-ndk-r14b/toolchains/llvm/prebuilt/linux-x86_64/bin/clang --target=armv7-none-linux-androideabi --gcc-toolchain=/home/vvdn/android-ndk-r14b/toolchains/arm-linux-androideabi-4.9/prebuilt/linux-x86_64 --sysroot=/home/vvdn/android-ndk-r14b/platforms/android-14/arch-arm -march=armv7-a -mthumb -mfpu=neon -mfloat-abi=softfp -funwind-tables -no-canonical-prefixes -fexceptions  -g  -Wl,--fix-cortex-a8  -Wl,--gc-sections -Wl,-z,nocopyreloc  CMakeFiles/cmTC_d5fb7.dir/feature_tests.c.o  -o cmTC_d5fb7 
make[5]: Leaving directory `/home/vvdn/linphone/linphone-android-arpit/WORK/android-armv7/Build/antlr3c/CMakeFiles/CMakeTmp'
make[4]: Leaving directory `/home/vvdn/linphone/linphone-android-arpit/WORK/android-armv7/Build/antlr3c/CMakeFiles/CMakeTmp'


    Feature record: C_FEATURE:1c_function_prototypes
    Feature record: C_FEATURE:1c_restrict
    Feature record: C_FEATURE:0c_static_assert
    Feature record: C_FEATURE:1c_variadic_macros


Detecting C [-std=c90] compiler features compiled with the following output:
Change Dir: /home/vvdn/linphone/linphone-android-arpit/WORK/android-armv7/Build/antlr3c/CMakeFiles/CMakeTmp

Run Build Command:"/usr/bin/make" "cmTC_f0bf8/fast"
make[4]: Entering directory `/home/vvdn/linphone/linphone-android-arpit/WORK/android-armv7/Build/antlr3c/CMakeFiles/CMakeTmp'
/usr/bin/make -f CMakeFiles/cmTC_f0bf8.dir/build.make CMakeFiles/cmTC_f0bf8.dir/build
make[5]: Entering directory `/home/vvdn/linphone/linphone-android-arpit/WORK/android-armv7/Build/antlr3c/CMakeFiles/CMakeTmp'
Building C object CMakeFiles/cmTC_f0bf8.dir/feature_tests.c.o
/home/vvdn/android-ndk-r14b/toolchains/llvm/prebuilt/linux-x86_64/bin/clang --target=armv7-none-linux-androideabi --gcc-toolchain=/home/vvdn/android-ndk-r14b/toolchains/arm-linux-androideabi-4.9/prebuilt/linux-x86_64 --sysroot=/home/vvdn/android-ndk-r14b/platforms/android-14/arch-arm  -isystem /home/vvdn/android-ndk-r14b/platforms/android-14/arch-arm/usr/include  -march=armv7-a -mthumb -mfpu=neon -mfloat-abi=softfp -funwind-tables -no-canonical-prefixes -fexceptions  -g   -std=c90 -o CMakeFiles/cmTC_f0bf8.dir/feature_tests.c.o   -c /home/vvdn/linphone/linphone-android-arpit/WORK/android-armv7/Build/antlr3c/CMakeFiles/feature_tests.c
Linking C executable cmTC_f0bf8
/usr/local/bin/cmake -E cmake_link_script CMakeFiles/cmTC_f0bf8.dir/link.txt --verbose=1
/home/vvdn/android-ndk-r14b/toolchains/llvm/prebuilt/linux-x86_64/bin/clang --target=armv7-none-linux-androideabi --gcc-toolchain=/home/vvdn/android-ndk-r14b/toolchains/arm-linux-androideabi-4.9/prebuilt/linux-x86_64 --sysroot=/home/vvdn/android-ndk-r14b/platforms/android-14/arch-arm -march=armv7-a -mthumb -mfpu=neon -mfloat-abi=softfp -funwind-tables -no-canonical-prefixes -fexceptions  -g  -Wl,--fix-cortex-a8  -Wl,--gc-sections -Wl,-z,nocopyreloc  CMakeFiles/cmTC_f0bf8.dir/feature_tests.c.o  -o cmTC_f0bf8 
make[5]: Leaving directory `/home/vvdn/linphone/linphone-android-arpit/WORK/android-armv7/Build/antlr3c/CMakeFiles/CMakeTmp'
make[4]: Leaving directory `/home/vvdn/linphone/linphone-android-arpit/WORK/android-armv7/Build/antlr3c/CMakeFiles/CMakeTmp'


    Feature record: C_FEATURE:1c_function_prototypes
    Feature record: C_FEATURE:0c_restrict
    Feature record: C_FEATURE:0c_static_assert
    Feature record: C_FEATURE:0c_variadic_macros
Determining if the include file arpa/nameser.h exists passed with the following output:
Change Dir: /home/vvdn/linphone/linphone-android-arpit/WORK/android-armv7/Build/antlr3c/CMakeFiles/CMakeTmp

Run Build Command:"/usr/bin/make" "cmTC_97a09/fast"
make[4]: Entering directory `/home/vvdn/linphone/linphone-android-arpit/WORK/android-armv7/Build/antlr3c/CMakeFiles/CMakeTmp'
/usr/bin/make -f CMakeFiles/cmTC_97a09.dir/build.make CMakeFiles/cmTC_97a09.dir/build
make[5]: Entering directory `/home/vvdn/linphone/linphone-android-arpit/WORK/android-armv7/Build/antlr3c/CMakeFiles/CMakeTmp'
Building C object CMakeFiles/cmTC_97a09.dir/CheckIncludeFile.c.o
/home/vvdn/android-ndk-r14b/toolchains/llvm/prebuilt/linux-x86_64/bin/clang --target=armv7-none-linux-androideabi --gcc-toolchain=/home/vvdn/android-ndk-r14b/toolchains/arm-linux-androideabi-4.9/prebuilt/linux-x86_64 --sysroot=/home/vvdn/android-ndk-r14b/platforms/android-14/arch-arm  -isystem /home/vvdn/android-ndk-r14b/platforms/android-14/arch-arm/usr/include  -march=armv7-a -mthumb -mfpu=neon -mfloat-abi=softfp -funwind-tables -no-canonical-prefixes -fexceptions  -g   -o CMakeFiles/cmTC_97a09.dir/CheckIncludeFile.c.o   -c /home/vvdn/linphone/linphone-android-arpit/WORK/android-armv7/Build/antlr3c/CMakeFiles/CMakeTmp/CheckIncludeFile.c
Linking C executable cmTC_97a09
/usr/local/bin/cmake -E cmake_link_script CMakeFiles/cmTC_97a09.dir/link.txt --verbose=1
/home/vvdn/android-ndk-r14b/toolchains/llvm/prebuilt/linux-x86_64/bin/clang --target=armv7-none-linux-androideabi --gcc-toolchain=/home/vvdn/android-ndk-r14b/toolchains/arm-linux-androideabi-4.9/prebuilt/linux-x86_64 --sysroot=/home/vvdn/android-ndk-r14b/platforms/android-14/arch-arm -march=armv7-a -mthumb -mfpu=neon -mfloat-abi=softfp -funwind-tables -no-canonical-prefixes -fexceptions  -g  -Wl,--fix-cortex-a8  -Wl,--gc-sections -Wl,-z,nocopyreloc  CMakeFiles/cmTC_97a09.dir/CheckIncludeFile.c.o  -o cmTC_97a09 
make[5]: Leaving directory `/home/vvdn/linphone/linphone-android-arpit/WORK/android-armv7/Build/antlr3c/CMakeFiles/CMakeTmp'
make[4]: Leaving directory `/home/vvdn/linphone/linphone-android-arpit/WORK/android-armv7/Build/antlr3c/CMakeFiles/CMakeTmp'


Determining if the include file ctype.h exists passed with the following output:
Change Dir: /home/vvdn/linphone/linphone-android-arpit/WORK/android-armv7/Build/antlr3c/CMakeFiles/CMakeTmp

Run Build Command:"/usr/bin/make" "cmTC_52be9/fast"
make[4]: Entering directory `/home/vvdn/linphone/linphone-android-arpit/WORK/android-armv7/Build/antlr3c/CMakeFiles/CMakeTmp'
/usr/bin/make -f CMakeFiles/cmTC_52be9.dir/build.make CMakeFiles/cmTC_52be9.dir/build
make[5]: Entering directory `/home/vvdn/linphone/linphone-android-arpit/WORK/android-armv7/Build/antlr3c/CMakeFiles/CMakeTmp'
Building C object CMakeFiles/cmTC_52be9.dir/CheckIncludeFile.c.o
/home/vvdn/android-ndk-r14b/toolchains/llvm/prebuilt/linux-x86_64/bin/clang --target=armv7-none-linux-androideabi --gcc-toolchain=/home/vvdn/android-ndk-r14b/toolchains/arm-linux-androideabi-4.9/prebuilt/linux-x86_64 --sysroot=/home/vvdn/android-ndk-r14b/platforms/android-14/arch-arm  -isystem /home/vvdn/android-ndk-r14b/platforms/android-14/arch-arm/usr/include  -march=armv7-a -mthumb -mfpu=neon -mfloat-abi=softfp -funwind-tables -no-canonical-prefixes -fexceptions  -g   -o CMakeFiles/cmTC_52be9.dir/CheckIncludeFile.c.o   -c /home/vvdn/linphone/linphone-android-arpit/WORK/android-armv7/Build/antlr3c/CMakeFiles/CMakeTmp/CheckIncludeFile.c
Linking C executable cmTC_52be9
/usr/local/bin/cmake -E cmake_link_script CMakeFiles/cmTC_52be9.dir/link.txt --verbose=1
/home/vvdn/android-ndk-r14b/toolchains/llvm/prebuilt/linux-x86_64/bin/clang --target=armv7-none-linux-androideabi --gcc-toolchain=/home/vvdn/android-ndk-r14b/toolchains/arm-linux-androideabi-4.9/prebuilt/linux-x86_64 --sysroot=/home/vvdn/android-ndk-r14b/platforms/android-14/arch-arm -march=armv7-a -mthumb -mfpu=neon -mfloat-abi=softfp -funwind-tables -no-canonical-prefixes -fexceptions  -g  -Wl,--fix-cortex-a8  -Wl,--gc-sections -Wl,-z,nocopyreloc  CMakeFiles/cmTC_52be9.dir/CheckIncludeFile.c.o  -o cmTC_52be9 
make[5]: Leaving directory `/home/vvdn/linphone/linphone-android-arpit/WORK/android-armv7/Build/antlr3c/CMakeFiles/CMakeTmp'
make[4]: Leaving directory `/home/vvdn/linphone/linphone-android-arpit/WORK/android-armv7/Build/antlr3c/CMakeFiles/CMakeTmp'


Determining if the include file dlfcn.h exists passed with the following output:
Change Dir: /home/vvdn/linphone/linphone-android-arpit/WORK/android-armv7/Build/antlr3c/CMakeFiles/CMakeTmp

Run Build Command:"/usr/bin/make" "cmTC_4dee3/fast"
make[4]: Entering directory `/home/vvdn/linphone/linphone-android-arpit/WORK/android-armv7/Build/antlr3c/CMakeFiles/CMakeTmp'
/usr/bin/make -f CMakeFiles/cmTC_4dee3.dir/build.make CMakeFiles/cmTC_4dee3.dir/build
make[5]: Entering directory `/home/vvdn/linphone/linphone-android-arpit/WORK/android-armv7/Build/antlr3c/CMakeFiles/CMakeTmp'
Building C object CMakeFiles/cmTC_4dee3.dir/CheckIncludeFile.c.o
/home/vvdn/android-ndk-r14b/toolchains/llvm/prebuilt/linux-x86_64/bin/clang --target=armv7-none-linux-androideabi --gcc-toolchain=/home/vvdn/android-ndk-r14b/toolchains/arm-linux-androideabi-4.9/prebuilt/linux-x86_64 --sysroot=/home/vvdn/android-ndk-r14b/platforms/android-14/arch-arm  -isystem /home/vvdn/android-ndk-r14b/platforms/android-14/arch-arm/usr/include  -march=armv7-a -mthumb -mfpu=neon -mfloat-abi=softfp -funwind-tables -no-canonical-prefixes -fexceptions  -g   -o CMakeFiles/cmTC_4dee3.dir/CheckIncludeFile.c.o   -c /home/vvdn/linphone/linphone-android-arpit/WORK/android-armv7/Build/antlr3c/CMakeFiles/CMakeTmp/CheckIncludeFile.c
Linking C executable cmTC_4dee3
/usr/local/bin/cmake -E cmake_link_script CMakeFiles/cmTC_4dee3.dir/link.txt --verbose=1
/home/vvdn/android-ndk-r14b/toolchains/llvm/prebuilt/linux-x86_64/bin/clang --target=armv7-none-linux-androideabi --gcc-toolchain=/home/vvdn/android-ndk-r14b/toolchains/arm-linux-androideabi-4.9/prebuilt/linux-x86_64 --sysroot=/home/vvdn/android-ndk-r14b/platforms/android-14/arch-arm -march=armv7-a -mthumb -mfpu=neon -mfloat-abi=softfp -funwind-tables -no-canonical-prefixes -fexceptions  -g  -Wl,--fix-cortex-a8  -Wl,--gc-sections -Wl,-z,nocopyreloc  CMakeFiles/cmTC_4dee3.dir/CheckIncludeFile.c.o  -o cmTC_4dee3 
make[5]: Leaving directory `/home/vvdn/linphone/linphone-android-arpit/WORK/android-armv7/Build/antlr3c/CMakeFiles/CMakeTmp'
make[4]: Leaving directory `/home/vvdn/linphone/linphone-android-arpit/WORK/android-armv7/Build/antlr3c/CMakeFiles/CMakeTmp'


Determining if the include file inttypes.h exists passed with the following output:
Change Dir: /home/vvdn/linphone/linphone-android-arpit/WORK/android-armv7/Build/antlr3c/CMakeFiles/CMakeTmp

Run Build Command:"/usr/bin/make" "cmTC_50740/fast"
make[4]: Entering directory `/home/vvdn/linphone/linphone-android-arpit/WORK/android-armv7/Build/antlr3c/CMakeFiles/CMakeTmp'
/usr/bin/make -f CMakeFiles/cmTC_50740.dir/build.make CMakeFiles/cmTC_50740.dir/build
make[5]: Entering directory `/home/vvdn/linphone/linphone-android-arpit/WORK/android-armv7/Build/antlr3c/CMakeFiles/CMakeTmp'
Building C object CMakeFiles/cmTC_50740.dir/CheckIncludeFile.c.o
/home/vvdn/android-ndk-r14b/toolchains/llvm/prebuilt/linux-x86_64/bin/clang --target=armv7-none-linux-androideabi --gcc-toolchain=/home/vvdn/android-ndk-r14b/toolchains/arm-linux-androideabi-4.9/prebuilt/linux-x86_64 --sysroot=/home/vvdn/android-ndk-r14b/platforms/android-14/arch-arm  -isystem /home/vvdn/android-ndk-r14b/platforms/android-14/arch-arm/usr/include  -march=armv7-a -mthumb -mfpu=neon -mfloat-abi=softfp -funwind-tables -no-canonical-prefixes -fexceptions  -g   -o CMakeFiles/cmTC_50740.dir/CheckIncludeFile.c.o   -c /home/vvdn/linphone/linphone-android-arpit/WORK/android-armv7/Build/antlr3c/CMakeFiles/CMakeTmp/CheckIncludeFile.c
Linking C executable cmTC_50740
/usr/local/bin/cmake -E cmake_link_script CMakeFiles/cmTC_50740.dir/link.txt --verbose=1
/home/vvdn/android-ndk-r14b/toolchains/llvm/prebuilt/linux-x86_64/bin/clang --target=armv7-none-linux-androideabi --gcc-toolchain=/home/vvdn/android-ndk-r14b/toolchains/arm-linux-androideabi-4.9/prebuilt/linux-x86_64 --sysroot=/home/vvdn/android-ndk-r14b/platforms/android-14/arch-arm -march=armv7-a -mthumb -mfpu=neon -mfloat-abi=softfp -funwind-tables -no-canonical-prefixes -fexceptions  -g  -Wl,--fix-cortex-a8  -Wl,--gc-sections -Wl,-z,nocopyreloc  CMakeFiles/cmTC_50740.dir/CheckIncludeFile.c.o  -o cmTC_50740 
make[5]: Leaving directory `/home/vvdn/linphone/linphone-android-arpit/WORK/android-armv7/Build/antlr3c/CMakeFiles/CMakeTmp'
make[4]: Leaving directory `/home/vvdn/linphone/linphone-android-arpit/WORK/android-armv7/Build/antlr3c/CMakeFiles/CMakeTmp'


Determining if the include file malloc.h exists passed with the following output:
Change Dir: /home/vvdn/linphone/linphone-android-arpit/WORK/android-armv7/Build/antlr3c/CMakeFiles/CMakeTmp

Run Build Command:"/usr/bin/make" "cmTC_e9842/fast"
make[4]: Entering directory `/home/vvdn/linphone/linphone-android-arpit/WORK/android-armv7/Build/antlr3c/CMakeFiles/CMakeTmp'
/usr/bin/make -f CMakeFiles/cmTC_e9842.dir/build.make CMakeFiles/cmTC_e9842.dir/build
make[5]: Entering directory `/home/vvdn/linphone/linphone-android-arpit/WORK/android-armv7/Build/antlr3c/CMakeFiles/CMakeTmp'
Building C object CMakeFiles/cmTC_e9842.dir/CheckIncludeFile.c.o
/home/vvdn/android-ndk-r14b/toolchains/llvm/prebuilt/linux-x86_64/bin/clang --target=armv7-none-linux-androideabi --gcc-toolchain=/home/vvdn/android-ndk-r14b/toolchains/arm-linux-androideabi-4.9/prebuilt/linux-x86_64 --sysroot=/home/vvdn/android-ndk-r14b/platforms/android-14/arch-arm  -isystem /home/vvdn/android-ndk-r14b/platforms/android-14/arch-arm/usr/include  -march=armv7-a -mthumb -mfpu=neon -mfloat-abi=softfp -funwind-tables -no-canonical-prefixes -fexceptions  -g   -o CMakeFiles/cmTC_e9842.dir/CheckIncludeFile.c.o   -c /home/vvdn/linphone/linphone-android-arpit/WORK/android-armv7/Build/antlr3c/CMakeFiles/CMakeTmp/CheckIncludeFile.c
Linking C executable cmTC_e9842
/usr/local/bin/cmake -E cmake_link_script CMakeFiles/cmTC_e9842.dir/link.txt --verbose=1
/home/vvdn/android-ndk-r14b/toolchains/llvm/prebuilt/linux-x86_64/bin/clang --target=armv7-none-linux-androideabi --gcc-toolchain=/home/vvdn/android-ndk-r14b/toolchains/arm-linux-androideabi-4.9/prebuilt/linux-x86_64 --sysroot=/home/vvdn/android-ndk-r14b/platforms/android-14/arch-arm -march=armv7-a -mthumb -mfpu=neon -mfloat-abi=softfp -funwind-tables -no-canonical-prefixes -fexceptions  -g  -Wl,--fix-cortex-a8  -Wl,--gc-sections -Wl,-z,nocopyreloc  CMakeFiles/cmTC_e9842.dir/CheckIncludeFile.c.o  -o cmTC_e9842 
make[5]: Leaving directory `/home/vvdn/linphone/linphone-android-arpit/WORK/android-armv7/Build/antlr3c/CMakeFiles/CMakeTmp'
make[4]: Leaving directory `/home/vvdn/linphone/linphone-android-arpit/WORK/android-armv7/Build/antlr3c/CMakeFiles/CMakeTmp'


Determining if the include file memory.h exists passed with the following output:
Change Dir: /home/vvdn/linphone/linphone-android-arpit/WORK/android-armv7/Build/antlr3c/CMakeFiles/CMakeTmp

Run Build Command:"/usr/bin/make" "cmTC_8d089/fast"
make[4]: Entering directory `/home/vvdn/linphone/linphone-android-arpit/WORK/android-armv7/Build/antlr3c/CMakeFiles/CMakeTmp'
/usr/bin/make -f CMakeFiles/cmTC_8d089.dir/build.make CMakeFiles/cmTC_8d089.dir/build
make[5]: Entering directory `/home/vvdn/linphone/linphone-android-arpit/WORK/android-armv7/Build/antlr3c/CMakeFiles/CMakeTmp'
Building C object CMakeFiles/cmTC_8d089.dir/CheckIncludeFile.c.o
/home/vvdn/android-ndk-r14b/toolchains/llvm/prebuilt/linux-x86_64/bin/clang --target=armv7-none-linux-androideabi --gcc-toolchain=/home/vvdn/android-ndk-r14b/toolchains/arm-linux-androideabi-4.9/prebuilt/linux-x86_64 --sysroot=/home/vvdn/android-ndk-r14b/platforms/android-14/arch-arm  -isystem /home/vvdn/android-ndk-r14b/platforms/android-14/arch-arm/usr/include  -march=armv7-a -mthumb -mfpu=neon -mfloat-abi=softfp -funwind-tables -no-canonical-prefixes -fexceptions  -g   -o CMakeFiles/cmTC_8d089.dir/CheckIncludeFile.c.o   -c /home/vvdn/linphone/linphone-android-arpit/WORK/android-armv7/Build/antlr3c/CMakeFiles/CMakeTmp/CheckIncludeFile.c
Linking C executable cmTC_8d089
/usr/local/bin/cmake -E cmake_link_script CMakeFiles/cmTC_8d089.dir/link.txt --verbose=1
/home/vvdn/android-ndk-r14b/toolchains/llvm/prebuilt/linux-x86_64/bin/clang --target=armv7-none-linux-androideabi --gcc-toolchain=/home/vvdn/android-ndk-r14b/toolchains/arm-linux-androideabi-4.9/prebuilt/linux-x86_64 --sysroot=/home/vvdn/android-ndk-r14b/platforms/android-14/arch-arm -march=armv7-a -mthumb -mfpu=neon -mfloat-abi=softfp -funwind-tables -no-canonical-prefixes -fexceptions  -g  -Wl,--fix-cortex-a8  -Wl,--gc-sections -Wl,-z,nocopyreloc  CMakeFiles/cmTC_8d089.dir/CheckIncludeFile.c.o  -o cmTC_8d089 
make[5]: Leaving directory `/home/vvdn/linphone/linphone-android-arpit/WORK/android-armv7/Build/antlr3c/CMakeFiles/CMakeTmp'
make[4]: Leaving directory `/home/vvdn/linphone/linphone-android-arpit/WORK/android-armv7/Build/antlr3c/CMakeFiles/CMakeTmp'


Determining if the include file netdb.h exists passed with the following output:
Change Dir: /home/vvdn/linphone/linphone-android-arpit/WORK/android-armv7/Build/antlr3c/CMakeFiles/CMakeTmp

Run Build Command:"/usr/bin/make" "cmTC_545cc/fast"
make[4]: Entering directory `/home/vvdn/linphone/linphone-android-arpit/WORK/android-armv7/Build/antlr3c/CMakeFiles/CMakeTmp'
/usr/bin/make -f CMakeFiles/cmTC_545cc.dir/build.make CMakeFiles/cmTC_545cc.dir/build
make[5]: Entering directory `/home/vvdn/linphone/linphone-android-arpit/WORK/android-armv7/Build/antlr3c/CMakeFiles/CMakeTmp'
Building C object CMakeFiles/cmTC_545cc.dir/CheckIncludeFile.c.o
/home/vvdn/android-ndk-r14b/toolchains/llvm/prebuilt/linux-x86_64/bin/clang --target=armv7-none-linux-androideabi --gcc-toolchain=/home/vvdn/android-ndk-r14b/toolchains/arm-linux-androideabi-4.9/prebuilt/linux-x86_64 --sysroot=/home/vvdn/android-ndk-r14b/platforms/android-14/arch-arm  -isystem /home/vvdn/android-ndk-r14b/platforms/android-14/arch-arm/usr/include  -march=armv7-a -mthumb -mfpu=neon -mfloat-abi=softfp -funwind-tables -no-canonical-prefixes -fexceptions  -g   -o CMakeFiles/cmTC_545cc.dir/CheckIncludeFile.c.o   -c /home/vvdn/linphone/linphone-android-arpit/WORK/android-armv7/Build/antlr3c/CMakeFiles/CMakeTmp/CheckIncludeFile.c
Linking C executable cmTC_545cc
/usr/local/bin/cmake -E cmake_link_script CMakeFiles/cmTC_545cc.dir/link.txt --verbose=1
/home/vvdn/android-ndk-r14b/toolchains/llvm/prebuilt/linux-x86_64/bin/clang --target=armv7-none-linux-androideabi --gcc-toolchain=/home/vvdn/android-ndk-r14b/toolchains/arm-linux-androideabi-4.9/prebuilt/linux-x86_64 --sysroot=/home/vvdn/android-ndk-r14b/platforms/android-14/arch-arm -march=armv7-a -mthumb -mfpu=neon -mfloat-abi=softfp -funwind-tables -no-canonical-prefixes -fexceptions  -g  -Wl,--fix-cortex-a8  -Wl,--gc-sections -Wl,-z,nocopyreloc  CMakeFiles/cmTC_545cc.dir/CheckIncludeFile.c.o  -o cmTC_545cc 
make[5]: Leaving directory `/home/vvdn/linphone/linphone-android-arpit/WORK/android-armv7/Build/antlr3c/CMakeFiles/CMakeTmp'
make[4]: Leaving directory `/home/vvdn/linphone/linphone-android-arpit/WORK/android-armv7/Build/antlr3c/CMakeFiles/CMakeTmp'


Determining if the include file netinet/in.h exists passed with the following output:
Change Dir: /home/vvdn/linphone/linphone-android-arpit/WORK/android-armv7/Build/antlr3c/CMakeFiles/CMakeTmp

Run Build Command:"/usr/bin/make" "cmTC_995ad/fast"
make[4]: Entering directory `/home/vvdn/linphone/linphone-android-arpit/WORK/android-armv7/Build/antlr3c/CMakeFiles/CMakeTmp'
/usr/bin/make -f CMakeFiles/cmTC_995ad.dir/build.make CMakeFiles/cmTC_995ad.dir/build
make[5]: Entering directory `/home/vvdn/linphone/linphone-android-arpit/WORK/android-armv7/Build/antlr3c/CMakeFiles/CMakeTmp'
Building C object CMakeFiles/cmTC_995ad.dir/CheckIncludeFile.c.o
/home/vvdn/android-ndk-r14b/toolchains/llvm/prebuilt/linux-x86_64/bin/clang --target=armv7-none-linux-androideabi --gcc-toolchain=/home/vvdn/android-ndk-r14b/toolchains/arm-linux-androideabi-4.9/prebuilt/linux-x86_64 --sysroot=/home/vvdn/android-ndk-r14b/platforms/android-14/arch-arm  -isystem /home/vvdn/android-ndk-r14b/platforms/android-14/arch-arm/usr/include  -march=armv7-a -mthumb -mfpu=neon -mfloat-abi=softfp -funwind-tables -no-canonical-prefixes -fexceptions  -g   -o CMakeFiles/cmTC_995ad.dir/CheckIncludeFile.c.o   -c /home/vvdn/linphone/linphone-android-arpit/WORK/android-armv7/Build/antlr3c/CMakeFiles/CMakeTmp/CheckIncludeFile.c
Linking C executable cmTC_995ad
/usr/local/bin/cmake -E cmake_link_script CMakeFiles/cmTC_995ad.dir/link.txt --verbose=1
/home/vvdn/android-ndk-r14b/toolchains/llvm/prebuilt/linux-x86_64/bin/clang --target=armv7-none-linux-androideabi --gcc-toolchain=/home/vvdn/android-ndk-r14b/toolchains/arm-linux-androideabi-4.9/prebuilt/linux-x86_64 --sysroot=/home/vvdn/android-ndk-r14b/platforms/android-14/arch-arm -march=armv7-a -mthumb -mfpu=neon -mfloat-abi=softfp -funwind-tables -no-canonical-prefixes -fexceptions  -g  -Wl,--fix-cortex-a8  -Wl,--gc-sections -Wl,-z,nocopyreloc  CMakeFiles/cmTC_995ad.dir/CheckIncludeFile.c.o  -o cmTC_995ad 
make[5]: Leaving directory `/home/vvdn/linphone/linphone-android-arpit/WORK/android-armv7/Build/antlr3c/CMakeFiles/CMakeTmp'
make[4]: Leaving directory `/home/vvdn/linphone/linphone-android-arpit/WORK/android-armv7/Build/antlr3c/CMakeFiles/CMakeTmp'


Determining if the include file netinet/tcp.h exists passed with the following output:
Change Dir: /home/vvdn/linphone/linphone-android-arpit/WORK/android-armv7/Build/antlr3c/CMakeFiles/CMakeTmp

Run Build Command:"/usr/bin/make" "cmTC_67c9e/fast"
make[4]: Entering directory `/home/vvdn/linphone/linphone-android-arpit/WORK/android-armv7/Build/antlr3c/CMakeFiles/CMakeTmp'
/usr/bin/make -f CMakeFiles/cmTC_67c9e.dir/build.make CMakeFiles/cmTC_67c9e.dir/build
make[5]: Entering directory `/home/vvdn/linphone/linphone-android-arpit/WORK/android-armv7/Build/antlr3c/CMakeFiles/CMakeTmp'
Building C object CMakeFiles/cmTC_67c9e.dir/CheckIncludeFile.c.o
/home/vvdn/android-ndk-r14b/toolchains/llvm/prebuilt/linux-x86_64/bin/clang --target=armv7-none-linux-androideabi --gcc-toolchain=/home/vvdn/android-ndk-r14b/toolchains/arm-linux-androideabi-4.9/prebuilt/linux-x86_64 --sysroot=/home/vvdn/android-ndk-r14b/platforms/android-14/arch-arm  -isystem /home/vvdn/android-ndk-r14b/platforms/android-14/arch-arm/usr/include  -march=armv7-a -mthumb -mfpu=neon -mfloat-abi=softfp -funwind-tables -no-canonical-prefixes -fexceptions  -g   -o CMakeFiles/cmTC_67c9e.dir/CheckIncludeFile.c.o   -c /home/vvdn/linphone/linphone-android-arpit/WORK/android-armv7/Build/antlr3c/CMakeFiles/CMakeTmp/CheckIncludeFile.c
Linking C executable cmTC_67c9e
/usr/local/bin/cmake -E cmake_link_script CMakeFiles/cmTC_67c9e.dir/link.txt --verbose=1
/home/vvdn/android-ndk-r14b/toolchains/llvm/prebuilt/linux-x86_64/bin/clang --target=armv7-none-linux-androideabi --gcc-toolchain=/home/vvdn/android-ndk-r14b/toolchains/arm-linux-androideabi-4.9/prebuilt/linux-x86_64 --sysroot=/home/vvdn/android-ndk-r14b/platforms/android-14/arch-arm -march=armv7-a -mthumb -mfpu=neon -mfloat-abi=softfp -funwind-tables -no-canonical-prefixes -fexceptions  -g  -Wl,--fix-cortex-a8  -Wl,--gc-sections -Wl,-z,nocopyreloc  CMakeFiles/cmTC_67c9e.dir/CheckIncludeFile.c.o  -o cmTC_67c9e 
make[5]: Leaving directory `/home/vvdn/linphone/linphone-android-arpit/WORK/android-armv7/Build/antlr3c/CMakeFiles/CMakeTmp'
make[4]: Leaving directory `/home/vvdn/linphone/linphone-android-arpit/WORK/android-armv7/Build/antlr3c/CMakeFiles/CMakeTmp'


Determining if the include file resolv.h exists passed with the following output:
Change Dir: /home/vvdn/linphone/linphone-android-arpit/WORK/android-armv7/Build/antlr3c/CMakeFiles/CMakeTmp

Run Build Command:"/usr/bin/make" "cmTC_1f6b7/fast"
make[4]: Entering directory `/home/vvdn/linphone/linphone-android-arpit/WORK/android-armv7/Build/antlr3c/CMakeFiles/CMakeTmp'
/usr/bin/make -f CMakeFiles/cmTC_1f6b7.dir/build.make CMakeFiles/cmTC_1f6b7.dir/build
make[5]: Entering directory `/home/vvdn/linphone/linphone-android-arpit/WORK/android-armv7/Build/antlr3c/CMakeFiles/CMakeTmp'
Building C object CMakeFiles/cmTC_1f6b7.dir/CheckIncludeFile.c.o
/home/vvdn/android-ndk-r14b/toolchains/llvm/prebuilt/linux-x86_64/bin/clang --target=armv7-none-linux-androideabi --gcc-toolchain=/home/vvdn/android-ndk-r14b/toolchains/arm-linux-androideabi-4.9/prebuilt/linux-x86_64 --sysroot=/home/vvdn/android-ndk-r14b/platforms/android-14/arch-arm  -isystem /home/vvdn/android-ndk-r14b/platforms/android-14/arch-arm/usr/include  -march=armv7-a -mthumb -mfpu=neon -mfloat-abi=softfp -funwind-tables -no-canonical-prefixes -fexceptions  -g   -o CMakeFiles/cmTC_1f6b7.dir/CheckIncludeFile.c.o   -c /home/vvdn/linphone/linphone-android-arpit/WORK/android-armv7/Build/antlr3c/CMakeFiles/CMakeTmp/CheckIncludeFile.c
Linking C executable cmTC_1f6b7
/usr/local/bin/cmake -E cmake_link_script CMakeFiles/cmTC_1f6b7.dir/link.txt --verbose=1
/home/vvdn/android-ndk-r14b/toolchains/llvm/prebuilt/linux-x86_64/bin/clang --target=armv7-none-linux-androideabi --gcc-toolchain=/home/vvdn/android-ndk-r14b/toolchains/arm-linux-androideabi-4.9/prebuilt/linux-x86_64 --sysroot=/home/vvdn/android-ndk-r14b/platforms/android-14/arch-arm -march=armv7-a -mthumb -mfpu=neon -mfloat-abi=softfp -funwind-tables -no-canonical-prefixes -fexceptions  -g  -Wl,--fix-cortex-a8  -Wl,--gc-sections -Wl,-z,nocopyreloc  CMakeFiles/cmTC_1f6b7.dir/CheckIncludeFile.c.o  -o cmTC_1f6b7 
make[5]: Leaving directory `/home/vvdn/linphone/linphone-android-arpit/WORK/android-armv7/Build/antlr3c/CMakeFiles/CMakeTmp'
make[4]: Leaving directory `/home/vvdn/linphone/linphone-android-arpit/WORK/android-armv7/Build/antlr3c/CMakeFiles/CMakeTmp'


Determining if the include file stdarg.h exists passed with the following output:
Change Dir: /home/vvdn/linphone/linphone-android-arpit/WORK/android-armv7/Build/antlr3c/CMakeFiles/CMakeTmp

Run Build Command:"/usr/bin/make" "cmTC_02f0b/fast"
make[4]: Entering directory `/home/vvdn/linphone/linphone-android-arpit/WORK/android-armv7/Build/antlr3c/CMakeFiles/CMakeTmp'
/usr/bin/make -f CMakeFiles/cmTC_02f0b.dir/build.make CMakeFiles/cmTC_02f0b.dir/build
make[5]: Entering directory `/home/vvdn/linphone/linphone-android-arpit/WORK/android-armv7/Build/antlr3c/CMakeFiles/CMakeTmp'
Building C object CMakeFiles/cmTC_02f0b.dir/CheckIncludeFile.c.o
/home/vvdn/android-ndk-r14b/toolchains/llvm/prebuilt/linux-x86_64/bin/clang --target=armv7-none-linux-androideabi --gcc-toolchain=/home/vvdn/android-ndk-r14b/toolchains/arm-linux-androideabi-4.9/prebuilt/linux-x86_64 --sysroot=/home/vvdn/android-ndk-r14b/platforms/android-14/arch-arm  -isystem /home/vvdn/android-ndk-r14b/platforms/android-14/arch-arm/usr/include  -march=armv7-a -mthumb -mfpu=neon -mfloat-abi=softfp -funwind-tables -no-canonical-prefixes -fexceptions  -g   -o CMakeFiles/cmTC_02f0b.dir/CheckIncludeFile.c.o   -c /home/vvdn/linphone/linphone-android-arpit/WORK/android-armv7/Build/antlr3c/CMakeFiles/CMakeTmp/CheckIncludeFile.c
Linking C executable cmTC_02f0b
/usr/local/bin/cmake -E cmake_link_script CMakeFiles/cmTC_02f0b.dir/link.txt --verbose=1
/home/vvdn/android-ndk-r14b/toolchains/llvm/prebuilt/linux-x86_64/bin/clang --target=armv7-none-linux-androideabi --gcc-toolchain=/home/vvdn/android-ndk-r14b/toolchains/arm-linux-androideabi-4.9/prebuilt/linux-x86_64 --sysroot=/home/vvdn/android-ndk-r14b/platforms/android-14/arch-arm -march=armv7-a -mthumb -mfpu=neon -mfloat-abi=softfp -funwind-tables -no-canonical-prefixes -fexceptions  -g  -Wl,--fix-cortex-a8  -Wl,--gc-sections -Wl,-z,nocopyreloc  CMakeFiles/cmTC_02f0b.dir/CheckIncludeFile.c.o  -o cmTC_02f0b 
make[5]: Leaving directory `/home/vvdn/linphone/linphone-android-arpit/WORK/android-armv7/Build/antlr3c/CMakeFiles/CMakeTmp'
make[4]: Leaving directory `/home/vvdn/linphone/linphone-android-arpit/WORK/android-armv7/Build/antlr3c/CMakeFiles/CMakeTmp'


Determining if the include file stdint.h exists passed with the following output:
Change Dir: /home/vvdn/linphone/linphone-android-arpit/WORK/android-armv7/Build/antlr3c/CMakeFiles/CMakeTmp

Run Build Command:"/usr/bin/make" "cmTC_37787/fast"
make[4]: Entering directory `/home/vvdn/linphone/linphone-android-arpit/WORK/android-armv7/Build/antlr3c/CMakeFiles/CMakeTmp'
/usr/bin/make -f CMakeFiles/cmTC_37787.dir/build.make CMakeFiles/cmTC_37787.dir/build
make[5]: Entering directory `/home/vvdn/linphone/linphone-android-arpit/WORK/android-armv7/Build/antlr3c/CMakeFiles/CMakeTmp'
Building C object CMakeFiles/cmTC_37787.dir/CheckIncludeFile.c.o
/home/vvdn/android-ndk-r14b/toolchains/llvm/prebuilt/linux-x86_64/bin/clang --target=armv7-none-linux-androideabi --gcc-toolchain=/home/vvdn/android-ndk-r14b/toolchains/arm-linux-androideabi-4.9/prebuilt/linux-x86_64 --sysroot=/home/vvdn/android-ndk-r14b/platforms/android-14/arch-arm  -isystem /home/vvdn/android-ndk-r14b/platforms/android-14/arch-arm/usr/include  -march=armv7-a -mthumb -mfpu=neon -mfloat-abi=softfp -funwind-tables -no-canonical-prefixes -fexceptions  -g   -o CMakeFiles/cmTC_37787.dir/CheckIncludeFile.c.o   -c /home/vvdn/linphone/linphone-android-arpit/WORK/android-armv7/Build/antlr3c/CMakeFiles/CMakeTmp/CheckIncludeFile.c
Linking C executable cmTC_37787
/usr/local/bin/cmake -E cmake_link_script CMakeFiles/cmTC_37787.dir/link.txt --verbose=1
/home/vvdn/android-ndk-r14b/toolchains/llvm/prebuilt/linux-x86_64/bin/clang --target=armv7-none-linux-androideabi --gcc-toolchain=/home/vvdn/android-ndk-r14b/toolchains/arm-linux-androideabi-4.9/prebuilt/linux-x86_64 --sysroot=/home/vvdn/android-ndk-r14b/platforms/android-14/arch-arm -march=armv7-a -mthumb -mfpu=neon -mfloat-abi=softfp -funwind-tables -no-canonical-prefixes -fexceptions  -g  -Wl,--fix-cortex-a8  -Wl,--gc-sections -Wl,-z,nocopyreloc  CMakeFiles/cmTC_37787.dir/CheckIncludeFile.c.o  -o cmTC_37787 
make[5]: Leaving directory `/home/vvdn/linphone/linphone-android-arpit/WORK/android-armv7/Build/antlr3c/CMakeFiles/CMakeTmp'
make[4]: Leaving directory `/home/vvdn/linphone/linphone-android-arpit/WORK/android-armv7/Build/antlr3c/CMakeFiles/CMakeTmp'


Determining if the include file stdlib.h exists passed with the following output:
Change Dir: /home/vvdn/linphone/linphone-android-arpit/WORK/android-armv7/Build/antlr3c/CMakeFiles/CMakeTmp

Run Build Command:"/usr/bin/make" "cmTC_eb7ab/fast"
make[4]: Entering directory `/home/vvdn/linphone/linphone-android-arpit/WORK/android-armv7/Build/antlr3c/CMakeFiles/CMakeTmp'
/usr/bin/make -f CMakeFiles/cmTC_eb7ab.dir/build.make CMakeFiles/cmTC_eb7ab.dir/build
make[5]: Entering directory `/home/vvdn/linphone/linphone-android-arpit/WORK/android-armv7/Build/antlr3c/CMakeFiles/CMakeTmp'
Building C object CMakeFiles/cmTC_eb7ab.dir/CheckIncludeFile.c.o
/home/vvdn/android-ndk-r14b/toolchains/llvm/prebuilt/linux-x86_64/bin/clang --target=armv7-none-linux-androideabi --gcc-toolchain=/home/vvdn/android-ndk-r14b/toolchains/arm-linux-androideabi-4.9/prebuilt/linux-x86_64 --sysroot=/home/vvdn/android-ndk-r14b/platforms/android-14/arch-arm  -isystem /home/vvdn/android-ndk-r14b/platforms/android-14/arch-arm/usr/include  -march=armv7-a -mthumb -mfpu=neon -mfloat-abi=softfp -funwind-tables -no-canonical-prefixes -fexceptions  -g   -o CMakeFiles/cmTC_eb7ab.dir/CheckIncludeFile.c.o   -c /home/vvdn/linphone/linphone-android-arpit/WORK/android-armv7/Build/antlr3c/CMakeFiles/CMakeTmp/CheckIncludeFile.c
Linking C executable cmTC_eb7ab
/usr/local/bin/cmake -E cmake_link_script CMakeFiles/cmTC_eb7ab.dir/link.txt --verbose=1
/home/vvdn/android-ndk-r14b/toolchains/llvm/prebuilt/linux-x86_64/bin/clang --target=armv7-none-linux-androideabi --gcc-toolchain=/home/vvdn/android-ndk-r14b/toolchains/arm-linux-androideabi-4.9/prebuilt/linux-x86_64 --sysroot=/home/vvdn/android-ndk-r14b/platforms/android-14/arch-arm -march=armv7-a -mthumb -mfpu=neon -mfloat-abi=softfp -funwind-tables -no-canonical-prefixes -fexceptions  -g  -Wl,--fix-cortex-a8  -Wl,--gc-sections -Wl,-z,nocopyreloc  CMakeFiles/cmTC_eb7ab.dir/CheckIncludeFile.c.o  -o cmTC_eb7ab 
make[5]: Leaving directory `/home/vvdn/linphone/linphone-android-arpit/WORK/android-armv7/Build/antlr3c/CMakeFiles/CMakeTmp'
make[4]: Leaving directory `/home/vvdn/linphone/linphone-android-arpit/WORK/android-armv7/Build/antlr3c/CMakeFiles/CMakeTmp'


Determining if the include file strings.h exists passed with the following output:
Change Dir: /home/vvdn/linphone/linphone-android-arpit/WORK/android-armv7/Build/antlr3c/CMakeFiles/CMakeTmp

Run Build Command:"/usr/bin/make" "cmTC_25b8e/fast"
make[4]: Entering directory `/home/vvdn/linphone/linphone-android-arpit/WORK/android-armv7/Build/antlr3c/CMakeFiles/CMakeTmp'
/usr/bin/make -f CMakeFiles/cmTC_25b8e.dir/build.make CMakeFiles/cmTC_25b8e.dir/build
make[5]: Entering directory `/home/vvdn/linphone/linphone-android-arpit/WORK/android-armv7/Build/antlr3c/CMakeFiles/CMakeTmp'
Building C object CMakeFiles/cmTC_25b8e.dir/CheckIncludeFile.c.o
/home/vvdn/android-ndk-r14b/toolchains/llvm/prebuilt/linux-x86_64/bin/clang --target=armv7-none-linux-androideabi --gcc-toolchain=/home/vvdn/android-ndk-r14b/toolchains/arm-linux-androideabi-4.9/prebuilt/linux-x86_64 --sysroot=/home/vvdn/android-ndk-r14b/platforms/android-14/arch-arm  -isystem /home/vvdn/android-ndk-r14b/platforms/android-14/arch-arm/usr/include  -march=armv7-a -mthumb -mfpu=neon -mfloat-abi=softfp -funwind-tables -no-canonical-prefixes -fexceptions  -g   -o CMakeFiles/cmTC_25b8e.dir/CheckIncludeFile.c.o   -c /home/vvdn/linphone/linphone-android-arpit/WORK/android-armv7/Build/antlr3c/CMakeFiles/CMakeTmp/CheckIncludeFile.c
Linking C executable cmTC_25b8e
/usr/local/bin/cmake -E cmake_link_script CMakeFiles/cmTC_25b8e.dir/link.txt --verbose=1
/home/vvdn/android-ndk-r14b/toolchains/llvm/prebuilt/linux-x86_64/bin/clang --target=armv7-none-linux-androideabi --gcc-toolchain=/home/vvdn/android-ndk-r14b/toolchains/arm-linux-androideabi-4.9/prebuilt/linux-x86_64 --sysroot=/home/vvdn/android-ndk-r14b/platforms/android-14/arch-arm -march=armv7-a -mthumb -mfpu=neon -mfloat-abi=softfp -funwind-tables -no-canonical-prefixes -fexceptions  -g  -Wl,--fix-cortex-a8  -Wl,--gc-sections -Wl,-z,nocopyreloc  CMakeFiles/cmTC_25b8e.dir/CheckIncludeFile.c.o  -o cmTC_25b8e 
make[5]: Leaving directory `/home/vvdn/linphone/linphone-android-arpit/WORK/android-armv7/Build/antlr3c/CMakeFiles/CMakeTmp'
make[4]: Leaving directory `/home/vvdn/linphone/linphone-android-arpit/WORK/android-armv7/Build/antlr3c/CMakeFiles/CMakeTmp'


Determining if the include file string.h exists passed with the following output:
Change Dir: /home/vvdn/linphone/linphone-android-arpit/WORK/android-armv7/Build/antlr3c/CMakeFiles/CMakeTmp

Run Build Command:"/usr/bin/make" "cmTC_62655/fast"
make[4]: Entering directory `/home/vvdn/linphone/linphone-android-arpit/WORK/android-armv7/Build/antlr3c/CMakeFiles/CMakeTmp'
/usr/bin/make -f CMakeFiles/cmTC_62655.dir/build.make CMakeFiles/cmTC_62655.dir/build
make[5]: Entering directory `/home/vvdn/linphone/linphone-android-arpit/WORK/android-armv7/Build/antlr3c/CMakeFiles/CMakeTmp'
Building C object CMakeFiles/cmTC_62655.dir/CheckIncludeFile.c.o
/home/vvdn/android-ndk-r14b/toolchains/llvm/prebuilt/linux-x86_64/bin/clang --target=armv7-none-linux-androideabi --gcc-toolchain=/home/vvdn/android-ndk-r14b/toolchains/arm-linux-androideabi-4.9/prebuilt/linux-x86_64 --sysroot=/home/vvdn/android-ndk-r14b/platforms/android-14/arch-arm  -isystem /home/vvdn/android-ndk-r14b/platforms/android-14/arch-arm/usr/include  -march=armv7-a -mthumb -mfpu=neon -mfloat-abi=softfp -funwind-tables -no-canonical-prefixes -fexceptions  -g   -o CMakeFiles/cmTC_62655.dir/CheckIncludeFile.c.o   -c /home/vvdn/linphone/linphone-android-arpit/WORK/android-armv7/Build/antlr3c/CMakeFiles/CMakeTmp/CheckIncludeFile.c
Linking C executable cmTC_62655
/usr/local/bin/cmake -E cmake_link_script CMakeFiles/cmTC_62655.dir/link.txt --verbose=1
/home/vvdn/android-ndk-r14b/toolchains/llvm/prebuilt/linux-x86_64/bin/clang --target=armv7-none-linux-androideabi --gcc-toolchain=/home/vvdn/android-ndk-r14b/toolchains/arm-linux-androideabi-4.9/prebuilt/linux-x86_64 --sysroot=/home/vvdn/android-ndk-r14b/platforms/android-14/arch-arm -march=armv7-a -mthumb -mfpu=neon -mfloat-abi=softfp -funwind-tables -no-canonical-prefixes -fexceptions  -g  -Wl,--fix-cortex-a8  -Wl,--gc-sections -Wl,-z,nocopyreloc  CMakeFiles/cmTC_62655.dir/CheckIncludeFile.c.o  -o cmTC_62655 
make[5]: Leaving directory `/home/vvdn/linphone/linphone-android-arpit/WORK/android-armv7/Build/antlr3c/CMakeFiles/CMakeTmp'
make[4]: Leaving directory `/home/vvdn/linphone/linphone-android-arpit/WORK/android-armv7/Build/antlr3c/CMakeFiles/CMakeTmp'


Determining if the include file sys/socket.h exists passed with the following output:
Change Dir: /home/vvdn/linphone/linphone-android-arpit/WORK/android-armv7/Build/antlr3c/CMakeFiles/CMakeTmp

Run Build Command:"/usr/bin/make" "cmTC_34236/fast"
make[4]: Entering directory `/home/vvdn/linphone/linphone-android-arpit/WORK/android-armv7/Build/antlr3c/CMakeFiles/CMakeTmp'
/usr/bin/make -f CMakeFiles/cmTC_34236.dir/build.make CMakeFiles/cmTC_34236.dir/build
make[5]: Entering directory `/home/vvdn/linphone/linphone-android-arpit/WORK/android-armv7/Build/antlr3c/CMakeFiles/CMakeTmp'
Building C object CMakeFiles/cmTC_34236.dir/CheckIncludeFile.c.o
/home/vvdn/android-ndk-r14b/toolchains/llvm/prebuilt/linux-x86_64/bin/clang --target=armv7-none-linux-androideabi --gcc-toolchain=/home/vvdn/android-ndk-r14b/toolchains/arm-linux-androideabi-4.9/prebuilt/linux-x86_64 --sysroot=/home/vvdn/android-ndk-r14b/platforms/android-14/arch-arm  -isystem /home/vvdn/android-ndk-r14b/platforms/android-14/arch-arm/usr/include  -march=armv7-a -mthumb -mfpu=neon -mfloat-abi=softfp -funwind-tables -no-canonical-prefixes -fexceptions  -g   -o CMakeFiles/cmTC_34236.dir/CheckIncludeFile.c.o   -c /home/vvdn/linphone/linphone-android-arpit/WORK/android-armv7/Build/antlr3c/CMakeFiles/CMakeTmp/CheckIncludeFile.c
Linking C executable cmTC_34236
/usr/local/bin/cmake -E cmake_link_script CMakeFiles/cmTC_34236.dir/link.txt --verbose=1
/home/vvdn/android-ndk-r14b/toolchains/llvm/prebuilt/linux-x86_64/bin/clang --target=armv7-none-linux-androideabi --gcc-toolchain=/home/vvdn/android-ndk-r14b/toolchains/arm-linux-androideabi-4.9/prebuilt/linux-x86_64 --sysroot=/home/vvdn/android-ndk-r14b/platforms/android-14/arch-arm -march=armv7-a -mthumb -mfpu=neon -mfloat-abi=softfp -funwind-tables -no-canonical-prefixes -fexceptions  -g  -Wl,--fix-cortex-a8  -Wl,--gc-sections -Wl,-z,nocopyreloc  CMakeFiles/cmTC_34236.dir/CheckIncludeFile.c.o  -o cmTC_34236 
make[5]: Leaving directory `/home/vvdn/linphone/linphone-android-arpit/WORK/android-armv7/Build/antlr3c/CMakeFiles/CMakeTmp'
make[4]: Leaving directory `/home/vvdn/linphone/linphone-android-arpit/WORK/android-armv7/Build/antlr3c/CMakeFiles/CMakeTmp'


Determining if the include file sys/stat.h exists passed with the following output:
Change Dir: /home/vvdn/linphone/linphone-android-arpit/WORK/android-armv7/Build/antlr3c/CMakeFiles/CMakeTmp

Run Build Command:"/usr/bin/make" "cmTC_24ee1/fast"
make[4]: Entering directory `/home/vvdn/linphone/linphone-android-arpit/WORK/android-armv7/Build/antlr3c/CMakeFiles/CMakeTmp'
/usr/bin/make -f CMakeFiles/cmTC_24ee1.dir/build.make CMakeFiles/cmTC_24ee1.dir/build
make[5]: Entering directory `/home/vvdn/linphone/linphone-android-arpit/WORK/android-armv7/Build/antlr3c/CMakeFiles/CMakeTmp'
Building C object CMakeFiles/cmTC_24ee1.dir/CheckIncludeFile.c.o
/home/vvdn/android-ndk-r14b/toolchains/llvm/prebuilt/linux-x86_64/bin/clang --target=armv7-none-linux-androideabi --gcc-toolchain=/home/vvdn/android-ndk-r14b/toolchains/arm-linux-androideabi-4.9/prebuilt/linux-x86_64 --sysroot=/home/vvdn/android-ndk-r14b/platforms/android-14/arch-arm  -isystem /home/vvdn/android-ndk-r14b/platforms/android-14/arch-arm/usr/include  -march=armv7-a -mthumb -mfpu=neon -mfloat-abi=softfp -funwind-tables -no-canonical-prefixes -fexceptions  -g   -o CMakeFiles/cmTC_24ee1.dir/CheckIncludeFile.c.o   -c /home/vvdn/linphone/linphone-android-arpit/WORK/android-armv7/Build/antlr3c/CMakeFiles/CMakeTmp/CheckIncludeFile.c
Linking C executable cmTC_24ee1
/usr/local/bin/cmake -E cmake_link_script CMakeFiles/cmTC_24ee1.dir/link.txt --verbose=1
/home/vvdn/android-ndk-r14b/toolchains/llvm/prebuilt/linux-x86_64/bin/clang --target=armv7-none-linux-androideabi --gcc-toolchain=/home/vvdn/android-ndk-r14b/toolchains/arm-linux-androideabi-4.9/prebuilt/linux-x86_64 --sysroot=/home/vvdn/android-ndk-r14b/platforms/android-14/arch-arm -march=armv7-a -mthumb -mfpu=neon -mfloat-abi=softfp -funwind-tables -no-canonical-prefixes -fexceptions  -g  -Wl,--fix-cortex-a8  -Wl,--gc-sections -Wl,-z,nocopyreloc  CMakeFiles/cmTC_24ee1.dir/CheckIncludeFile.c.o  -o cmTC_24ee1 
make[5]: Leaving directory `/home/vvdn/linphone/linphone-android-arpit/WORK/android-armv7/Build/antlr3c/CMakeFiles/CMakeTmp'
make[4]: Leaving directory `/home/vvdn/linphone/linphone-android-arpit/WORK/android-armv7/Build/antlr3c/CMakeFiles/CMakeTmp'


Determining if the include file sys/types.h exists passed with the following output:
Change Dir: /home/vvdn/linphone/linphone-android-arpit/WORK/android-armv7/Build/antlr3c/CMakeFiles/CMakeTmp

Run Build Command:"/usr/bin/make" "cmTC_d4558/fast"
make[4]: Entering directory `/home/vvdn/linphone/linphone-android-arpit/WORK/android-armv7/Build/antlr3c/CMakeFiles/CMakeTmp'
/usr/bin/make -f CMakeFiles/cmTC_d4558.dir/build.make CMakeFiles/cmTC_d4558.dir/build
make[5]: Entering directory `/home/vvdn/linphone/linphone-android-arpit/WORK/android-armv7/Build/antlr3c/CMakeFiles/CMakeTmp'
Building C object CMakeFiles/cmTC_d4558.dir/CheckIncludeFile.c.o
/home/vvdn/android-ndk-r14b/toolchains/llvm/prebuilt/linux-x86_64/bin/clang --target=armv7-none-linux-androideabi --gcc-toolchain=/home/vvdn/android-ndk-r14b/toolchains/arm-linux-androideabi-4.9/prebuilt/linux-x86_64 --sysroot=/home/vvdn/android-ndk-r14b/platforms/android-14/arch-arm  -isystem /home/vvdn/android-ndk-r14b/platforms/android-14/arch-arm/usr/include  -march=armv7-a -mthumb -mfpu=neon -mfloat-abi=softfp -funwind-tables -no-canonical-prefixes -fexceptions  -g   -o CMakeFiles/cmTC_d4558.dir/CheckIncludeFile.c.o   -c /home/vvdn/linphone/linphone-android-arpit/WORK/android-armv7/Build/antlr3c/CMakeFiles/CMakeTmp/CheckIncludeFile.c
Linking C executable cmTC_d4558
/usr/local/bin/cmake -E cmake_link_script CMakeFiles/cmTC_d4558.dir/link.txt --verbose=1
/home/vvdn/android-ndk-r14b/toolchains/llvm/prebuilt/linux-x86_64/bin/clang --target=armv7-none-linux-androideabi --gcc-toolchain=/home/vvdn/android-ndk-r14b/toolchains/arm-linux-androideabi-4.9/prebuilt/linux-x86_64 --sysroot=/home/vvdn/android-ndk-r14b/platforms/android-14/arch-arm -march=armv7-a -mthumb -mfpu=neon -mfloat-abi=softfp -funwind-tables -no-canonical-prefixes -fexceptions  -g  -Wl,--fix-cortex-a8  -Wl,--gc-sections -Wl,-z,nocopyreloc  CMakeFiles/cmTC_d4558.dir/CheckIncludeFile.c.o  -o cmTC_d4558 
make[5]: Leaving directory `/home/vvdn/linphone/linphone-android-arpit/WORK/android-armv7/Build/antlr3c/CMakeFiles/CMakeTmp'
make[4]: Leaving directory `/home/vvdn/linphone/linphone-android-arpit/WORK/android-armv7/Build/antlr3c/CMakeFiles/CMakeTmp'


Determining if the include file unistd.h exists passed with the following output:
Change Dir: /home/vvdn/linphone/linphone-android-arpit/WORK/android-armv7/Build/antlr3c/CMakeFiles/CMakeTmp

Run Build Command:"/usr/bin/make" "cmTC_51bae/fast"
make[4]: Entering directory `/home/vvdn/linphone/linphone-android-arpit/WORK/android-armv7/Build/antlr3c/CMakeFiles/CMakeTmp'
/usr/bin/make -f CMakeFiles/cmTC_51bae.dir/build.make CMakeFiles/cmTC_51bae.dir/build
make[5]: Entering directory `/home/vvdn/linphone/linphone-android-arpit/WORK/android-armv7/Build/antlr3c/CMakeFiles/CMakeTmp'
Building C object CMakeFiles/cmTC_51bae.dir/CheckIncludeFile.c.o
/home/vvdn/android-ndk-r14b/toolchains/llvm/prebuilt/linux-x86_64/bin/clang --target=armv7-none-linux-androideabi --gcc-toolchain=/home/vvdn/android-ndk-r14b/toolchains/arm-linux-androideabi-4.9/prebuilt/linux-x86_64 --sysroot=/home/vvdn/android-ndk-r14b/platforms/android-14/arch-arm  -isystem /home/vvdn/android-ndk-r14b/platforms/android-14/arch-arm/usr/include  -march=armv7-a -mthumb -mfpu=neon -mfloat-abi=softfp -funwind-tables -no-canonical-prefixes -fexceptions  -g   -o CMakeFiles/cmTC_51bae.dir/CheckIncludeFile.c.o   -c /home/vvdn/linphone/linphone-android-arpit/WORK/android-armv7/Build/antlr3c/CMakeFiles/CMakeTmp/CheckIncludeFile.c
Linking C executable cmTC_51bae
/usr/local/bin/cmake -E cmake_link_script CMakeFiles/cmTC_51bae.dir/link.txt --verbose=1
/home/vvdn/android-ndk-r14b/toolchains/llvm/prebuilt/linux-x86_64/bin/clang --target=armv7-none-linux-androideabi --gcc-toolchain=/home/vvdn/android-ndk-r14b/toolchains/arm-linux-androideabi-4.9/prebuilt/linux-x86_64 --sysroot=/home/vvdn/android-ndk-r14b/platforms/android-14/arch-arm -march=armv7-a -mthumb -mfpu=neon -mfloat-abi=softfp -funwind-tables -no-canonical-prefixes -fexceptions  -g  -Wl,--fix-cortex-a8  -Wl,--gc-sections -Wl,-z,nocopyreloc  CMakeFiles/cmTC_51bae.dir/CheckIncludeFile.c.o  -o cmTC_51bae 
make[5]: Leaving directory `/home/vvdn/linphone/linphone-android-arpit/WORK/android-armv7/Build/antlr3c/CMakeFiles/CMakeTmp'
make[4]: Leaving directory `/home/vvdn/linphone/linphone-android-arpit/WORK/android-armv7/Build/antlr3c/CMakeFiles/CMakeTmp'


Determining if the function accept exists passed with the following output:
Change Dir: /home/vvdn/linphone/linphone-android-arpit/WORK/android-armv7/Build/antlr3c/CMakeFiles/CMakeTmp

Run Build Command:"/usr/bin/make" "cmTC_b7fd7/fast"
make[4]: Entering directory `/home/vvdn/linphone/linphone-android-arpit/WORK/android-armv7/Build/antlr3c/CMakeFiles/CMakeTmp'
/usr/bin/make -f CMakeFiles/cmTC_b7fd7.dir/build.make CMakeFiles/cmTC_b7fd7.dir/build
make[5]: Entering directory `/home/vvdn/linphone/linphone-android-arpit/WORK/android-armv7/Build/antlr3c/CMakeFiles/CMakeTmp'
Building C object CMakeFiles/cmTC_b7fd7.dir/CheckFunctionExists.c.o
/home/vvdn/android-ndk-r14b/toolchains/llvm/prebuilt/linux-x86_64/bin/clang --target=armv7-none-linux-androideabi --gcc-toolchain=/home/vvdn/android-ndk-r14b/toolchains/arm-linux-androideabi-4.9/prebuilt/linux-x86_64 --sysroot=/home/vvdn/android-ndk-r14b/platforms/android-14/arch-arm  -isystem /home/vvdn/android-ndk-r14b/platforms/android-14/arch-arm/usr/include  -march=armv7-a -mthumb -mfpu=neon -mfloat-abi=softfp -funwind-tables -no-canonical-prefixes -fexceptions -DCHECK_FUNCTION_EXISTS=accept -g   -o CMakeFiles/cmTC_b7fd7.dir/CheckFunctionExists.c.o   -c /usr/local/share/cmake-3.8/Modules/CheckFunctionExists.c
Linking C executable cmTC_b7fd7
/usr/local/bin/cmake -E cmake_link_script CMakeFiles/cmTC_b7fd7.dir/link.txt --verbose=1
/home/vvdn/android-ndk-r14b/toolchains/llvm/prebuilt/linux-x86_64/bin/clang --target=armv7-none-linux-androideabi --gcc-toolchain=/home/vvdn/android-ndk-r14b/toolchains/arm-linux-androideabi-4.9/prebuilt/linux-x86_64 --sysroot=/home/vvdn/android-ndk-r14b/platforms/android-14/arch-arm -march=armv7-a -mthumb -mfpu=neon -mfloat-abi=softfp -funwind-tables -no-canonical-prefixes -fexceptions -DCHECK_FUNCTION_EXISTS=accept -g  -Wl,--fix-cortex-a8  -Wl,--gc-sections -Wl,-z,nocopyreloc  CMakeFiles/cmTC_b7fd7.dir/CheckFunctionExists.c.o  -o cmTC_b7fd7 
make[5]: Leaving directory `/home/vvdn/linphone/linphone-android-arpit/WORK/android-armv7/Build/antlr3c/CMakeFiles/CMakeTmp'
make[4]: Leaving directory `/home/vvdn/linphone/linphone-android-arpit/WORK/android-armv7/Build/antlr3c/CMakeFiles/CMakeTmp'


Determining if the function memmove exists passed with the following output:
Change Dir: /home/vvdn/linphone/linphone-android-arpit/WORK/android-armv7/Build/antlr3c/CMakeFiles/CMakeTmp

Run Build Command:"/usr/bin/make" "cmTC_7ff7e/fast"
make[4]: Entering directory `/home/vvdn/linphone/linphone-android-arpit/WORK/android-armv7/Build/antlr3c/CMakeFiles/CMakeTmp'
/usr/bin/make -f CMakeFiles/cmTC_7ff7e.dir/build.make CMakeFiles/cmTC_7ff7e.dir/build
make[5]: Entering directory `/home/vvdn/linphone/linphone-android-arpit/WORK/android-armv7/Build/antlr3c/CMakeFiles/CMakeTmp'
Building C object CMakeFiles/cmTC_7ff7e.dir/CheckFunctionExists.c.o
/home/vvdn/android-ndk-r14b/toolchains/llvm/prebuilt/linux-x86_64/bin/clang --target=armv7-none-linux-androideabi --gcc-toolchain=/home/vvdn/android-ndk-r14b/toolchains/arm-linux-androideabi-4.9/prebuilt/linux-x86_64 --sysroot=/home/vvdn/android-ndk-r14b/platforms/android-14/arch-arm  -isystem /home/vvdn/android-ndk-r14b/platforms/android-14/arch-arm/usr/include  -march=armv7-a -mthumb -mfpu=neon -mfloat-abi=softfp -funwind-tables -no-canonical-prefixes -fexceptions -DCHECK_FUNCTION_EXISTS=memmove -g   -o CMakeFiles/cmTC_7ff7e.dir/CheckFunctionExists.c.o   -c /usr/local/share/cmake-3.8/Modules/CheckFunctionExists.c
/usr/local/share/cmake-3.8/Modules/CheckFunctionExists.c:7:3: warning: incompatible redeclaration of library function 'memmove' [-Wincompatible-library-redeclaration]
  CHECK_FUNCTION_EXISTS(void);
  ^
<command line>:1:31: note: expanded from here
#define CHECK_FUNCTION_EXISTS memmove
                              ^
/usr/local/share/cmake-3.8/Modules/CheckFunctionExists.c:7:3: note: 'memmove' is a builtin with type 'void *(void *, const void *, unsigned int)'
<command line>:1:31: note: expanded from here
#define CHECK_FUNCTION_EXISTS memmove
                              ^
1 warning generated.
Linking C executable cmTC_7ff7e
/usr/local/bin/cmake -E cmake_link_script CMakeFiles/cmTC_7ff7e.dir/link.txt --verbose=1
/home/vvdn/android-ndk-r14b/toolchains/llvm/prebuilt/linux-x86_64/bin/clang --target=armv7-none-linux-androideabi --gcc-toolchain=/home/vvdn/android-ndk-r14b/toolchains/arm-linux-androideabi-4.9/prebuilt/linux-x86_64 --sysroot=/home/vvdn/android-ndk-r14b/platforms/android-14/arch-arm -march=armv7-a -mthumb -mfpu=neon -mfloat-abi=softfp -funwind-tables -no-canonical-prefixes -fexceptions -DCHECK_FUNCTION_EXISTS=memmove -g  -Wl,--fix-cortex-a8  -Wl,--gc-sections -Wl,-z,nocopyreloc  CMakeFiles/cmTC_7ff7e.dir/CheckFunctionExists.c.o  -o cmTC_7ff7e 
make[5]: Leaving directory `/home/vvdn/linphone/linphone-android-arpit/WORK/android-armv7/Build/antlr3c/CMakeFiles/CMakeTmp'
make[4]: Leaving directory `/home/vvdn/linphone/linphone-android-arpit/WORK/android-armv7/Build/antlr3c/CMakeFiles/CMakeTmp'


Determining if the function memset exists passed with the following output:
Change Dir: /home/vvdn/linphone/linphone-android-arpit/WORK/android-armv7/Build/antlr3c/CMakeFiles/CMakeTmp

Run Build Command:"/usr/bin/make" "cmTC_3aaf4/fast"
make[4]: Entering directory `/home/vvdn/linphone/linphone-android-arpit/WORK/android-armv7/Build/antlr3c/CMakeFiles/CMakeTmp'
/usr/bin/make -f CMakeFiles/cmTC_3aaf4.dir/build.make CMakeFiles/cmTC_3aaf4.dir/build
make[5]: Entering directory `/home/vvdn/linphone/linphone-android-arpit/WORK/android-armv7/Build/antlr3c/CMakeFiles/CMakeTmp'
Building C object CMakeFiles/cmTC_3aaf4.dir/CheckFunctionExists.c.o
/home/vvdn/android-ndk-r14b/toolchains/llvm/prebuilt/linux-x86_64/bin/clang --target=armv7-none-linux-androideabi --gcc-toolchain=/home/vvdn/android-ndk-r14b/toolchains/arm-linux-androideabi-4.9/prebuilt/linux-x86_64 --sysroot=/home/vvdn/android-ndk-r14b/platforms/android-14/arch-arm  -isystem /home/vvdn/android-ndk-r14b/platforms/android-14/arch-arm/usr/include  -march=armv7-a -mthumb -mfpu=neon -mfloat-abi=softfp -funwind-tables -no-canonical-prefixes -fexceptions -DCHECK_FUNCTION_EXISTS=memset -g   -o CMakeFiles/cmTC_3aaf4.dir/CheckFunctionExists.c.o   -c /usr/local/share/cmake-3.8/Modules/CheckFunctionExists.c
/usr/local/share/cmake-3.8/Modules/CheckFunctionExists.c:7:3: warning: incompatible redeclaration of library function 'memset' [-Wincompatible-library-redeclaration]
  CHECK_FUNCTION_EXISTS(void);
  ^
<command line>:1:31: note: expanded from here
#define CHECK_FUNCTION_EXISTS memset
                              ^
/usr/local/share/cmake-3.8/Modules/CheckFunctionExists.c:7:3: note: 'memset' is a builtin with type 'void *(void *, int, unsigned int)'
<command line>:1:31: note: expanded from here
#define CHECK_FUNCTION_EXISTS memset
                              ^
1 warning generated.
Linking C executable cmTC_3aaf4
/usr/local/bin/cmake -E cmake_link_script CMakeFiles/cmTC_3aaf4.dir/link.txt --verbose=1
/home/vvdn/android-ndk-r14b/toolchains/llvm/prebuilt/linux-x86_64/bin/clang --target=armv7-none-linux-androideabi --gcc-toolchain=/home/vvdn/android-ndk-r14b/toolchains/arm-linux-androideabi-4.9/prebuilt/linux-x86_64 --sysroot=/home/vvdn/android-ndk-r14b/platforms/android-14/arch-arm -march=armv7-a -mthumb -mfpu=neon -mfloat-abi=softfp -funwind-tables -no-canonical-prefixes -fexceptions -DCHECK_FUNCTION_EXISTS=memset -g  -Wl,--fix-cortex-a8  -Wl,--gc-sections -Wl,-z,nocopyreloc  CMakeFiles/cmTC_3aaf4.dir/CheckFunctionExists.c.o  -o cmTC_3aaf4 
make[5]: Leaving directory `/home/vvdn/linphone/linphone-android-arpit/WORK/android-armv7/Build/antlr3c/CMakeFiles/CMakeTmp'
make[4]: Leaving directory `/home/vvdn/linphone/linphone-android-arpit/WORK/android-armv7/Build/antlr3c/CMakeFiles/CMakeTmp'


Determining if the function strdup exists passed with the following output:
Change Dir: /home/vvdn/linphone/linphone-android-arpit/WORK/android-armv7/Build/antlr3c/CMakeFiles/CMakeTmp

Run Build Command:"/usr/bin/make" "cmTC_2ff89/fast"
make[4]: Entering directory `/home/vvdn/linphone/linphone-android-arpit/WORK/android-armv7/Build/antlr3c/CMakeFiles/CMakeTmp'
/usr/bin/make -f CMakeFiles/cmTC_2ff89.dir/build.make CMakeFiles/cmTC_2ff89.dir/build
make[5]: Entering directory `/home/vvdn/linphone/linphone-android-arpit/WORK/android-armv7/Build/antlr3c/CMakeFiles/CMakeTmp'
Building C object CMakeFiles/cmTC_2ff89.dir/CheckFunctionExists.c.o
/home/vvdn/android-ndk-r14b/toolchains/llvm/prebuilt/linux-x86_64/bin/clang --target=armv7-none-linux-androideabi --gcc-toolchain=/home/vvdn/android-ndk-r14b/toolchains/arm-linux-androideabi-4.9/prebuilt/linux-x86_64 --sysroot=/home/vvdn/android-ndk-r14b/platforms/android-14/arch-arm  -isystem /home/vvdn/android-ndk-r14b/platforms/android-14/arch-arm/usr/include  -march=armv7-a -mthumb -mfpu=neon -mfloat-abi=softfp -funwind-tables -no-canonical-prefixes -fexceptions -DCHECK_FUNCTION_EXISTS=strdup -g   -o CMakeFiles/cmTC_2ff89.dir/CheckFunctionExists.c.o   -c /usr/local/share/cmake-3.8/Modules/CheckFunctionExists.c
/usr/local/share/cmake-3.8/Modules/CheckFunctionExists.c:7:3: warning: incompatible redeclaration of library function 'strdup' [-Wincompatible-library-redeclaration]
  CHECK_FUNCTION_EXISTS(void);
  ^
<command line>:1:31: note: expanded from here
#define CHECK_FUNCTION_EXISTS strdup
                              ^
/usr/local/share/cmake-3.8/Modules/CheckFunctionExists.c:7:3: note: 'strdup' is a builtin with type 'char *(const char *)'
<command line>:1:31: note: expanded from here
#define CHECK_FUNCTION_EXISTS strdup
                              ^
1 warning generated.
Linking C executable cmTC_2ff89
/usr/local/bin/cmake -E cmake_link_script CMakeFiles/cmTC_2ff89.dir/link.txt --verbose=1
/home/vvdn/android-ndk-r14b/toolchains/llvm/prebuilt/linux-x86_64/bin/clang --target=armv7-none-linux-androideabi --gcc-toolchain=/home/vvdn/android-ndk-r14b/toolchains/arm-linux-androideabi-4.9/prebuilt/linux-x86_64 --sysroot=/home/vvdn/android-ndk-r14b/platforms/android-14/arch-arm -march=armv7-a -mthumb -mfpu=neon -mfloat-abi=softfp -funwind-tables -no-canonical-prefixes -fexceptions -DCHECK_FUNCTION_EXISTS=strdup -g  -Wl,--fix-cortex-a8  -Wl,--gc-sections -Wl,-z,nocopyreloc  CMakeFiles/cmTC_2ff89.dir/CheckFunctionExists.c.o  -o cmTC_2ff89 
make[5]: Leaving directory `/home/vvdn/linphone/linphone-android-arpit/WORK/android-armv7/Build/antlr3c/CMakeFiles/CMakeTmp'
make[4]: Leaving directory `/home/vvdn/linphone/linphone-android-arpit/WORK/android-armv7/Build/antlr3c/CMakeFiles/CMakeTmp'


Determining if the include file stddef.h exists passed with the following output:
Change Dir: /home/vvdn/linphone/linphone-android-arpit/WORK/android-armv7/Build/antlr3c/CMakeFiles/CMakeTmp

Run Build Command:"/usr/bin/make" "cmTC_4a642/fast"
make[4]: Entering directory `/home/vvdn/linphone/linphone-android-arpit/WORK/android-armv7/Build/antlr3c/CMakeFiles/CMakeTmp'
/usr/bin/make -f CMakeFiles/cmTC_4a642.dir/build.make CMakeFiles/cmTC_4a642.dir/build
make[5]: Entering directory `/home/vvdn/linphone/linphone-android-arpit/WORK/android-armv7/Build/antlr3c/CMakeFiles/CMakeTmp'
Building C object CMakeFiles/cmTC_4a642.dir/CheckIncludeFile.c.o
/home/vvdn/android-ndk-r14b/toolchains/llvm/prebuilt/linux-x86_64/bin/clang --target=armv7-none-linux-androideabi --gcc-toolchain=/home/vvdn/android-ndk-r14b/toolchains/arm-linux-androideabi-4.9/prebuilt/linux-x86_64 --sysroot=/home/vvdn/android-ndk-r14b/platforms/android-14/arch-arm  -isystem /home/vvdn/android-ndk-r14b/platforms/android-14/arch-arm/usr/include  -march=armv7-a -mthumb -mfpu=neon -mfloat-abi=softfp -funwind-tables -no-canonical-prefixes -fexceptions  -g   -o CMakeFiles/cmTC_4a642.dir/CheckIncludeFile.c.o   -c /home/vvdn/linphone/linphone-android-arpit/WORK/android-armv7/Build/antlr3c/CMakeFiles/CMakeTmp/CheckIncludeFile.c
Linking C executable cmTC_4a642
/usr/local/bin/cmake -E cmake_link_script CMakeFiles/cmTC_4a642.dir/link.txt --verbose=1
/home/vvdn/android-ndk-r14b/toolchains/llvm/prebuilt/linux-x86_64/bin/clang --target=armv7-none-linux-androideabi --gcc-toolchain=/home/vvdn/android-ndk-r14b/toolchains/arm-linux-androideabi-4.9/prebuilt/linux-x86_64 --sysroot=/home/vvdn/android-ndk-r14b/platforms/android-14/arch-arm -march=armv7-a -mthumb -mfpu=neon -mfloat-abi=softfp -funwind-tables -no-canonical-prefixes -fexceptions  -g  -Wl,--fix-cortex-a8  -Wl,--gc-sections -Wl,-z,nocopyreloc  CMakeFiles/cmTC_4a642.dir/CheckIncludeFile.c.o  -o cmTC_4a642 
make[5]: Leaving directory `/home/vvdn/linphone/linphone-android-arpit/WORK/android-armv7/Build/antlr3c/CMakeFiles/CMakeTmp'
make[4]: Leaving directory `/home/vvdn/linphone/linphone-android-arpit/WORK/android-armv7/Build/antlr3c/CMakeFiles/CMakeTmp'


Determining size of int8_t passed with the following output:
Change Dir: /home/vvdn/linphone/linphone-android-arpit/WORK/android-armv7/Build/antlr3c/CMakeFiles/CMakeTmp

Run Build Command:"/usr/bin/make" "cmTC_6aaf6/fast"
make[4]: Entering directory `/home/vvdn/linphone/linphone-android-arpit/WORK/android-armv7/Build/antlr3c/CMakeFiles/CMakeTmp'
/usr/bin/make -f CMakeFiles/cmTC_6aaf6.dir/build.make CMakeFiles/cmTC_6aaf6.dir/build
make[5]: Entering directory `/home/vvdn/linphone/linphone-android-arpit/WORK/android-armv7/Build/antlr3c/CMakeFiles/CMakeTmp'
Building C object CMakeFiles/cmTC_6aaf6.dir/INT8_T.c.o
/home/vvdn/android-ndk-r14b/toolchains/llvm/prebuilt/linux-x86_64/bin/clang --target=armv7-none-linux-androideabi --gcc-toolchain=/home/vvdn/android-ndk-r14b/toolchains/arm-linux-androideabi-4.9/prebuilt/linux-x86_64 --sysroot=/home/vvdn/android-ndk-r14b/platforms/android-14/arch-arm  -isystem /home/vvdn/android-ndk-r14b/platforms/android-14/arch-arm/usr/include  -march=armv7-a -mthumb -mfpu=neon -mfloat-abi=softfp -funwind-tables -no-canonical-prefixes -fexceptions  -g   -o CMakeFiles/cmTC_6aaf6.dir/INT8_T.c.o   -c /home/vvdn/linphone/linphone-android-arpit/WORK/android-armv7/Build/antlr3c/CMakeFiles/CheckTypeSize/INT8_T.c
Linking C executable cmTC_6aaf6
/usr/local/bin/cmake -E cmake_link_script CMakeFiles/cmTC_6aaf6.dir/link.txt --verbose=1
/home/vvdn/android-ndk-r14b/toolchains/llvm/prebuilt/linux-x86_64/bin/clang --target=armv7-none-linux-androideabi --gcc-toolchain=/home/vvdn/android-ndk-r14b/toolchains/arm-linux-androideabi-4.9/prebuilt/linux-x86_64 --sysroot=/home/vvdn/android-ndk-r14b/platforms/android-14/arch-arm -march=armv7-a -mthumb -mfpu=neon -mfloat-abi=softfp -funwind-tables -no-canonical-prefixes -fexceptions  -g  -Wl,--fix-cortex-a8  -Wl,--gc-sections -Wl,-z,nocopyreloc  CMakeFiles/cmTC_6aaf6.dir/INT8_T.c.o  -o cmTC_6aaf6 
make[5]: Leaving directory `/home/vvdn/linphone/linphone-android-arpit/WORK/android-armv7/Build/antlr3c/CMakeFiles/CMakeTmp'
make[4]: Leaving directory `/home/vvdn/linphone/linphone-android-arpit/WORK/android-armv7/Build/antlr3c/CMakeFiles/CMakeTmp'


Determining size of uint8_t passed with the following output:
Change Dir: /home/vvdn/linphone/linphone-android-arpit/WORK/android-armv7/Build/antlr3c/CMakeFiles/CMakeTmp

Run Build Command:"/usr/bin/make" "cmTC_f7e72/fast"
make[4]: Entering directory `/home/vvdn/linphone/linphone-android-arpit/WORK/android-armv7/Build/antlr3c/CMakeFiles/CMakeTmp'
/usr/bin/make -f CMakeFiles/cmTC_f7e72.dir/build.make CMakeFiles/cmTC_f7e72.dir/build
make[5]: Entering directory `/home/vvdn/linphone/linphone-android-arpit/WORK/android-armv7/Build/antlr3c/CMakeFiles/CMakeTmp'
Building C object CMakeFiles/cmTC_f7e72.dir/UINT8_T.c.o
/home/vvdn/android-ndk-r14b/toolchains/llvm/prebuilt/linux-x86_64/bin/clang --target=armv7-none-linux-androideabi --gcc-toolchain=/home/vvdn/android-ndk-r14b/toolchains/arm-linux-androideabi-4.9/prebuilt/linux-x86_64 --sysroot=/home/vvdn/android-ndk-r14b/platforms/android-14/arch-arm  -isystem /home/vvdn/android-ndk-r14b/platforms/android-14/arch-arm/usr/include  -march=armv7-a -mthumb -mfpu=neon -mfloat-abi=softfp -funwind-tables -no-canonical-prefixes -fexceptions  -g   -o CMakeFiles/cmTC_f7e72.dir/UINT8_T.c.o   -c /home/vvdn/linphone/linphone-android-arpit/WORK/android-armv7/Build/antlr3c/CMakeFiles/CheckTypeSize/UINT8_T.c
Linking C executable cmTC_f7e72
/usr/local/bin/cmake -E cmake_link_script CMakeFiles/cmTC_f7e72.dir/link.txt --verbose=1
/home/vvdn/android-ndk-r14b/toolchains/llvm/prebuilt/linux-x86_64/bin/clang --target=armv7-none-linux-androideabi --gcc-toolchain=/home/vvdn/android-ndk-r14b/toolchains/arm-linux-androideabi-4.9/prebuilt/linux-x86_64 --sysroot=/home/vvdn/android-ndk-r14b/platforms/android-14/arch-arm -march=armv7-a -mthumb -mfpu=neon -mfloat-abi=softfp -funwind-tables -no-canonical-prefixes -fexceptions  -g  -Wl,--fix-cortex-a8  -Wl,--gc-sections -Wl,-z,nocopyreloc  CMakeFiles/cmTC_f7e72.dir/UINT8_T.c.o  -o cmTC_f7e72 
make[5]: Leaving directory `/home/vvdn/linphone/linphone-android-arpit/WORK/android-armv7/Build/antlr3c/CMakeFiles/CMakeTmp'
make[4]: Leaving directory `/home/vvdn/linphone/linphone-android-arpit/WORK/android-armv7/Build/antlr3c/CMakeFiles/CMakeTmp'


Determining size of int16_t passed with the following output:
Change Dir: /home/vvdn/linphone/linphone-android-arpit/WORK/android-armv7/Build/antlr3c/CMakeFiles/CMakeTmp

Run Build Command:"/usr/bin/make" "cmTC_5616c/fast"
make[4]: Entering directory `/home/vvdn/linphone/linphone-android-arpit/WORK/android-armv7/Build/antlr3c/CMakeFiles/CMakeTmp'
/usr/bin/make -f CMakeFiles/cmTC_5616c.dir/build.make CMakeFiles/cmTC_5616c.dir/build
make[5]: Entering directory `/home/vvdn/linphone/linphone-android-arpit/WORK/android-armv7/Build/antlr3c/CMakeFiles/CMakeTmp'
Building C object CMakeFiles/cmTC_5616c.dir/INT16_T.c.o
/home/vvdn/android-ndk-r14b/toolchains/llvm/prebuilt/linux-x86_64/bin/clang --target=armv7-none-linux-androideabi --gcc-toolchain=/home/vvdn/android-ndk-r14b/toolchains/arm-linux-androideabi-4.9/prebuilt/linux-x86_64 --sysroot=/home/vvdn/android-ndk-r14b/platforms/android-14/arch-arm  -isystem /home/vvdn/android-ndk-r14b/platforms/android-14/arch-arm/usr/include  -march=armv7-a -mthumb -mfpu=neon -mfloat-abi=softfp -funwind-tables -no-canonical-prefixes -fexceptions  -g   -o CMakeFiles/cmTC_5616c.dir/INT16_T.c.o   -c /home/vvdn/linphone/linphone-android-arpit/WORK/android-armv7/Build/antlr3c/CMakeFiles/CheckTypeSize/INT16_T.c
Linking C executable cmTC_5616c
/usr/local/bin/cmake -E cmake_link_script CMakeFiles/cmTC_5616c.dir/link.txt --verbose=1
/home/vvdn/android-ndk-r14b/toolchains/llvm/prebuilt/linux-x86_64/bin/clang --target=armv7-none-linux-androideabi --gcc-toolchain=/home/vvdn/android-ndk-r14b/toolchains/arm-linux-androideabi-4.9/prebuilt/linux-x86_64 --sysroot=/home/vvdn/android-ndk-r14b/platforms/android-14/arch-arm -march=armv7-a -mthumb -mfpu=neon -mfloat-abi=softfp -funwind-tables -no-canonical-prefixes -fexceptions  -g  -Wl,--fix-cortex-a8  -Wl,--gc-sections -Wl,-z,nocopyreloc  CMakeFiles/cmTC_5616c.dir/INT16_T.c.o  -o cmTC_5616c 
make[5]: Leaving directory `/home/vvdn/linphone/linphone-android-arpit/WORK/android-armv7/Build/antlr3c/CMakeFiles/CMakeTmp'
make[4]: Leaving directory `/home/vvdn/linphone/linphone-android-arpit/WORK/android-armv7/Build/antlr3c/CMakeFiles/CMakeTmp'


Determining size of uint16_t passed with the following output:
Change Dir: /home/vvdn/linphone/linphone-android-arpit/WORK/android-armv7/Build/antlr3c/CMakeFiles/CMakeTmp

Run Build Command:"/usr/bin/make" "cmTC_7e65c/fast"
make[4]: Entering directory `/home/vvdn/linphone/linphone-android-arpit/WORK/android-armv7/Build/antlr3c/CMakeFiles/CMakeTmp'
/usr/bin/make -f CMakeFiles/cmTC_7e65c.dir/build.make CMakeFiles/cmTC_7e65c.dir/build
make[5]: Entering directory `/home/vvdn/linphone/linphone-android-arpit/WORK/android-armv7/Build/antlr3c/CMakeFiles/CMakeTmp'
Building C object CMakeFiles/cmTC_7e65c.dir/UINT16_T.c.o
/home/vvdn/android-ndk-r14b/toolchains/llvm/prebuilt/linux-x86_64/bin/clang --target=armv7-none-linux-androideabi --gcc-toolchain=/home/vvdn/android-ndk-r14b/toolchains/arm-linux-androideabi-4.9/prebuilt/linux-x86_64 --sysroot=/home/vvdn/android-ndk-r14b/platforms/android-14/arch-arm  -isystem /home/vvdn/android-ndk-r14b/platforms/android-14/arch-arm/usr/include  -march=armv7-a -mthumb -mfpu=neon -mfloat-abi=softfp -funwind-tables -no-canonical-prefixes -fexceptions  -g   -o CMakeFiles/cmTC_7e65c.dir/UINT16_T.c.o   -c /home/vvdn/linphone/linphone-android-arpit/WORK/android-armv7/Build/antlr3c/CMakeFiles/CheckTypeSize/UINT16_T.c
Linking C executable cmTC_7e65c
/usr/local/bin/cmake -E cmake_link_script CMakeFiles/cmTC_7e65c.dir/link.txt --verbose=1
/home/vvdn/android-ndk-r14b/toolchains/llvm/prebuilt/linux-x86_64/bin/clang --target=armv7-none-linux-androideabi --gcc-toolchain=/home/vvdn/android-ndk-r14b/toolchains/arm-linux-androideabi-4.9/prebuilt/linux-x86_64 --sysroot=/home/vvdn/android-ndk-r14b/platforms/android-14/arch-arm -march=armv7-a -mthumb -mfpu=neon -mfloat-abi=softfp -funwind-tables -no-canonical-prefixes -fexceptions  -g  -Wl,--fix-cortex-a8  -Wl,--gc-sections -Wl,-z,nocopyreloc  CMakeFiles/cmTC_7e65c.dir/UINT16_T.c.o  -o cmTC_7e65c 
make[5]: Leaving directory `/home/vvdn/linphone/linphone-android-arpit/WORK/android-armv7/Build/antlr3c/CMakeFiles/CMakeTmp'
make[4]: Leaving directory `/home/vvdn/linphone/linphone-android-arpit/WORK/android-armv7/Build/antlr3c/CMakeFiles/CMakeTmp'


Determining size of int32_t passed with the following output:
Change Dir: /home/vvdn/linphone/linphone-android-arpit/WORK/android-armv7/Build/antlr3c/CMakeFiles/CMakeTmp

Run Build Command:"/usr/bin/make" "cmTC_003d4/fast"
make[4]: Entering directory `/home/vvdn/linphone/linphone-android-arpit/WORK/android-armv7/Build/antlr3c/CMakeFiles/CMakeTmp'
/usr/bin/make -f CMakeFiles/cmTC_003d4.dir/build.make CMakeFiles/cmTC_003d4.dir/build
make[5]: Entering directory `/home/vvdn/linphone/linphone-android-arpit/WORK/android-armv7/Build/antlr3c/CMakeFiles/CMakeTmp'
Building C object CMakeFiles/cmTC_003d4.dir/INT32_T.c.o
/home/vvdn/android-ndk-r14b/toolchains/llvm/prebuilt/linux-x86_64/bin/clang --target=armv7-none-linux-androideabi --gcc-toolchain=/home/vvdn/android-ndk-r14b/toolchains/arm-linux-androideabi-4.9/prebuilt/linux-x86_64 --sysroot=/home/vvdn/android-ndk-r14b/platforms/android-14/arch-arm  -isystem /home/vvdn/android-ndk-r14b/platforms/android-14/arch-arm/usr/include  -march=armv7-a -mthumb -mfpu=neon -mfloat-abi=softfp -funwind-tables -no-canonical-prefixes -fexceptions  -g   -o CMakeFiles/cmTC_003d4.dir/INT32_T.c.o   -c /home/vvdn/linphone/linphone-android-arpit/WORK/android-armv7/Build/antlr3c/CMakeFiles/CheckTypeSize/INT32_T.c
Linking C executable cmTC_003d4
/usr/local/bin/cmake -E cmake_link_script CMakeFiles/cmTC_003d4.dir/link.txt --verbose=1
/home/vvdn/android-ndk-r14b/toolchains/llvm/prebuilt/linux-x86_64/bin/clang --target=armv7-none-linux-androideabi --gcc-toolchain=/home/vvdn/android-ndk-r14b/toolchains/arm-linux-androideabi-4.9/prebuilt/linux-x86_64 --sysroot=/home/vvdn/android-ndk-r14b/platforms/android-14/arch-arm -march=armv7-a -mthumb -mfpu=neon -mfloat-abi=softfp -funwind-tables -no-canonical-prefixes -fexceptions  -g  -Wl,--fix-cortex-a8  -Wl,--gc-sections -Wl,-z,nocopyreloc  CMakeFiles/cmTC_003d4.dir/INT32_T.c.o  -o cmTC_003d4 
make[5]: Leaving directory `/home/vvdn/linphone/linphone-android-arpit/WORK/android-armv7/Build/antlr3c/CMakeFiles/CMakeTmp'
make[4]: Leaving directory `/home/vvdn/linphone/linphone-android-arpit/WORK/android-armv7/Build/antlr3c/CMakeFiles/CMakeTmp'


Determining size of uint32_t passed with the following output:
Change Dir: /home/vvdn/linphone/linphone-android-arpit/WORK/android-armv7/Build/antlr3c/CMakeFiles/CMakeTmp

Run Build Command:"/usr/bin/make" "cmTC_785b6/fast"
make[4]: Entering directory `/home/vvdn/linphone/linphone-android-arpit/WORK/android-armv7/Build/antlr3c/CMakeFiles/CMakeTmp'
/usr/bin/make -f CMakeFiles/cmTC_785b6.dir/build.make CMakeFiles/cmTC_785b6.dir/build
make[5]: Entering directory `/home/vvdn/linphone/linphone-android-arpit/WORK/android-armv7/Build/antlr3c/CMakeFiles/CMakeTmp'
Building C object CMakeFiles/cmTC_785b6.dir/UINT32_T.c.o
/home/vvdn/android-ndk-r14b/toolchains/llvm/prebuilt/linux-x86_64/bin/clang --target=armv7-none-linux-androideabi --gcc-toolchain=/home/vvdn/android-ndk-r14b/toolchains/arm-linux-androideabi-4.9/prebuilt/linux-x86_64 --sysroot=/home/vvdn/android-ndk-r14b/platforms/android-14/arch-arm  -isystem /home/vvdn/android-ndk-r14b/platforms/android-14/arch-arm/usr/include  -march=armv7-a -mthumb -mfpu=neon -mfloat-abi=softfp -funwind-tables -no-canonical-prefixes -fexceptions  -g   -o CMakeFiles/cmTC_785b6.dir/UINT32_T.c.o   -c /home/vvdn/linphone/linphone-android-arpit/WORK/android-armv7/Build/antlr3c/CMakeFiles/CheckTypeSize/UINT32_T.c
Linking C executable cmTC_785b6
/usr/local/bin/cmake -E cmake_link_script CMakeFiles/cmTC_785b6.dir/link.txt --verbose=1
/home/vvdn/android-ndk-r14b/toolchains/llvm/prebuilt/linux-x86_64/bin/clang --target=armv7-none-linux-androideabi --gcc-toolchain=/home/vvdn/android-ndk-r14b/toolchains/arm-linux-androideabi-4.9/prebuilt/linux-x86_64 --sysroot=/home/vvdn/android-ndk-r14b/platforms/android-14/arch-arm -march=armv7-a -mthumb -mfpu=neon -mfloat-abi=softfp -funwind-tables -no-canonical-prefixes -fexceptions  -g  -Wl,--fix-cortex-a8  -Wl,--gc-sections -Wl,-z,nocopyreloc  CMakeFiles/cmTC_785b6.dir/UINT32_T.c.o  -o cmTC_785b6 
make[5]: Leaving directory `/home/vvdn/linphone/linphone-android-arpit/WORK/android-armv7/Build/antlr3c/CMakeFiles/CMakeTmp'
make[4]: Leaving directory `/home/vvdn/linphone/linphone-android-arpit/WORK/android-armv7/Build/antlr3c/CMakeFiles/CMakeTmp'


Determining size of int64_t passed with the following output:
Change Dir: /home/vvdn/linphone/linphone-android-arpit/WORK/android-armv7/Build/antlr3c/CMakeFiles/CMakeTmp

Run Build Command:"/usr/bin/make" "cmTC_eed52/fast"
make[4]: Entering directory `/home/vvdn/linphone/linphone-android-arpit/WORK/android-armv7/Build/antlr3c/CMakeFiles/CMakeTmp'
/usr/bin/make -f CMakeFiles/cmTC_eed52.dir/build.make CMakeFiles/cmTC_eed52.dir/build
make[5]: Entering directory `/home/vvdn/linphone/linphone-android-arpit/WORK/android-armv7/Build/antlr3c/CMakeFiles/CMakeTmp'
Building C object CMakeFiles/cmTC_eed52.dir/INT64_T.c.o
/home/vvdn/android-ndk-r14b/toolchains/llvm/prebuilt/linux-x86_64/bin/clang --target=armv7-none-linux-androideabi --gcc-toolchain=/home/vvdn/android-ndk-r14b/toolchains/arm-linux-androideabi-4.9/prebuilt/linux-x86_64 --sysroot=/home/vvdn/android-ndk-r14b/platforms/android-14/arch-arm  -isystem /home/vvdn/android-ndk-r14b/platforms/android-14/arch-arm/usr/include  -march=armv7-a -mthumb -mfpu=neon -mfloat-abi=softfp -funwind-tables -no-canonical-prefixes -fexceptions  -g   -o CMakeFiles/cmTC_eed52.dir/INT64_T.c.o   -c /home/vvdn/linphone/linphone-android-arpit/WORK/android-armv7/Build/antlr3c/CMakeFiles/CheckTypeSize/INT64_T.c
Linking C executable cmTC_eed52
/usr/local/bin/cmake -E cmake_link_script CMakeFiles/cmTC_eed52.dir/link.txt --verbose=1
/home/vvdn/android-ndk-r14b/toolchains/llvm/prebuilt/linux-x86_64/bin/clang --target=armv7-none-linux-androideabi --gcc-toolchain=/home/vvdn/android-ndk-r14b/toolchains/arm-linux-androideabi-4.9/prebuilt/linux-x86_64 --sysroot=/home/vvdn/android-ndk-r14b/platforms/android-14/arch-arm -march=armv7-a -mthumb -mfpu=neon -mfloat-abi=softfp -funwind-tables -no-canonical-prefixes -fexceptions  -g  -Wl,--fix-cortex-a8  -Wl,--gc-sections -Wl,-z,nocopyreloc  CMakeFiles/cmTC_eed52.dir/INT64_T.c.o  -o cmTC_eed52 
make[5]: Leaving directory `/home/vvdn/linphone/linphone-android-arpit/WORK/android-armv7/Build/antlr3c/CMakeFiles/CMakeTmp'
make[4]: Leaving directory `/home/vvdn/linphone/linphone-android-arpit/WORK/android-armv7/Build/antlr3c/CMakeFiles/CMakeTmp'


Determining size of uint64_t passed with the following output:
Change Dir: /home/vvdn/linphone/linphone-android-arpit/WORK/android-armv7/Build/antlr3c/CMakeFiles/CMakeTmp

Run Build Command:"/usr/bin/make" "cmTC_3570b/fast"
make[4]: Entering directory `/home/vvdn/linphone/linphone-android-arpit/WORK/android-armv7/Build/antlr3c/CMakeFiles/CMakeTmp'
/usr/bin/make -f CMakeFiles/cmTC_3570b.dir/build.make CMakeFiles/cmTC_3570b.dir/build
make[5]: Entering directory `/home/vvdn/linphone/linphone-android-arpit/WORK/android-armv7/Build/antlr3c/CMakeFiles/CMakeTmp'
Building C object CMakeFiles/cmTC_3570b.dir/UINT64_T.c.o
/home/vvdn/android-ndk-r14b/toolchains/llvm/prebuilt/linux-x86_64/bin/clang --target=armv7-none-linux-androideabi --gcc-toolchain=/home/vvdn/android-ndk-r14b/toolchains/arm-linux-androideabi-4.9/prebuilt/linux-x86_64 --sysroot=/home/vvdn/android-ndk-r14b/platforms/android-14/arch-arm  -isystem /home/vvdn/android-ndk-r14b/platforms/android-14/arch-arm/usr/include  -march=armv7-a -mthumb -mfpu=neon -mfloat-abi=softfp -funwind-tables -no-canonical-prefixes -fexceptions  -g   -o CMakeFiles/cmTC_3570b.dir/UINT64_T.c.o   -c /home/vvdn/linphone/linphone-android-arpit/WORK/android-armv7/Build/antlr3c/CMakeFiles/CheckTypeSize/UINT64_T.c
Linking C executable cmTC_3570b
/usr/local/bin/cmake -E cmake_link_script CMakeFiles/cmTC_3570b.dir/link.txt --verbose=1
/home/vvdn/android-ndk-r14b/toolchains/llvm/prebuilt/linux-x86_64/bin/clang --target=armv7-none-linux-androideabi --gcc-toolchain=/home/vvdn/android-ndk-r14b/toolchains/arm-linux-androideabi-4.9/prebuilt/linux-x86_64 --sysroot=/home/vvdn/android-ndk-r14b/platforms/android-14/arch-arm -march=armv7-a -mthumb -mfpu=neon -mfloat-abi=softfp -funwind-tables -no-canonical-prefixes -fexceptions  -g  -Wl,--fix-cortex-a8  -Wl,--gc-sections -Wl,-z,nocopyreloc  CMakeFiles/cmTC_3570b.dir/UINT64_T.c.o  -o cmTC_3570b 
make[5]: Leaving directory `/home/vvdn/linphone/linphone-android-arpit/WORK/android-armv7/Build/antlr3c/CMakeFiles/CMakeTmp'
make[4]: Leaving directory `/home/vvdn/linphone/linphone-android-arpit/WORK/android-armv7/Build/antlr3c/CMakeFiles/CMakeTmp'


Determining size of intptr_t passed with the following output:
Change Dir: /home/vvdn/linphone/linphone-android-arpit/WORK/android-armv7/Build/antlr3c/CMakeFiles/CMakeTmp

Run Build Command:"/usr/bin/make" "cmTC_e00a5/fast"
make[4]: Entering directory `/home/vvdn/linphone/linphone-android-arpit/WORK/android-armv7/Build/antlr3c/CMakeFiles/CMakeTmp'
/usr/bin/make -f CMakeFiles/cmTC_e00a5.dir/build.make CMakeFiles/cmTC_e00a5.dir/build
make[5]: Entering directory `/home/vvdn/linphone/linphone-android-arpit/WORK/android-armv7/Build/antlr3c/CMakeFiles/CMakeTmp'
Building C object CMakeFiles/cmTC_e00a5.dir/INTPTR_T.c.o
/home/vvdn/android-ndk-r14b/toolchains/llvm/prebuilt/linux-x86_64/bin/clang --target=armv7-none-linux-androideabi --gcc-toolchain=/home/vvdn/android-ndk-r14b/toolchains/arm-linux-androideabi-4.9/prebuilt/linux-x86_64 --sysroot=/home/vvdn/android-ndk-r14b/platforms/android-14/arch-arm  -isystem /home/vvdn/android-ndk-r14b/platforms/android-14/arch-arm/usr/include  -march=armv7-a -mthumb -mfpu=neon -mfloat-abi=softfp -funwind-tables -no-canonical-prefixes -fexceptions  -g   -o CMakeFiles/cmTC_e00a5.dir/INTPTR_T.c.o   -c /home/vvdn/linphone/linphone-android-arpit/WORK/android-armv7/Build/antlr3c/CMakeFiles/CheckTypeSize/INTPTR_T.c
Linking C executable cmTC_e00a5
/usr/local/bin/cmake -E cmake_link_script CMakeFiles/cmTC_e00a5.dir/link.txt --verbose=1
/home/vvdn/android-ndk-r14b/toolchains/llvm/prebuilt/linux-x86_64/bin/clang --target=armv7-none-linux-androideabi --gcc-toolchain=/home/vvdn/android-ndk-r14b/toolchains/arm-linux-androideabi-4.9/prebuilt/linux-x86_64 --sysroot=/home/vvdn/android-ndk-r14b/platforms/android-14/arch-arm -march=armv7-a -mthumb -mfpu=neon -mfloat-abi=softfp -funwind-tables -no-canonical-prefixes -fexceptions  -g  -Wl,--fix-cortex-a8  -Wl,--gc-sections -Wl,-z,nocopyreloc  CMakeFiles/cmTC_e00a5.dir/INTPTR_T.c.o  -o cmTC_e00a5 
make[5]: Leaving directory `/home/vvdn/linphone/linphone-android-arpit/WORK/android-armv7/Build/antlr3c/CMakeFiles/CMakeTmp'
make[4]: Leaving directory `/home/vvdn/linphone/linphone-android-arpit/WORK/android-armv7/Build/antlr3c/CMakeFiles/CMakeTmp'


Determining size of uintptr_t passed with the following output:
Change Dir: /home/vvdn/linphone/linphone-android-arpit/WORK/android-armv7/Build/antlr3c/CMakeFiles/CMakeTmp

Run Build Command:"/usr/bin/make" "cmTC_4a9b7/fast"
make[4]: Entering directory `/home/vvdn/linphone/linphone-android-arpit/WORK/android-armv7/Build/antlr3c/CMakeFiles/CMakeTmp'
/usr/bin/make -f CMakeFiles/cmTC_4a9b7.dir/build.make CMakeFiles/cmTC_4a9b7.dir/build
make[5]: Entering directory `/home/vvdn/linphone/linphone-android-arpit/WORK/android-armv7/Build/antlr3c/CMakeFiles/CMakeTmp'
Building C object CMakeFiles/cmTC_4a9b7.dir/UINTPTR_T.c.o
/home/vvdn/android-ndk-r14b/toolchains/llvm/prebuilt/linux-x86_64/bin/clang --target=armv7-none-linux-androideabi --gcc-toolchain=/home/vvdn/android-ndk-r14b/toolchains/arm-linux-androideabi-4.9/prebuilt/linux-x86_64 --sysroot=/home/vvdn/android-ndk-r14b/platforms/android-14/arch-arm  -isystem /home/vvdn/android-ndk-r14b/platforms/android-14/arch-arm/usr/include  -march=armv7-a -mthumb -mfpu=neon -mfloat-abi=softfp -funwind-tables -no-canonical-prefixes -fexceptions  -g   -o CMakeFiles/cmTC_4a9b7.dir/UINTPTR_T.c.o   -c /home/vvdn/linphone/linphone-android-arpit/WORK/android-armv7/Build/antlr3c/CMakeFiles/CheckTypeSize/UINTPTR_T.c
Linking C executable cmTC_4a9b7
/usr/local/bin/cmake -E cmake_link_script CMakeFiles/cmTC_4a9b7.dir/link.txt --verbose=1
/home/vvdn/android-ndk-r14b/toolchains/llvm/prebuilt/linux-x86_64/bin/clang --target=armv7-none-linux-androideabi --gcc-toolchain=/home/vvdn/android-ndk-r14b/toolchains/arm-linux-androideabi-4.9/prebuilt/linux-x86_64 --sysroot=/home/vvdn/android-ndk-r14b/platforms/android-14/arch-arm -march=armv7-a -mthumb -mfpu=neon -mfloat-abi=softfp -funwind-tables -no-canonical-prefixes -fexceptions  -g  -Wl,--fix-cortex-a8  -Wl,--gc-sections -Wl,-z,nocopyreloc  CMakeFiles/cmTC_4a9b7.dir/UINTPTR_T.c.o  -o cmTC_4a9b7 
make[5]: Leaving directory `/home/vvdn/linphone/linphone-android-arpit/WORK/android-armv7/Build/antlr3c/CMakeFiles/CMakeTmp'
make[4]: Leaving directory `/home/vvdn/linphone/linphone-android-arpit/WORK/android-armv7/Build/antlr3c/CMakeFiles/CMakeTmp'


