Compiling the C compiler identification source file "CMakeCCompilerId.c" failed.
Compiler: /home/vvdn/android-ndk-r14b/toolchains/llvm/prebuilt/linux-x86_64/bin/clang 
Build flags: 
Id flags:  

The output was:
1
/usr/bin/ld: cannot find crt1.o: No such file or directory
/usr/bin/ld: cannot find crti.o: No such file or directory
/usr/bin/ld: cannot find -lc
/usr/bin/ld: cannot find crtn.o: No such file or directory
clang: error: linker command failed with exit code 1 (use -v to see invocation)


Determining if the include file socket.h exists failed with the following output:
Change Dir: /home/vvdn/linphone/linphone-android-arpit/WORK/android-armv7/Build/antlr3c/CMakeFiles/CMakeTmp

Run Build Command:"/usr/bin/make" "cmTC_23ded/fast"
make[4]: Entering directory `/home/vvdn/linphone/linphone-android-arpit/WORK/android-armv7/Build/antlr3c/CMakeFiles/CMakeTmp'
/usr/bin/make -f CMakeFiles/cmTC_23ded.dir/build.make CMakeFiles/cmTC_23ded.dir/build
make[5]: Entering directory `/home/vvdn/linphone/linphone-android-arpit/WORK/android-armv7/Build/antlr3c/CMakeFiles/CMakeTmp'
Building C object CMakeFiles/cmTC_23ded.dir/CheckIncludeFile.c.o
/home/vvdn/android-ndk-r14b/toolchains/llvm/prebuilt/linux-x86_64/bin/clang --target=armv7-none-linux-androideabi --gcc-toolchain=/home/vvdn/android-ndk-r14b/toolchains/arm-linux-androideabi-4.9/prebuilt/linux-x86_64 --sysroot=/home/vvdn/android-ndk-r14b/platforms/android-14/arch-arm  -isystem /home/vvdn/android-ndk-r14b/platforms/android-14/arch-arm/usr/include  -march=armv7-a -mthumb -mfpu=neon -mfloat-abi=softfp -funwind-tables -no-canonical-prefixes -fexceptions  -g   -o CMakeFiles/cmTC_23ded.dir/CheckIncludeFile.c.o   -c /home/vvdn/linphone/linphone-android-arpit/WORK/android-armv7/Build/antlr3c/CMakeFiles/CMakeTmp/CheckIncludeFile.c
/home/vvdn/linphone/linphone-android-arpit/WORK/android-armv7/Build/antlr3c/CMakeFiles/CMakeTmp/CheckIncludeFile.c:1:10: fatal error: 'socket.h' file not found
#include <socket.h>
         ^
1 error generated.
make[5]: *** [CMakeFiles/cmTC_23ded.dir/CheckIncludeFile.c.o] Error 1
make[5]: Leaving directory `/home/vvdn/linphone/linphone-android-arpit/WORK/android-armv7/Build/antlr3c/CMakeFiles/CMakeTmp'
make[4]: *** [cmTC_23ded/fast] Error 2
make[4]: Leaving directory `/home/vvdn/linphone/linphone-android-arpit/WORK/android-armv7/Build/antlr3c/CMakeFiles/CMakeTmp'


Determining if the include file sys/malloc.h exists failed with the following output:
Change Dir: /home/vvdn/linphone/linphone-android-arpit/WORK/android-armv7/Build/antlr3c/CMakeFiles/CMakeTmp

Run Build Command:"/usr/bin/make" "cmTC_82cbb/fast"
make[4]: Entering directory `/home/vvdn/linphone/linphone-android-arpit/WORK/android-armv7/Build/antlr3c/CMakeFiles/CMakeTmp'
/usr/bin/make -f CMakeFiles/cmTC_82cbb.dir/build.make CMakeFiles/cmTC_82cbb.dir/build
make[5]: Entering directory `/home/vvdn/linphone/linphone-android-arpit/WORK/android-armv7/Build/antlr3c/CMakeFiles/CMakeTmp'
Building C object CMakeFiles/cmTC_82cbb.dir/CheckIncludeFile.c.o
/home/vvdn/android-ndk-r14b/toolchains/llvm/prebuilt/linux-x86_64/bin/clang --target=armv7-none-linux-androideabi --gcc-toolchain=/home/vvdn/android-ndk-r14b/toolchains/arm-linux-androideabi-4.9/prebuilt/linux-x86_64 --sysroot=/home/vvdn/android-ndk-r14b/platforms/android-14/arch-arm  -isystem /home/vvdn/android-ndk-r14b/platforms/android-14/arch-arm/usr/include  -march=armv7-a -mthumb -mfpu=neon -mfloat-abi=softfp -funwind-tables -no-canonical-prefixes -fexceptions  -g   -o CMakeFiles/cmTC_82cbb.dir/CheckIncludeFile.c.o   -c /home/vvdn/linphone/linphone-android-arpit/WORK/android-armv7/Build/antlr3c/CMakeFiles/CMakeTmp/CheckIncludeFile.c
/home/vvdn/linphone/linphone-android-arpit/WORK/android-armv7/Build/antlr3c/CMakeFiles/CMakeTmp/CheckIncludeFile.c:1:10: fatal error: 'sys/malloc.h' file not found
#include <sys/malloc.h>
         ^
1 error generated.
make[5]: *** [CMakeFiles/cmTC_82cbb.dir/CheckIncludeFile.c.o] Error 1
make[5]: Leaving directory `/home/vvdn/linphone/linphone-android-arpit/WORK/android-armv7/Build/antlr3c/CMakeFiles/CMakeTmp'
make[4]: *** [cmTC_82cbb/fast] Error 2
make[4]: Leaving directory `/home/vvdn/linphone/linphone-android-arpit/WORK/android-armv7/Build/antlr3c/CMakeFiles/CMakeTmp'


