The target system is: Android - 14 - i686
The host system is: Linux - 3.13.0-129-generic - x86_64
Compiling the C compiler identification source file "CMakeCCompilerId.c" succeeded.
Compiler: /home/vvdn/android-ndk-r14b/toolchains/llvm/prebuilt/linux-x86_64/bin/clang 
Build flags: 
Id flags: -c 

The output was:
0


Compilation of the C compiler identification source "CMakeCCompilerId.c" produced "CMakeCCompilerId.o"

The C compiler identification is Clang, found in "/home/vvdn/linphone/linphone-android-arpit/WORK/android-x86/Build/bellesip/CMakeFiles/3.8.1/CompilerIdC/CMakeCCompilerId.o"

Compiling the CXX compiler identification source file "CMakeCXXCompilerId.cpp" succeeded.
Compiler: /home/vvdn/android-ndk-r14b/toolchains/llvm/prebuilt/linux-x86_64/bin/clang++ 
Build flags: 
Id flags: -c 

The output was:
0


Compilation of the CXX compiler identification source "CMakeCXXCompilerId.cpp" produced "CMakeCXXCompilerId.o"

The CXX compiler identification is Clang, found in "/home/vvdn/linphone/linphone-android-arpit/WORK/android-x86/Build/bellesip/CMakeFiles/3.8.1/CompilerIdCXX/CMakeCXXCompilerId.o"

Determining if the C compiler works passed with the following output:
Change Dir: /home/vvdn/linphone/linphone-android-arpit/WORK/android-x86/Build/bellesip/CMakeFiles/CMakeTmp

Run Build Command:"/usr/bin/make" "cmTC_dea5f/fast"
make[4]: Entering directory `/home/vvdn/linphone/linphone-android-arpit/WORK/android-x86/Build/bellesip/CMakeFiles/CMakeTmp'
/usr/bin/make -f CMakeFiles/cmTC_dea5f.dir/build.make CMakeFiles/cmTC_dea5f.dir/build
make[5]: Entering directory `/home/vvdn/linphone/linphone-android-arpit/WORK/android-x86/Build/bellesip/CMakeFiles/CMakeTmp'
Building C object CMakeFiles/cmTC_dea5f.dir/testCCompiler.c.o
/home/vvdn/android-ndk-r14b/toolchains/llvm/prebuilt/linux-x86_64/bin/clang --target=i686-none-linux-android --gcc-toolchain=/home/vvdn/android-ndk-r14b/toolchains/x86-4.9/prebuilt/linux-x86_64 --sysroot=/home/vvdn/android-ndk-r14b/platforms/android-14/arch-x86  -isystem /home/vvdn/android-ndk-r14b/platforms/android-14/arch-x86/usr/include  -funwind-tables -no-canonical-prefixes -fexceptions  -g   -o CMakeFiles/cmTC_dea5f.dir/testCCompiler.c.o   -c /home/vvdn/linphone/linphone-android-arpit/WORK/android-x86/Build/bellesip/CMakeFiles/CMakeTmp/testCCompiler.c
Linking C executable cmTC_dea5f
/usr/local/bin/cmake -E cmake_link_script CMakeFiles/cmTC_dea5f.dir/link.txt --verbose=1
/home/vvdn/android-ndk-r14b/toolchains/llvm/prebuilt/linux-x86_64/bin/clang --target=i686-none-linux-android --gcc-toolchain=/home/vvdn/android-ndk-r14b/toolchains/x86-4.9/prebuilt/linux-x86_64 --sysroot=/home/vvdn/android-ndk-r14b/platforms/android-14/arch-x86 -funwind-tables -no-canonical-prefixes -fexceptions  -g  -Wl,--gc-sections -Wl,-z,nocopyreloc  CMakeFiles/cmTC_dea5f.dir/testCCompiler.c.o  -o cmTC_dea5f 
make[5]: Leaving directory `/home/vvdn/linphone/linphone-android-arpit/WORK/android-x86/Build/bellesip/CMakeFiles/CMakeTmp'
make[4]: Leaving directory `/home/vvdn/linphone/linphone-android-arpit/WORK/android-x86/Build/bellesip/CMakeFiles/CMakeTmp'


Detecting C compiler ABI info compiled with the following output:
Change Dir: /home/vvdn/linphone/linphone-android-arpit/WORK/android-x86/Build/bellesip/CMakeFiles/CMakeTmp

Run Build Command:"/usr/bin/make" "cmTC_ecafc/fast"
make[4]: Entering directory `/home/vvdn/linphone/linphone-android-arpit/WORK/android-x86/Build/bellesip/CMakeFiles/CMakeTmp'
/usr/bin/make -f CMakeFiles/cmTC_ecafc.dir/build.make CMakeFiles/cmTC_ecafc.dir/build
make[5]: Entering directory `/home/vvdn/linphone/linphone-android-arpit/WORK/android-x86/Build/bellesip/CMakeFiles/CMakeTmp'
Building C object CMakeFiles/cmTC_ecafc.dir/CMakeCCompilerABI.c.o
/home/vvdn/android-ndk-r14b/toolchains/llvm/prebuilt/linux-x86_64/bin/clang --target=i686-none-linux-android --gcc-toolchain=/home/vvdn/android-ndk-r14b/toolchains/x86-4.9/prebuilt/linux-x86_64 --sysroot=/home/vvdn/android-ndk-r14b/platforms/android-14/arch-x86  -isystem /home/vvdn/android-ndk-r14b/platforms/android-14/arch-x86/usr/include  -funwind-tables -no-canonical-prefixes -fexceptions  -g   -o CMakeFiles/cmTC_ecafc.dir/CMakeCCompilerABI.c.o   -c /usr/local/share/cmake-3.8/Modules/CMakeCCompilerABI.c
Linking C executable cmTC_ecafc
/usr/local/bin/cmake -E cmake_link_script CMakeFiles/cmTC_ecafc.dir/link.txt --verbose=1
/home/vvdn/android-ndk-r14b/toolchains/llvm/prebuilt/linux-x86_64/bin/clang --target=i686-none-linux-android --gcc-toolchain=/home/vvdn/android-ndk-r14b/toolchains/x86-4.9/prebuilt/linux-x86_64 --sysroot=/home/vvdn/android-ndk-r14b/platforms/android-14/arch-x86 -funwind-tables -no-canonical-prefixes -fexceptions  -g  -Wl,--gc-sections -Wl,-z,nocopyreloc -v CMakeFiles/cmTC_ecafc.dir/CMakeCCompilerABI.c.o  -o cmTC_ecafc 
Android clang version 3.8.275480  (based on LLVM 3.8.275480)
Target: i686-none-linux-android
Thread model: posix
InstalledDir: /home/vvdn/android-ndk-r14b/toolchains/llvm/prebuilt/linux-x86_64/bin
Found candidate GCC installation: /home/vvdn/android-ndk-r14b/toolchains/x86-4.9/prebuilt/linux-x86_64/lib/gcc/i686-linux-android/4.9.x
Selected GCC installation: /home/vvdn/android-ndk-r14b/toolchains/x86-4.9/prebuilt/linux-x86_64/lib/gcc/i686-linux-android/4.9.x
Candidate multilib: .;@m32
Selected multilib: .;@m32
 "/home/vvdn/android-ndk-r14b/toolchains/x86-4.9/prebuilt/linux-x86_64/lib/gcc/i686-linux-android/4.9.x/../../../../i686-linux-android/bin/ld" --sysroot=/home/vvdn/android-ndk-r14b/platforms/android-14/arch-x86 -z relro --eh-frame-hdr -m elf_i386 -dynamic-linker /system/bin/linker -o cmTC_ecafc /home/vvdn/android-ndk-r14b/platforms/android-14/arch-x86/usr/lib/crtbegin_dynamic.o -L/home/vvdn/android-ndk-r14b/toolchains/x86-4.9/prebuilt/linux-x86_64/lib/gcc/i686-linux-android/4.9.x -L/home/vvdn/android-ndk-r14b/toolchains/x86-4.9/prebuilt/linux-x86_64/lib/gcc/i686-linux-android/4.9.x/../../../../i686-linux-android/lib -L/home/vvdn/android-ndk-r14b/platforms/android-14/arch-x86/usr/lib --gc-sections -z nocopyreloc CMakeFiles/cmTC_ecafc.dir/CMakeCCompilerABI.c.o -lgcc -ldl -lc -lgcc -ldl /home/vvdn/android-ndk-r14b/platforms/android-14/arch-x86/usr/lib/crtend_android.o
make[5]: Leaving directory `/home/vvdn/linphone/linphone-android-arpit/WORK/android-x86/Build/bellesip/CMakeFiles/CMakeTmp'
make[4]: Leaving directory `/home/vvdn/linphone/linphone-android-arpit/WORK/android-x86/Build/bellesip/CMakeFiles/CMakeTmp'


Parsed C implicit link information from above output:
  link line regex: [^( *|.*[/\])(i686-linux-android-ld|([^/\]+-)?ld|collect2)[^/\]*( |$)]
  ignore line: [Change Dir: /home/vvdn/linphone/linphone-android-arpit/WORK/android-x86/Build/bellesip/CMakeFiles/CMakeTmp]
  ignore line: []
  ignore line: [Run Build Command:"/usr/bin/make" "cmTC_ecafc/fast"]
  ignore line: [make[4]: Entering directory `/home/vvdn/linphone/linphone-android-arpit/WORK/android-x86/Build/bellesip/CMakeFiles/CMakeTmp']
  ignore line: [/usr/bin/make -f CMakeFiles/cmTC_ecafc.dir/build.make CMakeFiles/cmTC_ecafc.dir/build]
  ignore line: [make[5]: Entering directory `/home/vvdn/linphone/linphone-android-arpit/WORK/android-x86/Build/bellesip/CMakeFiles/CMakeTmp']
  ignore line: [Building C object CMakeFiles/cmTC_ecafc.dir/CMakeCCompilerABI.c.o]
  ignore line: [/home/vvdn/android-ndk-r14b/toolchains/llvm/prebuilt/linux-x86_64/bin/clang --target=i686-none-linux-android --gcc-toolchain=/home/vvdn/android-ndk-r14b/toolchains/x86-4.9/prebuilt/linux-x86_64 --sysroot=/home/vvdn/android-ndk-r14b/platforms/android-14/arch-x86  -isystem /home/vvdn/android-ndk-r14b/platforms/android-14/arch-x86/usr/include  -funwind-tables -no-canonical-prefixes -fexceptions  -g   -o CMakeFiles/cmTC_ecafc.dir/CMakeCCompilerABI.c.o   -c /usr/local/share/cmake-3.8/Modules/CMakeCCompilerABI.c]
  ignore line: [Linking C executable cmTC_ecafc]
  ignore line: [/usr/local/bin/cmake -E cmake_link_script CMakeFiles/cmTC_ecafc.dir/link.txt --verbose=1]
  ignore line: [/home/vvdn/android-ndk-r14b/toolchains/llvm/prebuilt/linux-x86_64/bin/clang --target=i686-none-linux-android --gcc-toolchain=/home/vvdn/android-ndk-r14b/toolchains/x86-4.9/prebuilt/linux-x86_64 --sysroot=/home/vvdn/android-ndk-r14b/platforms/android-14/arch-x86 -funwind-tables -no-canonical-prefixes -fexceptions  -g  -Wl,--gc-sections -Wl,-z,nocopyreloc -v CMakeFiles/cmTC_ecafc.dir/CMakeCCompilerABI.c.o  -o cmTC_ecafc ]
  ignore line: [Android clang version 3.8.275480  (based on LLVM 3.8.275480)]
  ignore line: [Target: i686-none-linux-android]
  ignore line: [Thread model: posix]
  ignore line: [InstalledDir: /home/vvdn/android-ndk-r14b/toolchains/llvm/prebuilt/linux-x86_64/bin]
  ignore line: [Found candidate GCC installation: /home/vvdn/android-ndk-r14b/toolchains/x86-4.9/prebuilt/linux-x86_64/lib/gcc/i686-linux-android/4.9.x]
  ignore line: [Selected GCC installation: /home/vvdn/android-ndk-r14b/toolchains/x86-4.9/prebuilt/linux-x86_64/lib/gcc/i686-linux-android/4.9.x]
  ignore line: [Candidate multilib: .]
  ignore line: [@m32]
  ignore line: [Selected multilib: .]
  ignore line: [@m32]
  link line: [ "/home/vvdn/android-ndk-r14b/toolchains/x86-4.9/prebuilt/linux-x86_64/lib/gcc/i686-linux-android/4.9.x/../../../../i686-linux-android/bin/ld" --sysroot=/home/vvdn/android-ndk-r14b/platforms/android-14/arch-x86 -z relro --eh-frame-hdr -m elf_i386 -dynamic-linker /system/bin/linker -o cmTC_ecafc /home/vvdn/android-ndk-r14b/platforms/android-14/arch-x86/usr/lib/crtbegin_dynamic.o -L/home/vvdn/android-ndk-r14b/toolchains/x86-4.9/prebuilt/linux-x86_64/lib/gcc/i686-linux-android/4.9.x -L/home/vvdn/android-ndk-r14b/toolchains/x86-4.9/prebuilt/linux-x86_64/lib/gcc/i686-linux-android/4.9.x/../../../../i686-linux-android/lib -L/home/vvdn/android-ndk-r14b/platforms/android-14/arch-x86/usr/lib --gc-sections -z nocopyreloc CMakeFiles/cmTC_ecafc.dir/CMakeCCompilerABI.c.o -lgcc -ldl -lc -lgcc -ldl /home/vvdn/android-ndk-r14b/platforms/android-14/arch-x86/usr/lib/crtend_android.o]
    arg [/home/vvdn/android-ndk-r14b/toolchains/x86-4.9/prebuilt/linux-x86_64/lib/gcc/i686-linux-android/4.9.x/../../../../i686-linux-android/bin/ld] ==> ignore
    arg [--sysroot=/home/vvdn/android-ndk-r14b/platforms/android-14/arch-x86] ==> ignore
    arg [-zrelro] ==> ignore
    arg [--eh-frame-hdr] ==> ignore
    arg [-m] ==> ignore
    arg [elf_i386] ==> ignore
    arg [-dynamic-linker] ==> ignore
    arg [/system/bin/linker] ==> ignore
    arg [-o] ==> ignore
    arg [cmTC_ecafc] ==> ignore
    arg [/home/vvdn/android-ndk-r14b/platforms/android-14/arch-x86/usr/lib/crtbegin_dynamic.o] ==> ignore
    arg [-L/home/vvdn/android-ndk-r14b/toolchains/x86-4.9/prebuilt/linux-x86_64/lib/gcc/i686-linux-android/4.9.x] ==> dir [/home/vvdn/android-ndk-r14b/toolchains/x86-4.9/prebuilt/linux-x86_64/lib/gcc/i686-linux-android/4.9.x]
    arg [-L/home/vvdn/android-ndk-r14b/toolchains/x86-4.9/prebuilt/linux-x86_64/lib/gcc/i686-linux-android/4.9.x/../../../../i686-linux-android/lib] ==> dir [/home/vvdn/android-ndk-r14b/toolchains/x86-4.9/prebuilt/linux-x86_64/lib/gcc/i686-linux-android/4.9.x/../../../../i686-linux-android/lib]
    arg [-L/home/vvdn/android-ndk-r14b/platforms/android-14/arch-x86/usr/lib] ==> dir [/home/vvdn/android-ndk-r14b/platforms/android-14/arch-x86/usr/lib]
    arg [--gc-sections] ==> ignore
    arg [-znocopyreloc] ==> ignore
    arg [CMakeFiles/cmTC_ecafc.dir/CMakeCCompilerABI.c.o] ==> ignore
    arg [-lgcc] ==> lib [gcc]
    arg [-ldl] ==> lib [dl]
    arg [-lc] ==> lib [c]
    arg [-lgcc] ==> lib [gcc]
    arg [-ldl] ==> lib [dl]
    arg [/home/vvdn/android-ndk-r14b/platforms/android-14/arch-x86/usr/lib/crtend_android.o] ==> ignore
  remove lib [gcc]
  remove lib [gcc]
  collapse library dir [/home/vvdn/android-ndk-r14b/toolchains/x86-4.9/prebuilt/linux-x86_64/lib/gcc/i686-linux-android/4.9.x] ==> [/home/vvdn/android-ndk-r14b/toolchains/x86-4.9/prebuilt/linux-x86_64/lib/gcc/i686-linux-android/4.9.x]
  collapse library dir [/home/vvdn/android-ndk-r14b/toolchains/x86-4.9/prebuilt/linux-x86_64/lib/gcc/i686-linux-android/4.9.x/../../../../i686-linux-android/lib] ==> [/home/vvdn/android-ndk-r14b/toolchains/x86-4.9/prebuilt/linux-x86_64/i686-linux-android/lib]
  collapse library dir [/home/vvdn/android-ndk-r14b/platforms/android-14/arch-x86/usr/lib] ==> [/home/vvdn/android-ndk-r14b/platforms/android-14/arch-x86/usr/lib]
  implicit libs: [dl;c;dl]
  implicit dirs: [/home/vvdn/android-ndk-r14b/toolchains/x86-4.9/prebuilt/linux-x86_64/lib/gcc/i686-linux-android/4.9.x;/home/vvdn/android-ndk-r14b/toolchains/x86-4.9/prebuilt/linux-x86_64/i686-linux-android/lib;/home/vvdn/android-ndk-r14b/platforms/android-14/arch-x86/usr/lib]
  implicit fwks: []




Detecting C [-std=c11] compiler features compiled with the following output:
Change Dir: /home/vvdn/linphone/linphone-android-arpit/WORK/android-x86/Build/bellesip/CMakeFiles/CMakeTmp

Run Build Command:"/usr/bin/make" "cmTC_4b06e/fast"
make[4]: Entering directory `/home/vvdn/linphone/linphone-android-arpit/WORK/android-x86/Build/bellesip/CMakeFiles/CMakeTmp'
/usr/bin/make -f CMakeFiles/cmTC_4b06e.dir/build.make CMakeFiles/cmTC_4b06e.dir/build
make[5]: Entering directory `/home/vvdn/linphone/linphone-android-arpit/WORK/android-x86/Build/bellesip/CMakeFiles/CMakeTmp'
Building C object CMakeFiles/cmTC_4b06e.dir/feature_tests.c.o
/home/vvdn/android-ndk-r14b/toolchains/llvm/prebuilt/linux-x86_64/bin/clang --target=i686-none-linux-android --gcc-toolchain=/home/vvdn/android-ndk-r14b/toolchains/x86-4.9/prebuilt/linux-x86_64 --sysroot=/home/vvdn/android-ndk-r14b/platforms/android-14/arch-x86  -isystem /home/vvdn/android-ndk-r14b/platforms/android-14/arch-x86/usr/include  -funwind-tables -no-canonical-prefixes -fexceptions  -g   -std=c11 -o CMakeFiles/cmTC_4b06e.dir/feature_tests.c.o   -c /home/vvdn/linphone/linphone-android-arpit/WORK/android-x86/Build/bellesip/CMakeFiles/feature_tests.c
Linking C executable cmTC_4b06e
/usr/local/bin/cmake -E cmake_link_script CMakeFiles/cmTC_4b06e.dir/link.txt --verbose=1
/home/vvdn/android-ndk-r14b/toolchains/llvm/prebuilt/linux-x86_64/bin/clang --target=i686-none-linux-android --gcc-toolchain=/home/vvdn/android-ndk-r14b/toolchains/x86-4.9/prebuilt/linux-x86_64 --sysroot=/home/vvdn/android-ndk-r14b/platforms/android-14/arch-x86 -funwind-tables -no-canonical-prefixes -fexceptions  -g  -Wl,--gc-sections -Wl,-z,nocopyreloc  CMakeFiles/cmTC_4b06e.dir/feature_tests.c.o  -o cmTC_4b06e 
make[5]: Leaving directory `/home/vvdn/linphone/linphone-android-arpit/WORK/android-x86/Build/bellesip/CMakeFiles/CMakeTmp'
make[4]: Leaving directory `/home/vvdn/linphone/linphone-android-arpit/WORK/android-x86/Build/bellesip/CMakeFiles/CMakeTmp'


    Feature record: C_FEATURE:1c_function_prototypes
    Feature record: C_FEATURE:1c_restrict
    Feature record: C_FEATURE:1c_static_assert
    Feature record: C_FEATURE:1c_variadic_macros


Detecting C [-std=c99] compiler features compiled with the following output:
Change Dir: /home/vvdn/linphone/linphone-android-arpit/WORK/android-x86/Build/bellesip/CMakeFiles/CMakeTmp

Run Build Command:"/usr/bin/make" "cmTC_6a12c/fast"
make[4]: Entering directory `/home/vvdn/linphone/linphone-android-arpit/WORK/android-x86/Build/bellesip/CMakeFiles/CMakeTmp'
/usr/bin/make -f CMakeFiles/cmTC_6a12c.dir/build.make CMakeFiles/cmTC_6a12c.dir/build
make[5]: Entering directory `/home/vvdn/linphone/linphone-android-arpit/WORK/android-x86/Build/bellesip/CMakeFiles/CMakeTmp'
Building C object CMakeFiles/cmTC_6a12c.dir/feature_tests.c.o
/home/vvdn/android-ndk-r14b/toolchains/llvm/prebuilt/linux-x86_64/bin/clang --target=i686-none-linux-android --gcc-toolchain=/home/vvdn/android-ndk-r14b/toolchains/x86-4.9/prebuilt/linux-x86_64 --sysroot=/home/vvdn/android-ndk-r14b/platforms/android-14/arch-x86  -isystem /home/vvdn/android-ndk-r14b/platforms/android-14/arch-x86/usr/include  -funwind-tables -no-canonical-prefixes -fexceptions  -g   -std=c99 -o CMakeFiles/cmTC_6a12c.dir/feature_tests.c.o   -c /home/vvdn/linphone/linphone-android-arpit/WORK/android-x86/Build/bellesip/CMakeFiles/feature_tests.c
Linking C executable cmTC_6a12c
/usr/local/bin/cmake -E cmake_link_script CMakeFiles/cmTC_6a12c.dir/link.txt --verbose=1
/home/vvdn/android-ndk-r14b/toolchains/llvm/prebuilt/linux-x86_64/bin/clang --target=i686-none-linux-android --gcc-toolchain=/home/vvdn/android-ndk-r14b/toolchains/x86-4.9/prebuilt/linux-x86_64 --sysroot=/home/vvdn/android-ndk-r14b/platforms/android-14/arch-x86 -funwind-tables -no-canonical-prefixes -fexceptions  -g  -Wl,--gc-sections -Wl,-z,nocopyreloc  CMakeFiles/cmTC_6a12c.dir/feature_tests.c.o  -o cmTC_6a12c 
make[5]: Leaving directory `/home/vvdn/linphone/linphone-android-arpit/WORK/android-x86/Build/bellesip/CMakeFiles/CMakeTmp'
make[4]: Leaving directory `/home/vvdn/linphone/linphone-android-arpit/WORK/android-x86/Build/bellesip/CMakeFiles/CMakeTmp'


    Feature record: C_FEATURE:1c_function_prototypes
    Feature record: C_FEATURE:1c_restrict
    Feature record: C_FEATURE:0c_static_assert
    Feature record: C_FEATURE:1c_variadic_macros


Detecting C [-std=c90] compiler features compiled with the following output:
Change Dir: /home/vvdn/linphone/linphone-android-arpit/WORK/android-x86/Build/bellesip/CMakeFiles/CMakeTmp

Run Build Command:"/usr/bin/make" "cmTC_5954c/fast"
make[4]: Entering directory `/home/vvdn/linphone/linphone-android-arpit/WORK/android-x86/Build/bellesip/CMakeFiles/CMakeTmp'
/usr/bin/make -f CMakeFiles/cmTC_5954c.dir/build.make CMakeFiles/cmTC_5954c.dir/build
make[5]: Entering directory `/home/vvdn/linphone/linphone-android-arpit/WORK/android-x86/Build/bellesip/CMakeFiles/CMakeTmp'
Building C object CMakeFiles/cmTC_5954c.dir/feature_tests.c.o
/home/vvdn/android-ndk-r14b/toolchains/llvm/prebuilt/linux-x86_64/bin/clang --target=i686-none-linux-android --gcc-toolchain=/home/vvdn/android-ndk-r14b/toolchains/x86-4.9/prebuilt/linux-x86_64 --sysroot=/home/vvdn/android-ndk-r14b/platforms/android-14/arch-x86  -isystem /home/vvdn/android-ndk-r14b/platforms/android-14/arch-x86/usr/include  -funwind-tables -no-canonical-prefixes -fexceptions  -g   -std=c90 -o CMakeFiles/cmTC_5954c.dir/feature_tests.c.o   -c /home/vvdn/linphone/linphone-android-arpit/WORK/android-x86/Build/bellesip/CMakeFiles/feature_tests.c
Linking C executable cmTC_5954c
/usr/local/bin/cmake -E cmake_link_script CMakeFiles/cmTC_5954c.dir/link.txt --verbose=1
/home/vvdn/android-ndk-r14b/toolchains/llvm/prebuilt/linux-x86_64/bin/clang --target=i686-none-linux-android --gcc-toolchain=/home/vvdn/android-ndk-r14b/toolchains/x86-4.9/prebuilt/linux-x86_64 --sysroot=/home/vvdn/android-ndk-r14b/platforms/android-14/arch-x86 -funwind-tables -no-canonical-prefixes -fexceptions  -g  -Wl,--gc-sections -Wl,-z,nocopyreloc  CMakeFiles/cmTC_5954c.dir/feature_tests.c.o  -o cmTC_5954c 
make[5]: Leaving directory `/home/vvdn/linphone/linphone-android-arpit/WORK/android-x86/Build/bellesip/CMakeFiles/CMakeTmp'
make[4]: Leaving directory `/home/vvdn/linphone/linphone-android-arpit/WORK/android-x86/Build/bellesip/CMakeFiles/CMakeTmp'


    Feature record: C_FEATURE:1c_function_prototypes
    Feature record: C_FEATURE:0c_restrict
    Feature record: C_FEATURE:0c_static_assert
    Feature record: C_FEATURE:0c_variadic_macros
Determining if the CXX compiler works passed with the following output:
Change Dir: /home/vvdn/linphone/linphone-android-arpit/WORK/android-x86/Build/bellesip/CMakeFiles/CMakeTmp

Run Build Command:"/usr/bin/make" "cmTC_df6ca/fast"
make[4]: Entering directory `/home/vvdn/linphone/linphone-android-arpit/WORK/android-x86/Build/bellesip/CMakeFiles/CMakeTmp'
/usr/bin/make -f CMakeFiles/cmTC_df6ca.dir/build.make CMakeFiles/cmTC_df6ca.dir/build
make[5]: Entering directory `/home/vvdn/linphone/linphone-android-arpit/WORK/android-x86/Build/bellesip/CMakeFiles/CMakeTmp'
Building CXX object CMakeFiles/cmTC_df6ca.dir/testCXXCompiler.cxx.o
/home/vvdn/android-ndk-r14b/toolchains/llvm/prebuilt/linux-x86_64/bin/clang++ --target=i686-none-linux-android --gcc-toolchain=/home/vvdn/android-ndk-r14b/toolchains/x86-4.9/prebuilt/linux-x86_64 --sysroot=/home/vvdn/android-ndk-r14b/platforms/android-14/arch-x86   -isystem /home/vvdn/android-ndk-r14b/sources/cxx-stl/gnu-libstdc++/4.9/include -isystem /home/vvdn/android-ndk-r14b/sources/cxx-stl/gnu-libstdc++/4.9/libs/x86/include -isystem /home/vvdn/android-ndk-r14b/sources/cxx-stl/gnu-libstdc++/4.9/include/backward -isystem /home/vvdn/android-ndk-r14b/platforms/android-14/arch-x86/usr/include  -funwind-tables -no-canonical-prefixes -fexceptions -frtti  -g   -o CMakeFiles/cmTC_df6ca.dir/testCXXCompiler.cxx.o -c /home/vvdn/linphone/linphone-android-arpit/WORK/android-x86/Build/bellesip/CMakeFiles/CMakeTmp/testCXXCompiler.cxx
Linking CXX executable cmTC_df6ca
/usr/local/bin/cmake -E cmake_link_script CMakeFiles/cmTC_df6ca.dir/link.txt --verbose=1
/home/vvdn/android-ndk-r14b/toolchains/llvm/prebuilt/linux-x86_64/bin/clang++ --target=i686-none-linux-android --gcc-toolchain=/home/vvdn/android-ndk-r14b/toolchains/x86-4.9/prebuilt/linux-x86_64 --sysroot=/home/vvdn/android-ndk-r14b/platforms/android-14/arch-x86  -funwind-tables -no-canonical-prefixes -fexceptions -frtti  -g  -Wl,--gc-sections -Wl,-z,nocopyreloc  CMakeFiles/cmTC_df6ca.dir/testCXXCompiler.cxx.o  -o cmTC_df6ca  "/home/vvdn/android-ndk-r14b/sources/cxx-stl/gnu-libstdc++/4.9/libs/x86/libgnustl_shared.so" 
make[5]: Leaving directory `/home/vvdn/linphone/linphone-android-arpit/WORK/android-x86/Build/bellesip/CMakeFiles/CMakeTmp'
make[4]: Leaving directory `/home/vvdn/linphone/linphone-android-arpit/WORK/android-x86/Build/bellesip/CMakeFiles/CMakeTmp'


Detecting CXX compiler ABI info compiled with the following output:
Change Dir: /home/vvdn/linphone/linphone-android-arpit/WORK/android-x86/Build/bellesip/CMakeFiles/CMakeTmp

Run Build Command:"/usr/bin/make" "cmTC_7b292/fast"
make[4]: Entering directory `/home/vvdn/linphone/linphone-android-arpit/WORK/android-x86/Build/bellesip/CMakeFiles/CMakeTmp'
/usr/bin/make -f CMakeFiles/cmTC_7b292.dir/build.make CMakeFiles/cmTC_7b292.dir/build
make[5]: Entering directory `/home/vvdn/linphone/linphone-android-arpit/WORK/android-x86/Build/bellesip/CMakeFiles/CMakeTmp'
Building CXX object CMakeFiles/cmTC_7b292.dir/CMakeCXXCompilerABI.cpp.o
/home/vvdn/android-ndk-r14b/toolchains/llvm/prebuilt/linux-x86_64/bin/clang++ --target=i686-none-linux-android --gcc-toolchain=/home/vvdn/android-ndk-r14b/toolchains/x86-4.9/prebuilt/linux-x86_64 --sysroot=/home/vvdn/android-ndk-r14b/platforms/android-14/arch-x86   -isystem /home/vvdn/android-ndk-r14b/sources/cxx-stl/gnu-libstdc++/4.9/include -isystem /home/vvdn/android-ndk-r14b/sources/cxx-stl/gnu-libstdc++/4.9/libs/x86/include -isystem /home/vvdn/android-ndk-r14b/sources/cxx-stl/gnu-libstdc++/4.9/include/backward -isystem /home/vvdn/android-ndk-r14b/platforms/android-14/arch-x86/usr/include  -funwind-tables -no-canonical-prefixes -fexceptions -frtti  -g   -o CMakeFiles/cmTC_7b292.dir/CMakeCXXCompilerABI.cpp.o -c /usr/local/share/cmake-3.8/Modules/CMakeCXXCompilerABI.cpp
Linking CXX executable cmTC_7b292
/usr/local/bin/cmake -E cmake_link_script CMakeFiles/cmTC_7b292.dir/link.txt --verbose=1
/home/vvdn/android-ndk-r14b/toolchains/llvm/prebuilt/linux-x86_64/bin/clang++ --target=i686-none-linux-android --gcc-toolchain=/home/vvdn/android-ndk-r14b/toolchains/x86-4.9/prebuilt/linux-x86_64 --sysroot=/home/vvdn/android-ndk-r14b/platforms/android-14/arch-x86  -funwind-tables -no-canonical-prefixes -fexceptions -frtti  -g  -Wl,--gc-sections -Wl,-z,nocopyreloc -v CMakeFiles/cmTC_7b292.dir/CMakeCXXCompilerABI.cpp.o  -o cmTC_7b292  "/home/vvdn/android-ndk-r14b/sources/cxx-stl/gnu-libstdc++/4.9/libs/x86/libgnustl_shared.so" 
Android clang version 3.8.275480  (based on LLVM 3.8.275480)
Target: i686-none-linux-android
Thread model: posix
InstalledDir: /home/vvdn/android-ndk-r14b/toolchains/llvm/prebuilt/linux-x86_64/bin
Found candidate GCC installation: /home/vvdn/android-ndk-r14b/toolchains/x86-4.9/prebuilt/linux-x86_64/lib/gcc/i686-linux-android/4.9.x
Selected GCC installation: /home/vvdn/android-ndk-r14b/toolchains/x86-4.9/prebuilt/linux-x86_64/lib/gcc/i686-linux-android/4.9.x
Candidate multilib: .;@m32
Selected multilib: .;@m32
 "/home/vvdn/android-ndk-r14b/toolchains/x86-4.9/prebuilt/linux-x86_64/lib/gcc/i686-linux-android/4.9.x/../../../../i686-linux-android/bin/ld" --sysroot=/home/vvdn/android-ndk-r14b/platforms/android-14/arch-x86 -z relro --eh-frame-hdr -m elf_i386 -dynamic-linker /system/bin/linker -o cmTC_7b292 /home/vvdn/android-ndk-r14b/platforms/android-14/arch-x86/usr/lib/crtbegin_dynamic.o -L/home/vvdn/android-ndk-r14b/toolchains/x86-4.9/prebuilt/linux-x86_64/lib/gcc/i686-linux-android/4.9.x -L/home/vvdn/android-ndk-r14b/toolchains/x86-4.9/prebuilt/linux-x86_64/lib/gcc/i686-linux-android/4.9.x/../../../../i686-linux-android/lib -L/home/vvdn/android-ndk-r14b/platforms/android-14/arch-x86/usr/lib --gc-sections -z nocopyreloc CMakeFiles/cmTC_7b292.dir/CMakeCXXCompilerABI.cpp.o /home/vvdn/android-ndk-r14b/sources/cxx-stl/gnu-libstdc++/4.9/libs/x86/libgnustl_shared.so -lstdc++ -lm -lgcc -lgcc -ldl -lc -lgcc -lgcc -ldl /home/vvdn/android-ndk-r14b/platforms/android-14/arch-x86/usr/lib/crtend_android.o
make[5]: Leaving directory `/home/vvdn/linphone/linphone-android-arpit/WORK/android-x86/Build/bellesip/CMakeFiles/CMakeTmp'
make[4]: Leaving directory `/home/vvdn/linphone/linphone-android-arpit/WORK/android-x86/Build/bellesip/CMakeFiles/CMakeTmp'


Parsed CXX implicit link information from above output:
  link line regex: [^( *|.*[/\])(i686-linux-android-ld|([^/\]+-)?ld|collect2)[^/\]*( |$)]
  ignore line: [Change Dir: /home/vvdn/linphone/linphone-android-arpit/WORK/android-x86/Build/bellesip/CMakeFiles/CMakeTmp]
  ignore line: []
  ignore line: [Run Build Command:"/usr/bin/make" "cmTC_7b292/fast"]
  ignore line: [make[4]: Entering directory `/home/vvdn/linphone/linphone-android-arpit/WORK/android-x86/Build/bellesip/CMakeFiles/CMakeTmp']
  ignore line: [/usr/bin/make -f CMakeFiles/cmTC_7b292.dir/build.make CMakeFiles/cmTC_7b292.dir/build]
  ignore line: [make[5]: Entering directory `/home/vvdn/linphone/linphone-android-arpit/WORK/android-x86/Build/bellesip/CMakeFiles/CMakeTmp']
  ignore line: [Building CXX object CMakeFiles/cmTC_7b292.dir/CMakeCXXCompilerABI.cpp.o]
  ignore line: [/home/vvdn/android-ndk-r14b/toolchains/llvm/prebuilt/linux-x86_64/bin/clang++ --target=i686-none-linux-android --gcc-toolchain=/home/vvdn/android-ndk-r14b/toolchains/x86-4.9/prebuilt/linux-x86_64 --sysroot=/home/vvdn/android-ndk-r14b/platforms/android-14/arch-x86   -isystem /home/vvdn/android-ndk-r14b/sources/cxx-stl/gnu-libstdc++/4.9/include -isystem /home/vvdn/android-ndk-r14b/sources/cxx-stl/gnu-libstdc++/4.9/libs/x86/include -isystem /home/vvdn/android-ndk-r14b/sources/cxx-stl/gnu-libstdc++/4.9/include/backward -isystem /home/vvdn/android-ndk-r14b/platforms/android-14/arch-x86/usr/include  -funwind-tables -no-canonical-prefixes -fexceptions -frtti  -g   -o CMakeFiles/cmTC_7b292.dir/CMakeCXXCompilerABI.cpp.o -c /usr/local/share/cmake-3.8/Modules/CMakeCXXCompilerABI.cpp]
  ignore line: [Linking CXX executable cmTC_7b292]
  ignore line: [/usr/local/bin/cmake -E cmake_link_script CMakeFiles/cmTC_7b292.dir/link.txt --verbose=1]
  ignore line: [/home/vvdn/android-ndk-r14b/toolchains/llvm/prebuilt/linux-x86_64/bin/clang++ --target=i686-none-linux-android --gcc-toolchain=/home/vvdn/android-ndk-r14b/toolchains/x86-4.9/prebuilt/linux-x86_64 --sysroot=/home/vvdn/android-ndk-r14b/platforms/android-14/arch-x86  -funwind-tables -no-canonical-prefixes -fexceptions -frtti  -g  -Wl,--gc-sections -Wl,-z,nocopyreloc -v CMakeFiles/cmTC_7b292.dir/CMakeCXXCompilerABI.cpp.o  -o cmTC_7b292  "/home/vvdn/android-ndk-r14b/sources/cxx-stl/gnu-libstdc++/4.9/libs/x86/libgnustl_shared.so" ]
  ignore line: [Android clang version 3.8.275480  (based on LLVM 3.8.275480)]
  ignore line: [Target: i686-none-linux-android]
  ignore line: [Thread model: posix]
  ignore line: [InstalledDir: /home/vvdn/android-ndk-r14b/toolchains/llvm/prebuilt/linux-x86_64/bin]
  ignore line: [Found candidate GCC installation: /home/vvdn/android-ndk-r14b/toolchains/x86-4.9/prebuilt/linux-x86_64/lib/gcc/i686-linux-android/4.9.x]
  ignore line: [Selected GCC installation: /home/vvdn/android-ndk-r14b/toolchains/x86-4.9/prebuilt/linux-x86_64/lib/gcc/i686-linux-android/4.9.x]
  ignore line: [Candidate multilib: .]
  ignore line: [@m32]
  ignore line: [Selected multilib: .]
  ignore line: [@m32]
  link line: [ "/home/vvdn/android-ndk-r14b/toolchains/x86-4.9/prebuilt/linux-x86_64/lib/gcc/i686-linux-android/4.9.x/../../../../i686-linux-android/bin/ld" --sysroot=/home/vvdn/android-ndk-r14b/platforms/android-14/arch-x86 -z relro --eh-frame-hdr -m elf_i386 -dynamic-linker /system/bin/linker -o cmTC_7b292 /home/vvdn/android-ndk-r14b/platforms/android-14/arch-x86/usr/lib/crtbegin_dynamic.o -L/home/vvdn/android-ndk-r14b/toolchains/x86-4.9/prebuilt/linux-x86_64/lib/gcc/i686-linux-android/4.9.x -L/home/vvdn/android-ndk-r14b/toolchains/x86-4.9/prebuilt/linux-x86_64/lib/gcc/i686-linux-android/4.9.x/../../../../i686-linux-android/lib -L/home/vvdn/android-ndk-r14b/platforms/android-14/arch-x86/usr/lib --gc-sections -z nocopyreloc CMakeFiles/cmTC_7b292.dir/CMakeCXXCompilerABI.cpp.o /home/vvdn/android-ndk-r14b/sources/cxx-stl/gnu-libstdc++/4.9/libs/x86/libgnustl_shared.so -lstdc++ -lm -lgcc -lgcc -ldl -lc -lgcc -lgcc -ldl /home/vvdn/android-ndk-r14b/platforms/android-14/arch-x86/usr/lib/crtend_android.o]
    arg [/home/vvdn/android-ndk-r14b/toolchains/x86-4.9/prebuilt/linux-x86_64/lib/gcc/i686-linux-android/4.9.x/../../../../i686-linux-android/bin/ld] ==> ignore
    arg [--sysroot=/home/vvdn/android-ndk-r14b/platforms/android-14/arch-x86] ==> ignore
    arg [-zrelro] ==> ignore
    arg [--eh-frame-hdr] ==> ignore
    arg [-m] ==> ignore
    arg [elf_i386] ==> ignore
    arg [-dynamic-linker] ==> ignore
    arg [/system/bin/linker] ==> ignore
    arg [-o] ==> ignore
    arg [cmTC_7b292] ==> ignore
    arg [/home/vvdn/android-ndk-r14b/platforms/android-14/arch-x86/usr/lib/crtbegin_dynamic.o] ==> ignore
    arg [-L/home/vvdn/android-ndk-r14b/toolchains/x86-4.9/prebuilt/linux-x86_64/lib/gcc/i686-linux-android/4.9.x] ==> dir [/home/vvdn/android-ndk-r14b/toolchains/x86-4.9/prebuilt/linux-x86_64/lib/gcc/i686-linux-android/4.9.x]
    arg [-L/home/vvdn/android-ndk-r14b/toolchains/x86-4.9/prebuilt/linux-x86_64/lib/gcc/i686-linux-android/4.9.x/../../../../i686-linux-android/lib] ==> dir [/home/vvdn/android-ndk-r14b/toolchains/x86-4.9/prebuilt/linux-x86_64/lib/gcc/i686-linux-android/4.9.x/../../../../i686-linux-android/lib]
    arg [-L/home/vvdn/android-ndk-r14b/platforms/android-14/arch-x86/usr/lib] ==> dir [/home/vvdn/android-ndk-r14b/platforms/android-14/arch-x86/usr/lib]
    arg [--gc-sections] ==> ignore
    arg [-znocopyreloc] ==> ignore
    arg [CMakeFiles/cmTC_7b292.dir/CMakeCXXCompilerABI.cpp.o] ==> ignore
    arg [/home/vvdn/android-ndk-r14b/sources/cxx-stl/gnu-libstdc++/4.9/libs/x86/libgnustl_shared.so] ==> ignore
    arg [-lstdc++] ==> lib [stdc++]
    arg [-lm] ==> lib [m]
    arg [-lgcc] ==> lib [gcc]
    arg [-lgcc] ==> lib [gcc]
    arg [-ldl] ==> lib [dl]
    arg [-lc] ==> lib [c]
    arg [-lgcc] ==> lib [gcc]
    arg [-lgcc] ==> lib [gcc]
    arg [-ldl] ==> lib [dl]
    arg [/home/vvdn/android-ndk-r14b/platforms/android-14/arch-x86/usr/lib/crtend_android.o] ==> ignore
  remove lib [gcc]
  remove lib [gcc]
  remove lib [gcc]
  remove lib [gcc]
  collapse library dir [/home/vvdn/android-ndk-r14b/toolchains/x86-4.9/prebuilt/linux-x86_64/lib/gcc/i686-linux-android/4.9.x] ==> [/home/vvdn/android-ndk-r14b/toolchains/x86-4.9/prebuilt/linux-x86_64/lib/gcc/i686-linux-android/4.9.x]
  collapse library dir [/home/vvdn/android-ndk-r14b/toolchains/x86-4.9/prebuilt/linux-x86_64/lib/gcc/i686-linux-android/4.9.x/../../../../i686-linux-android/lib] ==> [/home/vvdn/android-ndk-r14b/toolchains/x86-4.9/prebuilt/linux-x86_64/i686-linux-android/lib]
  collapse library dir [/home/vvdn/android-ndk-r14b/platforms/android-14/arch-x86/usr/lib] ==> [/home/vvdn/android-ndk-r14b/platforms/android-14/arch-x86/usr/lib]
  implicit libs: [stdc++;m;dl;c;dl]
  implicit dirs: [/home/vvdn/android-ndk-r14b/toolchains/x86-4.9/prebuilt/linux-x86_64/lib/gcc/i686-linux-android/4.9.x;/home/vvdn/android-ndk-r14b/toolchains/x86-4.9/prebuilt/linux-x86_64/i686-linux-android/lib;/home/vvdn/android-ndk-r14b/platforms/android-14/arch-x86/usr/lib]
  implicit fwks: []




Detecting CXX [-std=c++1z] compiler features compiled with the following output:
Change Dir: /home/vvdn/linphone/linphone-android-arpit/WORK/android-x86/Build/bellesip/CMakeFiles/CMakeTmp

Run Build Command:"/usr/bin/make" "cmTC_77286/fast"
make[4]: Entering directory `/home/vvdn/linphone/linphone-android-arpit/WORK/android-x86/Build/bellesip/CMakeFiles/CMakeTmp'
/usr/bin/make -f CMakeFiles/cmTC_77286.dir/build.make CMakeFiles/cmTC_77286.dir/build
make[5]: Entering directory `/home/vvdn/linphone/linphone-android-arpit/WORK/android-x86/Build/bellesip/CMakeFiles/CMakeTmp'
Building CXX object CMakeFiles/cmTC_77286.dir/feature_tests.cxx.o
/home/vvdn/android-ndk-r14b/toolchains/llvm/prebuilt/linux-x86_64/bin/clang++ --target=i686-none-linux-android --gcc-toolchain=/home/vvdn/android-ndk-r14b/toolchains/x86-4.9/prebuilt/linux-x86_64 --sysroot=/home/vvdn/android-ndk-r14b/platforms/android-14/arch-x86   -isystem /home/vvdn/android-ndk-r14b/sources/cxx-stl/gnu-libstdc++/4.9/include -isystem /home/vvdn/android-ndk-r14b/sources/cxx-stl/gnu-libstdc++/4.9/libs/x86/include -isystem /home/vvdn/android-ndk-r14b/sources/cxx-stl/gnu-libstdc++/4.9/include/backward -isystem /home/vvdn/android-ndk-r14b/platforms/android-14/arch-x86/usr/include  -funwind-tables -no-canonical-prefixes -fexceptions -frtti  -g   -std=c++1z -o CMakeFiles/cmTC_77286.dir/feature_tests.cxx.o -c /home/vvdn/linphone/linphone-android-arpit/WORK/android-x86/Build/bellesip/CMakeFiles/feature_tests.cxx
Linking CXX executable cmTC_77286
/usr/local/bin/cmake -E cmake_link_script CMakeFiles/cmTC_77286.dir/link.txt --verbose=1
/home/vvdn/android-ndk-r14b/toolchains/llvm/prebuilt/linux-x86_64/bin/clang++ --target=i686-none-linux-android --gcc-toolchain=/home/vvdn/android-ndk-r14b/toolchains/x86-4.9/prebuilt/linux-x86_64 --sysroot=/home/vvdn/android-ndk-r14b/platforms/android-14/arch-x86  -funwind-tables -no-canonical-prefixes -fexceptions -frtti  -g  -Wl,--gc-sections -Wl,-z,nocopyreloc  CMakeFiles/cmTC_77286.dir/feature_tests.cxx.o  -o cmTC_77286  "/home/vvdn/android-ndk-r14b/sources/cxx-stl/gnu-libstdc++/4.9/libs/x86/libgnustl_shared.so" 
make[5]: Leaving directory `/home/vvdn/linphone/linphone-android-arpit/WORK/android-x86/Build/bellesip/CMakeFiles/CMakeTmp'
make[4]: Leaving directory `/home/vvdn/linphone/linphone-android-arpit/WORK/android-x86/Build/bellesip/CMakeFiles/CMakeTmp'


    Feature record: CXX_FEATURE:1cxx_aggregate_default_initializers
    Feature record: CXX_FEATURE:1cxx_alias_templates
    Feature record: CXX_FEATURE:1cxx_alignas
    Feature record: CXX_FEATURE:1cxx_alignof
    Feature record: CXX_FEATURE:1cxx_attributes
    Feature record: CXX_FEATURE:1cxx_attribute_deprecated
    Feature record: CXX_FEATURE:1cxx_auto_type
    Feature record: CXX_FEATURE:1cxx_binary_literals
    Feature record: CXX_FEATURE:1cxx_constexpr
    Feature record: CXX_FEATURE:1cxx_contextual_conversions
    Feature record: CXX_FEATURE:1cxx_decltype
    Feature record: CXX_FEATURE:1cxx_decltype_auto
    Feature record: CXX_FEATURE:1cxx_decltype_incomplete_return_types
    Feature record: CXX_FEATURE:1cxx_default_function_template_args
    Feature record: CXX_FEATURE:1cxx_defaulted_functions
    Feature record: CXX_FEATURE:1cxx_defaulted_move_initializers
    Feature record: CXX_FEATURE:1cxx_delegating_constructors
    Feature record: CXX_FEATURE:1cxx_deleted_functions
    Feature record: CXX_FEATURE:1cxx_digit_separators
    Feature record: CXX_FEATURE:1cxx_enum_forward_declarations
    Feature record: CXX_FEATURE:1cxx_explicit_conversions
    Feature record: CXX_FEATURE:1cxx_extended_friend_declarations
    Feature record: CXX_FEATURE:1cxx_extern_templates
    Feature record: CXX_FEATURE:1cxx_final
    Feature record: CXX_FEATURE:1cxx_func_identifier
    Feature record: CXX_FEATURE:1cxx_generalized_initializers
    Feature record: CXX_FEATURE:1cxx_generic_lambdas
    Feature record: CXX_FEATURE:1cxx_inheriting_constructors
    Feature record: CXX_FEATURE:1cxx_inline_namespaces
    Feature record: CXX_FEATURE:1cxx_lambdas
    Feature record: CXX_FEATURE:1cxx_lambda_init_captures
    Feature record: CXX_FEATURE:1cxx_local_type_template_args
    Feature record: CXX_FEATURE:1cxx_long_long_type
    Feature record: CXX_FEATURE:1cxx_noexcept
    Feature record: CXX_FEATURE:1cxx_nonstatic_member_init
    Feature record: CXX_FEATURE:1cxx_nullptr
    Feature record: CXX_FEATURE:1cxx_override
    Feature record: CXX_FEATURE:1cxx_range_for
    Feature record: CXX_FEATURE:1cxx_raw_string_literals
    Feature record: CXX_FEATURE:1cxx_reference_qualified_functions
    Feature record: CXX_FEATURE:1cxx_relaxed_constexpr
    Feature record: CXX_FEATURE:1cxx_return_type_deduction
    Feature record: CXX_FEATURE:1cxx_right_angle_brackets
    Feature record: CXX_FEATURE:1cxx_rvalue_references
    Feature record: CXX_FEATURE:1cxx_sizeof_member
    Feature record: CXX_FEATURE:1cxx_static_assert
    Feature record: CXX_FEATURE:1cxx_strong_enums
    Feature record: CXX_FEATURE:1cxx_template_template_parameters
    Feature record: CXX_FEATURE:1cxx_thread_local
    Feature record: CXX_FEATURE:1cxx_trailing_return_types
    Feature record: CXX_FEATURE:1cxx_unicode_literals
    Feature record: CXX_FEATURE:1cxx_uniform_initialization
    Feature record: CXX_FEATURE:1cxx_unrestricted_unions
    Feature record: CXX_FEATURE:1cxx_user_literals
    Feature record: CXX_FEATURE:1cxx_variable_templates
    Feature record: CXX_FEATURE:1cxx_variadic_macros
    Feature record: CXX_FEATURE:1cxx_variadic_templates


Detecting CXX [-std=c++14] compiler features compiled with the following output:
Change Dir: /home/vvdn/linphone/linphone-android-arpit/WORK/android-x86/Build/bellesip/CMakeFiles/CMakeTmp

Run Build Command:"/usr/bin/make" "cmTC_965bf/fast"
make[4]: Entering directory `/home/vvdn/linphone/linphone-android-arpit/WORK/android-x86/Build/bellesip/CMakeFiles/CMakeTmp'
/usr/bin/make -f CMakeFiles/cmTC_965bf.dir/build.make CMakeFiles/cmTC_965bf.dir/build
make[5]: Entering directory `/home/vvdn/linphone/linphone-android-arpit/WORK/android-x86/Build/bellesip/CMakeFiles/CMakeTmp'
Building CXX object CMakeFiles/cmTC_965bf.dir/feature_tests.cxx.o
/home/vvdn/android-ndk-r14b/toolchains/llvm/prebuilt/linux-x86_64/bin/clang++ --target=i686-none-linux-android --gcc-toolchain=/home/vvdn/android-ndk-r14b/toolchains/x86-4.9/prebuilt/linux-x86_64 --sysroot=/home/vvdn/android-ndk-r14b/platforms/android-14/arch-x86   -isystem /home/vvdn/android-ndk-r14b/sources/cxx-stl/gnu-libstdc++/4.9/include -isystem /home/vvdn/android-ndk-r14b/sources/cxx-stl/gnu-libstdc++/4.9/libs/x86/include -isystem /home/vvdn/android-ndk-r14b/sources/cxx-stl/gnu-libstdc++/4.9/include/backward -isystem /home/vvdn/android-ndk-r14b/platforms/android-14/arch-x86/usr/include  -funwind-tables -no-canonical-prefixes -fexceptions -frtti  -g   -std=c++14 -o CMakeFiles/cmTC_965bf.dir/feature_tests.cxx.o -c /home/vvdn/linphone/linphone-android-arpit/WORK/android-x86/Build/bellesip/CMakeFiles/feature_tests.cxx
Linking CXX executable cmTC_965bf
/usr/local/bin/cmake -E cmake_link_script CMakeFiles/cmTC_965bf.dir/link.txt --verbose=1
/home/vvdn/android-ndk-r14b/toolchains/llvm/prebuilt/linux-x86_64/bin/clang++ --target=i686-none-linux-android --gcc-toolchain=/home/vvdn/android-ndk-r14b/toolchains/x86-4.9/prebuilt/linux-x86_64 --sysroot=/home/vvdn/android-ndk-r14b/platforms/android-14/arch-x86  -funwind-tables -no-canonical-prefixes -fexceptions -frtti  -g  -Wl,--gc-sections -Wl,-z,nocopyreloc  CMakeFiles/cmTC_965bf.dir/feature_tests.cxx.o  -o cmTC_965bf  "/home/vvdn/android-ndk-r14b/sources/cxx-stl/gnu-libstdc++/4.9/libs/x86/libgnustl_shared.so" 
make[5]: Leaving directory `/home/vvdn/linphone/linphone-android-arpit/WORK/android-x86/Build/bellesip/CMakeFiles/CMakeTmp'
make[4]: Leaving directory `/home/vvdn/linphone/linphone-android-arpit/WORK/android-x86/Build/bellesip/CMakeFiles/CMakeTmp'


    Feature record: CXX_FEATURE:1cxx_aggregate_default_initializers
    Feature record: CXX_FEATURE:1cxx_alias_templates
    Feature record: CXX_FEATURE:1cxx_alignas
    Feature record: CXX_FEATURE:1cxx_alignof
    Feature record: CXX_FEATURE:1cxx_attributes
    Feature record: CXX_FEATURE:1cxx_attribute_deprecated
    Feature record: CXX_FEATURE:1cxx_auto_type
    Feature record: CXX_FEATURE:1cxx_binary_literals
    Feature record: CXX_FEATURE:1cxx_constexpr
    Feature record: CXX_FEATURE:1cxx_contextual_conversions
    Feature record: CXX_FEATURE:1cxx_decltype
    Feature record: CXX_FEATURE:1cxx_decltype_auto
    Feature record: CXX_FEATURE:1cxx_decltype_incomplete_return_types
    Feature record: CXX_FEATURE:1cxx_default_function_template_args
    Feature record: CXX_FEATURE:1cxx_defaulted_functions
    Feature record: CXX_FEATURE:1cxx_defaulted_move_initializers
    Feature record: CXX_FEATURE:1cxx_delegating_constructors
    Feature record: CXX_FEATURE:1cxx_deleted_functions
    Feature record: CXX_FEATURE:1cxx_digit_separators
    Feature record: CXX_FEATURE:1cxx_enum_forward_declarations
    Feature record: CXX_FEATURE:1cxx_explicit_conversions
    Feature record: CXX_FEATURE:1cxx_extended_friend_declarations
    Feature record: CXX_FEATURE:1cxx_extern_templates
    Feature record: CXX_FEATURE:1cxx_final
    Feature record: CXX_FEATURE:1cxx_func_identifier
    Feature record: CXX_FEATURE:1cxx_generalized_initializers
    Feature record: CXX_FEATURE:1cxx_generic_lambdas
    Feature record: CXX_FEATURE:1cxx_inheriting_constructors
    Feature record: CXX_FEATURE:1cxx_inline_namespaces
    Feature record: CXX_FEATURE:1cxx_lambdas
    Feature record: CXX_FEATURE:1cxx_lambda_init_captures
    Feature record: CXX_FEATURE:1cxx_local_type_template_args
    Feature record: CXX_FEATURE:1cxx_long_long_type
    Feature record: CXX_FEATURE:1cxx_noexcept
    Feature record: CXX_FEATURE:1cxx_nonstatic_member_init
    Feature record: CXX_FEATURE:1cxx_nullptr
    Feature record: CXX_FEATURE:1cxx_override
    Feature record: CXX_FEATURE:1cxx_range_for
    Feature record: CXX_FEATURE:1cxx_raw_string_literals
    Feature record: CXX_FEATURE:1cxx_reference_qualified_functions
    Feature record: CXX_FEATURE:1cxx_relaxed_constexpr
    Feature record: CXX_FEATURE:1cxx_return_type_deduction
    Feature record: CXX_FEATURE:1cxx_right_angle_brackets
    Feature record: CXX_FEATURE:1cxx_rvalue_references
    Feature record: CXX_FEATURE:1cxx_sizeof_member
    Feature record: CXX_FEATURE:1cxx_static_assert
    Feature record: CXX_FEATURE:1cxx_strong_enums
    Feature record: CXX_FEATURE:1cxx_template_template_parameters
    Feature record: CXX_FEATURE:1cxx_thread_local
    Feature record: CXX_FEATURE:1cxx_trailing_return_types
    Feature record: CXX_FEATURE:1cxx_unicode_literals
    Feature record: CXX_FEATURE:1cxx_uniform_initialization
    Feature record: CXX_FEATURE:1cxx_unrestricted_unions
    Feature record: CXX_FEATURE:1cxx_user_literals
    Feature record: CXX_FEATURE:1cxx_variable_templates
    Feature record: CXX_FEATURE:1cxx_variadic_macros
    Feature record: CXX_FEATURE:1cxx_variadic_templates


Detecting CXX [-std=c++11] compiler features compiled with the following output:
Change Dir: /home/vvdn/linphone/linphone-android-arpit/WORK/android-x86/Build/bellesip/CMakeFiles/CMakeTmp

Run Build Command:"/usr/bin/make" "cmTC_5e3b9/fast"
make[4]: Entering directory `/home/vvdn/linphone/linphone-android-arpit/WORK/android-x86/Build/bellesip/CMakeFiles/CMakeTmp'
/usr/bin/make -f CMakeFiles/cmTC_5e3b9.dir/build.make CMakeFiles/cmTC_5e3b9.dir/build
make[5]: Entering directory `/home/vvdn/linphone/linphone-android-arpit/WORK/android-x86/Build/bellesip/CMakeFiles/CMakeTmp'
Building CXX object CMakeFiles/cmTC_5e3b9.dir/feature_tests.cxx.o
/home/vvdn/android-ndk-r14b/toolchains/llvm/prebuilt/linux-x86_64/bin/clang++ --target=i686-none-linux-android --gcc-toolchain=/home/vvdn/android-ndk-r14b/toolchains/x86-4.9/prebuilt/linux-x86_64 --sysroot=/home/vvdn/android-ndk-r14b/platforms/android-14/arch-x86   -isystem /home/vvdn/android-ndk-r14b/sources/cxx-stl/gnu-libstdc++/4.9/include -isystem /home/vvdn/android-ndk-r14b/sources/cxx-stl/gnu-libstdc++/4.9/libs/x86/include -isystem /home/vvdn/android-ndk-r14b/sources/cxx-stl/gnu-libstdc++/4.9/include/backward -isystem /home/vvdn/android-ndk-r14b/platforms/android-14/arch-x86/usr/include  -funwind-tables -no-canonical-prefixes -fexceptions -frtti  -g   -std=c++11 -o CMakeFiles/cmTC_5e3b9.dir/feature_tests.cxx.o -c /home/vvdn/linphone/linphone-android-arpit/WORK/android-x86/Build/bellesip/CMakeFiles/feature_tests.cxx
Linking CXX executable cmTC_5e3b9
/usr/local/bin/cmake -E cmake_link_script CMakeFiles/cmTC_5e3b9.dir/link.txt --verbose=1
/home/vvdn/android-ndk-r14b/toolchains/llvm/prebuilt/linux-x86_64/bin/clang++ --target=i686-none-linux-android --gcc-toolchain=/home/vvdn/android-ndk-r14b/toolchains/x86-4.9/prebuilt/linux-x86_64 --sysroot=/home/vvdn/android-ndk-r14b/platforms/android-14/arch-x86  -funwind-tables -no-canonical-prefixes -fexceptions -frtti  -g  -Wl,--gc-sections -Wl,-z,nocopyreloc  CMakeFiles/cmTC_5e3b9.dir/feature_tests.cxx.o  -o cmTC_5e3b9  "/home/vvdn/android-ndk-r14b/sources/cxx-stl/gnu-libstdc++/4.9/libs/x86/libgnustl_shared.so" 
make[5]: Leaving directory `/home/vvdn/linphone/linphone-android-arpit/WORK/android-x86/Build/bellesip/CMakeFiles/CMakeTmp'
make[4]: Leaving directory `/home/vvdn/linphone/linphone-android-arpit/WORK/android-x86/Build/bellesip/CMakeFiles/CMakeTmp'


    Feature record: CXX_FEATURE:0cxx_aggregate_default_initializers
    Feature record: CXX_FEATURE:1cxx_alias_templates
    Feature record: CXX_FEATURE:1cxx_alignas
    Feature record: CXX_FEATURE:1cxx_alignof
    Feature record: CXX_FEATURE:1cxx_attributes
    Feature record: CXX_FEATURE:0cxx_attribute_deprecated
    Feature record: CXX_FEATURE:1cxx_auto_type
    Feature record: CXX_FEATURE:0cxx_binary_literals
    Feature record: CXX_FEATURE:1cxx_constexpr
    Feature record: CXX_FEATURE:0cxx_contextual_conversions
    Feature record: CXX_FEATURE:1cxx_decltype
    Feature record: CXX_FEATURE:0cxx_decltype_auto
    Feature record: CXX_FEATURE:1cxx_decltype_incomplete_return_types
    Feature record: CXX_FEATURE:1cxx_default_function_template_args
    Feature record: CXX_FEATURE:1cxx_defaulted_functions
    Feature record: CXX_FEATURE:1cxx_defaulted_move_initializers
    Feature record: CXX_FEATURE:1cxx_delegating_constructors
    Feature record: CXX_FEATURE:1cxx_deleted_functions
    Feature record: CXX_FEATURE:0cxx_digit_separators
    Feature record: CXX_FEATURE:1cxx_enum_forward_declarations
    Feature record: CXX_FEATURE:1cxx_explicit_conversions
    Feature record: CXX_FEATURE:1cxx_extended_friend_declarations
    Feature record: CXX_FEATURE:1cxx_extern_templates
    Feature record: CXX_FEATURE:1cxx_final
    Feature record: CXX_FEATURE:1cxx_func_identifier
    Feature record: CXX_FEATURE:1cxx_generalized_initializers
    Feature record: CXX_FEATURE:0cxx_generic_lambdas
    Feature record: CXX_FEATURE:1cxx_inheriting_constructors
    Feature record: CXX_FEATURE:1cxx_inline_namespaces
    Feature record: CXX_FEATURE:1cxx_lambdas
    Feature record: CXX_FEATURE:0cxx_lambda_init_captures
    Feature record: CXX_FEATURE:1cxx_local_type_template_args
    Feature record: CXX_FEATURE:1cxx_long_long_type
    Feature record: CXX_FEATURE:1cxx_noexcept
    Feature record: CXX_FEATURE:1cxx_nonstatic_member_init
    Feature record: CXX_FEATURE:1cxx_nullptr
    Feature record: CXX_FEATURE:1cxx_override
    Feature record: CXX_FEATURE:1cxx_range_for
    Feature record: CXX_FEATURE:1cxx_raw_string_literals
    Feature record: CXX_FEATURE:1cxx_reference_qualified_functions
    Feature record: CXX_FEATURE:0cxx_relaxed_constexpr
    Feature record: CXX_FEATURE:0cxx_return_type_deduction
    Feature record: CXX_FEATURE:1cxx_right_angle_brackets
    Feature record: CXX_FEATURE:1cxx_rvalue_references
    Feature record: CXX_FEATURE:1cxx_sizeof_member
    Feature record: CXX_FEATURE:1cxx_static_assert
    Feature record: CXX_FEATURE:1cxx_strong_enums
    Feature record: CXX_FEATURE:1cxx_template_template_parameters
    Feature record: CXX_FEATURE:1cxx_thread_local
    Feature record: CXX_FEATURE:1cxx_trailing_return_types
    Feature record: CXX_FEATURE:1cxx_unicode_literals
    Feature record: CXX_FEATURE:1cxx_uniform_initialization
    Feature record: CXX_FEATURE:1cxx_unrestricted_unions
    Feature record: CXX_FEATURE:1cxx_user_literals
    Feature record: CXX_FEATURE:0cxx_variable_templates
    Feature record: CXX_FEATURE:1cxx_variadic_macros
    Feature record: CXX_FEATURE:1cxx_variadic_templates


Detecting CXX [-std=c++98] compiler features compiled with the following output:
Change Dir: /home/vvdn/linphone/linphone-android-arpit/WORK/android-x86/Build/bellesip/CMakeFiles/CMakeTmp

Run Build Command:"/usr/bin/make" "cmTC_9c86d/fast"
make[4]: Entering directory `/home/vvdn/linphone/linphone-android-arpit/WORK/android-x86/Build/bellesip/CMakeFiles/CMakeTmp'
/usr/bin/make -f CMakeFiles/cmTC_9c86d.dir/build.make CMakeFiles/cmTC_9c86d.dir/build
make[5]: Entering directory `/home/vvdn/linphone/linphone-android-arpit/WORK/android-x86/Build/bellesip/CMakeFiles/CMakeTmp'
Building CXX object CMakeFiles/cmTC_9c86d.dir/feature_tests.cxx.o
/home/vvdn/android-ndk-r14b/toolchains/llvm/prebuilt/linux-x86_64/bin/clang++ --target=i686-none-linux-android --gcc-toolchain=/home/vvdn/android-ndk-r14b/toolchains/x86-4.9/prebuilt/linux-x86_64 --sysroot=/home/vvdn/android-ndk-r14b/platforms/android-14/arch-x86   -isystem /home/vvdn/android-ndk-r14b/sources/cxx-stl/gnu-libstdc++/4.9/include -isystem /home/vvdn/android-ndk-r14b/sources/cxx-stl/gnu-libstdc++/4.9/libs/x86/include -isystem /home/vvdn/android-ndk-r14b/sources/cxx-stl/gnu-libstdc++/4.9/include/backward -isystem /home/vvdn/android-ndk-r14b/platforms/android-14/arch-x86/usr/include  -funwind-tables -no-canonical-prefixes -fexceptions -frtti  -g   -std=c++98 -o CMakeFiles/cmTC_9c86d.dir/feature_tests.cxx.o -c /home/vvdn/linphone/linphone-android-arpit/WORK/android-x86/Build/bellesip/CMakeFiles/feature_tests.cxx
Linking CXX executable cmTC_9c86d
/usr/local/bin/cmake -E cmake_link_script CMakeFiles/cmTC_9c86d.dir/link.txt --verbose=1
/home/vvdn/android-ndk-r14b/toolchains/llvm/prebuilt/linux-x86_64/bin/clang++ --target=i686-none-linux-android --gcc-toolchain=/home/vvdn/android-ndk-r14b/toolchains/x86-4.9/prebuilt/linux-x86_64 --sysroot=/home/vvdn/android-ndk-r14b/platforms/android-14/arch-x86  -funwind-tables -no-canonical-prefixes -fexceptions -frtti  -g  -Wl,--gc-sections -Wl,-z,nocopyreloc  CMakeFiles/cmTC_9c86d.dir/feature_tests.cxx.o  -o cmTC_9c86d  "/home/vvdn/android-ndk-r14b/sources/cxx-stl/gnu-libstdc++/4.9/libs/x86/libgnustl_shared.so" 
make[5]: Leaving directory `/home/vvdn/linphone/linphone-android-arpit/WORK/android-x86/Build/bellesip/CMakeFiles/CMakeTmp'
make[4]: Leaving directory `/home/vvdn/linphone/linphone-android-arpit/WORK/android-x86/Build/bellesip/CMakeFiles/CMakeTmp'


    Feature record: CXX_FEATURE:0cxx_aggregate_default_initializers
    Feature record: CXX_FEATURE:0cxx_alias_templates
    Feature record: CXX_FEATURE:0cxx_alignas
    Feature record: CXX_FEATURE:0cxx_alignof
    Feature record: CXX_FEATURE:0cxx_attributes
    Feature record: CXX_FEATURE:0cxx_attribute_deprecated
    Feature record: CXX_FEATURE:0cxx_auto_type
    Feature record: CXX_FEATURE:0cxx_binary_literals
    Feature record: CXX_FEATURE:0cxx_constexpr
    Feature record: CXX_FEATURE:0cxx_contextual_conversions
    Feature record: CXX_FEATURE:0cxx_decltype
    Feature record: CXX_FEATURE:0cxx_decltype_auto
    Feature record: CXX_FEATURE:0cxx_decltype_incomplete_return_types
    Feature record: CXX_FEATURE:0cxx_default_function_template_args
    Feature record: CXX_FEATURE:0cxx_defaulted_functions
    Feature record: CXX_FEATURE:0cxx_defaulted_move_initializers
    Feature record: CXX_FEATURE:0cxx_delegating_constructors
    Feature record: CXX_FEATURE:0cxx_deleted_functions
    Feature record: CXX_FEATURE:0cxx_digit_separators
    Feature record: CXX_FEATURE:0cxx_enum_forward_declarations
    Feature record: CXX_FEATURE:0cxx_explicit_conversions
    Feature record: CXX_FEATURE:0cxx_extended_friend_declarations
    Feature record: CXX_FEATURE:0cxx_extern_templates
    Feature record: CXX_FEATURE:0cxx_final
    Feature record: CXX_FEATURE:0cxx_func_identifier
    Feature record: CXX_FEATURE:0cxx_generalized_initializers
    Feature record: CXX_FEATURE:0cxx_generic_lambdas
    Feature record: CXX_FEATURE:0cxx_inheriting_constructors
    Feature record: CXX_FEATURE:0cxx_inline_namespaces
    Feature record: CXX_FEATURE:0cxx_lambdas
    Feature record: CXX_FEATURE:0cxx_lambda_init_captures
    Feature record: CXX_FEATURE:0cxx_local_type_template_args
    Feature record: CXX_FEATURE:0cxx_long_long_type
    Feature record: CXX_FEATURE:0cxx_noexcept
    Feature record: CXX_FEATURE:0cxx_nonstatic_member_init
    Feature record: CXX_FEATURE:0cxx_nullptr
    Feature record: CXX_FEATURE:0cxx_override
    Feature record: CXX_FEATURE:0cxx_range_for
    Feature record: CXX_FEATURE:0cxx_raw_string_literals
    Feature record: CXX_FEATURE:0cxx_reference_qualified_functions
    Feature record: CXX_FEATURE:0cxx_relaxed_constexpr
    Feature record: CXX_FEATURE:0cxx_return_type_deduction
    Feature record: CXX_FEATURE:0cxx_right_angle_brackets
    Feature record: CXX_FEATURE:0cxx_rvalue_references
    Feature record: CXX_FEATURE:0cxx_sizeof_member
    Feature record: CXX_FEATURE:0cxx_static_assert
    Feature record: CXX_FEATURE:0cxx_strong_enums
    Feature record: CXX_FEATURE:1cxx_template_template_parameters
    Feature record: CXX_FEATURE:0cxx_thread_local
    Feature record: CXX_FEATURE:0cxx_trailing_return_types
    Feature record: CXX_FEATURE:0cxx_unicode_literals
    Feature record: CXX_FEATURE:0cxx_uniform_initialization
    Feature record: CXX_FEATURE:0cxx_unrestricted_unions
    Feature record: CXX_FEATURE:0cxx_user_literals
    Feature record: CXX_FEATURE:0cxx_variable_templates
    Feature record: CXX_FEATURE:0cxx_variadic_macros
    Feature record: CXX_FEATURE:0cxx_variadic_templates
Determining if the function dlopen exists in the dl passed with the following output:
Change Dir: /home/vvdn/linphone/linphone-android-arpit/WORK/android-x86/Build/bellesip/CMakeFiles/CMakeTmp

Run Build Command:"/usr/bin/make" "cmTC_2e931/fast"
make[4]: Entering directory `/home/vvdn/linphone/linphone-android-arpit/WORK/android-x86/Build/bellesip/CMakeFiles/CMakeTmp'
/usr/bin/make -f CMakeFiles/cmTC_2e931.dir/build.make CMakeFiles/cmTC_2e931.dir/build
make[5]: Entering directory `/home/vvdn/linphone/linphone-android-arpit/WORK/android-x86/Build/bellesip/CMakeFiles/CMakeTmp'
Building C object CMakeFiles/cmTC_2e931.dir/CheckFunctionExists.c.o
/home/vvdn/android-ndk-r14b/toolchains/llvm/prebuilt/linux-x86_64/bin/clang --target=i686-none-linux-android --gcc-toolchain=/home/vvdn/android-ndk-r14b/toolchains/x86-4.9/prebuilt/linux-x86_64 --sysroot=/home/vvdn/android-ndk-r14b/platforms/android-14/arch-x86  -isystem /home/vvdn/android-ndk-r14b/platforms/android-14/arch-x86/usr/include  -funwind-tables -no-canonical-prefixes -fexceptions -DCHECK_FUNCTION_EXISTS=dlopen -g   -o CMakeFiles/cmTC_2e931.dir/CheckFunctionExists.c.o   -c /usr/local/share/cmake-3.8/Modules/CheckFunctionExists.c
Linking C executable cmTC_2e931
/usr/local/bin/cmake -E cmake_link_script CMakeFiles/cmTC_2e931.dir/link.txt --verbose=1
/home/vvdn/android-ndk-r14b/toolchains/llvm/prebuilt/linux-x86_64/bin/clang --target=i686-none-linux-android --gcc-toolchain=/home/vvdn/android-ndk-r14b/toolchains/x86-4.9/prebuilt/linux-x86_64 --sysroot=/home/vvdn/android-ndk-r14b/platforms/android-14/arch-x86 -funwind-tables -no-canonical-prefixes -fexceptions -DCHECK_FUNCTION_EXISTS=dlopen -g  -Wl,--gc-sections -Wl,-z,nocopyreloc  CMakeFiles/cmTC_2e931.dir/CheckFunctionExists.c.o  -o cmTC_2e931 -ldl 
make[5]: Leaving directory `/home/vvdn/linphone/linphone-android-arpit/WORK/android-x86/Build/bellesip/CMakeFiles/CMakeTmp'
make[4]: Leaving directory `/home/vvdn/linphone/linphone-android-arpit/WORK/android-x86/Build/bellesip/CMakeFiles/CMakeTmp'


Determining if the include file pthread.h exists passed with the following output:
Change Dir: /home/vvdn/linphone/linphone-android-arpit/WORK/android-x86/Build/bellesip/CMakeFiles/CMakeTmp

Run Build Command:"/usr/bin/make" "cmTC_83034/fast"
make[4]: Entering directory `/home/vvdn/linphone/linphone-android-arpit/WORK/android-x86/Build/bellesip/CMakeFiles/CMakeTmp'
/usr/bin/make -f CMakeFiles/cmTC_83034.dir/build.make CMakeFiles/cmTC_83034.dir/build
make[5]: Entering directory `/home/vvdn/linphone/linphone-android-arpit/WORK/android-x86/Build/bellesip/CMakeFiles/CMakeTmp'
Building C object CMakeFiles/cmTC_83034.dir/CheckIncludeFile.c.o
/home/vvdn/android-ndk-r14b/toolchains/llvm/prebuilt/linux-x86_64/bin/clang --target=i686-none-linux-android --gcc-toolchain=/home/vvdn/android-ndk-r14b/toolchains/x86-4.9/prebuilt/linux-x86_64 --sysroot=/home/vvdn/android-ndk-r14b/platforms/android-14/arch-x86  -isystem /home/vvdn/android-ndk-r14b/platforms/android-14/arch-x86/usr/include  -funwind-tables -no-canonical-prefixes -fexceptions  -g   -o CMakeFiles/cmTC_83034.dir/CheckIncludeFile.c.o   -c /home/vvdn/linphone/linphone-android-arpit/WORK/android-x86/Build/bellesip/CMakeFiles/CMakeTmp/CheckIncludeFile.c
Linking C executable cmTC_83034
/usr/local/bin/cmake -E cmake_link_script CMakeFiles/cmTC_83034.dir/link.txt --verbose=1
/home/vvdn/android-ndk-r14b/toolchains/llvm/prebuilt/linux-x86_64/bin/clang --target=i686-none-linux-android --gcc-toolchain=/home/vvdn/android-ndk-r14b/toolchains/x86-4.9/prebuilt/linux-x86_64 --sysroot=/home/vvdn/android-ndk-r14b/platforms/android-14/arch-x86 -funwind-tables -no-canonical-prefixes -fexceptions  -g  -Wl,--gc-sections -Wl,-z,nocopyreloc  CMakeFiles/cmTC_83034.dir/CheckIncludeFile.c.o  -o cmTC_83034 
make[5]: Leaving directory `/home/vvdn/linphone/linphone-android-arpit/WORK/android-x86/Build/bellesip/CMakeFiles/CMakeTmp'
make[4]: Leaving directory `/home/vvdn/linphone/linphone-android-arpit/WORK/android-x86/Build/bellesip/CMakeFiles/CMakeTmp'


Determining if the pthread_create exist passed with the following output:
Change Dir: /home/vvdn/linphone/linphone-android-arpit/WORK/android-x86/Build/bellesip/CMakeFiles/CMakeTmp

Run Build Command:"/usr/bin/make" "cmTC_d0dfc/fast"
make[4]: Entering directory `/home/vvdn/linphone/linphone-android-arpit/WORK/android-x86/Build/bellesip/CMakeFiles/CMakeTmp'
/usr/bin/make -f CMakeFiles/cmTC_d0dfc.dir/build.make CMakeFiles/cmTC_d0dfc.dir/build
make[5]: Entering directory `/home/vvdn/linphone/linphone-android-arpit/WORK/android-x86/Build/bellesip/CMakeFiles/CMakeTmp'
Building C object CMakeFiles/cmTC_d0dfc.dir/CheckSymbolExists.c.o
/home/vvdn/android-ndk-r14b/toolchains/llvm/prebuilt/linux-x86_64/bin/clang --target=i686-none-linux-android --gcc-toolchain=/home/vvdn/android-ndk-r14b/toolchains/x86-4.9/prebuilt/linux-x86_64 --sysroot=/home/vvdn/android-ndk-r14b/platforms/android-14/arch-x86  -isystem /home/vvdn/android-ndk-r14b/platforms/android-14/arch-x86/usr/include  -funwind-tables -no-canonical-prefixes -fexceptions  -g   -o CMakeFiles/cmTC_d0dfc.dir/CheckSymbolExists.c.o   -c /home/vvdn/linphone/linphone-android-arpit/WORK/android-x86/Build/bellesip/CMakeFiles/CMakeTmp/CheckSymbolExists.c
Linking C executable cmTC_d0dfc
/usr/local/bin/cmake -E cmake_link_script CMakeFiles/cmTC_d0dfc.dir/link.txt --verbose=1
/home/vvdn/android-ndk-r14b/toolchains/llvm/prebuilt/linux-x86_64/bin/clang --target=i686-none-linux-android --gcc-toolchain=/home/vvdn/android-ndk-r14b/toolchains/x86-4.9/prebuilt/linux-x86_64 --sysroot=/home/vvdn/android-ndk-r14b/platforms/android-14/arch-x86 -funwind-tables -no-canonical-prefixes -fexceptions  -g  -Wl,--gc-sections -Wl,-z,nocopyreloc  CMakeFiles/cmTC_d0dfc.dir/CheckSymbolExists.c.o  -o cmTC_d0dfc 
make[5]: Leaving directory `/home/vvdn/linphone/linphone-android-arpit/WORK/android-x86/Build/bellesip/CMakeFiles/CMakeTmp'
make[4]: Leaving directory `/home/vvdn/linphone/linphone-android-arpit/WORK/android-x86/Build/bellesip/CMakeFiles/CMakeTmp'

File /home/vvdn/linphone/linphone-android-arpit/WORK/android-x86/Build/bellesip/CMakeFiles/CMakeTmp/CheckSymbolExists.c:
/* */
#include <pthread.h>

int main(int argc, char** argv)
{
  (void)argv;
#ifndef pthread_create
  return ((int*)(&pthread_create))[argc];
#else
  (void)argc;
  return 0;
#endif
}

Determining if the antlr3StringStreamNew exist passed with the following output:
Change Dir: /home/vvdn/linphone/linphone-android-arpit/WORK/android-x86/Build/bellesip/CMakeFiles/CMakeTmp

Run Build Command:"/usr/bin/make" "cmTC_a1df0/fast"
make[4]: Entering directory `/home/vvdn/linphone/linphone-android-arpit/WORK/android-x86/Build/bellesip/CMakeFiles/CMakeTmp'
/usr/bin/make -f CMakeFiles/cmTC_a1df0.dir/build.make CMakeFiles/cmTC_a1df0.dir/build
make[5]: Entering directory `/home/vvdn/linphone/linphone-android-arpit/WORK/android-x86/Build/bellesip/CMakeFiles/CMakeTmp'
Building C object CMakeFiles/cmTC_a1df0.dir/CheckSymbolExists.c.o
/home/vvdn/android-ndk-r14b/toolchains/llvm/prebuilt/linux-x86_64/bin/clang --target=i686-none-linux-android --gcc-toolchain=/home/vvdn/android-ndk-r14b/toolchains/x86-4.9/prebuilt/linux-x86_64 --sysroot=/home/vvdn/android-ndk-r14b/platforms/android-14/arch-x86  -I/home/vvdn/linphone/linphone-android-arpit/liblinphone-sdk/android-x86/include -isystem /home/vvdn/android-ndk-r14b/platforms/android-14/arch-x86/usr/include  -funwind-tables -no-canonical-prefixes -fexceptions  -g   -o CMakeFiles/cmTC_a1df0.dir/CheckSymbolExists.c.o   -c /home/vvdn/linphone/linphone-android-arpit/WORK/android-x86/Build/bellesip/CMakeFiles/CMakeTmp/CheckSymbolExists.c
Linking C executable cmTC_a1df0
/usr/local/bin/cmake -E cmake_link_script CMakeFiles/cmTC_a1df0.dir/link.txt --verbose=1
/home/vvdn/android-ndk-r14b/toolchains/llvm/prebuilt/linux-x86_64/bin/clang --target=i686-none-linux-android --gcc-toolchain=/home/vvdn/android-ndk-r14b/toolchains/x86-4.9/prebuilt/linux-x86_64 --sysroot=/home/vvdn/android-ndk-r14b/platforms/android-14/arch-x86 -funwind-tables -no-canonical-prefixes -fexceptions  -g  -Wl,--gc-sections -Wl,-z,nocopyreloc  CMakeFiles/cmTC_a1df0.dir/CheckSymbolExists.c.o  -o cmTC_a1df0 /home/vvdn/linphone/linphone-android-arpit/liblinphone-sdk/android-x86/lib/libantlr3c.a 
make[5]: Leaving directory `/home/vvdn/linphone/linphone-android-arpit/WORK/android-x86/Build/bellesip/CMakeFiles/CMakeTmp'
make[4]: Leaving directory `/home/vvdn/linphone/linphone-android-arpit/WORK/android-x86/Build/bellesip/CMakeFiles/CMakeTmp'

File /home/vvdn/linphone/linphone-android-arpit/WORK/android-x86/Build/bellesip/CMakeFiles/CMakeTmp/CheckSymbolExists.c:
/* */
#include <antlr3.h>

int main(int argc, char** argv)
{
  (void)argv;
#ifndef antlr3StringStreamNew
  return ((int*)(&antlr3StringStreamNew))[argc];
#else
  (void)argc;
  return 0;
#endif
}

