Compiling the C compiler identification source file "CMakeCCompilerId.c" failed.
Compiler: /home/vvdn/android-ndk-r14b/toolchains/llvm/prebuilt/linux-x86_64/bin/clang 
Build flags: 
Id flags:  

The output was:
1
/usr/bin/ld: cannot find crt1.o: No such file or directory
/usr/bin/ld: cannot find crti.o: No such file or directory
/usr/bin/ld: cannot find -lc
/usr/bin/ld: cannot find crtn.o: No such file or directory
clang: error: linker command failed with exit code 1 (use -v to see invocation)


Determining if the include file windows.h exists failed with the following output:
Change Dir: /home/vvdn/linphone/linphone-android-arpit/WORK/android-arm64/Build/xml2/CMakeFiles/CMakeTmp

Run Build Command:"/usr/bin/make" "cmTC_5fbb7/fast"
make[4]: Entering directory `/home/vvdn/linphone/linphone-android-arpit/WORK/android-arm64/Build/xml2/CMakeFiles/CMakeTmp'
/usr/bin/make -f CMakeFiles/cmTC_5fbb7.dir/build.make CMakeFiles/cmTC_5fbb7.dir/build
make[5]: Entering directory `/home/vvdn/linphone/linphone-android-arpit/WORK/android-arm64/Build/xml2/CMakeFiles/CMakeTmp'
Building C object CMakeFiles/cmTC_5fbb7.dir/CheckIncludeFile.c.o
/home/vvdn/android-ndk-r14b/toolchains/llvm/prebuilt/linux-x86_64/bin/clang --target=aarch64-none-linux-android --gcc-toolchain=/home/vvdn/android-ndk-r14b/toolchains/aarch64-linux-android-4.9/prebuilt/linux-x86_64 --sysroot=/home/vvdn/android-ndk-r14b/platforms/android-21/arch-arm64  -isystem /home/vvdn/android-ndk-r14b/platforms/android-21/arch-arm64/usr/include  -funwind-tables -no-canonical-prefixes -fexceptions  -g -fPIE   -o CMakeFiles/cmTC_5fbb7.dir/CheckIncludeFile.c.o   -c /home/vvdn/linphone/linphone-android-arpit/WORK/android-arm64/Build/xml2/CMakeFiles/CMakeTmp/CheckIncludeFile.c
/home/vvdn/linphone/linphone-android-arpit/WORK/android-arm64/Build/xml2/CMakeFiles/CMakeTmp/CheckIncludeFile.c:1:10: fatal error: 'windows.h' file not found
#include <windows.h>
         ^
1 error generated.
make[5]: *** [CMakeFiles/cmTC_5fbb7.dir/CheckIncludeFile.c.o] Error 1
make[5]: Leaving directory `/home/vvdn/linphone/linphone-android-arpit/WORK/android-arm64/Build/xml2/CMakeFiles/CMakeTmp'
make[4]: *** [cmTC_5fbb7/fast] Error 2
make[4]: Leaving directory `/home/vvdn/linphone/linphone-android-arpit/WORK/android-arm64/Build/xml2/CMakeFiles/CMakeTmp'


Determining if the include file ansidecl.h exists failed with the following output:
Change Dir: /home/vvdn/linphone/linphone-android-arpit/WORK/android-arm64/Build/xml2/CMakeFiles/CMakeTmp

Run Build Command:"/usr/bin/make" "cmTC_8959c/fast"
make[4]: Entering directory `/home/vvdn/linphone/linphone-android-arpit/WORK/android-arm64/Build/xml2/CMakeFiles/CMakeTmp'
/usr/bin/make -f CMakeFiles/cmTC_8959c.dir/build.make CMakeFiles/cmTC_8959c.dir/build
make[5]: Entering directory `/home/vvdn/linphone/linphone-android-arpit/WORK/android-arm64/Build/xml2/CMakeFiles/CMakeTmp'
Building C object CMakeFiles/cmTC_8959c.dir/CheckIncludeFile.c.o
/home/vvdn/android-ndk-r14b/toolchains/llvm/prebuilt/linux-x86_64/bin/clang --target=aarch64-none-linux-android --gcc-toolchain=/home/vvdn/android-ndk-r14b/toolchains/aarch64-linux-android-4.9/prebuilt/linux-x86_64 --sysroot=/home/vvdn/android-ndk-r14b/platforms/android-21/arch-arm64  -isystem /home/vvdn/android-ndk-r14b/platforms/android-21/arch-arm64/usr/include  -funwind-tables -no-canonical-prefixes -fexceptions  -g -fPIE   -o CMakeFiles/cmTC_8959c.dir/CheckIncludeFile.c.o   -c /home/vvdn/linphone/linphone-android-arpit/WORK/android-arm64/Build/xml2/CMakeFiles/CMakeTmp/CheckIncludeFile.c
/home/vvdn/linphone/linphone-android-arpit/WORK/android-arm64/Build/xml2/CMakeFiles/CMakeTmp/CheckIncludeFile.c:1:10: fatal error: 'ansidecl.h' file not found
#include <ansidecl.h>
         ^
1 error generated.
make[5]: *** [CMakeFiles/cmTC_8959c.dir/CheckIncludeFile.c.o] Error 1
make[5]: Leaving directory `/home/vvdn/linphone/linphone-android-arpit/WORK/android-arm64/Build/xml2/CMakeFiles/CMakeTmp'
make[4]: *** [cmTC_8959c/fast] Error 2
make[4]: Leaving directory `/home/vvdn/linphone/linphone-android-arpit/WORK/android-arm64/Build/xml2/CMakeFiles/CMakeTmp'


Determining if the include file ieeefp.h exists failed with the following output:
Change Dir: /home/vvdn/linphone/linphone-android-arpit/WORK/android-arm64/Build/xml2/CMakeFiles/CMakeTmp

Run Build Command:"/usr/bin/make" "cmTC_41f7c/fast"
make[4]: Entering directory `/home/vvdn/linphone/linphone-android-arpit/WORK/android-arm64/Build/xml2/CMakeFiles/CMakeTmp'
/usr/bin/make -f CMakeFiles/cmTC_41f7c.dir/build.make CMakeFiles/cmTC_41f7c.dir/build
make[5]: Entering directory `/home/vvdn/linphone/linphone-android-arpit/WORK/android-arm64/Build/xml2/CMakeFiles/CMakeTmp'
Building C object CMakeFiles/cmTC_41f7c.dir/CheckIncludeFile.c.o
/home/vvdn/android-ndk-r14b/toolchains/llvm/prebuilt/linux-x86_64/bin/clang --target=aarch64-none-linux-android --gcc-toolchain=/home/vvdn/android-ndk-r14b/toolchains/aarch64-linux-android-4.9/prebuilt/linux-x86_64 --sysroot=/home/vvdn/android-ndk-r14b/platforms/android-21/arch-arm64  -isystem /home/vvdn/android-ndk-r14b/platforms/android-21/arch-arm64/usr/include  -funwind-tables -no-canonical-prefixes -fexceptions  -g -fPIE   -o CMakeFiles/cmTC_41f7c.dir/CheckIncludeFile.c.o   -c /home/vvdn/linphone/linphone-android-arpit/WORK/android-arm64/Build/xml2/CMakeFiles/CMakeTmp/CheckIncludeFile.c
/home/vvdn/linphone/linphone-android-arpit/WORK/android-arm64/Build/xml2/CMakeFiles/CMakeTmp/CheckIncludeFile.c:1:10: fatal error: 'ieeefp.h' file not found
#include <ieeefp.h>
         ^
1 error generated.
make[5]: *** [CMakeFiles/cmTC_41f7c.dir/CheckIncludeFile.c.o] Error 1
make[5]: Leaving directory `/home/vvdn/linphone/linphone-android-arpit/WORK/android-arm64/Build/xml2/CMakeFiles/CMakeTmp'
make[4]: *** [cmTC_41f7c/fast] Error 2
make[4]: Leaving directory `/home/vvdn/linphone/linphone-android-arpit/WORK/android-arm64/Build/xml2/CMakeFiles/CMakeTmp'


Determining if the include file nan.h exists failed with the following output:
Change Dir: /home/vvdn/linphone/linphone-android-arpit/WORK/android-arm64/Build/xml2/CMakeFiles/CMakeTmp

Run Build Command:"/usr/bin/make" "cmTC_91748/fast"
make[4]: Entering directory `/home/vvdn/linphone/linphone-android-arpit/WORK/android-arm64/Build/xml2/CMakeFiles/CMakeTmp'
/usr/bin/make -f CMakeFiles/cmTC_91748.dir/build.make CMakeFiles/cmTC_91748.dir/build
make[5]: Entering directory `/home/vvdn/linphone/linphone-android-arpit/WORK/android-arm64/Build/xml2/CMakeFiles/CMakeTmp'
Building C object CMakeFiles/cmTC_91748.dir/CheckIncludeFile.c.o
/home/vvdn/android-ndk-r14b/toolchains/llvm/prebuilt/linux-x86_64/bin/clang --target=aarch64-none-linux-android --gcc-toolchain=/home/vvdn/android-ndk-r14b/toolchains/aarch64-linux-android-4.9/prebuilt/linux-x86_64 --sysroot=/home/vvdn/android-ndk-r14b/platforms/android-21/arch-arm64  -isystem /home/vvdn/android-ndk-r14b/platforms/android-21/arch-arm64/usr/include  -funwind-tables -no-canonical-prefixes -fexceptions  -g -fPIE   -o CMakeFiles/cmTC_91748.dir/CheckIncludeFile.c.o   -c /home/vvdn/linphone/linphone-android-arpit/WORK/android-arm64/Build/xml2/CMakeFiles/CMakeTmp/CheckIncludeFile.c
/home/vvdn/linphone/linphone-android-arpit/WORK/android-arm64/Build/xml2/CMakeFiles/CMakeTmp/CheckIncludeFile.c:1:10: fatal error: 'nan.h' file not found
#include <nan.h>
         ^
1 error generated.
make[5]: *** [CMakeFiles/cmTC_91748.dir/CheckIncludeFile.c.o] Error 1
make[5]: Leaving directory `/home/vvdn/linphone/linphone-android-arpit/WORK/android-arm64/Build/xml2/CMakeFiles/CMakeTmp'
make[4]: *** [cmTC_91748/fast] Error 2
make[4]: Leaving directory `/home/vvdn/linphone/linphone-android-arpit/WORK/android-arm64/Build/xml2/CMakeFiles/CMakeTmp'


Determining if the include file fp_class.h exists failed with the following output:
Change Dir: /home/vvdn/linphone/linphone-android-arpit/WORK/android-arm64/Build/xml2/CMakeFiles/CMakeTmp

Run Build Command:"/usr/bin/make" "cmTC_5e3a5/fast"
make[4]: Entering directory `/home/vvdn/linphone/linphone-android-arpit/WORK/android-arm64/Build/xml2/CMakeFiles/CMakeTmp'
/usr/bin/make -f CMakeFiles/cmTC_5e3a5.dir/build.make CMakeFiles/cmTC_5e3a5.dir/build
make[5]: Entering directory `/home/vvdn/linphone/linphone-android-arpit/WORK/android-arm64/Build/xml2/CMakeFiles/CMakeTmp'
Building C object CMakeFiles/cmTC_5e3a5.dir/CheckIncludeFile.c.o
/home/vvdn/android-ndk-r14b/toolchains/llvm/prebuilt/linux-x86_64/bin/clang --target=aarch64-none-linux-android --gcc-toolchain=/home/vvdn/android-ndk-r14b/toolchains/aarch64-linux-android-4.9/prebuilt/linux-x86_64 --sysroot=/home/vvdn/android-ndk-r14b/platforms/android-21/arch-arm64  -isystem /home/vvdn/android-ndk-r14b/platforms/android-21/arch-arm64/usr/include  -funwind-tables -no-canonical-prefixes -fexceptions  -g -fPIE   -o CMakeFiles/cmTC_5e3a5.dir/CheckIncludeFile.c.o   -c /home/vvdn/linphone/linphone-android-arpit/WORK/android-arm64/Build/xml2/CMakeFiles/CMakeTmp/CheckIncludeFile.c
/home/vvdn/linphone/linphone-android-arpit/WORK/android-arm64/Build/xml2/CMakeFiles/CMakeTmp/CheckIncludeFile.c:1:10: fatal error: 'fp_class.h' file not found
#include <fp_class.h>
         ^
1 error generated.
make[5]: *** [CMakeFiles/cmTC_5e3a5.dir/CheckIncludeFile.c.o] Error 1
make[5]: Leaving directory `/home/vvdn/linphone/linphone-android-arpit/WORK/android-arm64/Build/xml2/CMakeFiles/CMakeTmp'
make[4]: *** [cmTC_5e3a5/fast] Error 2
make[4]: Leaving directory `/home/vvdn/linphone/linphone-android-arpit/WORK/android-arm64/Build/xml2/CMakeFiles/CMakeTmp'


Determining if the include file sys/timeb.h exists failed with the following output:
Change Dir: /home/vvdn/linphone/linphone-android-arpit/WORK/android-arm64/Build/xml2/CMakeFiles/CMakeTmp

Run Build Command:"/usr/bin/make" "cmTC_20df1/fast"
make[4]: Entering directory `/home/vvdn/linphone/linphone-android-arpit/WORK/android-arm64/Build/xml2/CMakeFiles/CMakeTmp'
/usr/bin/make -f CMakeFiles/cmTC_20df1.dir/build.make CMakeFiles/cmTC_20df1.dir/build
make[5]: Entering directory `/home/vvdn/linphone/linphone-android-arpit/WORK/android-arm64/Build/xml2/CMakeFiles/CMakeTmp'
Building C object CMakeFiles/cmTC_20df1.dir/CheckIncludeFile.c.o
/home/vvdn/android-ndk-r14b/toolchains/llvm/prebuilt/linux-x86_64/bin/clang --target=aarch64-none-linux-android --gcc-toolchain=/home/vvdn/android-ndk-r14b/toolchains/aarch64-linux-android-4.9/prebuilt/linux-x86_64 --sysroot=/home/vvdn/android-ndk-r14b/platforms/android-21/arch-arm64  -isystem /home/vvdn/android-ndk-r14b/platforms/android-21/arch-arm64/usr/include  -funwind-tables -no-canonical-prefixes -fexceptions  -g -fPIE   -o CMakeFiles/cmTC_20df1.dir/CheckIncludeFile.c.o   -c /home/vvdn/linphone/linphone-android-arpit/WORK/android-arm64/Build/xml2/CMakeFiles/CMakeTmp/CheckIncludeFile.c
/home/vvdn/linphone/linphone-android-arpit/WORK/android-arm64/Build/xml2/CMakeFiles/CMakeTmp/CheckIncludeFile.c:1:10: fatal error: 'sys/timeb.h' file not found
#include <sys/timeb.h>
         ^
1 error generated.
make[5]: *** [CMakeFiles/cmTC_20df1.dir/CheckIncludeFile.c.o] Error 1
make[5]: Leaving directory `/home/vvdn/linphone/linphone-android-arpit/WORK/android-arm64/Build/xml2/CMakeFiles/CMakeTmp'
make[4]: *** [cmTC_20df1/fast] Error 2
make[4]: Leaving directory `/home/vvdn/linphone/linphone-android-arpit/WORK/android-arm64/Build/xml2/CMakeFiles/CMakeTmp'


Determining if the include file dl.h exists failed with the following output:
Change Dir: /home/vvdn/linphone/linphone-android-arpit/WORK/android-arm64/Build/xml2/CMakeFiles/CMakeTmp

Run Build Command:"/usr/bin/make" "cmTC_caba9/fast"
make[4]: Entering directory `/home/vvdn/linphone/linphone-android-arpit/WORK/android-arm64/Build/xml2/CMakeFiles/CMakeTmp'
/usr/bin/make -f CMakeFiles/cmTC_caba9.dir/build.make CMakeFiles/cmTC_caba9.dir/build
make[5]: Entering directory `/home/vvdn/linphone/linphone-android-arpit/WORK/android-arm64/Build/xml2/CMakeFiles/CMakeTmp'
Building C object CMakeFiles/cmTC_caba9.dir/CheckIncludeFile.c.o
/home/vvdn/android-ndk-r14b/toolchains/llvm/prebuilt/linux-x86_64/bin/clang --target=aarch64-none-linux-android --gcc-toolchain=/home/vvdn/android-ndk-r14b/toolchains/aarch64-linux-android-4.9/prebuilt/linux-x86_64 --sysroot=/home/vvdn/android-ndk-r14b/platforms/android-21/arch-arm64  -isystem /home/vvdn/android-ndk-r14b/platforms/android-21/arch-arm64/usr/include  -funwind-tables -no-canonical-prefixes -fexceptions  -g -fPIE   -o CMakeFiles/cmTC_caba9.dir/CheckIncludeFile.c.o   -c /home/vvdn/linphone/linphone-android-arpit/WORK/android-arm64/Build/xml2/CMakeFiles/CMakeTmp/CheckIncludeFile.c
/home/vvdn/linphone/linphone-android-arpit/WORK/android-arm64/Build/xml2/CMakeFiles/CMakeTmp/CheckIncludeFile.c:1:10: fatal error: 'dl.h' file not found
#include <dl.h>
         ^
1 error generated.
make[5]: *** [CMakeFiles/cmTC_caba9.dir/CheckIncludeFile.c.o] Error 1
make[5]: Leaving directory `/home/vvdn/linphone/linphone-android-arpit/WORK/android-arm64/Build/xml2/CMakeFiles/CMakeTmp'
make[4]: *** [cmTC_caba9/fast] Error 2
make[4]: Leaving directory `/home/vvdn/linphone/linphone-android-arpit/WORK/android-arm64/Build/xml2/CMakeFiles/CMakeTmp'


